

================================================================
== Vitis HLS Report for 'PE_kernel_1_Pipeline_write_distances'
================================================================
* Date:           Mon Jul 10 16:40:47 2023

* Version:        2021.1 (Build 3247384 on Thu Jun 10 19:36:07 MDT 2021)
* Project:        prj
* Solution:       sol (Vivado IP Flow Target)
* Product family: virtexuplus
* Target device:  xcu250-figd2104-2L-e


================================================================
== Performance Estimates
================================================================
+ Timing: 
    * Summary: 
    +--------+---------+----------+------------+
    |  Clock |  Target | Estimated| Uncertainty|
    +--------+---------+----------+------------+
    |ap_clk  |  3.33 ns|  1.353 ns|     0.90 ns|
    +--------+---------+----------+------------+

+ Latency: 
    * Summary: 
    +---------+---------+----------+----------+-----+-----+---------+
    |  Latency (cycles) |  Latency (absolute) |  Interval | Pipeline|
    |   min   |   max   |    min   |    max   | min | max |   Type  |
    +---------+---------+----------+----------+-----+-----+---------+
    |       34|       34|  0.113 us|  0.113 us|   34|   34|       no|
    +---------+---------+----------+----------+-----+-----+---------+

    + Detail: 
        * Instance: 
        N/A

        * Loop: 
        +-------------------+---------+---------+----------+-----------+-----------+------+----------+
        |                   |  Latency (cycles) | Iteration|  Initiation Interval  | Trip |          |
        |     Loop Name     |   min   |   max   |  Latency |  achieved |   target  | Count| Pipelined|
        +-------------------+---------+---------+----------+-----------+-----------+------+----------+
        |- write_distances  |       32|       32|         1|          1|          1|    32|       yes|
        +-------------------+---------+---------+----------+-----------+-----------+------+----------+

============================================================
+ Verbose Summary: Synthesis Manager
============================================================
InlineROM: 1
ExposeGlobal: 0
============================================================
+ Verbose Summary: CDFG Model
============================================================
IsTopModel: 0
ResetActiveHigh: 1
IsCombinational: 0
IsDatapathOnly: 0
HasWiredReturn: 1
HasMFsm: 2
HasVarLatency: 1
IsPipeline: 0
IsRtlPipelined: 0
IsInstanceOverlapped: 0
IsDontTouch: 0
HasImplIP: 0
IsGatedGlobalClock: 0

+ Individual pipeline summary: 
  * Pipeline-0: initiation interval (II) = 1, depth = 1


============================================================
+ Verbose Summary: Schedule
============================================================
* Number of FSM states : 1
* Pipeline : 1
  Pipeline-0 : II = 1, D = 1, States = { 1 }
* Dataflow Pipeline: 0

* FSM state transitions: 
1 --> 

* FSM state operations: 

State 1 <SV = 0> <Delay = 1.35>
ST_1 : Operation 4 [1/1] (0.00ns)   --->   "%j_2 = alloca i32 1"   --->   Operation 4 'alloca' 'j_2' <Predicate = true> <Delay = 0.00>
ST_1 : Operation 5 [1/1] (0.00ns)   --->   "%distance_buffer_31_3_reload_read = read i32 @_ssdm_op_Read.ap_auto.i32, i32 %distance_buffer_31_3_reload"   --->   Operation 5 'read' 'distance_buffer_31_3_reload_read' <Predicate = true> <Delay = 0.00>
ST_1 : Operation 6 [1/1] (0.00ns)   --->   "%distance_buffer_30_3_reload_read = read i32 @_ssdm_op_Read.ap_auto.i32, i32 %distance_buffer_30_3_reload"   --->   Operation 6 'read' 'distance_buffer_30_3_reload_read' <Predicate = true> <Delay = 0.00>
ST_1 : Operation 7 [1/1] (0.00ns)   --->   "%distance_buffer_29_3_reload_read = read i32 @_ssdm_op_Read.ap_auto.i32, i32 %distance_buffer_29_3_reload"   --->   Operation 7 'read' 'distance_buffer_29_3_reload_read' <Predicate = true> <Delay = 0.00>
ST_1 : Operation 8 [1/1] (0.00ns)   --->   "%distance_buffer_28_3_reload_read = read i32 @_ssdm_op_Read.ap_auto.i32, i32 %distance_buffer_28_3_reload"   --->   Operation 8 'read' 'distance_buffer_28_3_reload_read' <Predicate = true> <Delay = 0.00>
ST_1 : Operation 9 [1/1] (0.00ns)   --->   "%distance_buffer_27_3_reload_read = read i32 @_ssdm_op_Read.ap_auto.i32, i32 %distance_buffer_27_3_reload"   --->   Operation 9 'read' 'distance_buffer_27_3_reload_read' <Predicate = true> <Delay = 0.00>
ST_1 : Operation 10 [1/1] (0.00ns)   --->   "%distance_buffer_26_3_reload_read = read i32 @_ssdm_op_Read.ap_auto.i32, i32 %distance_buffer_26_3_reload"   --->   Operation 10 'read' 'distance_buffer_26_3_reload_read' <Predicate = true> <Delay = 0.00>
ST_1 : Operation 11 [1/1] (0.00ns)   --->   "%distance_buffer_25_3_reload_read = read i32 @_ssdm_op_Read.ap_auto.i32, i32 %distance_buffer_25_3_reload"   --->   Operation 11 'read' 'distance_buffer_25_3_reload_read' <Predicate = true> <Delay = 0.00>
ST_1 : Operation 12 [1/1] (0.00ns)   --->   "%distance_buffer_24_3_reload_read = read i32 @_ssdm_op_Read.ap_auto.i32, i32 %distance_buffer_24_3_reload"   --->   Operation 12 'read' 'distance_buffer_24_3_reload_read' <Predicate = true> <Delay = 0.00>
ST_1 : Operation 13 [1/1] (0.00ns)   --->   "%distance_buffer_23_3_reload_read = read i32 @_ssdm_op_Read.ap_auto.i32, i32 %distance_buffer_23_3_reload"   --->   Operation 13 'read' 'distance_buffer_23_3_reload_read' <Predicate = true> <Delay = 0.00>
ST_1 : Operation 14 [1/1] (0.00ns)   --->   "%distance_buffer_22_3_reload_read = read i32 @_ssdm_op_Read.ap_auto.i32, i32 %distance_buffer_22_3_reload"   --->   Operation 14 'read' 'distance_buffer_22_3_reload_read' <Predicate = true> <Delay = 0.00>
ST_1 : Operation 15 [1/1] (0.00ns)   --->   "%distance_buffer_21_3_reload_read = read i32 @_ssdm_op_Read.ap_auto.i32, i32 %distance_buffer_21_3_reload"   --->   Operation 15 'read' 'distance_buffer_21_3_reload_read' <Predicate = true> <Delay = 0.00>
ST_1 : Operation 16 [1/1] (0.00ns)   --->   "%distance_buffer_20_3_reload_read = read i32 @_ssdm_op_Read.ap_auto.i32, i32 %distance_buffer_20_3_reload"   --->   Operation 16 'read' 'distance_buffer_20_3_reload_read' <Predicate = true> <Delay = 0.00>
ST_1 : Operation 17 [1/1] (0.00ns)   --->   "%distance_buffer_19_3_reload_read = read i32 @_ssdm_op_Read.ap_auto.i32, i32 %distance_buffer_19_3_reload"   --->   Operation 17 'read' 'distance_buffer_19_3_reload_read' <Predicate = true> <Delay = 0.00>
ST_1 : Operation 18 [1/1] (0.00ns)   --->   "%distance_buffer_18_3_reload_read = read i32 @_ssdm_op_Read.ap_auto.i32, i32 %distance_buffer_18_3_reload"   --->   Operation 18 'read' 'distance_buffer_18_3_reload_read' <Predicate = true> <Delay = 0.00>
ST_1 : Operation 19 [1/1] (0.00ns)   --->   "%distance_buffer_17_3_reload_read = read i32 @_ssdm_op_Read.ap_auto.i32, i32 %distance_buffer_17_3_reload"   --->   Operation 19 'read' 'distance_buffer_17_3_reload_read' <Predicate = true> <Delay = 0.00>
ST_1 : Operation 20 [1/1] (0.00ns)   --->   "%distance_buffer_16_3_reload_read = read i32 @_ssdm_op_Read.ap_auto.i32, i32 %distance_buffer_16_3_reload"   --->   Operation 20 'read' 'distance_buffer_16_3_reload_read' <Predicate = true> <Delay = 0.00>
ST_1 : Operation 21 [1/1] (0.00ns)   --->   "%distance_buffer_15_3_reload_read = read i32 @_ssdm_op_Read.ap_auto.i32, i32 %distance_buffer_15_3_reload"   --->   Operation 21 'read' 'distance_buffer_15_3_reload_read' <Predicate = true> <Delay = 0.00>
ST_1 : Operation 22 [1/1] (0.00ns)   --->   "%distance_buffer_14_3_reload_read = read i32 @_ssdm_op_Read.ap_auto.i32, i32 %distance_buffer_14_3_reload"   --->   Operation 22 'read' 'distance_buffer_14_3_reload_read' <Predicate = true> <Delay = 0.00>
ST_1 : Operation 23 [1/1] (0.00ns)   --->   "%distance_buffer_13_3_reload_read = read i32 @_ssdm_op_Read.ap_auto.i32, i32 %distance_buffer_13_3_reload"   --->   Operation 23 'read' 'distance_buffer_13_3_reload_read' <Predicate = true> <Delay = 0.00>
ST_1 : Operation 24 [1/1] (0.00ns)   --->   "%distance_buffer_12_3_reload_read = read i32 @_ssdm_op_Read.ap_auto.i32, i32 %distance_buffer_12_3_reload"   --->   Operation 24 'read' 'distance_buffer_12_3_reload_read' <Predicate = true> <Delay = 0.00>
ST_1 : Operation 25 [1/1] (0.00ns)   --->   "%distance_buffer_11_3_reload_read = read i32 @_ssdm_op_Read.ap_auto.i32, i32 %distance_buffer_11_3_reload"   --->   Operation 25 'read' 'distance_buffer_11_3_reload_read' <Predicate = true> <Delay = 0.00>
ST_1 : Operation 26 [1/1] (0.00ns)   --->   "%distance_buffer_10_3_reload_read = read i32 @_ssdm_op_Read.ap_auto.i32, i32 %distance_buffer_10_3_reload"   --->   Operation 26 'read' 'distance_buffer_10_3_reload_read' <Predicate = true> <Delay = 0.00>
ST_1 : Operation 27 [1/1] (0.00ns)   --->   "%distance_buffer_9_3_reload_read = read i32 @_ssdm_op_Read.ap_auto.i32, i32 %distance_buffer_9_3_reload"   --->   Operation 27 'read' 'distance_buffer_9_3_reload_read' <Predicate = true> <Delay = 0.00>
ST_1 : Operation 28 [1/1] (0.00ns)   --->   "%distance_buffer_8_3_reload_read = read i32 @_ssdm_op_Read.ap_auto.i32, i32 %distance_buffer_8_3_reload"   --->   Operation 28 'read' 'distance_buffer_8_3_reload_read' <Predicate = true> <Delay = 0.00>
ST_1 : Operation 29 [1/1] (0.00ns)   --->   "%distance_buffer_7_3_reload_read = read i32 @_ssdm_op_Read.ap_auto.i32, i32 %distance_buffer_7_3_reload"   --->   Operation 29 'read' 'distance_buffer_7_3_reload_read' <Predicate = true> <Delay = 0.00>
ST_1 : Operation 30 [1/1] (0.00ns)   --->   "%distance_buffer_6_3_reload_read = read i32 @_ssdm_op_Read.ap_auto.i32, i32 %distance_buffer_6_3_reload"   --->   Operation 30 'read' 'distance_buffer_6_3_reload_read' <Predicate = true> <Delay = 0.00>
ST_1 : Operation 31 [1/1] (0.00ns)   --->   "%distance_buffer_5_3_reload_read = read i32 @_ssdm_op_Read.ap_auto.i32, i32 %distance_buffer_5_3_reload"   --->   Operation 31 'read' 'distance_buffer_5_3_reload_read' <Predicate = true> <Delay = 0.00>
ST_1 : Operation 32 [1/1] (0.00ns)   --->   "%distance_buffer_4_3_reload_read = read i32 @_ssdm_op_Read.ap_auto.i32, i32 %distance_buffer_4_3_reload"   --->   Operation 32 'read' 'distance_buffer_4_3_reload_read' <Predicate = true> <Delay = 0.00>
ST_1 : Operation 33 [1/1] (0.00ns)   --->   "%distance_buffer_3_3_reload_read = read i32 @_ssdm_op_Read.ap_auto.i32, i32 %distance_buffer_3_3_reload"   --->   Operation 33 'read' 'distance_buffer_3_3_reload_read' <Predicate = true> <Delay = 0.00>
ST_1 : Operation 34 [1/1] (0.00ns)   --->   "%distance_buffer_2_3_reload_read = read i32 @_ssdm_op_Read.ap_auto.i32, i32 %distance_buffer_2_3_reload"   --->   Operation 34 'read' 'distance_buffer_2_3_reload_read' <Predicate = true> <Delay = 0.00>
ST_1 : Operation 35 [1/1] (0.00ns)   --->   "%distance_buffer_1_3_reload_read = read i32 @_ssdm_op_Read.ap_auto.i32, i32 %distance_buffer_1_3_reload"   --->   Operation 35 'read' 'distance_buffer_1_3_reload_read' <Predicate = true> <Delay = 0.00>
ST_1 : Operation 36 [1/1] (0.00ns)   --->   "%distance_buffer_0_31_reload_read = read i32 @_ssdm_op_Read.ap_auto.i32, i32 %distance_buffer_0_31_reload"   --->   Operation 36 'read' 'distance_buffer_0_31_reload_read' <Predicate = true> <Delay = 0.00>
ST_1 : Operation 37 [1/1] (0.38ns)   --->   "%store_ln0 = store i6 0, i6 %j_2"   --->   Operation 37 'store' 'store_ln0' <Predicate = true> <Delay = 0.38>
ST_1 : Operation 38 [1/1] (0.00ns)   --->   "%br_ln0 = br void %._crit_edge.loopexit"   --->   Operation 38 'br' 'br_ln0' <Predicate = true> <Delay = 0.00>
ST_1 : Operation 39 [1/1] (0.00ns)   --->   "%j = load i6 %j_2" [sssp_kernel.cpp:49]   --->   Operation 39 'load' 'j' <Predicate = true> <Delay = 0.00>
ST_1 : Operation 40 [1/1] (0.61ns)   --->   "%icmp_ln47 = icmp_eq  i6 %j, i6 32" [sssp_kernel.cpp:47]   --->   Operation 40 'icmp' 'icmp_ln47' <Predicate = true> <Delay = 0.61> <CoreInst = "Cmp">   --->   Core 9 'Cmp' <Latency = 0> <II = 1> <Delay = 0.61> <FuncUnit> <Opcode : 'icmp'> <InPorts = 2> <OutPorts = 1>
ST_1 : Operation 41 [1/1] (0.00ns)   --->   "%empty = speclooptripcount i32 @_ssdm_op_SpecLoopTripCount, i64 32, i64 32, i64 32"   --->   Operation 41 'speclooptripcount' 'empty' <Predicate = true> <Delay = 0.00>
ST_1 : Operation 42 [1/1] (0.70ns)   --->   "%add_ln47 = add i6 %j, i6 1" [sssp_kernel.cpp:47]   --->   Operation 42 'add' 'add_ln47' <Predicate = true> <Delay = 0.70> <CoreInst = "Adder">   --->   Core 1 'Adder' <Latency = 0> <II = 1> <Delay = 0.70> <FuncUnit> <Opcode : 'add' 'sub'> <InPorts = 2> <OutPorts = 1>
ST_1 : Operation 43 [1/1] (0.00ns)   --->   "%br_ln47 = br i1 %icmp_ln47, void %.split, void %.exitStub" [sssp_kernel.cpp:47]   --->   Operation 43 'br' 'br_ln47' <Predicate = true> <Delay = 0.00>
ST_1 : Operation 44 [1/1] (0.00ns)   --->   "%zext_ln47 = zext i6 %j" [sssp_kernel.cpp:47]   --->   Operation 44 'zext' 'zext_ln47' <Predicate = (!icmp_ln47)> <Delay = 0.00>
ST_1 : Operation 45 [1/1] (0.00ns)   --->   "%specpipeline_ln47 = specpipeline void @_ssdm_op_SpecPipeline, i32 4294967295, i32 0, i32 0, i32 0, void @empty_14" [sssp_kernel.cpp:47]   --->   Operation 45 'specpipeline' 'specpipeline_ln47' <Predicate = (!icmp_ln47)> <Delay = 0.00>
ST_1 : Operation 46 [1/1] (0.00ns)   --->   "%specloopname_ln47 = specloopname void @_ssdm_op_SpecLoopName, void @empty_8" [sssp_kernel.cpp:47]   --->   Operation 46 'specloopname' 'specloopname_ln47' <Predicate = (!icmp_ln47)> <Delay = 0.00>
ST_1 : Operation 47 [1/1] (0.00ns)   --->   "%trunc_ln49 = trunc i6 %j" [sssp_kernel.cpp:49]   --->   Operation 47 'trunc' 'trunc_ln49' <Predicate = (!icmp_ln47)> <Delay = 0.00>
ST_1 : Operation 48 [1/1] (0.65ns)   --->   "%tmp_31 = mux i32 @_ssdm_op_Mux.ap_auto.32i32.i5, i32 %distance_buffer_0_31_reload_read, i32 %distance_buffer_1_3_reload_read, i32 %distance_buffer_2_3_reload_read, i32 %distance_buffer_3_3_reload_read, i32 %distance_buffer_4_3_reload_read, i32 %distance_buffer_5_3_reload_read, i32 %distance_buffer_6_3_reload_read, i32 %distance_buffer_7_3_reload_read, i32 %distance_buffer_8_3_reload_read, i32 %distance_buffer_9_3_reload_read, i32 %distance_buffer_10_3_reload_read, i32 %distance_buffer_11_3_reload_read, i32 %distance_buffer_12_3_reload_read, i32 %distance_buffer_13_3_reload_read, i32 %distance_buffer_14_3_reload_read, i32 %distance_buffer_15_3_reload_read, i32 %distance_buffer_16_3_reload_read, i32 %distance_buffer_17_3_reload_read, i32 %distance_buffer_18_3_reload_read, i32 %distance_buffer_19_3_reload_read, i32 %distance_buffer_20_3_reload_read, i32 %distance_buffer_21_3_reload_read, i32 %distance_buffer_22_3_reload_read, i32 %distance_buffer_23_3_reload_read, i32 %distance_buffer_24_3_reload_read, i32 %distance_buffer_25_3_reload_read, i32 %distance_buffer_26_3_reload_read, i32 %distance_buffer_27_3_reload_read, i32 %distance_buffer_28_3_reload_read, i32 %distance_buffer_29_3_reload_read, i32 %distance_buffer_30_3_reload_read, i32 %distance_buffer_31_3_reload_read, i5 %trunc_ln49" [sssp_kernel.cpp:49]   --->   Operation 48 'mux' 'tmp_31' <Predicate = (!icmp_ln47)> <Delay = 0.65> <CoreInst = "Multiplexer">   --->   Core 76 'Multiplexer' <Latency = 0> <II = 1> <Delay = 0.65> <FuncUnit> <Opcode : 'mux'> <InPorts = 2> <OutPorts = 1>
ST_1 : Operation 49 [1/1] (0.00ns)   --->   "%local_out_addr = getelementptr i32 %local_out, i64 0, i64 %zext_ln47" [sssp_kernel.cpp:49]   --->   Operation 49 'getelementptr' 'local_out_addr' <Predicate = (!icmp_ln47)> <Delay = 0.00>
ST_1 : Operation 50 [1/1] (0.69ns)   --->   "%store_ln49 = store i32 %tmp_31, i5 %local_out_addr" [sssp_kernel.cpp:49]   --->   Operation 50 'store' 'store_ln49' <Predicate = (!icmp_ln47)> <Delay = 0.69> <CoreInst = "RAM">   --->   Core 83 'RAM' <Latency = 1> <II = 1> <Delay = 0.69> <Storage> <Opcode : 'load' 'store'> <Ports = 2> <Width = 32> <Depth = 32> <RAM>
ST_1 : Operation 51 [1/1] (0.38ns)   --->   "%store_ln47 = store i6 %add_ln47, i6 %j_2" [sssp_kernel.cpp:47]   --->   Operation 51 'store' 'store_ln47' <Predicate = (!icmp_ln47)> <Delay = 0.38>
ST_1 : Operation 52 [1/1] (0.00ns)   --->   "%br_ln0 = br void %._crit_edge.loopexit"   --->   Operation 52 'br' 'br_ln0' <Predicate = (!icmp_ln47)> <Delay = 0.00>
ST_1 : Operation 53 [1/1] (0.00ns)   --->   "%ret_ln0 = ret"   --->   Operation 53 'ret' 'ret_ln0' <Predicate = (icmp_ln47)> <Delay = 0.00>


============================================================
+ Verbose Summary: Binding
============================================================
STG Binding: 
---------------- STG Properties BEGIN ----------------
- Is combinational: 0
- Is one-state seq: 0
- Is datapath-only: 0
- Is pipelined: 0
- Is top level: 0
Port [ Return ] is wired: 1; IO mode=ap_ctrl_hs:ce=0
Port [ distance_buffer_0_31_reload]:  wired=1; compound=0; hidden=0; nouse=0; global=0; static=0; extern=0; dir=0; type=0; pingpong=0; private_global=0; IO mode=ap_none:ce=0
Port [ distance_buffer_1_3_reload]:  wired=1; compound=0; hidden=0; nouse=0; global=0; static=0; extern=0; dir=0; type=0; pingpong=0; private_global=0; IO mode=ap_none:ce=0
Port [ distance_buffer_2_3_reload]:  wired=1; compound=0; hidden=0; nouse=0; global=0; static=0; extern=0; dir=0; type=0; pingpong=0; private_global=0; IO mode=ap_none:ce=0
Port [ distance_buffer_3_3_reload]:  wired=1; compound=0; hidden=0; nouse=0; global=0; static=0; extern=0; dir=0; type=0; pingpong=0; private_global=0; IO mode=ap_none:ce=0
Port [ distance_buffer_4_3_reload]:  wired=1; compound=0; hidden=0; nouse=0; global=0; static=0; extern=0; dir=0; type=0; pingpong=0; private_global=0; IO mode=ap_none:ce=0
Port [ distance_buffer_5_3_reload]:  wired=1; compound=0; hidden=0; nouse=0; global=0; static=0; extern=0; dir=0; type=0; pingpong=0; private_global=0; IO mode=ap_none:ce=0
Port [ distance_buffer_6_3_reload]:  wired=1; compound=0; hidden=0; nouse=0; global=0; static=0; extern=0; dir=0; type=0; pingpong=0; private_global=0; IO mode=ap_none:ce=0
Port [ distance_buffer_7_3_reload]:  wired=1; compound=0; hidden=0; nouse=0; global=0; static=0; extern=0; dir=0; type=0; pingpong=0; private_global=0; IO mode=ap_none:ce=0
Port [ distance_buffer_8_3_reload]:  wired=1; compound=0; hidden=0; nouse=0; global=0; static=0; extern=0; dir=0; type=0; pingpong=0; private_global=0; IO mode=ap_none:ce=0
Port [ distance_buffer_9_3_reload]:  wired=1; compound=0; hidden=0; nouse=0; global=0; static=0; extern=0; dir=0; type=0; pingpong=0; private_global=0; IO mode=ap_none:ce=0
Port [ distance_buffer_10_3_reload]:  wired=1; compound=0; hidden=0; nouse=0; global=0; static=0; extern=0; dir=0; type=0; pingpong=0; private_global=0; IO mode=ap_none:ce=0
Port [ distance_buffer_11_3_reload]:  wired=1; compound=0; hidden=0; nouse=0; global=0; static=0; extern=0; dir=0; type=0; pingpong=0; private_global=0; IO mode=ap_none:ce=0
Port [ distance_buffer_12_3_reload]:  wired=1; compound=0; hidden=0; nouse=0; global=0; static=0; extern=0; dir=0; type=0; pingpong=0; private_global=0; IO mode=ap_none:ce=0
Port [ distance_buffer_13_3_reload]:  wired=1; compound=0; hidden=0; nouse=0; global=0; static=0; extern=0; dir=0; type=0; pingpong=0; private_global=0; IO mode=ap_none:ce=0
Port [ distance_buffer_14_3_reload]:  wired=1; compound=0; hidden=0; nouse=0; global=0; static=0; extern=0; dir=0; type=0; pingpong=0; private_global=0; IO mode=ap_none:ce=0
Port [ distance_buffer_15_3_reload]:  wired=1; compound=0; hidden=0; nouse=0; global=0; static=0; extern=0; dir=0; type=0; pingpong=0; private_global=0; IO mode=ap_none:ce=0
Port [ distance_buffer_16_3_reload]:  wired=1; compound=0; hidden=0; nouse=0; global=0; static=0; extern=0; dir=0; type=0; pingpong=0; private_global=0; IO mode=ap_none:ce=0
Port [ distance_buffer_17_3_reload]:  wired=1; compound=0; hidden=0; nouse=0; global=0; static=0; extern=0; dir=0; type=0; pingpong=0; private_global=0; IO mode=ap_none:ce=0
Port [ distance_buffer_18_3_reload]:  wired=1; compound=0; hidden=0; nouse=0; global=0; static=0; extern=0; dir=0; type=0; pingpong=0; private_global=0; IO mode=ap_none:ce=0
Port [ distance_buffer_19_3_reload]:  wired=1; compound=0; hidden=0; nouse=0; global=0; static=0; extern=0; dir=0; type=0; pingpong=0; private_global=0; IO mode=ap_none:ce=0
Port [ distance_buffer_20_3_reload]:  wired=1; compound=0; hidden=0; nouse=0; global=0; static=0; extern=0; dir=0; type=0; pingpong=0; private_global=0; IO mode=ap_none:ce=0
Port [ distance_buffer_21_3_reload]:  wired=1; compound=0; hidden=0; nouse=0; global=0; static=0; extern=0; dir=0; type=0; pingpong=0; private_global=0; IO mode=ap_none:ce=0
Port [ distance_buffer_22_3_reload]:  wired=1; compound=0; hidden=0; nouse=0; global=0; static=0; extern=0; dir=0; type=0; pingpong=0; private_global=0; IO mode=ap_none:ce=0
Port [ distance_buffer_23_3_reload]:  wired=1; compound=0; hidden=0; nouse=0; global=0; static=0; extern=0; dir=0; type=0; pingpong=0; private_global=0; IO mode=ap_none:ce=0
Port [ distance_buffer_24_3_reload]:  wired=1; compound=0; hidden=0; nouse=0; global=0; static=0; extern=0; dir=0; type=0; pingpong=0; private_global=0; IO mode=ap_none:ce=0
Port [ distance_buffer_25_3_reload]:  wired=1; compound=0; hidden=0; nouse=0; global=0; static=0; extern=0; dir=0; type=0; pingpong=0; private_global=0; IO mode=ap_none:ce=0
Port [ distance_buffer_26_3_reload]:  wired=1; compound=0; hidden=0; nouse=0; global=0; static=0; extern=0; dir=0; type=0; pingpong=0; private_global=0; IO mode=ap_none:ce=0
Port [ distance_buffer_27_3_reload]:  wired=1; compound=0; hidden=0; nouse=0; global=0; static=0; extern=0; dir=0; type=0; pingpong=0; private_global=0; IO mode=ap_none:ce=0
Port [ distance_buffer_28_3_reload]:  wired=1; compound=0; hidden=0; nouse=0; global=0; static=0; extern=0; dir=0; type=0; pingpong=0; private_global=0; IO mode=ap_none:ce=0
Port [ distance_buffer_29_3_reload]:  wired=1; compound=0; hidden=0; nouse=0; global=0; static=0; extern=0; dir=0; type=0; pingpong=0; private_global=0; IO mode=ap_none:ce=0
Port [ distance_buffer_30_3_reload]:  wired=1; compound=0; hidden=0; nouse=0; global=0; static=0; extern=0; dir=0; type=0; pingpong=0; private_global=0; IO mode=ap_none:ce=0
Port [ distance_buffer_31_3_reload]:  wired=1; compound=0; hidden=0; nouse=0; global=0; static=0; extern=0; dir=0; type=0; pingpong=0; private_global=0; IO mode=ap_none:ce=0
Port [ local_out]:  wired=1; compound=1; hidden=0; nouse=0; global=0; static=0; extern=0; dir=1; type=1; pingpong=0; private_global=0; MemPort=[03]; IO mode=ap_memory:ce=0
---------------- STG Properties END ------------------

---------------- Datapath Model BEGIN ----------------

<LifeTime>
<method=bitvector/>
j_2                              (alloca           ) [ 01]
distance_buffer_31_3_reload_read (read             ) [ 00]
distance_buffer_30_3_reload_read (read             ) [ 00]
distance_buffer_29_3_reload_read (read             ) [ 00]
distance_buffer_28_3_reload_read (read             ) [ 00]
distance_buffer_27_3_reload_read (read             ) [ 00]
distance_buffer_26_3_reload_read (read             ) [ 00]
distance_buffer_25_3_reload_read (read             ) [ 00]
distance_buffer_24_3_reload_read (read             ) [ 00]
distance_buffer_23_3_reload_read (read             ) [ 00]
distance_buffer_22_3_reload_read (read             ) [ 00]
distance_buffer_21_3_reload_read (read             ) [ 00]
distance_buffer_20_3_reload_read (read             ) [ 00]
distance_buffer_19_3_reload_read (read             ) [ 00]
distance_buffer_18_3_reload_read (read             ) [ 00]
distance_buffer_17_3_reload_read (read             ) [ 00]
distance_buffer_16_3_reload_read (read             ) [ 00]
distance_buffer_15_3_reload_read (read             ) [ 00]
distance_buffer_14_3_reload_read (read             ) [ 00]
distance_buffer_13_3_reload_read (read             ) [ 00]
distance_buffer_12_3_reload_read (read             ) [ 00]
distance_buffer_11_3_reload_read (read             ) [ 00]
distance_buffer_10_3_reload_read (read             ) [ 00]
distance_buffer_9_3_reload_read  (read             ) [ 00]
distance_buffer_8_3_reload_read  (read             ) [ 00]
distance_buffer_7_3_reload_read  (read             ) [ 00]
distance_buffer_6_3_reload_read  (read             ) [ 00]
distance_buffer_5_3_reload_read  (read             ) [ 00]
distance_buffer_4_3_reload_read  (read             ) [ 00]
distance_buffer_3_3_reload_read  (read             ) [ 00]
distance_buffer_2_3_reload_read  (read             ) [ 00]
distance_buffer_1_3_reload_read  (read             ) [ 00]
distance_buffer_0_31_reload_read (read             ) [ 00]
store_ln0                        (store            ) [ 00]
br_ln0                           (br               ) [ 00]
j                                (load             ) [ 00]
icmp_ln47                        (icmp             ) [ 01]
empty                            (speclooptripcount) [ 00]
add_ln47                         (add              ) [ 00]
br_ln47                          (br               ) [ 00]
zext_ln47                        (zext             ) [ 00]
specpipeline_ln47                (specpipeline     ) [ 00]
specloopname_ln47                (specloopname     ) [ 00]
trunc_ln49                       (trunc            ) [ 00]
tmp_31                           (mux              ) [ 00]
local_out_addr                   (getelementptr    ) [ 00]
store_ln49                       (store            ) [ 00]
store_ln47                       (store            ) [ 00]
br_ln0                           (br               ) [ 00]
ret_ln0                          (ret              ) [ 00]
</LifeTime>

<model>

<comp_list>
<comp id="0" class="1000" name="distance_buffer_0_31_reload">
<pin_list>
<pin id="1" dir="1" index="0" bw="1" slack="0"/>
</pin_list>
<bind>
<StgValue><ssdm name="distance_buffer_0_31_reload"/></StgValue>
</bind>
</comp>

<comp id="2" class="1000" name="distance_buffer_1_3_reload">
<pin_list>
<pin id="3" dir="1" index="0" bw="1" slack="0"/>
</pin_list>
<bind>
<StgValue><ssdm name="distance_buffer_1_3_reload"/></StgValue>
</bind>
</comp>

<comp id="4" class="1000" name="distance_buffer_2_3_reload">
<pin_list>
<pin id="5" dir="1" index="0" bw="1" slack="0"/>
</pin_list>
<bind>
<StgValue><ssdm name="distance_buffer_2_3_reload"/></StgValue>
</bind>
</comp>

<comp id="6" class="1000" name="distance_buffer_3_3_reload">
<pin_list>
<pin id="7" dir="1" index="0" bw="1" slack="0"/>
</pin_list>
<bind>
<StgValue><ssdm name="distance_buffer_3_3_reload"/></StgValue>
</bind>
</comp>

<comp id="8" class="1000" name="distance_buffer_4_3_reload">
<pin_list>
<pin id="9" dir="1" index="0" bw="1" slack="0"/>
</pin_list>
<bind>
<StgValue><ssdm name="distance_buffer_4_3_reload"/></StgValue>
</bind>
</comp>

<comp id="10" class="1000" name="distance_buffer_5_3_reload">
<pin_list>
<pin id="11" dir="1" index="0" bw="1" slack="0"/>
</pin_list>
<bind>
<StgValue><ssdm name="distance_buffer_5_3_reload"/></StgValue>
</bind>
</comp>

<comp id="12" class="1000" name="distance_buffer_6_3_reload">
<pin_list>
<pin id="13" dir="1" index="0" bw="1" slack="0"/>
</pin_list>
<bind>
<StgValue><ssdm name="distance_buffer_6_3_reload"/></StgValue>
</bind>
</comp>

<comp id="14" class="1000" name="distance_buffer_7_3_reload">
<pin_list>
<pin id="15" dir="1" index="0" bw="1" slack="0"/>
</pin_list>
<bind>
<StgValue><ssdm name="distance_buffer_7_3_reload"/></StgValue>
</bind>
</comp>

<comp id="16" class="1000" name="distance_buffer_8_3_reload">
<pin_list>
<pin id="17" dir="1" index="0" bw="1" slack="0"/>
</pin_list>
<bind>
<StgValue><ssdm name="distance_buffer_8_3_reload"/></StgValue>
</bind>
</comp>

<comp id="18" class="1000" name="distance_buffer_9_3_reload">
<pin_list>
<pin id="19" dir="1" index="0" bw="1" slack="0"/>
</pin_list>
<bind>
<StgValue><ssdm name="distance_buffer_9_3_reload"/></StgValue>
</bind>
</comp>

<comp id="20" class="1000" name="distance_buffer_10_3_reload">
<pin_list>
<pin id="21" dir="1" index="0" bw="1" slack="0"/>
</pin_list>
<bind>
<StgValue><ssdm name="distance_buffer_10_3_reload"/></StgValue>
</bind>
</comp>

<comp id="22" class="1000" name="distance_buffer_11_3_reload">
<pin_list>
<pin id="23" dir="1" index="0" bw="1" slack="0"/>
</pin_list>
<bind>
<StgValue><ssdm name="distance_buffer_11_3_reload"/></StgValue>
</bind>
</comp>

<comp id="24" class="1000" name="distance_buffer_12_3_reload">
<pin_list>
<pin id="25" dir="1" index="0" bw="1" slack="0"/>
</pin_list>
<bind>
<StgValue><ssdm name="distance_buffer_12_3_reload"/></StgValue>
</bind>
</comp>

<comp id="26" class="1000" name="distance_buffer_13_3_reload">
<pin_list>
<pin id="27" dir="1" index="0" bw="1" slack="0"/>
</pin_list>
<bind>
<StgValue><ssdm name="distance_buffer_13_3_reload"/></StgValue>
</bind>
</comp>

<comp id="28" class="1000" name="distance_buffer_14_3_reload">
<pin_list>
<pin id="29" dir="1" index="0" bw="1" slack="0"/>
</pin_list>
<bind>
<StgValue><ssdm name="distance_buffer_14_3_reload"/></StgValue>
</bind>
</comp>

<comp id="30" class="1000" name="distance_buffer_15_3_reload">
<pin_list>
<pin id="31" dir="1" index="0" bw="1" slack="0"/>
</pin_list>
<bind>
<StgValue><ssdm name="distance_buffer_15_3_reload"/></StgValue>
</bind>
</comp>

<comp id="32" class="1000" name="distance_buffer_16_3_reload">
<pin_list>
<pin id="33" dir="1" index="0" bw="1" slack="0"/>
</pin_list>
<bind>
<StgValue><ssdm name="distance_buffer_16_3_reload"/></StgValue>
</bind>
</comp>

<comp id="34" class="1000" name="distance_buffer_17_3_reload">
<pin_list>
<pin id="35" dir="1" index="0" bw="1" slack="0"/>
</pin_list>
<bind>
<StgValue><ssdm name="distance_buffer_17_3_reload"/></StgValue>
</bind>
</comp>

<comp id="36" class="1000" name="distance_buffer_18_3_reload">
<pin_list>
<pin id="37" dir="1" index="0" bw="1" slack="0"/>
</pin_list>
<bind>
<StgValue><ssdm name="distance_buffer_18_3_reload"/></StgValue>
</bind>
</comp>

<comp id="38" class="1000" name="distance_buffer_19_3_reload">
<pin_list>
<pin id="39" dir="1" index="0" bw="1" slack="0"/>
</pin_list>
<bind>
<StgValue><ssdm name="distance_buffer_19_3_reload"/></StgValue>
</bind>
</comp>

<comp id="40" class="1000" name="distance_buffer_20_3_reload">
<pin_list>
<pin id="41" dir="1" index="0" bw="1" slack="0"/>
</pin_list>
<bind>
<StgValue><ssdm name="distance_buffer_20_3_reload"/></StgValue>
</bind>
</comp>

<comp id="42" class="1000" name="distance_buffer_21_3_reload">
<pin_list>
<pin id="43" dir="1" index="0" bw="1" slack="0"/>
</pin_list>
<bind>
<StgValue><ssdm name="distance_buffer_21_3_reload"/></StgValue>
</bind>
</comp>

<comp id="44" class="1000" name="distance_buffer_22_3_reload">
<pin_list>
<pin id="45" dir="1" index="0" bw="1" slack="0"/>
</pin_list>
<bind>
<StgValue><ssdm name="distance_buffer_22_3_reload"/></StgValue>
</bind>
</comp>

<comp id="46" class="1000" name="distance_buffer_23_3_reload">
<pin_list>
<pin id="47" dir="1" index="0" bw="1" slack="0"/>
</pin_list>
<bind>
<StgValue><ssdm name="distance_buffer_23_3_reload"/></StgValue>
</bind>
</comp>

<comp id="48" class="1000" name="distance_buffer_24_3_reload">
<pin_list>
<pin id="49" dir="1" index="0" bw="1" slack="0"/>
</pin_list>
<bind>
<StgValue><ssdm name="distance_buffer_24_3_reload"/></StgValue>
</bind>
</comp>

<comp id="50" class="1000" name="distance_buffer_25_3_reload">
<pin_list>
<pin id="51" dir="1" index="0" bw="1" slack="0"/>
</pin_list>
<bind>
<StgValue><ssdm name="distance_buffer_25_3_reload"/></StgValue>
</bind>
</comp>

<comp id="52" class="1000" name="distance_buffer_26_3_reload">
<pin_list>
<pin id="53" dir="1" index="0" bw="1" slack="0"/>
</pin_list>
<bind>
<StgValue><ssdm name="distance_buffer_26_3_reload"/></StgValue>
</bind>
</comp>

<comp id="54" class="1000" name="distance_buffer_27_3_reload">
<pin_list>
<pin id="55" dir="1" index="0" bw="1" slack="0"/>
</pin_list>
<bind>
<StgValue><ssdm name="distance_buffer_27_3_reload"/></StgValue>
</bind>
</comp>

<comp id="56" class="1000" name="distance_buffer_28_3_reload">
<pin_list>
<pin id="57" dir="1" index="0" bw="1" slack="0"/>
</pin_list>
<bind>
<StgValue><ssdm name="distance_buffer_28_3_reload"/></StgValue>
</bind>
</comp>

<comp id="58" class="1000" name="distance_buffer_29_3_reload">
<pin_list>
<pin id="59" dir="1" index="0" bw="1" slack="0"/>
</pin_list>
<bind>
<StgValue><ssdm name="distance_buffer_29_3_reload"/></StgValue>
</bind>
</comp>

<comp id="60" class="1000" name="distance_buffer_30_3_reload">
<pin_list>
<pin id="61" dir="1" index="0" bw="1" slack="0"/>
</pin_list>
<bind>
<StgValue><ssdm name="distance_buffer_30_3_reload"/></StgValue>
</bind>
</comp>

<comp id="62" class="1000" name="distance_buffer_31_3_reload">
<pin_list>
<pin id="63" dir="1" index="0" bw="1" slack="0"/>
</pin_list>
<bind>
<StgValue><ssdm name="distance_buffer_31_3_reload"/></StgValue>
</bind>
</comp>

<comp id="64" class="1000" name="local_out">
<pin_list>
<pin id="65" dir="1" index="0" bw="1" slack="0"/>
</pin_list>
<bind>
<StgValue><ssdm name="local_out"/><MemPortTyVec>0 3 </MemPortTyVec>
</StgValue>
</bind>
</comp>

<comp id="66" class="1001" name="const_66">
<pin_list>
<pin id="67" dir="1" index="0" bw="1" slack="0"/>
</pin_list>
<bind>
<StgValue><ssdm name=""/></StgValue>
</bind>
</comp>

<comp id="68" class="1001" name="const_68">
<pin_list>
<pin id="69" dir="1" index="0" bw="1" slack="0"/>
</pin_list>
<bind>
<StgValue><ssdm name="_ssdm_op_Read.ap_auto.i32"/></StgValue>
</bind>
</comp>

<comp id="70" class="1001" name="const_70">
<pin_list>
<pin id="71" dir="1" index="0" bw="1" slack="0"/>
</pin_list>
<bind>
<StgValue><ssdm name=""/></StgValue>
</bind>
</comp>

<comp id="72" class="1001" name="const_72">
<pin_list>
<pin id="73" dir="1" index="0" bw="1" slack="0"/>
</pin_list>
<bind>
<StgValue><ssdm name=""/></StgValue>
</bind>
</comp>

<comp id="74" class="1001" name="const_74">
<pin_list>
<pin id="75" dir="1" index="0" bw="1" slack="2147483647"/>
</pin_list>
<bind>
<StgValue><ssdm name="_ssdm_op_SpecLoopTripCount"/></StgValue>
</bind>
</comp>

<comp id="76" class="1001" name="const_76">
<pin_list>
<pin id="77" dir="1" index="0" bw="1" slack="2147483647"/>
</pin_list>
<bind>
<StgValue><ssdm name=""/></StgValue>
</bind>
</comp>

<comp id="78" class="1001" name="const_78">
<pin_list>
<pin id="79" dir="1" index="0" bw="1" slack="0"/>
</pin_list>
<bind>
<StgValue><ssdm name=""/></StgValue>
</bind>
</comp>

<comp id="80" class="1001" name="const_80">
<pin_list>
<pin id="81" dir="1" index="0" bw="1" slack="2147483647"/>
</pin_list>
<bind>
<StgValue><ssdm name="_ssdm_op_SpecPipeline"/></StgValue>
</bind>
</comp>

<comp id="82" class="1001" name="const_82">
<pin_list>
<pin id="83" dir="1" index="0" bw="1" slack="2147483647"/>
</pin_list>
<bind>
<StgValue><ssdm name=""/></StgValue>
</bind>
</comp>

<comp id="84" class="1001" name="const_84">
<pin_list>
<pin id="85" dir="1" index="0" bw="1" slack="2147483647"/>
</pin_list>
<bind>
<StgValue><ssdm name=""/></StgValue>
</bind>
</comp>

<comp id="86" class="1001" name="const_86">
<pin_list>
<pin id="87" dir="1" index="0" bw="1" slack="2147483647"/>
</pin_list>
<bind>
<StgValue><ssdm name="empty_14"/></StgValue>
</bind>
</comp>

<comp id="88" class="1001" name="const_88">
<pin_list>
<pin id="89" dir="1" index="0" bw="1" slack="2147483647"/>
</pin_list>
<bind>
<StgValue><ssdm name="_ssdm_op_SpecLoopName"/></StgValue>
</bind>
</comp>

<comp id="90" class="1001" name="const_90">
<pin_list>
<pin id="91" dir="1" index="0" bw="1" slack="2147483647"/>
</pin_list>
<bind>
<StgValue><ssdm name="empty_8"/></StgValue>
</bind>
</comp>

<comp id="92" class="1001" name="const_92">
<pin_list>
<pin id="93" dir="1" index="0" bw="1" slack="0"/>
</pin_list>
<bind>
<StgValue><ssdm name="_ssdm_op_Mux.ap_auto.32i32.i5"/></StgValue>
</bind>
</comp>

<comp id="94" class="1001" name="const_94">
<pin_list>
<pin id="95" dir="1" index="0" bw="1" slack="0"/>
</pin_list>
<bind>
<StgValue><ssdm name=""/></StgValue>
</bind>
</comp>

<comp id="96" class="1004" name="j_2_fu_96">
<pin_list>
<pin id="97" dir="0" index="0" bw="1" slack="0"/>
<pin id="98" dir="1" index="1" bw="6" slack="0"/>
</pin_list>
<bind>
<opcode="alloca(26) " fcode="alloca"/>
<opset="j_2/1 "/>
</bind>
</comp>

<comp id="100" class="1004" name="distance_buffer_31_3_reload_read_read_fu_100">
<pin_list>
<pin id="101" dir="0" index="0" bw="32" slack="0"/>
<pin id="102" dir="0" index="1" bw="32" slack="0"/>
<pin id="103" dir="1" index="2" bw="32" slack="0"/>
</pin_list>
<bind>
<opcode="read(1150) " fcode="read"/>
<opset="distance_buffer_31_3_reload_read/1 "/>
</bind>
</comp>

<comp id="106" class="1004" name="distance_buffer_30_3_reload_read_read_fu_106">
<pin_list>
<pin id="107" dir="0" index="0" bw="32" slack="0"/>
<pin id="108" dir="0" index="1" bw="32" slack="0"/>
<pin id="109" dir="1" index="2" bw="32" slack="0"/>
</pin_list>
<bind>
<opcode="read(1150) " fcode="read"/>
<opset="distance_buffer_30_3_reload_read/1 "/>
</bind>
</comp>

<comp id="112" class="1004" name="distance_buffer_29_3_reload_read_read_fu_112">
<pin_list>
<pin id="113" dir="0" index="0" bw="32" slack="0"/>
<pin id="114" dir="0" index="1" bw="32" slack="0"/>
<pin id="115" dir="1" index="2" bw="32" slack="0"/>
</pin_list>
<bind>
<opcode="read(1150) " fcode="read"/>
<opset="distance_buffer_29_3_reload_read/1 "/>
</bind>
</comp>

<comp id="118" class="1004" name="distance_buffer_28_3_reload_read_read_fu_118">
<pin_list>
<pin id="119" dir="0" index="0" bw="32" slack="0"/>
<pin id="120" dir="0" index="1" bw="32" slack="0"/>
<pin id="121" dir="1" index="2" bw="32" slack="0"/>
</pin_list>
<bind>
<opcode="read(1150) " fcode="read"/>
<opset="distance_buffer_28_3_reload_read/1 "/>
</bind>
</comp>

<comp id="124" class="1004" name="distance_buffer_27_3_reload_read_read_fu_124">
<pin_list>
<pin id="125" dir="0" index="0" bw="32" slack="0"/>
<pin id="126" dir="0" index="1" bw="32" slack="0"/>
<pin id="127" dir="1" index="2" bw="32" slack="0"/>
</pin_list>
<bind>
<opcode="read(1150) " fcode="read"/>
<opset="distance_buffer_27_3_reload_read/1 "/>
</bind>
</comp>

<comp id="130" class="1004" name="distance_buffer_26_3_reload_read_read_fu_130">
<pin_list>
<pin id="131" dir="0" index="0" bw="32" slack="0"/>
<pin id="132" dir="0" index="1" bw="32" slack="0"/>
<pin id="133" dir="1" index="2" bw="32" slack="0"/>
</pin_list>
<bind>
<opcode="read(1150) " fcode="read"/>
<opset="distance_buffer_26_3_reload_read/1 "/>
</bind>
</comp>

<comp id="136" class="1004" name="distance_buffer_25_3_reload_read_read_fu_136">
<pin_list>
<pin id="137" dir="0" index="0" bw="32" slack="0"/>
<pin id="138" dir="0" index="1" bw="32" slack="0"/>
<pin id="139" dir="1" index="2" bw="32" slack="0"/>
</pin_list>
<bind>
<opcode="read(1150) " fcode="read"/>
<opset="distance_buffer_25_3_reload_read/1 "/>
</bind>
</comp>

<comp id="142" class="1004" name="distance_buffer_24_3_reload_read_read_fu_142">
<pin_list>
<pin id="143" dir="0" index="0" bw="32" slack="0"/>
<pin id="144" dir="0" index="1" bw="32" slack="0"/>
<pin id="145" dir="1" index="2" bw="32" slack="0"/>
</pin_list>
<bind>
<opcode="read(1150) " fcode="read"/>
<opset="distance_buffer_24_3_reload_read/1 "/>
</bind>
</comp>

<comp id="148" class="1004" name="distance_buffer_23_3_reload_read_read_fu_148">
<pin_list>
<pin id="149" dir="0" index="0" bw="32" slack="0"/>
<pin id="150" dir="0" index="1" bw="32" slack="0"/>
<pin id="151" dir="1" index="2" bw="32" slack="0"/>
</pin_list>
<bind>
<opcode="read(1150) " fcode="read"/>
<opset="distance_buffer_23_3_reload_read/1 "/>
</bind>
</comp>

<comp id="154" class="1004" name="distance_buffer_22_3_reload_read_read_fu_154">
<pin_list>
<pin id="155" dir="0" index="0" bw="32" slack="0"/>
<pin id="156" dir="0" index="1" bw="32" slack="0"/>
<pin id="157" dir="1" index="2" bw="32" slack="0"/>
</pin_list>
<bind>
<opcode="read(1150) " fcode="read"/>
<opset="distance_buffer_22_3_reload_read/1 "/>
</bind>
</comp>

<comp id="160" class="1004" name="distance_buffer_21_3_reload_read_read_fu_160">
<pin_list>
<pin id="161" dir="0" index="0" bw="32" slack="0"/>
<pin id="162" dir="0" index="1" bw="32" slack="0"/>
<pin id="163" dir="1" index="2" bw="32" slack="0"/>
</pin_list>
<bind>
<opcode="read(1150) " fcode="read"/>
<opset="distance_buffer_21_3_reload_read/1 "/>
</bind>
</comp>

<comp id="166" class="1004" name="distance_buffer_20_3_reload_read_read_fu_166">
<pin_list>
<pin id="167" dir="0" index="0" bw="32" slack="0"/>
<pin id="168" dir="0" index="1" bw="32" slack="0"/>
<pin id="169" dir="1" index="2" bw="32" slack="0"/>
</pin_list>
<bind>
<opcode="read(1150) " fcode="read"/>
<opset="distance_buffer_20_3_reload_read/1 "/>
</bind>
</comp>

<comp id="172" class="1004" name="distance_buffer_19_3_reload_read_read_fu_172">
<pin_list>
<pin id="173" dir="0" index="0" bw="32" slack="0"/>
<pin id="174" dir="0" index="1" bw="32" slack="0"/>
<pin id="175" dir="1" index="2" bw="32" slack="0"/>
</pin_list>
<bind>
<opcode="read(1150) " fcode="read"/>
<opset="distance_buffer_19_3_reload_read/1 "/>
</bind>
</comp>

<comp id="178" class="1004" name="distance_buffer_18_3_reload_read_read_fu_178">
<pin_list>
<pin id="179" dir="0" index="0" bw="32" slack="0"/>
<pin id="180" dir="0" index="1" bw="32" slack="0"/>
<pin id="181" dir="1" index="2" bw="32" slack="0"/>
</pin_list>
<bind>
<opcode="read(1150) " fcode="read"/>
<opset="distance_buffer_18_3_reload_read/1 "/>
</bind>
</comp>

<comp id="184" class="1004" name="distance_buffer_17_3_reload_read_read_fu_184">
<pin_list>
<pin id="185" dir="0" index="0" bw="32" slack="0"/>
<pin id="186" dir="0" index="1" bw="32" slack="0"/>
<pin id="187" dir="1" index="2" bw="32" slack="0"/>
</pin_list>
<bind>
<opcode="read(1150) " fcode="read"/>
<opset="distance_buffer_17_3_reload_read/1 "/>
</bind>
</comp>

<comp id="190" class="1004" name="distance_buffer_16_3_reload_read_read_fu_190">
<pin_list>
<pin id="191" dir="0" index="0" bw="32" slack="0"/>
<pin id="192" dir="0" index="1" bw="32" slack="0"/>
<pin id="193" dir="1" index="2" bw="32" slack="0"/>
</pin_list>
<bind>
<opcode="read(1150) " fcode="read"/>
<opset="distance_buffer_16_3_reload_read/1 "/>
</bind>
</comp>

<comp id="196" class="1004" name="distance_buffer_15_3_reload_read_read_fu_196">
<pin_list>
<pin id="197" dir="0" index="0" bw="32" slack="0"/>
<pin id="198" dir="0" index="1" bw="32" slack="0"/>
<pin id="199" dir="1" index="2" bw="32" slack="0"/>
</pin_list>
<bind>
<opcode="read(1150) " fcode="read"/>
<opset="distance_buffer_15_3_reload_read/1 "/>
</bind>
</comp>

<comp id="202" class="1004" name="distance_buffer_14_3_reload_read_read_fu_202">
<pin_list>
<pin id="203" dir="0" index="0" bw="32" slack="0"/>
<pin id="204" dir="0" index="1" bw="32" slack="0"/>
<pin id="205" dir="1" index="2" bw="32" slack="0"/>
</pin_list>
<bind>
<opcode="read(1150) " fcode="read"/>
<opset="distance_buffer_14_3_reload_read/1 "/>
</bind>
</comp>

<comp id="208" class="1004" name="distance_buffer_13_3_reload_read_read_fu_208">
<pin_list>
<pin id="209" dir="0" index="0" bw="32" slack="0"/>
<pin id="210" dir="0" index="1" bw="32" slack="0"/>
<pin id="211" dir="1" index="2" bw="32" slack="0"/>
</pin_list>
<bind>
<opcode="read(1150) " fcode="read"/>
<opset="distance_buffer_13_3_reload_read/1 "/>
</bind>
</comp>

<comp id="214" class="1004" name="distance_buffer_12_3_reload_read_read_fu_214">
<pin_list>
<pin id="215" dir="0" index="0" bw="32" slack="0"/>
<pin id="216" dir="0" index="1" bw="32" slack="0"/>
<pin id="217" dir="1" index="2" bw="32" slack="0"/>
</pin_list>
<bind>
<opcode="read(1150) " fcode="read"/>
<opset="distance_buffer_12_3_reload_read/1 "/>
</bind>
</comp>

<comp id="220" class="1004" name="distance_buffer_11_3_reload_read_read_fu_220">
<pin_list>
<pin id="221" dir="0" index="0" bw="32" slack="0"/>
<pin id="222" dir="0" index="1" bw="32" slack="0"/>
<pin id="223" dir="1" index="2" bw="32" slack="0"/>
</pin_list>
<bind>
<opcode="read(1150) " fcode="read"/>
<opset="distance_buffer_11_3_reload_read/1 "/>
</bind>
</comp>

<comp id="226" class="1004" name="distance_buffer_10_3_reload_read_read_fu_226">
<pin_list>
<pin id="227" dir="0" index="0" bw="32" slack="0"/>
<pin id="228" dir="0" index="1" bw="32" slack="0"/>
<pin id="229" dir="1" index="2" bw="32" slack="0"/>
</pin_list>
<bind>
<opcode="read(1150) " fcode="read"/>
<opset="distance_buffer_10_3_reload_read/1 "/>
</bind>
</comp>

<comp id="232" class="1004" name="distance_buffer_9_3_reload_read_read_fu_232">
<pin_list>
<pin id="233" dir="0" index="0" bw="32" slack="0"/>
<pin id="234" dir="0" index="1" bw="32" slack="0"/>
<pin id="235" dir="1" index="2" bw="32" slack="0"/>
</pin_list>
<bind>
<opcode="read(1150) " fcode="read"/>
<opset="distance_buffer_9_3_reload_read/1 "/>
</bind>
</comp>

<comp id="238" class="1004" name="distance_buffer_8_3_reload_read_read_fu_238">
<pin_list>
<pin id="239" dir="0" index="0" bw="32" slack="0"/>
<pin id="240" dir="0" index="1" bw="32" slack="0"/>
<pin id="241" dir="1" index="2" bw="32" slack="0"/>
</pin_list>
<bind>
<opcode="read(1150) " fcode="read"/>
<opset="distance_buffer_8_3_reload_read/1 "/>
</bind>
</comp>

<comp id="244" class="1004" name="distance_buffer_7_3_reload_read_read_fu_244">
<pin_list>
<pin id="245" dir="0" index="0" bw="32" slack="0"/>
<pin id="246" dir="0" index="1" bw="32" slack="0"/>
<pin id="247" dir="1" index="2" bw="32" slack="0"/>
</pin_list>
<bind>
<opcode="read(1150) " fcode="read"/>
<opset="distance_buffer_7_3_reload_read/1 "/>
</bind>
</comp>

<comp id="250" class="1004" name="distance_buffer_6_3_reload_read_read_fu_250">
<pin_list>
<pin id="251" dir="0" index="0" bw="32" slack="0"/>
<pin id="252" dir="0" index="1" bw="32" slack="0"/>
<pin id="253" dir="1" index="2" bw="32" slack="0"/>
</pin_list>
<bind>
<opcode="read(1150) " fcode="read"/>
<opset="distance_buffer_6_3_reload_read/1 "/>
</bind>
</comp>

<comp id="256" class="1004" name="distance_buffer_5_3_reload_read_read_fu_256">
<pin_list>
<pin id="257" dir="0" index="0" bw="32" slack="0"/>
<pin id="258" dir="0" index="1" bw="32" slack="0"/>
<pin id="259" dir="1" index="2" bw="32" slack="0"/>
</pin_list>
<bind>
<opcode="read(1150) " fcode="read"/>
<opset="distance_buffer_5_3_reload_read/1 "/>
</bind>
</comp>

<comp id="262" class="1004" name="distance_buffer_4_3_reload_read_read_fu_262">
<pin_list>
<pin id="263" dir="0" index="0" bw="32" slack="0"/>
<pin id="264" dir="0" index="1" bw="32" slack="0"/>
<pin id="265" dir="1" index="2" bw="32" slack="0"/>
</pin_list>
<bind>
<opcode="read(1150) " fcode="read"/>
<opset="distance_buffer_4_3_reload_read/1 "/>
</bind>
</comp>

<comp id="268" class="1004" name="distance_buffer_3_3_reload_read_read_fu_268">
<pin_list>
<pin id="269" dir="0" index="0" bw="32" slack="0"/>
<pin id="270" dir="0" index="1" bw="32" slack="0"/>
<pin id="271" dir="1" index="2" bw="32" slack="0"/>
</pin_list>
<bind>
<opcode="read(1150) " fcode="read"/>
<opset="distance_buffer_3_3_reload_read/1 "/>
</bind>
</comp>

<comp id="274" class="1004" name="distance_buffer_2_3_reload_read_read_fu_274">
<pin_list>
<pin id="275" dir="0" index="0" bw="32" slack="0"/>
<pin id="276" dir="0" index="1" bw="32" slack="0"/>
<pin id="277" dir="1" index="2" bw="32" slack="0"/>
</pin_list>
<bind>
<opcode="read(1150) " fcode="read"/>
<opset="distance_buffer_2_3_reload_read/1 "/>
</bind>
</comp>

<comp id="280" class="1004" name="distance_buffer_1_3_reload_read_read_fu_280">
<pin_list>
<pin id="281" dir="0" index="0" bw="32" slack="0"/>
<pin id="282" dir="0" index="1" bw="32" slack="0"/>
<pin id="283" dir="1" index="2" bw="32" slack="0"/>
</pin_list>
<bind>
<opcode="read(1150) " fcode="read"/>
<opset="distance_buffer_1_3_reload_read/1 "/>
</bind>
</comp>

<comp id="286" class="1004" name="distance_buffer_0_31_reload_read_read_fu_286">
<pin_list>
<pin id="287" dir="0" index="0" bw="32" slack="0"/>
<pin id="288" dir="0" index="1" bw="32" slack="0"/>
<pin id="289" dir="1" index="2" bw="32" slack="0"/>
</pin_list>
<bind>
<opcode="read(1150) " fcode="read"/>
<opset="distance_buffer_0_31_reload_read/1 "/>
</bind>
</comp>

<comp id="292" class="1004" name="local_out_addr_gep_fu_292">
<pin_list>
<pin id="293" dir="0" index="0" bw="32" slack="0"/>
<pin id="294" dir="0" index="1" bw="1" slack="0"/>
<pin id="295" dir="0" index="2" bw="6" slack="0"/>
<pin id="296" dir="1" index="3" bw="5" slack="0"/>
</pin_list>
<bind>
<opcode="getelementptr(29) " fcode="getelementptr"/>
<opset="local_out_addr/1 "/>
</bind>
</comp>

<comp id="299" class="1004" name="store_ln49_access_fu_299">
<pin_list>
<pin id="300" dir="0" index="0" bw="5" slack="0"/>
<pin id="301" dir="0" index="1" bw="32" slack="0"/>
<pin id="302" dir="0" index="2" bw="0" slack="2147483647"/>
<pin id="303" dir="1" index="3" bw="32" slack="2147483647"/>
</pin_list>
<bind>
<opcode="store(28) " fcode="store"/>
<opset="store_ln49/1 "/>
</bind>
</comp>

<comp id="305" class="1004" name="store_ln0_store_fu_305">
<pin_list>
<pin id="306" dir="0" index="0" bw="1" slack="0"/>
<pin id="307" dir="0" index="1" bw="6" slack="0"/>
<pin id="308" dir="1" index="2" bw="0" slack="2147483647"/>
</pin_list>
<bind>
<opcode="store(28) " fcode="store"/>
<opset="store_ln0/1 "/>
</bind>
</comp>

<comp id="310" class="1004" name="j_load_fu_310">
<pin_list>
<pin id="311" dir="0" index="0" bw="6" slack="0"/>
<pin id="312" dir="1" index="1" bw="6" slack="0"/>
</pin_list>
<bind>
<opcode="load(27) " fcode="load"/>
<opset="j/1 "/>
</bind>
</comp>

<comp id="313" class="1004" name="icmp_ln47_fu_313">
<pin_list>
<pin id="314" dir="0" index="0" bw="6" slack="0"/>
<pin id="315" dir="0" index="1" bw="6" slack="0"/>
<pin id="316" dir="1" index="2" bw="1" slack="2147483647"/>
</pin_list>
<bind>
<opcode="icmp(45) " fcode="icmp"/>
<opset="icmp_ln47/1 "/>
</bind>
</comp>

<comp id="319" class="1004" name="add_ln47_fu_319">
<pin_list>
<pin id="320" dir="0" index="0" bw="6" slack="0"/>
<pin id="321" dir="0" index="1" bw="1" slack="0"/>
<pin id="322" dir="1" index="2" bw="6" slack="0"/>
</pin_list>
<bind>
<opcode="add(8) " fcode="add"/>
<opset="add_ln47/1 "/>
</bind>
</comp>

<comp id="325" class="1004" name="zext_ln47_fu_325">
<pin_list>
<pin id="326" dir="0" index="0" bw="6" slack="0"/>
<pin id="327" dir="1" index="1" bw="64" slack="0"/>
</pin_list>
<bind>
<opcode="zext(34) " fcode="zext"/>
<opset="zext_ln47/1 "/>
</bind>
</comp>

<comp id="330" class="1004" name="trunc_ln49_fu_330">
<pin_list>
<pin id="331" dir="0" index="0" bw="6" slack="0"/>
<pin id="332" dir="1" index="1" bw="5" slack="0"/>
</pin_list>
<bind>
<opcode="trunc(33) " fcode="trunc"/>
<opset="trunc_ln49/1 "/>
</bind>
</comp>

<comp id="334" class="1004" name="tmp_31_fu_334">
<pin_list>
<pin id="335" dir="0" index="0" bw="32" slack="0"/>
<pin id="336" dir="0" index="1" bw="32" slack="0"/>
<pin id="337" dir="0" index="2" bw="32" slack="0"/>
<pin id="338" dir="0" index="3" bw="32" slack="0"/>
<pin id="339" dir="0" index="4" bw="32" slack="0"/>
<pin id="340" dir="0" index="5" bw="32" slack="0"/>
<pin id="341" dir="0" index="6" bw="32" slack="0"/>
<pin id="342" dir="0" index="7" bw="32" slack="0"/>
<pin id="343" dir="0" index="8" bw="32" slack="0"/>
<pin id="344" dir="0" index="9" bw="32" slack="0"/>
<pin id="345" dir="0" index="10" bw="32" slack="0"/>
<pin id="346" dir="0" index="11" bw="32" slack="0"/>
<pin id="347" dir="0" index="12" bw="32" slack="0"/>
<pin id="348" dir="0" index="13" bw="32" slack="0"/>
<pin id="349" dir="0" index="14" bw="32" slack="0"/>
<pin id="350" dir="0" index="15" bw="32" slack="0"/>
<pin id="351" dir="0" index="16" bw="32" slack="0"/>
<pin id="352" dir="0" index="17" bw="32" slack="0"/>
<pin id="353" dir="0" index="18" bw="32" slack="0"/>
<pin id="354" dir="0" index="19" bw="32" slack="0"/>
<pin id="355" dir="0" index="20" bw="32" slack="0"/>
<pin id="356" dir="0" index="21" bw="32" slack="0"/>
<pin id="357" dir="0" index="22" bw="32" slack="0"/>
<pin id="358" dir="0" index="23" bw="32" slack="0"/>
<pin id="359" dir="0" index="24" bw="32" slack="0"/>
<pin id="360" dir="0" index="25" bw="32" slack="0"/>
<pin id="361" dir="0" index="26" bw="32" slack="0"/>
<pin id="362" dir="0" index="27" bw="32" slack="0"/>
<pin id="363" dir="0" index="28" bw="32" slack="0"/>
<pin id="364" dir="0" index="29" bw="32" slack="0"/>
<pin id="365" dir="0" index="30" bw="32" slack="0"/>
<pin id="366" dir="0" index="31" bw="32" slack="0"/>
<pin id="367" dir="0" index="32" bw="32" slack="0"/>
<pin id="368" dir="0" index="33" bw="5" slack="0"/>
<pin id="369" dir="1" index="34" bw="32" slack="0"/>
</pin_list>
<bind>
<opcode="mux(1196) " fcode="mux"/>
<opset="tmp_31/1 "/>
</bind>
</comp>

<comp id="405" class="1004" name="store_ln47_store_fu_405">
<pin_list>
<pin id="406" dir="0" index="0" bw="6" slack="0"/>
<pin id="407" dir="0" index="1" bw="6" slack="0"/>
<pin id="408" dir="1" index="2" bw="0" slack="2147483647"/>
</pin_list>
<bind>
<opcode="store(28) " fcode="store"/>
<opset="store_ln47/1 "/>
</bind>
</comp>

<comp id="410" class="1005" name="j_2_reg_410">
<pin_list>
<pin id="411" dir="0" index="0" bw="6" slack="0"/>
<pin id="412" dir="1" index="1" bw="6" slack="0"/>
</pin_list>
<bind>
<opset="j_2 "/>
</bind>
</comp>

</comp_list>

<net_list>
<net id="99"><net_src comp="66" pin="0"/><net_sink comp="96" pin=0"/></net>

<net id="104"><net_src comp="68" pin="0"/><net_sink comp="100" pin=0"/></net>

<net id="105"><net_src comp="62" pin="0"/><net_sink comp="100" pin=1"/></net>

<net id="110"><net_src comp="68" pin="0"/><net_sink comp="106" pin=0"/></net>

<net id="111"><net_src comp="60" pin="0"/><net_sink comp="106" pin=1"/></net>

<net id="116"><net_src comp="68" pin="0"/><net_sink comp="112" pin=0"/></net>

<net id="117"><net_src comp="58" pin="0"/><net_sink comp="112" pin=1"/></net>

<net id="122"><net_src comp="68" pin="0"/><net_sink comp="118" pin=0"/></net>

<net id="123"><net_src comp="56" pin="0"/><net_sink comp="118" pin=1"/></net>

<net id="128"><net_src comp="68" pin="0"/><net_sink comp="124" pin=0"/></net>

<net id="129"><net_src comp="54" pin="0"/><net_sink comp="124" pin=1"/></net>

<net id="134"><net_src comp="68" pin="0"/><net_sink comp="130" pin=0"/></net>

<net id="135"><net_src comp="52" pin="0"/><net_sink comp="130" pin=1"/></net>

<net id="140"><net_src comp="68" pin="0"/><net_sink comp="136" pin=0"/></net>

<net id="141"><net_src comp="50" pin="0"/><net_sink comp="136" pin=1"/></net>

<net id="146"><net_src comp="68" pin="0"/><net_sink comp="142" pin=0"/></net>

<net id="147"><net_src comp="48" pin="0"/><net_sink comp="142" pin=1"/></net>

<net id="152"><net_src comp="68" pin="0"/><net_sink comp="148" pin=0"/></net>

<net id="153"><net_src comp="46" pin="0"/><net_sink comp="148" pin=1"/></net>

<net id="158"><net_src comp="68" pin="0"/><net_sink comp="154" pin=0"/></net>

<net id="159"><net_src comp="44" pin="0"/><net_sink comp="154" pin=1"/></net>

<net id="164"><net_src comp="68" pin="0"/><net_sink comp="160" pin=0"/></net>

<net id="165"><net_src comp="42" pin="0"/><net_sink comp="160" pin=1"/></net>

<net id="170"><net_src comp="68" pin="0"/><net_sink comp="166" pin=0"/></net>

<net id="171"><net_src comp="40" pin="0"/><net_sink comp="166" pin=1"/></net>

<net id="176"><net_src comp="68" pin="0"/><net_sink comp="172" pin=0"/></net>

<net id="177"><net_src comp="38" pin="0"/><net_sink comp="172" pin=1"/></net>

<net id="182"><net_src comp="68" pin="0"/><net_sink comp="178" pin=0"/></net>

<net id="183"><net_src comp="36" pin="0"/><net_sink comp="178" pin=1"/></net>

<net id="188"><net_src comp="68" pin="0"/><net_sink comp="184" pin=0"/></net>

<net id="189"><net_src comp="34" pin="0"/><net_sink comp="184" pin=1"/></net>

<net id="194"><net_src comp="68" pin="0"/><net_sink comp="190" pin=0"/></net>

<net id="195"><net_src comp="32" pin="0"/><net_sink comp="190" pin=1"/></net>

<net id="200"><net_src comp="68" pin="0"/><net_sink comp="196" pin=0"/></net>

<net id="201"><net_src comp="30" pin="0"/><net_sink comp="196" pin=1"/></net>

<net id="206"><net_src comp="68" pin="0"/><net_sink comp="202" pin=0"/></net>

<net id="207"><net_src comp="28" pin="0"/><net_sink comp="202" pin=1"/></net>

<net id="212"><net_src comp="68" pin="0"/><net_sink comp="208" pin=0"/></net>

<net id="213"><net_src comp="26" pin="0"/><net_sink comp="208" pin=1"/></net>

<net id="218"><net_src comp="68" pin="0"/><net_sink comp="214" pin=0"/></net>

<net id="219"><net_src comp="24" pin="0"/><net_sink comp="214" pin=1"/></net>

<net id="224"><net_src comp="68" pin="0"/><net_sink comp="220" pin=0"/></net>

<net id="225"><net_src comp="22" pin="0"/><net_sink comp="220" pin=1"/></net>

<net id="230"><net_src comp="68" pin="0"/><net_sink comp="226" pin=0"/></net>

<net id="231"><net_src comp="20" pin="0"/><net_sink comp="226" pin=1"/></net>

<net id="236"><net_src comp="68" pin="0"/><net_sink comp="232" pin=0"/></net>

<net id="237"><net_src comp="18" pin="0"/><net_sink comp="232" pin=1"/></net>

<net id="242"><net_src comp="68" pin="0"/><net_sink comp="238" pin=0"/></net>

<net id="243"><net_src comp="16" pin="0"/><net_sink comp="238" pin=1"/></net>

<net id="248"><net_src comp="68" pin="0"/><net_sink comp="244" pin=0"/></net>

<net id="249"><net_src comp="14" pin="0"/><net_sink comp="244" pin=1"/></net>

<net id="254"><net_src comp="68" pin="0"/><net_sink comp="250" pin=0"/></net>

<net id="255"><net_src comp="12" pin="0"/><net_sink comp="250" pin=1"/></net>

<net id="260"><net_src comp="68" pin="0"/><net_sink comp="256" pin=0"/></net>

<net id="261"><net_src comp="10" pin="0"/><net_sink comp="256" pin=1"/></net>

<net id="266"><net_src comp="68" pin="0"/><net_sink comp="262" pin=0"/></net>

<net id="267"><net_src comp="8" pin="0"/><net_sink comp="262" pin=1"/></net>

<net id="272"><net_src comp="68" pin="0"/><net_sink comp="268" pin=0"/></net>

<net id="273"><net_src comp="6" pin="0"/><net_sink comp="268" pin=1"/></net>

<net id="278"><net_src comp="68" pin="0"/><net_sink comp="274" pin=0"/></net>

<net id="279"><net_src comp="4" pin="0"/><net_sink comp="274" pin=1"/></net>

<net id="284"><net_src comp="68" pin="0"/><net_sink comp="280" pin=0"/></net>

<net id="285"><net_src comp="2" pin="0"/><net_sink comp="280" pin=1"/></net>

<net id="290"><net_src comp="68" pin="0"/><net_sink comp="286" pin=0"/></net>

<net id="291"><net_src comp="0" pin="0"/><net_sink comp="286" pin=1"/></net>

<net id="297"><net_src comp="64" pin="0"/><net_sink comp="292" pin=0"/></net>

<net id="298"><net_src comp="94" pin="0"/><net_sink comp="292" pin=1"/></net>

<net id="304"><net_src comp="292" pin="3"/><net_sink comp="299" pin=0"/></net>

<net id="309"><net_src comp="70" pin="0"/><net_sink comp="305" pin=0"/></net>

<net id="317"><net_src comp="310" pin="1"/><net_sink comp="313" pin=0"/></net>

<net id="318"><net_src comp="72" pin="0"/><net_sink comp="313" pin=1"/></net>

<net id="323"><net_src comp="310" pin="1"/><net_sink comp="319" pin=0"/></net>

<net id="324"><net_src comp="78" pin="0"/><net_sink comp="319" pin=1"/></net>

<net id="328"><net_src comp="310" pin="1"/><net_sink comp="325" pin=0"/></net>

<net id="329"><net_src comp="325" pin="1"/><net_sink comp="292" pin=2"/></net>

<net id="333"><net_src comp="310" pin="1"/><net_sink comp="330" pin=0"/></net>

<net id="370"><net_src comp="92" pin="0"/><net_sink comp="334" pin=0"/></net>

<net id="371"><net_src comp="286" pin="2"/><net_sink comp="334" pin=1"/></net>

<net id="372"><net_src comp="280" pin="2"/><net_sink comp="334" pin=2"/></net>

<net id="373"><net_src comp="274" pin="2"/><net_sink comp="334" pin=3"/></net>

<net id="374"><net_src comp="268" pin="2"/><net_sink comp="334" pin=4"/></net>

<net id="375"><net_src comp="262" pin="2"/><net_sink comp="334" pin=5"/></net>

<net id="376"><net_src comp="256" pin="2"/><net_sink comp="334" pin=6"/></net>

<net id="377"><net_src comp="250" pin="2"/><net_sink comp="334" pin=7"/></net>

<net id="378"><net_src comp="244" pin="2"/><net_sink comp="334" pin=8"/></net>

<net id="379"><net_src comp="238" pin="2"/><net_sink comp="334" pin=9"/></net>

<net id="380"><net_src comp="232" pin="2"/><net_sink comp="334" pin=10"/></net>

<net id="381"><net_src comp="226" pin="2"/><net_sink comp="334" pin=11"/></net>

<net id="382"><net_src comp="220" pin="2"/><net_sink comp="334" pin=12"/></net>

<net id="383"><net_src comp="214" pin="2"/><net_sink comp="334" pin=13"/></net>

<net id="384"><net_src comp="208" pin="2"/><net_sink comp="334" pin=14"/></net>

<net id="385"><net_src comp="202" pin="2"/><net_sink comp="334" pin=15"/></net>

<net id="386"><net_src comp="196" pin="2"/><net_sink comp="334" pin=16"/></net>

<net id="387"><net_src comp="190" pin="2"/><net_sink comp="334" pin=17"/></net>

<net id="388"><net_src comp="184" pin="2"/><net_sink comp="334" pin=18"/></net>

<net id="389"><net_src comp="178" pin="2"/><net_sink comp="334" pin=19"/></net>

<net id="390"><net_src comp="172" pin="2"/><net_sink comp="334" pin=20"/></net>

<net id="391"><net_src comp="166" pin="2"/><net_sink comp="334" pin=21"/></net>

<net id="392"><net_src comp="160" pin="2"/><net_sink comp="334" pin=22"/></net>

<net id="393"><net_src comp="154" pin="2"/><net_sink comp="334" pin=23"/></net>

<net id="394"><net_src comp="148" pin="2"/><net_sink comp="334" pin=24"/></net>

<net id="395"><net_src comp="142" pin="2"/><net_sink comp="334" pin=25"/></net>

<net id="396"><net_src comp="136" pin="2"/><net_sink comp="334" pin=26"/></net>

<net id="397"><net_src comp="130" pin="2"/><net_sink comp="334" pin=27"/></net>

<net id="398"><net_src comp="124" pin="2"/><net_sink comp="334" pin=28"/></net>

<net id="399"><net_src comp="118" pin="2"/><net_sink comp="334" pin=29"/></net>

<net id="400"><net_src comp="112" pin="2"/><net_sink comp="334" pin=30"/></net>

<net id="401"><net_src comp="106" pin="2"/><net_sink comp="334" pin=31"/></net>

<net id="402"><net_src comp="100" pin="2"/><net_sink comp="334" pin=32"/></net>

<net id="403"><net_src comp="330" pin="1"/><net_sink comp="334" pin=33"/></net>

<net id="404"><net_src comp="334" pin="34"/><net_sink comp="299" pin=1"/></net>

<net id="409"><net_src comp="319" pin="2"/><net_sink comp="405" pin=0"/></net>

<net id="413"><net_src comp="96" pin="1"/><net_sink comp="410" pin=0"/></net>

<net id="414"><net_src comp="410" pin="1"/><net_sink comp="305" pin=1"/></net>

<net id="415"><net_src comp="410" pin="1"/><net_sink comp="310" pin=0"/></net>

<net id="416"><net_src comp="410" pin="1"/><net_sink comp="405" pin=1"/></net>

</net_list>

</model> 
---------------- Datapath Model END ------------------

* FSMD analyzer results:
  - Output states:
	Port: local_out | {1 }
 - Input state : 
	Port: PE_kernel.1_Pipeline_write_distances : distance_buffer_0_31_reload | {1 }
	Port: PE_kernel.1_Pipeline_write_distances : distance_buffer_1_3_reload | {1 }
	Port: PE_kernel.1_Pipeline_write_distances : distance_buffer_2_3_reload | {1 }
	Port: PE_kernel.1_Pipeline_write_distances : distance_buffer_3_3_reload | {1 }
	Port: PE_kernel.1_Pipeline_write_distances : distance_buffer_4_3_reload | {1 }
	Port: PE_kernel.1_Pipeline_write_distances : distance_buffer_5_3_reload | {1 }
	Port: PE_kernel.1_Pipeline_write_distances : distance_buffer_6_3_reload | {1 }
	Port: PE_kernel.1_Pipeline_write_distances : distance_buffer_7_3_reload | {1 }
	Port: PE_kernel.1_Pipeline_write_distances : distance_buffer_8_3_reload | {1 }
	Port: PE_kernel.1_Pipeline_write_distances : distance_buffer_9_3_reload | {1 }
	Port: PE_kernel.1_Pipeline_write_distances : distance_buffer_10_3_reload | {1 }
	Port: PE_kernel.1_Pipeline_write_distances : distance_buffer_11_3_reload | {1 }
	Port: PE_kernel.1_Pipeline_write_distances : distance_buffer_12_3_reload | {1 }
	Port: PE_kernel.1_Pipeline_write_distances : distance_buffer_13_3_reload | {1 }
	Port: PE_kernel.1_Pipeline_write_distances : distance_buffer_14_3_reload | {1 }
	Port: PE_kernel.1_Pipeline_write_distances : distance_buffer_15_3_reload | {1 }
	Port: PE_kernel.1_Pipeline_write_distances : distance_buffer_16_3_reload | {1 }
	Port: PE_kernel.1_Pipeline_write_distances : distance_buffer_17_3_reload | {1 }
	Port: PE_kernel.1_Pipeline_write_distances : distance_buffer_18_3_reload | {1 }
	Port: PE_kernel.1_Pipeline_write_distances : distance_buffer_19_3_reload | {1 }
	Port: PE_kernel.1_Pipeline_write_distances : distance_buffer_20_3_reload | {1 }
	Port: PE_kernel.1_Pipeline_write_distances : distance_buffer_21_3_reload | {1 }
	Port: PE_kernel.1_Pipeline_write_distances : distance_buffer_22_3_reload | {1 }
	Port: PE_kernel.1_Pipeline_write_distances : distance_buffer_23_3_reload | {1 }
	Port: PE_kernel.1_Pipeline_write_distances : distance_buffer_24_3_reload | {1 }
	Port: PE_kernel.1_Pipeline_write_distances : distance_buffer_25_3_reload | {1 }
	Port: PE_kernel.1_Pipeline_write_distances : distance_buffer_26_3_reload | {1 }
	Port: PE_kernel.1_Pipeline_write_distances : distance_buffer_27_3_reload | {1 }
	Port: PE_kernel.1_Pipeline_write_distances : distance_buffer_28_3_reload | {1 }
	Port: PE_kernel.1_Pipeline_write_distances : distance_buffer_29_3_reload | {1 }
	Port: PE_kernel.1_Pipeline_write_distances : distance_buffer_30_3_reload | {1 }
	Port: PE_kernel.1_Pipeline_write_distances : distance_buffer_31_3_reload | {1 }
  - Chain level:
	State 1
		store_ln0 : 1
		j : 1
		icmp_ln47 : 2
		add_ln47 : 2
		br_ln47 : 3
		zext_ln47 : 2
		trunc_ln49 : 2
		tmp_31 : 3
		local_out_addr : 3
		store_ln49 : 4
		store_ln47 : 3


============================================================
+ Verbose Summary: Datapath Resource usage 
============================================================

* Functional unit list:
|----------|----------------------------------------------|---------|---------|
| Operation|                Functional Unit               |    FF   |   LUT   |
|----------|----------------------------------------------|---------|---------|
|    mux   |                 tmp_31_fu_334                |    0    |   148   |
|----------|----------------------------------------------|---------|---------|
|    add   |                add_ln47_fu_319               |    0    |    13   |
|----------|----------------------------------------------|---------|---------|
|   icmp   |               icmp_ln47_fu_313               |    0    |    10   |
|----------|----------------------------------------------|---------|---------|
|          | distance_buffer_31_3_reload_read_read_fu_100 |    0    |    0    |
|          | distance_buffer_30_3_reload_read_read_fu_106 |    0    |    0    |
|          | distance_buffer_29_3_reload_read_read_fu_112 |    0    |    0    |
|          | distance_buffer_28_3_reload_read_read_fu_118 |    0    |    0    |
|          | distance_buffer_27_3_reload_read_read_fu_124 |    0    |    0    |
|          | distance_buffer_26_3_reload_read_read_fu_130 |    0    |    0    |
|          | distance_buffer_25_3_reload_read_read_fu_136 |    0    |    0    |
|          | distance_buffer_24_3_reload_read_read_fu_142 |    0    |    0    |
|          | distance_buffer_23_3_reload_read_read_fu_148 |    0    |    0    |
|          | distance_buffer_22_3_reload_read_read_fu_154 |    0    |    0    |
|          | distance_buffer_21_3_reload_read_read_fu_160 |    0    |    0    |
|          | distance_buffer_20_3_reload_read_read_fu_166 |    0    |    0    |
|          | distance_buffer_19_3_reload_read_read_fu_172 |    0    |    0    |
|          | distance_buffer_18_3_reload_read_read_fu_178 |    0    |    0    |
|          | distance_buffer_17_3_reload_read_read_fu_184 |    0    |    0    |
|   read   | distance_buffer_16_3_reload_read_read_fu_190 |    0    |    0    |
|          | distance_buffer_15_3_reload_read_read_fu_196 |    0    |    0    |
|          | distance_buffer_14_3_reload_read_read_fu_202 |    0    |    0    |
|          | distance_buffer_13_3_reload_read_read_fu_208 |    0    |    0    |
|          | distance_buffer_12_3_reload_read_read_fu_214 |    0    |    0    |
|          | distance_buffer_11_3_reload_read_read_fu_220 |    0    |    0    |
|          | distance_buffer_10_3_reload_read_read_fu_226 |    0    |    0    |
|          |  distance_buffer_9_3_reload_read_read_fu_232 |    0    |    0    |
|          |  distance_buffer_8_3_reload_read_read_fu_238 |    0    |    0    |
|          |  distance_buffer_7_3_reload_read_read_fu_244 |    0    |    0    |
|          |  distance_buffer_6_3_reload_read_read_fu_250 |    0    |    0    |
|          |  distance_buffer_5_3_reload_read_read_fu_256 |    0    |    0    |
|          |  distance_buffer_4_3_reload_read_read_fu_262 |    0    |    0    |
|          |  distance_buffer_3_3_reload_read_read_fu_268 |    0    |    0    |
|          |  distance_buffer_2_3_reload_read_read_fu_274 |    0    |    0    |
|          |  distance_buffer_1_3_reload_read_read_fu_280 |    0    |    0    |
|          | distance_buffer_0_31_reload_read_read_fu_286 |    0    |    0    |
|----------|----------------------------------------------|---------|---------|
|   zext   |               zext_ln47_fu_325               |    0    |    0    |
|----------|----------------------------------------------|---------|---------|
|   trunc  |               trunc_ln49_fu_330              |    0    |    0    |
|----------|----------------------------------------------|---------|---------|
|   Total  |                                              |    0    |   171   |
|----------|----------------------------------------------|---------|---------|

Memories:
N/A

* Register list:
+-----------+--------+
|           |   FF   |
+-----------+--------+
|j_2_reg_410|    6   |
+-----------+--------+
|   Total   |    6   |
+-----------+--------+

* Multiplexer (MUX) list: 
|--------|------|------|------|--------|
|  Comp  |  Pin | Size |  BW  | S x BW |
|--------|------|------|------|--------|
|  Total |      |      |      |    0   |
|--------|------|------|------|--------|



* Summary:
+-----------+--------+--------+
|           |   FF   |   LUT  |
+-----------+--------+--------+
|  Function |    0   |   171  |
|   Memory  |    -   |    -   |
|Multiplexer|    -   |    -   |
|  Register |    6   |    -   |
+-----------+--------+--------+
|   Total   |    6   |   171  |
+-----------+--------+--------+
