

================================================================
== Vitis HLS Report for 'PE_kernel_1_Pipeline_write_distances'
================================================================
* Date:           Mon Jul 10 16:40:47 2023

* Version:        2021.1 (Build 3247384 on Thu Jun 10 19:36:07 MDT 2021)
* Project:        prj
* Solution:       sol (Vivado IP Flow Target)
* Product family: virtexuplus
* Target device:  xcu250-figd2104-2L-e


================================================================
== Performance Estimates
================================================================
+ Timing: 
    * Summary: 
    +--------+---------+----------+------------+
    |  Clock |  Target | Estimated| Uncertainty|
    +--------+---------+----------+------------+
    |ap_clk  |  3.33 ns|  1.353 ns|     0.90 ns|
    +--------+---------+----------+------------+

+ Latency: 
    * Summary: 
    +---------+---------+----------+----------+-----+-----+---------+
    |  Latency (cycles) |  Latency (absolute) |  Interval | Pipeline|
    |   min   |   max   |    min   |    max   | min | max |   Type  |
    +---------+---------+----------+----------+-----+-----+---------+
    |       34|       34|  0.113 us|  0.113 us|   34|   34|       no|
    +---------+---------+----------+----------+-----+-----+---------+

    + Detail: 
        * Instance: 
        N/A

        * Loop: 
        +-------------------+---------+---------+----------+-----------+-----------+------+----------+
        |                   |  Latency (cycles) | Iteration|  Initiation Interval  | Trip |          |
        |     Loop Name     |   min   |   max   |  Latency |  achieved |   target  | Count| Pipelined|
        +-------------------+---------+---------+----------+-----------+-----------+------+----------+
        |- write_distances  |       32|       32|         1|          1|          1|    32|       yes|
        +-------------------+---------+---------+----------+-----------+-----------+------+----------+

============================================================
+ Verbose Summary: Synthesis Manager
============================================================
InlineROM: 1
ExposeGlobal: 0
============================================================
+ Verbose Summary: CDFG Model
============================================================
IsTopModel: 0
ResetActiveHigh: 1
IsCombinational: 0
IsDatapathOnly: 0
HasWiredReturn: 1
HasMFsm: 2
HasVarLatency: 1
IsPipeline: 0
IsRtlPipelined: 0
IsInstanceOverlapped: 0
IsDontTouch: 0
HasImplIP: 0
IsGatedGlobalClock: 0

+ Individual pipeline summary: 
  * Pipeline-0: initiation interval (II) = 1, depth = 1


============================================================
+ Verbose Summary: Schedule
============================================================
* Number of FSM states : 1
* Pipeline : 1
  Pipeline-0 : II = 1, D = 1, States = { 1 }
* Dataflow Pipeline: 0

* FSM state transitions: 
1 --> 

* FSM state operations: 

State 1 <SV = 0> <Delay = 1.35>
ST_1 : Operation 4 [1/1] (0.00ns)   --->   "%j_2 = alloca i32 1"   --->   Operation 4 'alloca' 'j_2' <Predicate = true> <Delay = 0.00>
ST_1 : Operation 5 [1/1] (0.00ns)   --->   "%distance_buffer_31_3_reload_read = read i32 @_ssdm_op_Read.ap_auto.i32, i32 %distance_buffer_31_3_reload"   --->   Operation 5 'read' 'distance_buffer_31_3_reload_read' <Predicate = true> <Delay = 0.00>
ST_1 : Operation 6 [1/1] (0.00ns)   --->   "%distance_buffer_30_3_reload_read = read i32 @_ssdm_op_Read.ap_auto.i32, i32 %distance_buffer_30_3_reload"   --->   Operation 6 'read' 'distance_buffer_30_3_reload_read' <Predicate = true> <Delay = 0.00>
ST_1 : Operation 7 [1/1] (0.00ns)   --->   "%distance_buffer_29_3_reload_read = read i32 @_ssdm_op_Read.ap_auto.i32, i32 %distance_buffer_29_3_reload"   --->   Operation 7 'read' 'distance_buffer_29_3_reload_read' <Predicate = true> <Delay = 0.00>
ST_1 : Operation 8 [1/1] (0.00ns)   --->   "%distance_buffer_28_3_reload_read = read i32 @_ssdm_op_Read.ap_auto.i32, i32 %distance_buffer_28_3_reload"   --->   Operation 8 'read' 'distance_buffer_28_3_reload_read' <Predicate = true> <Delay = 0.00>
ST_1 : Operation 9 [1/1] (0.00ns)   --->   "%distance_buffer_27_3_reload_read = read i32 @_ssdm_op_Read.ap_auto.i32, i32 %distance_buffer_27_3_reload"   --->   Operation 9 'read' 'distance_buffer_27_3_reload_read' <Predicate = true> <Delay = 0.00>
ST_1 : Operation 10 [1/1] (0.00ns)   --->   "%distance_buffer_26_3_reload_read = read i32 @_ssdm_op_Read.ap_auto.i32, i32 %distance_buffer_26_3_reload"   --->   Operation 10 'read' 'distance_buffer_26_3_reload_read' <Predicate = true> <Delay = 0.00>
ST_1 : Operation 11 [1/1] (0.00ns)   --->   "%distance_buffer_25_3_reload_read = read i32 @_ssdm_op_Read.ap_auto.i32, i32 %distance_buffer_25_3_reload"   --->   Operation 11 'read' 'distance_buffer_25_3_reload_read' <Predicate = true> <Delay = 0.00>
ST_1 : Operation 12 [1/1] (0.00ns)   --->   "%distance_buffer_24_3_reload_read = read i32 @_ssdm_op_Read.ap_auto.i32, i32 %distance_buffer_24_3_reload"   --->   Operation 12 'read' 'distance_buffer_24_3_reload_read' <Predicate = true> <Delay = 0.00>
ST_1 : Operation 13 [1/1] (0.00ns)   --->   "%distance_buffer_23_3_reload_read = read i32 @_ssdm_op_Read.ap_auto.i32, i32 %distance_buffer_23_3_reload"   --->   Operation 13 'read' 'distance_buffer_23_3_reload_read' <Predicate = true> <Delay = 0.00>
ST_1 : Operation 14 [1/1] (0.00ns)   --->   "%distance_buffer_22_3_reload_read = read i32 @_ssdm_op_Read.ap_auto.i32, i32 %distance_buffer_22_3_reload"   --->   Operation 14 'read' 'distance_buffer_22_3_reload_read' <Predicate = true> <Delay = 0.00>
ST_1 : Operation 15 [1/1] (0.00ns)   --->   "%distance_buffer_21_3_reload_read = read i32 @_ssdm_op_Read.ap_auto.i32, i32 %distance_buffer_21_3_reload"   --->   Operation 15 'read' 'distance_buffer_21_3_reload_read' <Predicate = true> <Delay = 0.00>
ST_1 : Operation 16 [1/1] (0.00ns)   --->   "%distance_buffer_20_3_reload_read = read i32 @_ssdm_op_Read.ap_auto.i32, i32 %distance_buffer_20_3_reload"   --->   Operation 16 'read' 'distance_buffer_20_3_reload_read' <Predicate = true> <Delay = 0.00>
ST_1 : Operation 17 [1/1] (0.00ns)   --->   "%distance_buffer_19_3_reload_read = read i32 @_ssdm_op_Read.ap_auto.i32, i32 %distance_buffer_19_3_reload"   --->   Operation 17 'read' 'distance_buffer_19_3_reload_read' <Predicate = true> <Delay = 0.00>
ST_1 : Operation 18 [1/1] (0.00ns)   --->   "%distance_buffer_18_3_reload_read = read i32 @_ssdm_op_Read.ap_auto.i32, i32 %distance_buffer_18_3_reload"   --->   Operation 18 'read' 'distance_buffer_18_3_reload_read' <Predicate = true> <Delay = 0.00>
ST_1 : Operation 19 [1/1] (0.00ns)   --->   "%distance_buffer_17_3_reload_read = read i32 @_ssdm_op_Read.ap_auto.i32, i32 %distance_buffer_17_3_reload"   --->   Operation 19 'read' 'distance_buffer_17_3_reload_read' <Predicate = true> <Delay = 0.00>
ST_1 : Operation 20 [1/1] (0.00ns)   --->   "%distance_buffer_16_3_reload_read = read i32 @_ssdm_op_Read.ap_auto.i32, i32 %distance_buffer_16_3_reload"   --->   Operation 20 'read' 'distance_buffer_16_3_reload_read' <Predicate = true> <Delay = 0.00>
ST_1 : Operation 21 [1/1] (0.00ns)   --->   "%distance_buffer_15_3_reload_read = read i32 @_ssdm_op_Read.ap_auto.i32, i32 %distance_buffer_15_3_reload"   --->   Operation 21 'read' 'distance_buffer_15_3_reload_read' <Predicate = true> <Delay = 0.00>
ST_1 : Operation 22 [1/1] (0.00ns)   --->   "%distance_buffer_14_3_reload_read = read i32 @_ssdm_op_Read.ap_auto.i32, i32 %distance_buffer_14_3_reload"   --->   Operation 22 'read' 'distance_buffer_14_3_reload_read' <Predicate = true> <Delay = 0.00>
ST_1 : Operation 23 [1/1] (0.00ns)   --->   "%distance_buffer_13_3_reload_read = read i32 @_ssdm_op_Read.ap_auto.i32, i32 %distance_buffer_13_3_reload"   --->   Operation 23 'read' 'distance_buffer_13_3_reload_read' <Predicate = true> <Delay = 0.00>
ST_1 : Operation 24 [1/1] (0.00ns)   --->   "%distance_buffer_12_3_reload_read = read i32 @_ssdm_op_Read.ap_auto.i32, i32 %distance_buffer_12_3_reload"   --->   Operation 24 'read' 'distance_buffer_12_3_reload_read' <Predicate = true> <Delay = 0.00>
ST_1 : Operation 25 [1/1] (0.00ns)   --->   "%distance_buffer_11_3_reload_read = read i32 @_ssdm_op_Read.ap_auto.i32, i32 %distance_buffer_11_3_reload"   --->   Operation 25 'read' 'distance_buffer_11_3_reload_read' <Predicate = true> <Delay = 0.00>
ST_1 : Operation 26 [1/1] (0.00ns)   --->   "%distance_buffer_10_3_reload_read = read i32 @_ssdm_op_Read.ap_auto.i32, i32 %distance_buffer_10_3_reload"   --->   Operation 26 'read' 'distance_buffer_10_3_reload_read' <Predicate = true> <Delay = 0.00>
ST_1 : Operation 27 [1/1] (0.00ns)   --->   "%distance_buffer_9_3_reload_read = read i32 @_ssdm_op_Read.ap_auto.i32, i32 %distance_buffer_9_3_reload"   --->   Operation 27 'read' 'distance_buffer_9_3_reload_read' <Predicate = true> <Delay = 0.00>
ST_1 : Operation 28 [1/1] (0.00ns)   --->   "%distance_buffer_8_3_reload_read = read i32 @_ssdm_op_Read.ap_auto.i32, i32 %distance_buffer_8_3_reload"   --->   Operation 28 'read' 'distance_buffer_8_3_reload_read' <Predicate = true> <Delay = 0.00>
ST_1 : Operation 29 [1/1] (0.00ns)   --->   "%distance_buffer_7_3_reload_read = read i32 @_ssdm_op_Read.ap_auto.i32, i32 %distance_buffer_7_3_reload"   --->   Operation 29 'read' 'distance_buffer_7_3_reload_read' <Predicate = true> <Delay = 0.00>
ST_1 : Operation 30 [1/1] (0.00ns)   --->   "%distance_buffer_6_3_reload_read = read i32 @_ssdm_op_Read.ap_auto.i32, i32 %distance_buffer_6_3_reload"   --->   Operation 30 'read' 'distance_buffer_6_3_reload_read' <Predicate = true> <Delay = 0.00>
ST_1 : Operation 31 [1/1] (0.00ns)   --->   "%distance_buffer_5_3_reload_read = read i32 @_ssdm_op_Read.ap_auto.i32, i32 %distance_buffer_5_3_reload"   --->   Operation 31 'read' 'distance_buffer_5_3_reload_read' <Predicate = true> <Delay = 0.00>
ST_1 : Operation 32 [1/1] (0.00ns)   --->   "%distance_buffer_4_3_reload_read = read i32 @_ssdm_op_Read.ap_auto.i32, i32 %distance_buffer_4_3_reload"   --->   Operation 32 'read' 'distance_buffer_4_3_reload_read' <Predicate = true> <Delay = 0.00>
ST_1 : Operation 33 [1/1] (0.00ns)   --->   "%distance_buffer_3_3_reload_read = read i32 @_ssdm_op_Read.ap_auto.i32, i32 %distance_buffer_3_3_reload"   --->   Operation 33 'read' 'distance_buffer_3_3_reload_read' <Predicate = true> <Delay = 0.00>
ST_1 : Operation 34 [1/1] (0.00ns)   --->   "%distance_buffer_2_3_reload_read = read i32 @_ssdm_op_Read.ap_auto.i32, i32 %distance_buffer_2_3_reload"   --->   Operation 34 'read' 'distance_buffer_2_3_reload_read' <Predicate = true> <Delay = 0.00>
ST_1 : Operation 35 [1/1] (0.00ns)   --->   "%distance_buffer_1_3_reload_read = read i32 @_ssdm_op_Read.ap_auto.i32, i32 %distance_buffer_1_3_reload"   --->   Operation 35 'read' 'distance_buffer_1_3_reload_read' <Predicate = true> <Delay = 0.00>
ST_1 : Operation 36 [1/1] (0.00ns)   --->   "%distance_buffer_0_31_reload_read = read i32 @_ssdm_op_Read.ap_auto.i32, i32 %distance_buffer_0_31_reload"   --->   Operation 36 'read' 'distance_buffer_0_31_reload_read' <Predicate = true> <Delay = 0.00>
ST_1 : Operation 37 [1/1] (0.38ns)   --->   "%store_ln0 = store i6 0, i6 %j_2"   --->   Operation 37 'store' 'store_ln0' <Predicate = true> <Delay = 0.38>
ST_1 : Operation 38 [1/1] (0.00ns)   --->   "%br_ln0 = br void %._crit_edge.loopexit"   --->   Operation 38 'br' 'br_ln0' <Predicate = true> <Delay = 0.00>
ST_1 : Operation 39 [1/1] (0.00ns)   --->   "%j = load i6 %j_2" [sssp_kernel.cpp:49]   --->   Operation 39 'load' 'j' <Predicate = true> <Delay = 0.00>
ST_1 : Operation 40 [1/1] (0.61ns)   --->   "%icmp_ln47 = icmp_eq  i6 %j, i6 32" [sssp_kernel.cpp:47]   --->   Operation 40 'icmp' 'icmp_ln47' <Predicate = true> <Delay = 0.61> <CoreInst = "Cmp">   --->   Core 9 'Cmp' <Latency = 0> <II = 1> <Delay = 0.61> <FuncUnit> <Opcode : 'icmp'> <InPorts = 2> <OutPorts = 1>
ST_1 : Operation 41 [1/1] (0.00ns)   --->   "%empty = speclooptripcount i32 @_ssdm_op_SpecLoopTripCount, i64 32, i64 32, i64 32"   --->   Operation 41 'speclooptripcount' 'empty' <Predicate = true> <Delay = 0.00>
ST_1 : Operation 42 [1/1] (0.70ns)   --->   "%add_ln47 = add i6 %j, i6 1" [sssp_kernel.cpp:47]   --->   Operation 42 'add' 'add_ln47' <Predicate = true> <Delay = 0.70> <CoreInst = "Adder">   --->   Core 1 'Adder' <Latency = 0> <II = 1> <Delay = 0.70> <FuncUnit> <Opcode : 'add' 'sub'> <InPorts = 2> <OutPorts = 1>
ST_1 : Operation 43 [1/1] (0.00ns)   --->   "%br_ln47 = br i1 %icmp_ln47, void %.split, void %.exitStub" [sssp_kernel.cpp:47]   --->   Operation 43 'br' 'br_ln47' <Predicate = true> <Delay = 0.00>
ST_1 : Operation 44 [1/1] (0.00ns)   --->   "%zext_ln47 = zext i6 %j" [sssp_kernel.cpp:47]   --->   Operation 44 'zext' 'zext_ln47' <Predicate = (!icmp_ln47)> <Delay = 0.00>
ST_1 : Operation 45 [1/1] (0.00ns)   --->   "%specpipeline_ln47 = specpipeline void @_ssdm_op_SpecPipeline, i32 4294967295, i32 0, i32 0, i32 0, void @empty_14" [sssp_kernel.cpp:47]   --->   Operation 45 'specpipeline' 'specpipeline_ln47' <Predicate = (!icmp_ln47)> <Delay = 0.00>
ST_1 : Operation 46 [1/1] (0.00ns)   --->   "%specloopname_ln47 = specloopname void @_ssdm_op_SpecLoopName, void @empty_8" [sssp_kernel.cpp:47]   --->   Operation 46 'specloopname' 'specloopname_ln47' <Predicate = (!icmp_ln47)> <Delay = 0.00>
ST_1 : Operation 47 [1/1] (0.00ns)   --->   "%trunc_ln49 = trunc i6 %j" [sssp_kernel.cpp:49]   --->   Operation 47 'trunc' 'trunc_ln49' <Predicate = (!icmp_ln47)> <Delay = 0.00>
ST_1 : Operation 48 [1/1] (0.65ns)   --->   "%tmp_31 = mux i32 @_ssdm_op_Mux.ap_auto.32i32.i5, i32 %distance_buffer_0_31_reload_read, i32 %distance_buffer_1_3_reload_read, i32 %distance_buffer_2_3_reload_read, i32 %distance_buffer_3_3_reload_read, i32 %distance_buffer_4_3_reload_read, i32 %distance_buffer_5_3_reload_read, i32 %distance_buffer_6_3_reload_read, i32 %distance_buffer_7_3_reload_read, i32 %distance_buffer_8_3_reload_read, i32 %distance_buffer_9_3_reload_read, i32 %distance_buffer_10_3_reload_read, i32 %distance_buffer_11_3_reload_read, i32 %distance_buffer_12_3_reload_read, i32 %distance_buffer_13_3_reload_read, i32 %distance_buffer_14_3_reload_read, i32 %distance_buffer_15_3_reload_read, i32 %distance_buffer_16_3_reload_read, i32 %distance_buffer_17_3_reload_read, i32 %distance_buffer_18_3_reload_read, i32 %distance_buffer_19_3_reload_read, i32 %distance_buffer_20_3_reload_read, i32 %distance_buffer_21_3_reload_read, i32 %distance_buffer_22_3_reload_read, i32 %distance_buffer_23_3_reload_read, i32 %distance_buffer_24_3_reload_read, i32 %distance_buffer_25_3_reload_read, i32 %distance_buffer_26_3_reload_read, i32 %distance_buffer_27_3_reload_read, i32 %distance_buffer_28_3_reload_read, i32 %distance_buffer_29_3_reload_read, i32 %distance_buffer_30_3_reload_read, i32 %distance_buffer_31_3_reload_read, i5 %trunc_ln49" [sssp_kernel.cpp:49]   --->   Operation 48 'mux' 'tmp_31' <Predicate = (!icmp_ln47)> <Delay = 0.65> <CoreInst = "Multiplexer">   --->   Core 76 'Multiplexer' <Latency = 0> <II = 1> <Delay = 0.65> <FuncUnit> <Opcode : 'mux'> <InPorts = 2> <OutPorts = 1>
ST_1 : Operation 49 [1/1] (0.00ns)   --->   "%local_out_addr = getelementptr i32 %local_out, i64 0, i64 %zext_ln47" [sssp_kernel.cpp:49]   --->   Operation 49 'getelementptr' 'local_out_addr' <Predicate = (!icmp_ln47)> <Delay = 0.00>
ST_1 : Operation 50 [1/1] (0.69ns)   --->   "%store_ln49 = store i32 %tmp_31, i5 %local_out_addr" [sssp_kernel.cpp:49]   --->   Operation 50 'store' 'store_ln49' <Predicate = (!icmp_ln47)> <Delay = 0.69> <CoreInst = "RAM">   --->   Core 83 'RAM' <Latency = 1> <II = 1> <Delay = 0.69> <Storage> <Opcode : 'load' 'store'> <Ports = 2> <Width = 32> <Depth = 32> <RAM>
ST_1 : Operation 51 [1/1] (0.38ns)   --->   "%store_ln47 = store i6 %add_ln47, i6 %j_2" [sssp_kernel.cpp:47]   --->   Operation 51 'store' 'store_ln47' <Predicate = (!icmp_ln47)> <Delay = 0.38>
ST_1 : Operation 52 [1/1] (0.00ns)   --->   "%br_ln0 = br void %._crit_edge.loopexit"   --->   Operation 52 'br' 'br_ln0' <Predicate = (!icmp_ln47)> <Delay = 0.00>
ST_1 : Operation 53 [1/1] (0.00ns)   --->   "%ret_ln0 = ret"   --->   Operation 53 'ret' 'ret_ln0' <Predicate = (icmp_ln47)> <Delay = 0.00>


============================================================
+ Verbose Summary: Timing violations
============================================================
Target clock period: 3.33ns, clock uncertainty: 0.9ns.

 <State 1>: 1.35ns
The critical path consists of the following:
	'alloca' operation ('j') [34]  (0 ns)
	'load' operation ('j', sssp_kernel.cpp:49) on local variable 'j' [70]  (0 ns)
	'mux' operation ('tmp_31', sssp_kernel.cpp:49) [80]  (0.654 ns)
	'store' operation ('store_ln49', sssp_kernel.cpp:49) of variable 'tmp_31', sssp_kernel.cpp:49 on array 'local_out' [82]  (0.699 ns)


============================================================
+ Verbose Summary: Binding
============================================================
N/A
* FSMD analyzer results:
  - Output states:
 - Input state : 
  - Chain level:
	State 1


============================================================
+ Verbose Summary: Datapath Resource usage 
============================================================
N/A
