

================================================================
== Vitis HLS Report for 'PE_kernel_Pipeline_write_distances'
================================================================
* Date:           Mon Jul 10 16:45:25 2023

* Version:        2021.1 (Build 3247384 on Thu Jun 10 19:36:07 MDT 2021)
* Project:        prj
* Solution:       sol (Vivado IP Flow Target)
* Product family: virtexuplus
* Target device:  xcu250-figd2104-2L-e


================================================================
== Performance Estimates
================================================================
+ Timing: 
    * Summary: 
    +--------+---------+----------+------------+
    |  Clock |  Target | Estimated| Uncertainty|
    +--------+---------+----------+------------+
    |ap_clk  |  3.33 ns|  2.390 ns|     0.90 ns|
    +--------+---------+----------+------------+

+ Latency: 
    * Summary: 
    +---------+---------+----------+----------+-----+-----+---------+
    |  Latency (cycles) |  Latency (absolute) |  Interval | Pipeline|
    |   min   |   max   |    min   |    max   | min | max |   Type  |
    +---------+---------+----------+----------+-----+-----+---------+
    |       34|       34|  0.113 us|  0.113 us|   34|   34|       no|
    +---------+---------+----------+----------+-----+-----+---------+

    + Detail: 
        * Instance: 
        N/A

        * Loop: 
        +-------------------+---------+---------+----------+-----------+-----------+------+----------+
        |                   |  Latency (cycles) | Iteration|  Initiation Interval  | Trip |          |
        |     Loop Name     |   min   |   max   |  Latency |  achieved |   target  | Count| Pipelined|
        +-------------------+---------+---------+----------+-----------+-----------+------+----------+
        |- write_distances  |       32|       32|         1|          1|          1|    32|       yes|
        +-------------------+---------+---------+----------+-----------+-----------+------+----------+



================================================================
== Utilization Estimates
================================================================
* Summary: 
+---------------------+---------+-------+---------+---------+------+
|         Name        | BRAM_18K|  DSP  |    FF   |   LUT   | URAM |
+---------------------+---------+-------+---------+---------+------+
|DSP                  |        -|      -|        -|        -|     -|
|Expression           |        -|      -|        0|       42|     -|
|FIFO                 |        -|      -|        -|        -|     -|
|Instance             |        -|      -|        0|      148|     -|
|Memory               |        -|      -|        -|        -|     -|
|Multiplexer          |        -|      -|        -|       27|     -|
|Register             |        -|      -|        8|        -|     -|
+---------------------+---------+-------+---------+---------+------+
|Total                |        0|      0|        8|      217|     0|
+---------------------+---------+-------+---------+---------+------+
|Available SLR        |     1344|   3072|   864000|   432000|   320|
+---------------------+---------+-------+---------+---------+------+
|Utilization SLR (%)  |        0|      0|       ~0|       ~0|     0|
+---------------------+---------+-------+---------+---------+------+
|Available            |     5376|  12288|  3456000|  1728000|  1280|
+---------------------+---------+-------+---------+---------+------+
|Utilization (%)      |        0|      0|       ~0|       ~0|     0|
+---------------------+---------+-------+---------+---------+------+

+ Detail: 
    * Instance: 
    +---------------------+----------------+---------+----+---+-----+-----+
    |       Instance      |     Module     | BRAM_18K| DSP| FF| LUT | URAM|
    +---------------------+----------------+---------+----+---+-----+-----+
    |mux_325_32_1_1_U538  |mux_325_32_1_1  |        0|   0|  0|  148|    0|
    +---------------------+----------------+---------+----+---+-----+-----+
    |Total                |                |        0|   0|  0|  148|    0|
    +---------------------+----------------+---------+----+---+-----+-----+

    * DSP: 
    N/A

    * Memory: 
    N/A

    * FIFO: 
    N/A

    * Expression: 
    +---------------------+----------+----+---+----+------------+------------+
    |    Variable Name    | Operation| DSP| FF| LUT| Bitwidth P0| Bitwidth P1|
    +---------------------+----------+----+---+----+------------+------------+
    |add_ln47_fu_329_p2   |         +|   0|  0|  13|           6|           1|
    |add_ln49_fu_339_p2   |         +|   0|  0|  19|          12|          12|
    |icmp_ln47_fu_323_p2  |      icmp|   0|  0|  10|           6|           7|
    +---------------------+----------+----+---+----+------------+------------+
    |Total                |          |   0|  0|  42|          24|          20|
    +---------------------+----------+----+---+----+------------+------------+

    * Multiplexer: 
    +----------------------+----+-----------+-----+-----------+
    |         Name         | LUT| Input Size| Bits| Total Bits|
    +----------------------+----+-----------+-----+-----------+
    |ap_done_int           |   9|          2|    1|          2|
    |ap_sig_allocacmp_j_1  |   9|          2|    6|         12|
    |j_fu_100              |   9|          2|    6|         12|
    +----------------------+----+-----------+-----+-----------+
    |Total                 |  27|          6|   13|         26|
    +----------------------+----+-----------+-----+-----------+

    * Register: 
    +-------------+---+----+-----+-----------+
    |     Name    | FF| LUT| Bits| Const Bits|
    +-------------+---+----+-----+-----------+
    |ap_CS_fsm    |  1|   0|    1|          0|
    |ap_done_reg  |  1|   0|    1|          0|
    |j_fu_100     |  6|   0|    6|          0|
    +-------------+---+----+-----+-----------+
    |Total        |  8|   0|    8|          0|
    +-------------+---+----+-----+-----------+



================================================================
== Interface
================================================================
* Summary: 
+-----------------------------+-----+-----+------------+------------------------------------+--------------+
|          RTL Ports          | Dir | Bits|  Protocol  |            Source Object           |    C Type    |
+-----------------------------+-----+-----+------------+------------------------------------+--------------+
|ap_clk                       |   in|    1|  ap_ctrl_hs|  PE_kernel_Pipeline_write_distances|  return value|
|ap_rst                       |   in|    1|  ap_ctrl_hs|  PE_kernel_Pipeline_write_distances|  return value|
|ap_start                     |   in|    1|  ap_ctrl_hs|  PE_kernel_Pipeline_write_distances|  return value|
|ap_done                      |  out|    1|  ap_ctrl_hs|  PE_kernel_Pipeline_write_distances|  return value|
|ap_idle                      |  out|    1|  ap_ctrl_hs|  PE_kernel_Pipeline_write_distances|  return value|
|ap_ready                     |  out|    1|  ap_ctrl_hs|  PE_kernel_Pipeline_write_distances|  return value|
|zext_ln49                    |   in|   12|     ap_none|                           zext_ln49|        scalar|
|local_out_address0           |  out|   12|   ap_memory|                           local_out|         array|
|local_out_ce0                |  out|    1|   ap_memory|                           local_out|         array|
|local_out_we0                |  out|    1|   ap_memory|                           local_out|         array|
|local_out_d0                 |  out|   32|   ap_memory|                           local_out|         array|
|distance_buffer_0_3_reload   |   in|   32|     ap_none|          distance_buffer_0_3_reload|        scalar|
|distance_buffer_1_3_reload   |   in|   32|     ap_none|          distance_buffer_1_3_reload|        scalar|
|distance_buffer_2_3_reload   |   in|   32|     ap_none|          distance_buffer_2_3_reload|        scalar|
|distance_buffer_3_3_reload   |   in|   32|     ap_none|          distance_buffer_3_3_reload|        scalar|
|distance_buffer_4_3_reload   |   in|   32|     ap_none|          distance_buffer_4_3_reload|        scalar|
|distance_buffer_5_3_reload   |   in|   32|     ap_none|          distance_buffer_5_3_reload|        scalar|
|distance_buffer_6_3_reload   |   in|   32|     ap_none|          distance_buffer_6_3_reload|        scalar|
|distance_buffer_7_3_reload   |   in|   32|     ap_none|          distance_buffer_7_3_reload|        scalar|
|distance_buffer_8_3_reload   |   in|   32|     ap_none|          distance_buffer_8_3_reload|        scalar|
|distance_buffer_9_3_reload   |   in|   32|     ap_none|          distance_buffer_9_3_reload|        scalar|
|distance_buffer_10_3_reload  |   in|   32|     ap_none|         distance_buffer_10_3_reload|        scalar|
|distance_buffer_11_3_reload  |   in|   32|     ap_none|         distance_buffer_11_3_reload|        scalar|
|distance_buffer_12_3_reload  |   in|   32|     ap_none|         distance_buffer_12_3_reload|        scalar|
|distance_buffer_13_3_reload  |   in|   32|     ap_none|         distance_buffer_13_3_reload|        scalar|
|distance_buffer_14_3_reload  |   in|   32|     ap_none|         distance_buffer_14_3_reload|        scalar|
|distance_buffer_15_3_reload  |   in|   32|     ap_none|         distance_buffer_15_3_reload|        scalar|
|distance_buffer_16_3_reload  |   in|   32|     ap_none|         distance_buffer_16_3_reload|        scalar|
|distance_buffer_17_3_reload  |   in|   32|     ap_none|         distance_buffer_17_3_reload|        scalar|
|distance_buffer_18_3_reload  |   in|   32|     ap_none|         distance_buffer_18_3_reload|        scalar|
|distance_buffer_19_3_reload  |   in|   32|     ap_none|         distance_buffer_19_3_reload|        scalar|
|distance_buffer_20_3_reload  |   in|   32|     ap_none|         distance_buffer_20_3_reload|        scalar|
|distance_buffer_21_3_reload  |   in|   32|     ap_none|         distance_buffer_21_3_reload|        scalar|
|distance_buffer_22_3_reload  |   in|   32|     ap_none|         distance_buffer_22_3_reload|        scalar|
|distance_buffer_23_3_reload  |   in|   32|     ap_none|         distance_buffer_23_3_reload|        scalar|
|distance_buffer_24_3_reload  |   in|   32|     ap_none|         distance_buffer_24_3_reload|        scalar|
|distance_buffer_25_3_reload  |   in|   32|     ap_none|         distance_buffer_25_3_reload|        scalar|
|distance_buffer_26_3_reload  |   in|   32|     ap_none|         distance_buffer_26_3_reload|        scalar|
|distance_buffer_27_3_reload  |   in|   32|     ap_none|         distance_buffer_27_3_reload|        scalar|
|distance_buffer_28_3_reload  |   in|   32|     ap_none|         distance_buffer_28_3_reload|        scalar|
|distance_buffer_29_3_reload  |   in|   32|     ap_none|         distance_buffer_29_3_reload|        scalar|
|distance_buffer_30_3_reload  |   in|   32|     ap_none|         distance_buffer_30_3_reload|        scalar|
|distance_buffer_31_3_reload  |   in|   32|     ap_none|         distance_buffer_31_3_reload|        scalar|
+-----------------------------+-----+-----+------------+------------------------------------+--------------+

============================================================
+ Verbose Summary: Synthesis Manager
============================================================
InlineROM: 1
ExposeGlobal: 0
============================================================
+ Verbose Summary: CDFG Model
============================================================
IsTopModel: 0
ResetActiveHigh: 1
IsCombinational: 2
IsDatapathOnly: 2
HasWiredReturn: 1
HasMFsm: 2
HasVarLatency: 1
IsPipeline: 0
IsRtlPipelined: 0
IsInstanceOverlapped: 0
IsDontTouch: 0
HasImplIP: 0
IsGatedGlobalClock: 0

+ Individual pipeline summary: 
  * Pipeline-0: initiation interval (II) = 1, depth = 1


============================================================
+ Verbose Summary: Schedule
============================================================
* Number of FSM states : 1
* Pipeline : 1
  Pipeline-0 : II = 1, D = 1, States = { 1 }
* Dataflow Pipeline: 0

* FSM state transitions: 
1 --> 

* FSM state operations: 

State 1 <SV = 0> <Delay = 2.39>
ST_1 : Operation 4 [1/1] (0.00ns)   --->   "%j = alloca i32 1"   --->   Operation 4 'alloca' 'j' <Predicate = true> <Delay = 0.00>
ST_1 : Operation 5 [1/1] (0.00ns)   --->   "%distance_buffer_31_3_reload_read = read i32 @_ssdm_op_Read.ap_auto.i32, i32 %distance_buffer_31_3_reload"   --->   Operation 5 'read' 'distance_buffer_31_3_reload_read' <Predicate = true> <Delay = 0.00>
ST_1 : Operation 6 [1/1] (0.00ns)   --->   "%distance_buffer_30_3_reload_read = read i32 @_ssdm_op_Read.ap_auto.i32, i32 %distance_buffer_30_3_reload"   --->   Operation 6 'read' 'distance_buffer_30_3_reload_read' <Predicate = true> <Delay = 0.00>
ST_1 : Operation 7 [1/1] (0.00ns)   --->   "%distance_buffer_29_3_reload_read = read i32 @_ssdm_op_Read.ap_auto.i32, i32 %distance_buffer_29_3_reload"   --->   Operation 7 'read' 'distance_buffer_29_3_reload_read' <Predicate = true> <Delay = 0.00>
ST_1 : Operation 8 [1/1] (0.00ns)   --->   "%distance_buffer_28_3_reload_read = read i32 @_ssdm_op_Read.ap_auto.i32, i32 %distance_buffer_28_3_reload"   --->   Operation 8 'read' 'distance_buffer_28_3_reload_read' <Predicate = true> <Delay = 0.00>
ST_1 : Operation 9 [1/1] (0.00ns)   --->   "%distance_buffer_27_3_reload_read = read i32 @_ssdm_op_Read.ap_auto.i32, i32 %distance_buffer_27_3_reload"   --->   Operation 9 'read' 'distance_buffer_27_3_reload_read' <Predicate = true> <Delay = 0.00>
ST_1 : Operation 10 [1/1] (0.00ns)   --->   "%distance_buffer_26_3_reload_read = read i32 @_ssdm_op_Read.ap_auto.i32, i32 %distance_buffer_26_3_reload"   --->   Operation 10 'read' 'distance_buffer_26_3_reload_read' <Predicate = true> <Delay = 0.00>
ST_1 : Operation 11 [1/1] (0.00ns)   --->   "%distance_buffer_25_3_reload_read = read i32 @_ssdm_op_Read.ap_auto.i32, i32 %distance_buffer_25_3_reload"   --->   Operation 11 'read' 'distance_buffer_25_3_reload_read' <Predicate = true> <Delay = 0.00>
ST_1 : Operation 12 [1/1] (0.00ns)   --->   "%distance_buffer_24_3_reload_read = read i32 @_ssdm_op_Read.ap_auto.i32, i32 %distance_buffer_24_3_reload"   --->   Operation 12 'read' 'distance_buffer_24_3_reload_read' <Predicate = true> <Delay = 0.00>
ST_1 : Operation 13 [1/1] (0.00ns)   --->   "%distance_buffer_23_3_reload_read = read i32 @_ssdm_op_Read.ap_auto.i32, i32 %distance_buffer_23_3_reload"   --->   Operation 13 'read' 'distance_buffer_23_3_reload_read' <Predicate = true> <Delay = 0.00>
ST_1 : Operation 14 [1/1] (0.00ns)   --->   "%distance_buffer_22_3_reload_read = read i32 @_ssdm_op_Read.ap_auto.i32, i32 %distance_buffer_22_3_reload"   --->   Operation 14 'read' 'distance_buffer_22_3_reload_read' <Predicate = true> <Delay = 0.00>
ST_1 : Operation 15 [1/1] (0.00ns)   --->   "%distance_buffer_21_3_reload_read = read i32 @_ssdm_op_Read.ap_auto.i32, i32 %distance_buffer_21_3_reload"   --->   Operation 15 'read' 'distance_buffer_21_3_reload_read' <Predicate = true> <Delay = 0.00>
ST_1 : Operation 16 [1/1] (0.00ns)   --->   "%distance_buffer_20_3_reload_read = read i32 @_ssdm_op_Read.ap_auto.i32, i32 %distance_buffer_20_3_reload"   --->   Operation 16 'read' 'distance_buffer_20_3_reload_read' <Predicate = true> <Delay = 0.00>
ST_1 : Operation 17 [1/1] (0.00ns)   --->   "%distance_buffer_19_3_reload_read = read i32 @_ssdm_op_Read.ap_auto.i32, i32 %distance_buffer_19_3_reload"   --->   Operation 17 'read' 'distance_buffer_19_3_reload_read' <Predicate = true> <Delay = 0.00>
ST_1 : Operation 18 [1/1] (0.00ns)   --->   "%distance_buffer_18_3_reload_read = read i32 @_ssdm_op_Read.ap_auto.i32, i32 %distance_buffer_18_3_reload"   --->   Operation 18 'read' 'distance_buffer_18_3_reload_read' <Predicate = true> <Delay = 0.00>
ST_1 : Operation 19 [1/1] (0.00ns)   --->   "%distance_buffer_17_3_reload_read = read i32 @_ssdm_op_Read.ap_auto.i32, i32 %distance_buffer_17_3_reload"   --->   Operation 19 'read' 'distance_buffer_17_3_reload_read' <Predicate = true> <Delay = 0.00>
ST_1 : Operation 20 [1/1] (0.00ns)   --->   "%distance_buffer_16_3_reload_read = read i32 @_ssdm_op_Read.ap_auto.i32, i32 %distance_buffer_16_3_reload"   --->   Operation 20 'read' 'distance_buffer_16_3_reload_read' <Predicate = true> <Delay = 0.00>
ST_1 : Operation 21 [1/1] (0.00ns)   --->   "%distance_buffer_15_3_reload_read = read i32 @_ssdm_op_Read.ap_auto.i32, i32 %distance_buffer_15_3_reload"   --->   Operation 21 'read' 'distance_buffer_15_3_reload_read' <Predicate = true> <Delay = 0.00>
ST_1 : Operation 22 [1/1] (0.00ns)   --->   "%distance_buffer_14_3_reload_read = read i32 @_ssdm_op_Read.ap_auto.i32, i32 %distance_buffer_14_3_reload"   --->   Operation 22 'read' 'distance_buffer_14_3_reload_read' <Predicate = true> <Delay = 0.00>
ST_1 : Operation 23 [1/1] (0.00ns)   --->   "%distance_buffer_13_3_reload_read = read i32 @_ssdm_op_Read.ap_auto.i32, i32 %distance_buffer_13_3_reload"   --->   Operation 23 'read' 'distance_buffer_13_3_reload_read' <Predicate = true> <Delay = 0.00>
ST_1 : Operation 24 [1/1] (0.00ns)   --->   "%distance_buffer_12_3_reload_read = read i32 @_ssdm_op_Read.ap_auto.i32, i32 %distance_buffer_12_3_reload"   --->   Operation 24 'read' 'distance_buffer_12_3_reload_read' <Predicate = true> <Delay = 0.00>
ST_1 : Operation 25 [1/1] (0.00ns)   --->   "%distance_buffer_11_3_reload_read = read i32 @_ssdm_op_Read.ap_auto.i32, i32 %distance_buffer_11_3_reload"   --->   Operation 25 'read' 'distance_buffer_11_3_reload_read' <Predicate = true> <Delay = 0.00>
ST_1 : Operation 26 [1/1] (0.00ns)   --->   "%distance_buffer_10_3_reload_read = read i32 @_ssdm_op_Read.ap_auto.i32, i32 %distance_buffer_10_3_reload"   --->   Operation 26 'read' 'distance_buffer_10_3_reload_read' <Predicate = true> <Delay = 0.00>
ST_1 : Operation 27 [1/1] (0.00ns)   --->   "%distance_buffer_9_3_reload_read = read i32 @_ssdm_op_Read.ap_auto.i32, i32 %distance_buffer_9_3_reload"   --->   Operation 27 'read' 'distance_buffer_9_3_reload_read' <Predicate = true> <Delay = 0.00>
ST_1 : Operation 28 [1/1] (0.00ns)   --->   "%distance_buffer_8_3_reload_read = read i32 @_ssdm_op_Read.ap_auto.i32, i32 %distance_buffer_8_3_reload"   --->   Operation 28 'read' 'distance_buffer_8_3_reload_read' <Predicate = true> <Delay = 0.00>
ST_1 : Operation 29 [1/1] (0.00ns)   --->   "%distance_buffer_7_3_reload_read = read i32 @_ssdm_op_Read.ap_auto.i32, i32 %distance_buffer_7_3_reload"   --->   Operation 29 'read' 'distance_buffer_7_3_reload_read' <Predicate = true> <Delay = 0.00>
ST_1 : Operation 30 [1/1] (0.00ns)   --->   "%distance_buffer_6_3_reload_read = read i32 @_ssdm_op_Read.ap_auto.i32, i32 %distance_buffer_6_3_reload"   --->   Operation 30 'read' 'distance_buffer_6_3_reload_read' <Predicate = true> <Delay = 0.00>
ST_1 : Operation 31 [1/1] (0.00ns)   --->   "%distance_buffer_5_3_reload_read = read i32 @_ssdm_op_Read.ap_auto.i32, i32 %distance_buffer_5_3_reload"   --->   Operation 31 'read' 'distance_buffer_5_3_reload_read' <Predicate = true> <Delay = 0.00>
ST_1 : Operation 32 [1/1] (0.00ns)   --->   "%distance_buffer_4_3_reload_read = read i32 @_ssdm_op_Read.ap_auto.i32, i32 %distance_buffer_4_3_reload"   --->   Operation 32 'read' 'distance_buffer_4_3_reload_read' <Predicate = true> <Delay = 0.00>
ST_1 : Operation 33 [1/1] (0.00ns)   --->   "%distance_buffer_3_3_reload_read = read i32 @_ssdm_op_Read.ap_auto.i32, i32 %distance_buffer_3_3_reload"   --->   Operation 33 'read' 'distance_buffer_3_3_reload_read' <Predicate = true> <Delay = 0.00>
ST_1 : Operation 34 [1/1] (0.00ns)   --->   "%distance_buffer_2_3_reload_read = read i32 @_ssdm_op_Read.ap_auto.i32, i32 %distance_buffer_2_3_reload"   --->   Operation 34 'read' 'distance_buffer_2_3_reload_read' <Predicate = true> <Delay = 0.00>
ST_1 : Operation 35 [1/1] (0.00ns)   --->   "%distance_buffer_1_3_reload_read = read i32 @_ssdm_op_Read.ap_auto.i32, i32 %distance_buffer_1_3_reload"   --->   Operation 35 'read' 'distance_buffer_1_3_reload_read' <Predicate = true> <Delay = 0.00>
ST_1 : Operation 36 [1/1] (0.00ns)   --->   "%distance_buffer_0_3_reload_read = read i32 @_ssdm_op_Read.ap_auto.i32, i32 %distance_buffer_0_3_reload"   --->   Operation 36 'read' 'distance_buffer_0_3_reload_read' <Predicate = true> <Delay = 0.00>
ST_1 : Operation 37 [1/1] (0.00ns)   --->   "%zext_ln49_read = read i12 @_ssdm_op_Read.ap_auto.i12, i12 %zext_ln49"   --->   Operation 37 'read' 'zext_ln49_read' <Predicate = true> <Delay = 0.00>
ST_1 : Operation 38 [1/1] (0.38ns)   --->   "%store_ln0 = store i6 0, i6 %j"   --->   Operation 38 'store' 'store_ln0' <Predicate = true> <Delay = 0.38>
ST_1 : Operation 39 [1/1] (0.00ns)   --->   "%br_ln0 = br void %._crit_edge.loopexit"   --->   Operation 39 'br' 'br_ln0' <Predicate = true> <Delay = 0.00>
ST_1 : Operation 40 [1/1] (0.00ns)   --->   "%j_1 = load i6 %j" [sssp_kernel.cpp:49]   --->   Operation 40 'load' 'j_1' <Predicate = true> <Delay = 0.00>
ST_1 : Operation 41 [1/1] (0.61ns)   --->   "%icmp_ln47 = icmp_eq  i6 %j_1, i6 32" [sssp_kernel.cpp:47]   --->   Operation 41 'icmp' 'icmp_ln47' <Predicate = true> <Delay = 0.61> <CoreInst = "Cmp">   --->   Core 9 'Cmp' <Latency = 0> <II = 1> <Delay = 0.59> <FuncUnit> <Opcode : 'icmp'> <InPorts = 2> <OutPorts = 1>
ST_1 : Operation 42 [1/1] (0.00ns)   --->   "%empty = speclooptripcount i32 @_ssdm_op_SpecLoopTripCount, i64 32, i64 32, i64 32"   --->   Operation 42 'speclooptripcount' 'empty' <Predicate = true> <Delay = 0.00>
ST_1 : Operation 43 [1/1] (0.70ns)   --->   "%add_ln47 = add i6 %j_1, i6 1" [sssp_kernel.cpp:47]   --->   Operation 43 'add' 'add_ln47' <Predicate = true> <Delay = 0.70> <CoreInst = "Adder">   --->   Core 1 'Adder' <Latency = 0> <II = 1> <Delay = 0.74> <FuncUnit> <Opcode : 'add' 'sub'> <InPorts = 2> <OutPorts = 1>
ST_1 : Operation 44 [1/1] (0.00ns)   --->   "%br_ln47 = br i1 %icmp_ln47, void %.split, void %.exitStub" [sssp_kernel.cpp:47]   --->   Operation 44 'br' 'br_ln47' <Predicate = true> <Delay = 0.00>
ST_1 : Operation 45 [1/1] (0.00ns)   --->   "%zext_ln49_1 = zext i6 %j_1" [sssp_kernel.cpp:49]   --->   Operation 45 'zext' 'zext_ln49_1' <Predicate = (!icmp_ln47)> <Delay = 0.00>
ST_1 : Operation 46 [1/1] (0.74ns)   --->   "%add_ln49 = add i12 %zext_ln49_read, i12 %zext_ln49_1" [sssp_kernel.cpp:49]   --->   Operation 46 'add' 'add_ln49' <Predicate = (!icmp_ln47)> <Delay = 0.74> <CoreInst = "Adder">   --->   Core 1 'Adder' <Latency = 0> <II = 1> <Delay = 0.74> <FuncUnit> <Opcode : 'add' 'sub'> <InPorts = 2> <OutPorts = 1>
ST_1 : Operation 47 [1/1] (0.00ns)   --->   "%zext_ln49_2 = zext i12 %add_ln49" [sssp_kernel.cpp:49]   --->   Operation 47 'zext' 'zext_ln49_2' <Predicate = (!icmp_ln47)> <Delay = 0.00>
ST_1 : Operation 48 [1/1] (0.00ns)   --->   "%local_out_addr = getelementptr i32 %local_out, i64 0, i64 %zext_ln49_2" [sssp_kernel.cpp:49]   --->   Operation 48 'getelementptr' 'local_out_addr' <Predicate = (!icmp_ln47)> <Delay = 0.00>
ST_1 : Operation 49 [1/1] (0.00ns)   --->   "%specpipeline_ln47 = specpipeline void @_ssdm_op_SpecPipeline, i32 4294967295, i32 0, i32 0, i32 0, void @empty_14" [sssp_kernel.cpp:47]   --->   Operation 49 'specpipeline' 'specpipeline_ln47' <Predicate = (!icmp_ln47)> <Delay = 0.00>
ST_1 : Operation 50 [1/1] (0.00ns)   --->   "%specloopname_ln47 = specloopname void @_ssdm_op_SpecLoopName, void @empty_8" [sssp_kernel.cpp:47]   --->   Operation 50 'specloopname' 'specloopname_ln47' <Predicate = (!icmp_ln47)> <Delay = 0.00>
ST_1 : Operation 51 [1/1] (0.00ns)   --->   "%trunc_ln49 = trunc i6 %j_1" [sssp_kernel.cpp:49]   --->   Operation 51 'trunc' 'trunc_ln49' <Predicate = (!icmp_ln47)> <Delay = 0.00>
ST_1 : Operation 52 [1/1] (0.65ns)   --->   "%tmp_32 = mux i32 @_ssdm_op_Mux.ap_auto.32i32.i5, i32 %distance_buffer_0_3_reload_read, i32 %distance_buffer_1_3_reload_read, i32 %distance_buffer_2_3_reload_read, i32 %distance_buffer_3_3_reload_read, i32 %distance_buffer_4_3_reload_read, i32 %distance_buffer_5_3_reload_read, i32 %distance_buffer_6_3_reload_read, i32 %distance_buffer_7_3_reload_read, i32 %distance_buffer_8_3_reload_read, i32 %distance_buffer_9_3_reload_read, i32 %distance_buffer_10_3_reload_read, i32 %distance_buffer_11_3_reload_read, i32 %distance_buffer_12_3_reload_read, i32 %distance_buffer_13_3_reload_read, i32 %distance_buffer_14_3_reload_read, i32 %distance_buffer_15_3_reload_read, i32 %distance_buffer_16_3_reload_read, i32 %distance_buffer_17_3_reload_read, i32 %distance_buffer_18_3_reload_read, i32 %distance_buffer_19_3_reload_read, i32 %distance_buffer_20_3_reload_read, i32 %distance_buffer_21_3_reload_read, i32 %distance_buffer_22_3_reload_read, i32 %distance_buffer_23_3_reload_read, i32 %distance_buffer_24_3_reload_read, i32 %distance_buffer_25_3_reload_read, i32 %distance_buffer_26_3_reload_read, i32 %distance_buffer_27_3_reload_read, i32 %distance_buffer_28_3_reload_read, i32 %distance_buffer_29_3_reload_read, i32 %distance_buffer_30_3_reload_read, i32 %distance_buffer_31_3_reload_read, i5 %trunc_ln49" [sssp_kernel.cpp:49]   --->   Operation 52 'mux' 'tmp_32' <Predicate = (!icmp_ln47)> <Delay = 0.65> <CoreInst = "Multiplexer">   --->   Core 76 'Multiplexer' <Latency = 0> <II = 1> <Delay = 0.65> <FuncUnit> <Opcode : 'mux'> <InPorts = 2> <OutPorts = 1>
ST_1 : Operation 53 [1/1] (1.64ns)   --->   "%store_ln49 = store i32 %tmp_32, i12 %local_out_addr" [sssp_kernel.cpp:49]   --->   Operation 53 'store' 'store_ln49' <Predicate = (!icmp_ln47)> <Delay = 1.64> <CoreInst = "RAM_1WnR">   --->   Core 84 'RAM_1WnR' <Latency = 1> <II = 1> <Delay = 1.64> <Storage> <Opcode : 'load' 'store'> <Ports = 17> <Width = 32> <Depth = 4096> <RAM>
ST_1 : Operation 54 [1/1] (0.38ns)   --->   "%store_ln47 = store i6 %add_ln47, i6 %j" [sssp_kernel.cpp:47]   --->   Operation 54 'store' 'store_ln47' <Predicate = (!icmp_ln47)> <Delay = 0.38>
ST_1 : Operation 55 [1/1] (0.00ns)   --->   "%br_ln0 = br void %._crit_edge.loopexit"   --->   Operation 55 'br' 'br_ln0' <Predicate = (!icmp_ln47)> <Delay = 0.00>
ST_1 : Operation 56 [1/1] (0.00ns)   --->   "%ret_ln0 = ret"   --->   Operation 56 'ret' 'ret_ln0' <Predicate = (icmp_ln47)> <Delay = 0.00>


============================================================
+ Verbose Summary: Binding
============================================================
STG Binding: 
---------------- STG Properties BEGIN ----------------
- Is combinational: 0
- Is one-state seq: 0
- Is datapath-only: 0
- Is pipelined: 0
- Is top level: 0
Port [ Return ] is wired: 1; IO mode=ap_ctrl_hs:ce=0
Port [ zext_ln49]:  wired=1; compound=0; hidden=0; nouse=0; global=0; static=0; extern=0; dir=0; type=0; pingpong=0; private_global=0; IO mode=ap_none:ce=0
Port [ local_out]:  wired=1; compound=1; hidden=0; nouse=0; global=0; static=0; extern=0; dir=1; type=1; pingpong=0; private_global=0; MemPort=[03333333333333333]; IO mode=ap_memory:ce=0
Port [ distance_buffer_0_3_reload]:  wired=1; compound=0; hidden=0; nouse=0; global=0; static=0; extern=0; dir=0; type=0; pingpong=0; private_global=0; IO mode=ap_none:ce=0
Port [ distance_buffer_1_3_reload]:  wired=1; compound=0; hidden=0; nouse=0; global=0; static=0; extern=0; dir=0; type=0; pingpong=0; private_global=0; IO mode=ap_none:ce=0
Port [ distance_buffer_2_3_reload]:  wired=1; compound=0; hidden=0; nouse=0; global=0; static=0; extern=0; dir=0; type=0; pingpong=0; private_global=0; IO mode=ap_none:ce=0
Port [ distance_buffer_3_3_reload]:  wired=1; compound=0; hidden=0; nouse=0; global=0; static=0; extern=0; dir=0; type=0; pingpong=0; private_global=0; IO mode=ap_none:ce=0
Port [ distance_buffer_4_3_reload]:  wired=1; compound=0; hidden=0; nouse=0; global=0; static=0; extern=0; dir=0; type=0; pingpong=0; private_global=0; IO mode=ap_none:ce=0
Port [ distance_buffer_5_3_reload]:  wired=1; compound=0; hidden=0; nouse=0; global=0; static=0; extern=0; dir=0; type=0; pingpong=0; private_global=0; IO mode=ap_none:ce=0
Port [ distance_buffer_6_3_reload]:  wired=1; compound=0; hidden=0; nouse=0; global=0; static=0; extern=0; dir=0; type=0; pingpong=0; private_global=0; IO mode=ap_none:ce=0
Port [ distance_buffer_7_3_reload]:  wired=1; compound=0; hidden=0; nouse=0; global=0; static=0; extern=0; dir=0; type=0; pingpong=0; private_global=0; IO mode=ap_none:ce=0
Port [ distance_buffer_8_3_reload]:  wired=1; compound=0; hidden=0; nouse=0; global=0; static=0; extern=0; dir=0; type=0; pingpong=0; private_global=0; IO mode=ap_none:ce=0
Port [ distance_buffer_9_3_reload]:  wired=1; compound=0; hidden=0; nouse=0; global=0; static=0; extern=0; dir=0; type=0; pingpong=0; private_global=0; IO mode=ap_none:ce=0
Port [ distance_buffer_10_3_reload]:  wired=1; compound=0; hidden=0; nouse=0; global=0; static=0; extern=0; dir=0; type=0; pingpong=0; private_global=0; IO mode=ap_none:ce=0
Port [ distance_buffer_11_3_reload]:  wired=1; compound=0; hidden=0; nouse=0; global=0; static=0; extern=0; dir=0; type=0; pingpong=0; private_global=0; IO mode=ap_none:ce=0
Port [ distance_buffer_12_3_reload]:  wired=1; compound=0; hidden=0; nouse=0; global=0; static=0; extern=0; dir=0; type=0; pingpong=0; private_global=0; IO mode=ap_none:ce=0
Port [ distance_buffer_13_3_reload]:  wired=1; compound=0; hidden=0; nouse=0; global=0; static=0; extern=0; dir=0; type=0; pingpong=0; private_global=0; IO mode=ap_none:ce=0
Port [ distance_buffer_14_3_reload]:  wired=1; compound=0; hidden=0; nouse=0; global=0; static=0; extern=0; dir=0; type=0; pingpong=0; private_global=0; IO mode=ap_none:ce=0
Port [ distance_buffer_15_3_reload]:  wired=1; compound=0; hidden=0; nouse=0; global=0; static=0; extern=0; dir=0; type=0; pingpong=0; private_global=0; IO mode=ap_none:ce=0
Port [ distance_buffer_16_3_reload]:  wired=1; compound=0; hidden=0; nouse=0; global=0; static=0; extern=0; dir=0; type=0; pingpong=0; private_global=0; IO mode=ap_none:ce=0
Port [ distance_buffer_17_3_reload]:  wired=1; compound=0; hidden=0; nouse=0; global=0; static=0; extern=0; dir=0; type=0; pingpong=0; private_global=0; IO mode=ap_none:ce=0
Port [ distance_buffer_18_3_reload]:  wired=1; compound=0; hidden=0; nouse=0; global=0; static=0; extern=0; dir=0; type=0; pingpong=0; private_global=0; IO mode=ap_none:ce=0
Port [ distance_buffer_19_3_reload]:  wired=1; compound=0; hidden=0; nouse=0; global=0; static=0; extern=0; dir=0; type=0; pingpong=0; private_global=0; IO mode=ap_none:ce=0
Port [ distance_buffer_20_3_reload]:  wired=1; compound=0; hidden=0; nouse=0; global=0; static=0; extern=0; dir=0; type=0; pingpong=0; private_global=0; IO mode=ap_none:ce=0
Port [ distance_buffer_21_3_reload]:  wired=1; compound=0; hidden=0; nouse=0; global=0; static=0; extern=0; dir=0; type=0; pingpong=0; private_global=0; IO mode=ap_none:ce=0
Port [ distance_buffer_22_3_reload]:  wired=1; compound=0; hidden=0; nouse=0; global=0; static=0; extern=0; dir=0; type=0; pingpong=0; private_global=0; IO mode=ap_none:ce=0
Port [ distance_buffer_23_3_reload]:  wired=1; compound=0; hidden=0; nouse=0; global=0; static=0; extern=0; dir=0; type=0; pingpong=0; private_global=0; IO mode=ap_none:ce=0
Port [ distance_buffer_24_3_reload]:  wired=1; compound=0; hidden=0; nouse=0; global=0; static=0; extern=0; dir=0; type=0; pingpong=0; private_global=0; IO mode=ap_none:ce=0
Port [ distance_buffer_25_3_reload]:  wired=1; compound=0; hidden=0; nouse=0; global=0; static=0; extern=0; dir=0; type=0; pingpong=0; private_global=0; IO mode=ap_none:ce=0
Port [ distance_buffer_26_3_reload]:  wired=1; compound=0; hidden=0; nouse=0; global=0; static=0; extern=0; dir=0; type=0; pingpong=0; private_global=0; IO mode=ap_none:ce=0
Port [ distance_buffer_27_3_reload]:  wired=1; compound=0; hidden=0; nouse=0; global=0; static=0; extern=0; dir=0; type=0; pingpong=0; private_global=0; IO mode=ap_none:ce=0
Port [ distance_buffer_28_3_reload]:  wired=1; compound=0; hidden=0; nouse=0; global=0; static=0; extern=0; dir=0; type=0; pingpong=0; private_global=0; IO mode=ap_none:ce=0
Port [ distance_buffer_29_3_reload]:  wired=1; compound=0; hidden=0; nouse=0; global=0; static=0; extern=0; dir=0; type=0; pingpong=0; private_global=0; IO mode=ap_none:ce=0
Port [ distance_buffer_30_3_reload]:  wired=1; compound=0; hidden=0; nouse=0; global=0; static=0; extern=0; dir=0; type=0; pingpong=0; private_global=0; IO mode=ap_none:ce=0
Port [ distance_buffer_31_3_reload]:  wired=1; compound=0; hidden=0; nouse=0; global=0; static=0; extern=0; dir=0; type=0; pingpong=0; private_global=0; IO mode=ap_none:ce=0
---------------- STG Properties END ------------------

---------------- Datapath Model BEGIN ----------------

<LifeTime>
<method=bitvector/>
j                                (alloca           ) [ 01]
distance_buffer_31_3_reload_read (read             ) [ 00]
distance_buffer_30_3_reload_read (read             ) [ 00]
distance_buffer_29_3_reload_read (read             ) [ 00]
distance_buffer_28_3_reload_read (read             ) [ 00]
distance_buffer_27_3_reload_read (read             ) [ 00]
distance_buffer_26_3_reload_read (read             ) [ 00]
distance_buffer_25_3_reload_read (read             ) [ 00]
distance_buffer_24_3_reload_read (read             ) [ 00]
distance_buffer_23_3_reload_read (read             ) [ 00]
distance_buffer_22_3_reload_read (read             ) [ 00]
distance_buffer_21_3_reload_read (read             ) [ 00]
distance_buffer_20_3_reload_read (read             ) [ 00]
distance_buffer_19_3_reload_read (read             ) [ 00]
distance_buffer_18_3_reload_read (read             ) [ 00]
distance_buffer_17_3_reload_read (read             ) [ 00]
distance_buffer_16_3_reload_read (read             ) [ 00]
distance_buffer_15_3_reload_read (read             ) [ 00]
distance_buffer_14_3_reload_read (read             ) [ 00]
distance_buffer_13_3_reload_read (read             ) [ 00]
distance_buffer_12_3_reload_read (read             ) [ 00]
distance_buffer_11_3_reload_read (read             ) [ 00]
distance_buffer_10_3_reload_read (read             ) [ 00]
distance_buffer_9_3_reload_read  (read             ) [ 00]
distance_buffer_8_3_reload_read  (read             ) [ 00]
distance_buffer_7_3_reload_read  (read             ) [ 00]
distance_buffer_6_3_reload_read  (read             ) [ 00]
distance_buffer_5_3_reload_read  (read             ) [ 00]
distance_buffer_4_3_reload_read  (read             ) [ 00]
distance_buffer_3_3_reload_read  (read             ) [ 00]
distance_buffer_2_3_reload_read  (read             ) [ 00]
distance_buffer_1_3_reload_read  (read             ) [ 00]
distance_buffer_0_3_reload_read  (read             ) [ 00]
zext_ln49_read                   (read             ) [ 00]
store_ln0                        (store            ) [ 00]
br_ln0                           (br               ) [ 00]
j_1                              (load             ) [ 00]
icmp_ln47                        (icmp             ) [ 01]
empty                            (speclooptripcount) [ 00]
add_ln47                         (add              ) [ 00]
br_ln47                          (br               ) [ 00]
zext_ln49_1                      (zext             ) [ 00]
add_ln49                         (add              ) [ 00]
zext_ln49_2                      (zext             ) [ 00]
local_out_addr                   (getelementptr    ) [ 00]
specpipeline_ln47                (specpipeline     ) [ 00]
specloopname_ln47                (specloopname     ) [ 00]
trunc_ln49                       (trunc            ) [ 00]
tmp_32                           (mux              ) [ 00]
store_ln49                       (store            ) [ 00]
store_ln47                       (store            ) [ 00]
br_ln0                           (br               ) [ 00]
ret_ln0                          (ret              ) [ 00]
</LifeTime>

<model>

<comp_list>
<comp id="0" class="1000" name="zext_ln49">
<pin_list>
<pin id="1" dir="1" index="0" bw="1" slack="0"/>
</pin_list>
<bind>
<StgValue><ssdm name="zext_ln49"/></StgValue>
</bind>
</comp>

<comp id="2" class="1000" name="local_out">
<pin_list>
<pin id="3" dir="1" index="0" bw="1" slack="0"/>
</pin_list>
<bind>
<StgValue><ssdm name="local_out"/><MemPortTyVec>0 3 3 3 3 3 3 3 3 3 3 3 3 3 3 3 3 </MemPortTyVec>
</StgValue>
</bind>
</comp>

<comp id="4" class="1000" name="distance_buffer_0_3_reload">
<pin_list>
<pin id="5" dir="1" index="0" bw="1" slack="0"/>
</pin_list>
<bind>
<StgValue><ssdm name="distance_buffer_0_3_reload"/></StgValue>
</bind>
</comp>

<comp id="6" class="1000" name="distance_buffer_1_3_reload">
<pin_list>
<pin id="7" dir="1" index="0" bw="1" slack="0"/>
</pin_list>
<bind>
<StgValue><ssdm name="distance_buffer_1_3_reload"/></StgValue>
</bind>
</comp>

<comp id="8" class="1000" name="distance_buffer_2_3_reload">
<pin_list>
<pin id="9" dir="1" index="0" bw="1" slack="0"/>
</pin_list>
<bind>
<StgValue><ssdm name="distance_buffer_2_3_reload"/></StgValue>
</bind>
</comp>

<comp id="10" class="1000" name="distance_buffer_3_3_reload">
<pin_list>
<pin id="11" dir="1" index="0" bw="1" slack="0"/>
</pin_list>
<bind>
<StgValue><ssdm name="distance_buffer_3_3_reload"/></StgValue>
</bind>
</comp>

<comp id="12" class="1000" name="distance_buffer_4_3_reload">
<pin_list>
<pin id="13" dir="1" index="0" bw="1" slack="0"/>
</pin_list>
<bind>
<StgValue><ssdm name="distance_buffer_4_3_reload"/></StgValue>
</bind>
</comp>

<comp id="14" class="1000" name="distance_buffer_5_3_reload">
<pin_list>
<pin id="15" dir="1" index="0" bw="1" slack="0"/>
</pin_list>
<bind>
<StgValue><ssdm name="distance_buffer_5_3_reload"/></StgValue>
</bind>
</comp>

<comp id="16" class="1000" name="distance_buffer_6_3_reload">
<pin_list>
<pin id="17" dir="1" index="0" bw="1" slack="0"/>
</pin_list>
<bind>
<StgValue><ssdm name="distance_buffer_6_3_reload"/></StgValue>
</bind>
</comp>

<comp id="18" class="1000" name="distance_buffer_7_3_reload">
<pin_list>
<pin id="19" dir="1" index="0" bw="1" slack="0"/>
</pin_list>
<bind>
<StgValue><ssdm name="distance_buffer_7_3_reload"/></StgValue>
</bind>
</comp>

<comp id="20" class="1000" name="distance_buffer_8_3_reload">
<pin_list>
<pin id="21" dir="1" index="0" bw="1" slack="0"/>
</pin_list>
<bind>
<StgValue><ssdm name="distance_buffer_8_3_reload"/></StgValue>
</bind>
</comp>

<comp id="22" class="1000" name="distance_buffer_9_3_reload">
<pin_list>
<pin id="23" dir="1" index="0" bw="1" slack="0"/>
</pin_list>
<bind>
<StgValue><ssdm name="distance_buffer_9_3_reload"/></StgValue>
</bind>
</comp>

<comp id="24" class="1000" name="distance_buffer_10_3_reload">
<pin_list>
<pin id="25" dir="1" index="0" bw="1" slack="0"/>
</pin_list>
<bind>
<StgValue><ssdm name="distance_buffer_10_3_reload"/></StgValue>
</bind>
</comp>

<comp id="26" class="1000" name="distance_buffer_11_3_reload">
<pin_list>
<pin id="27" dir="1" index="0" bw="1" slack="0"/>
</pin_list>
<bind>
<StgValue><ssdm name="distance_buffer_11_3_reload"/></StgValue>
</bind>
</comp>

<comp id="28" class="1000" name="distance_buffer_12_3_reload">
<pin_list>
<pin id="29" dir="1" index="0" bw="1" slack="0"/>
</pin_list>
<bind>
<StgValue><ssdm name="distance_buffer_12_3_reload"/></StgValue>
</bind>
</comp>

<comp id="30" class="1000" name="distance_buffer_13_3_reload">
<pin_list>
<pin id="31" dir="1" index="0" bw="1" slack="0"/>
</pin_list>
<bind>
<StgValue><ssdm name="distance_buffer_13_3_reload"/></StgValue>
</bind>
</comp>

<comp id="32" class="1000" name="distance_buffer_14_3_reload">
<pin_list>
<pin id="33" dir="1" index="0" bw="1" slack="0"/>
</pin_list>
<bind>
<StgValue><ssdm name="distance_buffer_14_3_reload"/></StgValue>
</bind>
</comp>

<comp id="34" class="1000" name="distance_buffer_15_3_reload">
<pin_list>
<pin id="35" dir="1" index="0" bw="1" slack="0"/>
</pin_list>
<bind>
<StgValue><ssdm name="distance_buffer_15_3_reload"/></StgValue>
</bind>
</comp>

<comp id="36" class="1000" name="distance_buffer_16_3_reload">
<pin_list>
<pin id="37" dir="1" index="0" bw="1" slack="0"/>
</pin_list>
<bind>
<StgValue><ssdm name="distance_buffer_16_3_reload"/></StgValue>
</bind>
</comp>

<comp id="38" class="1000" name="distance_buffer_17_3_reload">
<pin_list>
<pin id="39" dir="1" index="0" bw="1" slack="0"/>
</pin_list>
<bind>
<StgValue><ssdm name="distance_buffer_17_3_reload"/></StgValue>
</bind>
</comp>

<comp id="40" class="1000" name="distance_buffer_18_3_reload">
<pin_list>
<pin id="41" dir="1" index="0" bw="1" slack="0"/>
</pin_list>
<bind>
<StgValue><ssdm name="distance_buffer_18_3_reload"/></StgValue>
</bind>
</comp>

<comp id="42" class="1000" name="distance_buffer_19_3_reload">
<pin_list>
<pin id="43" dir="1" index="0" bw="1" slack="0"/>
</pin_list>
<bind>
<StgValue><ssdm name="distance_buffer_19_3_reload"/></StgValue>
</bind>
</comp>

<comp id="44" class="1000" name="distance_buffer_20_3_reload">
<pin_list>
<pin id="45" dir="1" index="0" bw="1" slack="0"/>
</pin_list>
<bind>
<StgValue><ssdm name="distance_buffer_20_3_reload"/></StgValue>
</bind>
</comp>

<comp id="46" class="1000" name="distance_buffer_21_3_reload">
<pin_list>
<pin id="47" dir="1" index="0" bw="1" slack="0"/>
</pin_list>
<bind>
<StgValue><ssdm name="distance_buffer_21_3_reload"/></StgValue>
</bind>
</comp>

<comp id="48" class="1000" name="distance_buffer_22_3_reload">
<pin_list>
<pin id="49" dir="1" index="0" bw="1" slack="0"/>
</pin_list>
<bind>
<StgValue><ssdm name="distance_buffer_22_3_reload"/></StgValue>
</bind>
</comp>

<comp id="50" class="1000" name="distance_buffer_23_3_reload">
<pin_list>
<pin id="51" dir="1" index="0" bw="1" slack="0"/>
</pin_list>
<bind>
<StgValue><ssdm name="distance_buffer_23_3_reload"/></StgValue>
</bind>
</comp>

<comp id="52" class="1000" name="distance_buffer_24_3_reload">
<pin_list>
<pin id="53" dir="1" index="0" bw="1" slack="0"/>
</pin_list>
<bind>
<StgValue><ssdm name="distance_buffer_24_3_reload"/></StgValue>
</bind>
</comp>

<comp id="54" class="1000" name="distance_buffer_25_3_reload">
<pin_list>
<pin id="55" dir="1" index="0" bw="1" slack="0"/>
</pin_list>
<bind>
<StgValue><ssdm name="distance_buffer_25_3_reload"/></StgValue>
</bind>
</comp>

<comp id="56" class="1000" name="distance_buffer_26_3_reload">
<pin_list>
<pin id="57" dir="1" index="0" bw="1" slack="0"/>
</pin_list>
<bind>
<StgValue><ssdm name="distance_buffer_26_3_reload"/></StgValue>
</bind>
</comp>

<comp id="58" class="1000" name="distance_buffer_27_3_reload">
<pin_list>
<pin id="59" dir="1" index="0" bw="1" slack="0"/>
</pin_list>
<bind>
<StgValue><ssdm name="distance_buffer_27_3_reload"/></StgValue>
</bind>
</comp>

<comp id="60" class="1000" name="distance_buffer_28_3_reload">
<pin_list>
<pin id="61" dir="1" index="0" bw="1" slack="0"/>
</pin_list>
<bind>
<StgValue><ssdm name="distance_buffer_28_3_reload"/></StgValue>
</bind>
</comp>

<comp id="62" class="1000" name="distance_buffer_29_3_reload">
<pin_list>
<pin id="63" dir="1" index="0" bw="1" slack="0"/>
</pin_list>
<bind>
<StgValue><ssdm name="distance_buffer_29_3_reload"/></StgValue>
</bind>
</comp>

<comp id="64" class="1000" name="distance_buffer_30_3_reload">
<pin_list>
<pin id="65" dir="1" index="0" bw="1" slack="0"/>
</pin_list>
<bind>
<StgValue><ssdm name="distance_buffer_30_3_reload"/></StgValue>
</bind>
</comp>

<comp id="66" class="1000" name="distance_buffer_31_3_reload">
<pin_list>
<pin id="67" dir="1" index="0" bw="1" slack="0"/>
</pin_list>
<bind>
<StgValue><ssdm name="distance_buffer_31_3_reload"/></StgValue>
</bind>
</comp>

<comp id="68" class="1001" name="const_68">
<pin_list>
<pin id="69" dir="1" index="0" bw="1" slack="0"/>
</pin_list>
<bind>
<StgValue><ssdm name=""/></StgValue>
</bind>
</comp>

<comp id="70" class="1001" name="const_70">
<pin_list>
<pin id="71" dir="1" index="0" bw="1" slack="0"/>
</pin_list>
<bind>
<StgValue><ssdm name="_ssdm_op_Read.ap_auto.i32"/></StgValue>
</bind>
</comp>

<comp id="72" class="1001" name="const_72">
<pin_list>
<pin id="73" dir="1" index="0" bw="1" slack="0"/>
</pin_list>
<bind>
<StgValue><ssdm name="_ssdm_op_Read.ap_auto.i12"/></StgValue>
</bind>
</comp>

<comp id="74" class="1001" name="const_74">
<pin_list>
<pin id="75" dir="1" index="0" bw="1" slack="0"/>
</pin_list>
<bind>
<StgValue><ssdm name=""/></StgValue>
</bind>
</comp>

<comp id="76" class="1001" name="const_76">
<pin_list>
<pin id="77" dir="1" index="0" bw="1" slack="0"/>
</pin_list>
<bind>
<StgValue><ssdm name=""/></StgValue>
</bind>
</comp>

<comp id="78" class="1001" name="const_78">
<pin_list>
<pin id="79" dir="1" index="0" bw="1" slack="2147483647"/>
</pin_list>
<bind>
<StgValue><ssdm name="_ssdm_op_SpecLoopTripCount"/></StgValue>
</bind>
</comp>

<comp id="80" class="1001" name="const_80">
<pin_list>
<pin id="81" dir="1" index="0" bw="1" slack="2147483647"/>
</pin_list>
<bind>
<StgValue><ssdm name=""/></StgValue>
</bind>
</comp>

<comp id="82" class="1001" name="const_82">
<pin_list>
<pin id="83" dir="1" index="0" bw="1" slack="0"/>
</pin_list>
<bind>
<StgValue><ssdm name=""/></StgValue>
</bind>
</comp>

<comp id="84" class="1001" name="const_84">
<pin_list>
<pin id="85" dir="1" index="0" bw="1" slack="0"/>
</pin_list>
<bind>
<StgValue><ssdm name=""/></StgValue>
</bind>
</comp>

<comp id="86" class="1001" name="const_86">
<pin_list>
<pin id="87" dir="1" index="0" bw="1" slack="2147483647"/>
</pin_list>
<bind>
<StgValue><ssdm name="_ssdm_op_SpecPipeline"/></StgValue>
</bind>
</comp>

<comp id="88" class="1001" name="const_88">
<pin_list>
<pin id="89" dir="1" index="0" bw="1" slack="2147483647"/>
</pin_list>
<bind>
<StgValue><ssdm name=""/></StgValue>
</bind>
</comp>

<comp id="90" class="1001" name="const_90">
<pin_list>
<pin id="91" dir="1" index="0" bw="1" slack="2147483647"/>
</pin_list>
<bind>
<StgValue><ssdm name=""/></StgValue>
</bind>
</comp>

<comp id="92" class="1001" name="const_92">
<pin_list>
<pin id="93" dir="1" index="0" bw="1" slack="2147483647"/>
</pin_list>
<bind>
<StgValue><ssdm name="empty_14"/></StgValue>
</bind>
</comp>

<comp id="94" class="1001" name="const_94">
<pin_list>
<pin id="95" dir="1" index="0" bw="1" slack="2147483647"/>
</pin_list>
<bind>
<StgValue><ssdm name="_ssdm_op_SpecLoopName"/></StgValue>
</bind>
</comp>

<comp id="96" class="1001" name="const_96">
<pin_list>
<pin id="97" dir="1" index="0" bw="1" slack="2147483647"/>
</pin_list>
<bind>
<StgValue><ssdm name="empty_8"/></StgValue>
</bind>
</comp>

<comp id="98" class="1001" name="const_98">
<pin_list>
<pin id="99" dir="1" index="0" bw="1" slack="0"/>
</pin_list>
<bind>
<StgValue><ssdm name="_ssdm_op_Mux.ap_auto.32i32.i5"/></StgValue>
</bind>
</comp>

<comp id="100" class="1004" name="j_fu_100">
<pin_list>
<pin id="101" dir="0" index="0" bw="1" slack="0"/>
<pin id="102" dir="1" index="1" bw="6" slack="0"/>
</pin_list>
<bind>
<opcode="alloca(26) " fcode="alloca"/>
<opset="j/1 "/>
</bind>
</comp>

<comp id="104" class="1004" name="distance_buffer_31_3_reload_read_read_fu_104">
<pin_list>
<pin id="105" dir="0" index="0" bw="32" slack="0"/>
<pin id="106" dir="0" index="1" bw="32" slack="0"/>
<pin id="107" dir="1" index="2" bw="32" slack="0"/>
</pin_list>
<bind>
<opcode="read(1150) " fcode="read"/>
<opset="distance_buffer_31_3_reload_read/1 "/>
</bind>
</comp>

<comp id="110" class="1004" name="distance_buffer_30_3_reload_read_read_fu_110">
<pin_list>
<pin id="111" dir="0" index="0" bw="32" slack="0"/>
<pin id="112" dir="0" index="1" bw="32" slack="0"/>
<pin id="113" dir="1" index="2" bw="32" slack="0"/>
</pin_list>
<bind>
<opcode="read(1150) " fcode="read"/>
<opset="distance_buffer_30_3_reload_read/1 "/>
</bind>
</comp>

<comp id="116" class="1004" name="distance_buffer_29_3_reload_read_read_fu_116">
<pin_list>
<pin id="117" dir="0" index="0" bw="32" slack="0"/>
<pin id="118" dir="0" index="1" bw="32" slack="0"/>
<pin id="119" dir="1" index="2" bw="32" slack="0"/>
</pin_list>
<bind>
<opcode="read(1150) " fcode="read"/>
<opset="distance_buffer_29_3_reload_read/1 "/>
</bind>
</comp>

<comp id="122" class="1004" name="distance_buffer_28_3_reload_read_read_fu_122">
<pin_list>
<pin id="123" dir="0" index="0" bw="32" slack="0"/>
<pin id="124" dir="0" index="1" bw="32" slack="0"/>
<pin id="125" dir="1" index="2" bw="32" slack="0"/>
</pin_list>
<bind>
<opcode="read(1150) " fcode="read"/>
<opset="distance_buffer_28_3_reload_read/1 "/>
</bind>
</comp>

<comp id="128" class="1004" name="distance_buffer_27_3_reload_read_read_fu_128">
<pin_list>
<pin id="129" dir="0" index="0" bw="32" slack="0"/>
<pin id="130" dir="0" index="1" bw="32" slack="0"/>
<pin id="131" dir="1" index="2" bw="32" slack="0"/>
</pin_list>
<bind>
<opcode="read(1150) " fcode="read"/>
<opset="distance_buffer_27_3_reload_read/1 "/>
</bind>
</comp>

<comp id="134" class="1004" name="distance_buffer_26_3_reload_read_read_fu_134">
<pin_list>
<pin id="135" dir="0" index="0" bw="32" slack="0"/>
<pin id="136" dir="0" index="1" bw="32" slack="0"/>
<pin id="137" dir="1" index="2" bw="32" slack="0"/>
</pin_list>
<bind>
<opcode="read(1150) " fcode="read"/>
<opset="distance_buffer_26_3_reload_read/1 "/>
</bind>
</comp>

<comp id="140" class="1004" name="distance_buffer_25_3_reload_read_read_fu_140">
<pin_list>
<pin id="141" dir="0" index="0" bw="32" slack="0"/>
<pin id="142" dir="0" index="1" bw="32" slack="0"/>
<pin id="143" dir="1" index="2" bw="32" slack="0"/>
</pin_list>
<bind>
<opcode="read(1150) " fcode="read"/>
<opset="distance_buffer_25_3_reload_read/1 "/>
</bind>
</comp>

<comp id="146" class="1004" name="distance_buffer_24_3_reload_read_read_fu_146">
<pin_list>
<pin id="147" dir="0" index="0" bw="32" slack="0"/>
<pin id="148" dir="0" index="1" bw="32" slack="0"/>
<pin id="149" dir="1" index="2" bw="32" slack="0"/>
</pin_list>
<bind>
<opcode="read(1150) " fcode="read"/>
<opset="distance_buffer_24_3_reload_read/1 "/>
</bind>
</comp>

<comp id="152" class="1004" name="distance_buffer_23_3_reload_read_read_fu_152">
<pin_list>
<pin id="153" dir="0" index="0" bw="32" slack="0"/>
<pin id="154" dir="0" index="1" bw="32" slack="0"/>
<pin id="155" dir="1" index="2" bw="32" slack="0"/>
</pin_list>
<bind>
<opcode="read(1150) " fcode="read"/>
<opset="distance_buffer_23_3_reload_read/1 "/>
</bind>
</comp>

<comp id="158" class="1004" name="distance_buffer_22_3_reload_read_read_fu_158">
<pin_list>
<pin id="159" dir="0" index="0" bw="32" slack="0"/>
<pin id="160" dir="0" index="1" bw="32" slack="0"/>
<pin id="161" dir="1" index="2" bw="32" slack="0"/>
</pin_list>
<bind>
<opcode="read(1150) " fcode="read"/>
<opset="distance_buffer_22_3_reload_read/1 "/>
</bind>
</comp>

<comp id="164" class="1004" name="distance_buffer_21_3_reload_read_read_fu_164">
<pin_list>
<pin id="165" dir="0" index="0" bw="32" slack="0"/>
<pin id="166" dir="0" index="1" bw="32" slack="0"/>
<pin id="167" dir="1" index="2" bw="32" slack="0"/>
</pin_list>
<bind>
<opcode="read(1150) " fcode="read"/>
<opset="distance_buffer_21_3_reload_read/1 "/>
</bind>
</comp>

<comp id="170" class="1004" name="distance_buffer_20_3_reload_read_read_fu_170">
<pin_list>
<pin id="171" dir="0" index="0" bw="32" slack="0"/>
<pin id="172" dir="0" index="1" bw="32" slack="0"/>
<pin id="173" dir="1" index="2" bw="32" slack="0"/>
</pin_list>
<bind>
<opcode="read(1150) " fcode="read"/>
<opset="distance_buffer_20_3_reload_read/1 "/>
</bind>
</comp>

<comp id="176" class="1004" name="distance_buffer_19_3_reload_read_read_fu_176">
<pin_list>
<pin id="177" dir="0" index="0" bw="32" slack="0"/>
<pin id="178" dir="0" index="1" bw="32" slack="0"/>
<pin id="179" dir="1" index="2" bw="32" slack="0"/>
</pin_list>
<bind>
<opcode="read(1150) " fcode="read"/>
<opset="distance_buffer_19_3_reload_read/1 "/>
</bind>
</comp>

<comp id="182" class="1004" name="distance_buffer_18_3_reload_read_read_fu_182">
<pin_list>
<pin id="183" dir="0" index="0" bw="32" slack="0"/>
<pin id="184" dir="0" index="1" bw="32" slack="0"/>
<pin id="185" dir="1" index="2" bw="32" slack="0"/>
</pin_list>
<bind>
<opcode="read(1150) " fcode="read"/>
<opset="distance_buffer_18_3_reload_read/1 "/>
</bind>
</comp>

<comp id="188" class="1004" name="distance_buffer_17_3_reload_read_read_fu_188">
<pin_list>
<pin id="189" dir="0" index="0" bw="32" slack="0"/>
<pin id="190" dir="0" index="1" bw="32" slack="0"/>
<pin id="191" dir="1" index="2" bw="32" slack="0"/>
</pin_list>
<bind>
<opcode="read(1150) " fcode="read"/>
<opset="distance_buffer_17_3_reload_read/1 "/>
</bind>
</comp>

<comp id="194" class="1004" name="distance_buffer_16_3_reload_read_read_fu_194">
<pin_list>
<pin id="195" dir="0" index="0" bw="32" slack="0"/>
<pin id="196" dir="0" index="1" bw="32" slack="0"/>
<pin id="197" dir="1" index="2" bw="32" slack="0"/>
</pin_list>
<bind>
<opcode="read(1150) " fcode="read"/>
<opset="distance_buffer_16_3_reload_read/1 "/>
</bind>
</comp>

<comp id="200" class="1004" name="distance_buffer_15_3_reload_read_read_fu_200">
<pin_list>
<pin id="201" dir="0" index="0" bw="32" slack="0"/>
<pin id="202" dir="0" index="1" bw="32" slack="0"/>
<pin id="203" dir="1" index="2" bw="32" slack="0"/>
</pin_list>
<bind>
<opcode="read(1150) " fcode="read"/>
<opset="distance_buffer_15_3_reload_read/1 "/>
</bind>
</comp>

<comp id="206" class="1004" name="distance_buffer_14_3_reload_read_read_fu_206">
<pin_list>
<pin id="207" dir="0" index="0" bw="32" slack="0"/>
<pin id="208" dir="0" index="1" bw="32" slack="0"/>
<pin id="209" dir="1" index="2" bw="32" slack="0"/>
</pin_list>
<bind>
<opcode="read(1150) " fcode="read"/>
<opset="distance_buffer_14_3_reload_read/1 "/>
</bind>
</comp>

<comp id="212" class="1004" name="distance_buffer_13_3_reload_read_read_fu_212">
<pin_list>
<pin id="213" dir="0" index="0" bw="32" slack="0"/>
<pin id="214" dir="0" index="1" bw="32" slack="0"/>
<pin id="215" dir="1" index="2" bw="32" slack="0"/>
</pin_list>
<bind>
<opcode="read(1150) " fcode="read"/>
<opset="distance_buffer_13_3_reload_read/1 "/>
</bind>
</comp>

<comp id="218" class="1004" name="distance_buffer_12_3_reload_read_read_fu_218">
<pin_list>
<pin id="219" dir="0" index="0" bw="32" slack="0"/>
<pin id="220" dir="0" index="1" bw="32" slack="0"/>
<pin id="221" dir="1" index="2" bw="32" slack="0"/>
</pin_list>
<bind>
<opcode="read(1150) " fcode="read"/>
<opset="distance_buffer_12_3_reload_read/1 "/>
</bind>
</comp>

<comp id="224" class="1004" name="distance_buffer_11_3_reload_read_read_fu_224">
<pin_list>
<pin id="225" dir="0" index="0" bw="32" slack="0"/>
<pin id="226" dir="0" index="1" bw="32" slack="0"/>
<pin id="227" dir="1" index="2" bw="32" slack="0"/>
</pin_list>
<bind>
<opcode="read(1150) " fcode="read"/>
<opset="distance_buffer_11_3_reload_read/1 "/>
</bind>
</comp>

<comp id="230" class="1004" name="distance_buffer_10_3_reload_read_read_fu_230">
<pin_list>
<pin id="231" dir="0" index="0" bw="32" slack="0"/>
<pin id="232" dir="0" index="1" bw="32" slack="0"/>
<pin id="233" dir="1" index="2" bw="32" slack="0"/>
</pin_list>
<bind>
<opcode="read(1150) " fcode="read"/>
<opset="distance_buffer_10_3_reload_read/1 "/>
</bind>
</comp>

<comp id="236" class="1004" name="distance_buffer_9_3_reload_read_read_fu_236">
<pin_list>
<pin id="237" dir="0" index="0" bw="32" slack="0"/>
<pin id="238" dir="0" index="1" bw="32" slack="0"/>
<pin id="239" dir="1" index="2" bw="32" slack="0"/>
</pin_list>
<bind>
<opcode="read(1150) " fcode="read"/>
<opset="distance_buffer_9_3_reload_read/1 "/>
</bind>
</comp>

<comp id="242" class="1004" name="distance_buffer_8_3_reload_read_read_fu_242">
<pin_list>
<pin id="243" dir="0" index="0" bw="32" slack="0"/>
<pin id="244" dir="0" index="1" bw="32" slack="0"/>
<pin id="245" dir="1" index="2" bw="32" slack="0"/>
</pin_list>
<bind>
<opcode="read(1150) " fcode="read"/>
<opset="distance_buffer_8_3_reload_read/1 "/>
</bind>
</comp>

<comp id="248" class="1004" name="distance_buffer_7_3_reload_read_read_fu_248">
<pin_list>
<pin id="249" dir="0" index="0" bw="32" slack="0"/>
<pin id="250" dir="0" index="1" bw="32" slack="0"/>
<pin id="251" dir="1" index="2" bw="32" slack="0"/>
</pin_list>
<bind>
<opcode="read(1150) " fcode="read"/>
<opset="distance_buffer_7_3_reload_read/1 "/>
</bind>
</comp>

<comp id="254" class="1004" name="distance_buffer_6_3_reload_read_read_fu_254">
<pin_list>
<pin id="255" dir="0" index="0" bw="32" slack="0"/>
<pin id="256" dir="0" index="1" bw="32" slack="0"/>
<pin id="257" dir="1" index="2" bw="32" slack="0"/>
</pin_list>
<bind>
<opcode="read(1150) " fcode="read"/>
<opset="distance_buffer_6_3_reload_read/1 "/>
</bind>
</comp>

<comp id="260" class="1004" name="distance_buffer_5_3_reload_read_read_fu_260">
<pin_list>
<pin id="261" dir="0" index="0" bw="32" slack="0"/>
<pin id="262" dir="0" index="1" bw="32" slack="0"/>
<pin id="263" dir="1" index="2" bw="32" slack="0"/>
</pin_list>
<bind>
<opcode="read(1150) " fcode="read"/>
<opset="distance_buffer_5_3_reload_read/1 "/>
</bind>
</comp>

<comp id="266" class="1004" name="distance_buffer_4_3_reload_read_read_fu_266">
<pin_list>
<pin id="267" dir="0" index="0" bw="32" slack="0"/>
<pin id="268" dir="0" index="1" bw="32" slack="0"/>
<pin id="269" dir="1" index="2" bw="32" slack="0"/>
</pin_list>
<bind>
<opcode="read(1150) " fcode="read"/>
<opset="distance_buffer_4_3_reload_read/1 "/>
</bind>
</comp>

<comp id="272" class="1004" name="distance_buffer_3_3_reload_read_read_fu_272">
<pin_list>
<pin id="273" dir="0" index="0" bw="32" slack="0"/>
<pin id="274" dir="0" index="1" bw="32" slack="0"/>
<pin id="275" dir="1" index="2" bw="32" slack="0"/>
</pin_list>
<bind>
<opcode="read(1150) " fcode="read"/>
<opset="distance_buffer_3_3_reload_read/1 "/>
</bind>
</comp>

<comp id="278" class="1004" name="distance_buffer_2_3_reload_read_read_fu_278">
<pin_list>
<pin id="279" dir="0" index="0" bw="32" slack="0"/>
<pin id="280" dir="0" index="1" bw="32" slack="0"/>
<pin id="281" dir="1" index="2" bw="32" slack="0"/>
</pin_list>
<bind>
<opcode="read(1150) " fcode="read"/>
<opset="distance_buffer_2_3_reload_read/1 "/>
</bind>
</comp>

<comp id="284" class="1004" name="distance_buffer_1_3_reload_read_read_fu_284">
<pin_list>
<pin id="285" dir="0" index="0" bw="32" slack="0"/>
<pin id="286" dir="0" index="1" bw="32" slack="0"/>
<pin id="287" dir="1" index="2" bw="32" slack="0"/>
</pin_list>
<bind>
<opcode="read(1150) " fcode="read"/>
<opset="distance_buffer_1_3_reload_read/1 "/>
</bind>
</comp>

<comp id="290" class="1004" name="distance_buffer_0_3_reload_read_read_fu_290">
<pin_list>
<pin id="291" dir="0" index="0" bw="32" slack="0"/>
<pin id="292" dir="0" index="1" bw="32" slack="0"/>
<pin id="293" dir="1" index="2" bw="32" slack="0"/>
</pin_list>
<bind>
<opcode="read(1150) " fcode="read"/>
<opset="distance_buffer_0_3_reload_read/1 "/>
</bind>
</comp>

<comp id="296" class="1004" name="zext_ln49_read_read_fu_296">
<pin_list>
<pin id="297" dir="0" index="0" bw="12" slack="0"/>
<pin id="298" dir="0" index="1" bw="12" slack="0"/>
<pin id="299" dir="1" index="2" bw="12" slack="0"/>
</pin_list>
<bind>
<opcode="read(1150) " fcode="read"/>
<opset="zext_ln49_read/1 "/>
</bind>
</comp>

<comp id="302" class="1004" name="local_out_addr_gep_fu_302">
<pin_list>
<pin id="303" dir="0" index="0" bw="32" slack="0"/>
<pin id="304" dir="0" index="1" bw="1" slack="0"/>
<pin id="305" dir="0" index="2" bw="12" slack="0"/>
<pin id="306" dir="1" index="3" bw="12" slack="0"/>
</pin_list>
<bind>
<opcode="getelementptr(29) " fcode="getelementptr"/>
<opset="local_out_addr/1 "/>
</bind>
</comp>

<comp id="309" class="1004" name="store_ln49_access_fu_309">
<pin_list>
<pin id="310" dir="0" index="0" bw="12" slack="0"/>
<pin id="311" dir="0" index="1" bw="32" slack="0"/>
<pin id="312" dir="0" index="2" bw="0" slack="2147483647"/>
<pin id="313" dir="1" index="3" bw="32" slack="2147483647"/>
</pin_list>
<bind>
<opcode="store(28) " fcode="store"/>
<opset="store_ln49/1 "/>
</bind>
</comp>

<comp id="315" class="1004" name="store_ln0_store_fu_315">
<pin_list>
<pin id="316" dir="0" index="0" bw="1" slack="0"/>
<pin id="317" dir="0" index="1" bw="6" slack="0"/>
<pin id="318" dir="1" index="2" bw="0" slack="2147483647"/>
</pin_list>
<bind>
<opcode="store(28) " fcode="store"/>
<opset="store_ln0/1 "/>
</bind>
</comp>

<comp id="320" class="1004" name="j_1_load_fu_320">
<pin_list>
<pin id="321" dir="0" index="0" bw="6" slack="0"/>
<pin id="322" dir="1" index="1" bw="6" slack="0"/>
</pin_list>
<bind>
<opcode="load(27) " fcode="load"/>
<opset="j_1/1 "/>
</bind>
</comp>

<comp id="323" class="1004" name="icmp_ln47_fu_323">
<pin_list>
<pin id="324" dir="0" index="0" bw="6" slack="0"/>
<pin id="325" dir="0" index="1" bw="6" slack="0"/>
<pin id="326" dir="1" index="2" bw="1" slack="2147483647"/>
</pin_list>
<bind>
<opcode="icmp(45) " fcode="icmp"/>
<opset="icmp_ln47/1 "/>
</bind>
</comp>

<comp id="329" class="1004" name="add_ln47_fu_329">
<pin_list>
<pin id="330" dir="0" index="0" bw="6" slack="0"/>
<pin id="331" dir="0" index="1" bw="1" slack="0"/>
<pin id="332" dir="1" index="2" bw="6" slack="0"/>
</pin_list>
<bind>
<opcode="add(8) " fcode="add"/>
<opset="add_ln47/1 "/>
</bind>
</comp>

<comp id="335" class="1004" name="zext_ln49_1_fu_335">
<pin_list>
<pin id="336" dir="0" index="0" bw="6" slack="0"/>
<pin id="337" dir="1" index="1" bw="12" slack="0"/>
</pin_list>
<bind>
<opcode="zext(34) " fcode="zext"/>
<opset="zext_ln49_1/1 "/>
</bind>
</comp>

<comp id="339" class="1004" name="add_ln49_fu_339">
<pin_list>
<pin id="340" dir="0" index="0" bw="12" slack="0"/>
<pin id="341" dir="0" index="1" bw="6" slack="0"/>
<pin id="342" dir="1" index="2" bw="12" slack="0"/>
</pin_list>
<bind>
<opcode="add(8) " fcode="add"/>
<opset="add_ln49/1 "/>
</bind>
</comp>

<comp id="345" class="1004" name="zext_ln49_2_fu_345">
<pin_list>
<pin id="346" dir="0" index="0" bw="12" slack="0"/>
<pin id="347" dir="1" index="1" bw="64" slack="0"/>
</pin_list>
<bind>
<opcode="zext(34) " fcode="zext"/>
<opset="zext_ln49_2/1 "/>
</bind>
</comp>

<comp id="350" class="1004" name="trunc_ln49_fu_350">
<pin_list>
<pin id="351" dir="0" index="0" bw="6" slack="0"/>
<pin id="352" dir="1" index="1" bw="5" slack="0"/>
</pin_list>
<bind>
<opcode="trunc(33) " fcode="trunc"/>
<opset="trunc_ln49/1 "/>
</bind>
</comp>

<comp id="354" class="1004" name="tmp_32_fu_354">
<pin_list>
<pin id="355" dir="0" index="0" bw="32" slack="0"/>
<pin id="356" dir="0" index="1" bw="32" slack="0"/>
<pin id="357" dir="0" index="2" bw="32" slack="0"/>
<pin id="358" dir="0" index="3" bw="32" slack="0"/>
<pin id="359" dir="0" index="4" bw="32" slack="0"/>
<pin id="360" dir="0" index="5" bw="32" slack="0"/>
<pin id="361" dir="0" index="6" bw="32" slack="0"/>
<pin id="362" dir="0" index="7" bw="32" slack="0"/>
<pin id="363" dir="0" index="8" bw="32" slack="0"/>
<pin id="364" dir="0" index="9" bw="32" slack="0"/>
<pin id="365" dir="0" index="10" bw="32" slack="0"/>
<pin id="366" dir="0" index="11" bw="32" slack="0"/>
<pin id="367" dir="0" index="12" bw="32" slack="0"/>
<pin id="368" dir="0" index="13" bw="32" slack="0"/>
<pin id="369" dir="0" index="14" bw="32" slack="0"/>
<pin id="370" dir="0" index="15" bw="32" slack="0"/>
<pin id="371" dir="0" index="16" bw="32" slack="0"/>
<pin id="372" dir="0" index="17" bw="32" slack="0"/>
<pin id="373" dir="0" index="18" bw="32" slack="0"/>
<pin id="374" dir="0" index="19" bw="32" slack="0"/>
<pin id="375" dir="0" index="20" bw="32" slack="0"/>
<pin id="376" dir="0" index="21" bw="32" slack="0"/>
<pin id="377" dir="0" index="22" bw="32" slack="0"/>
<pin id="378" dir="0" index="23" bw="32" slack="0"/>
<pin id="379" dir="0" index="24" bw="32" slack="0"/>
<pin id="380" dir="0" index="25" bw="32" slack="0"/>
<pin id="381" dir="0" index="26" bw="32" slack="0"/>
<pin id="382" dir="0" index="27" bw="32" slack="0"/>
<pin id="383" dir="0" index="28" bw="32" slack="0"/>
<pin id="384" dir="0" index="29" bw="32" slack="0"/>
<pin id="385" dir="0" index="30" bw="32" slack="0"/>
<pin id="386" dir="0" index="31" bw="32" slack="0"/>
<pin id="387" dir="0" index="32" bw="32" slack="0"/>
<pin id="388" dir="0" index="33" bw="5" slack="0"/>
<pin id="389" dir="1" index="34" bw="32" slack="0"/>
</pin_list>
<bind>
<opcode="mux(1196) " fcode="mux"/>
<opset="tmp_32/1 "/>
</bind>
</comp>

<comp id="425" class="1004" name="store_ln47_store_fu_425">
<pin_list>
<pin id="426" dir="0" index="0" bw="6" slack="0"/>
<pin id="427" dir="0" index="1" bw="6" slack="0"/>
<pin id="428" dir="1" index="2" bw="0" slack="2147483647"/>
</pin_list>
<bind>
<opcode="store(28) " fcode="store"/>
<opset="store_ln47/1 "/>
</bind>
</comp>

<comp id="430" class="1005" name="j_reg_430">
<pin_list>
<pin id="431" dir="0" index="0" bw="6" slack="0"/>
<pin id="432" dir="1" index="1" bw="6" slack="0"/>
</pin_list>
<bind>
<opset="j "/>
</bind>
</comp>

</comp_list>

<net_list>
<net id="103"><net_src comp="68" pin="0"/><net_sink comp="100" pin=0"/></net>

<net id="108"><net_src comp="70" pin="0"/><net_sink comp="104" pin=0"/></net>

<net id="109"><net_src comp="66" pin="0"/><net_sink comp="104" pin=1"/></net>

<net id="114"><net_src comp="70" pin="0"/><net_sink comp="110" pin=0"/></net>

<net id="115"><net_src comp="64" pin="0"/><net_sink comp="110" pin=1"/></net>

<net id="120"><net_src comp="70" pin="0"/><net_sink comp="116" pin=0"/></net>

<net id="121"><net_src comp="62" pin="0"/><net_sink comp="116" pin=1"/></net>

<net id="126"><net_src comp="70" pin="0"/><net_sink comp="122" pin=0"/></net>

<net id="127"><net_src comp="60" pin="0"/><net_sink comp="122" pin=1"/></net>

<net id="132"><net_src comp="70" pin="0"/><net_sink comp="128" pin=0"/></net>

<net id="133"><net_src comp="58" pin="0"/><net_sink comp="128" pin=1"/></net>

<net id="138"><net_src comp="70" pin="0"/><net_sink comp="134" pin=0"/></net>

<net id="139"><net_src comp="56" pin="0"/><net_sink comp="134" pin=1"/></net>

<net id="144"><net_src comp="70" pin="0"/><net_sink comp="140" pin=0"/></net>

<net id="145"><net_src comp="54" pin="0"/><net_sink comp="140" pin=1"/></net>

<net id="150"><net_src comp="70" pin="0"/><net_sink comp="146" pin=0"/></net>

<net id="151"><net_src comp="52" pin="0"/><net_sink comp="146" pin=1"/></net>

<net id="156"><net_src comp="70" pin="0"/><net_sink comp="152" pin=0"/></net>

<net id="157"><net_src comp="50" pin="0"/><net_sink comp="152" pin=1"/></net>

<net id="162"><net_src comp="70" pin="0"/><net_sink comp="158" pin=0"/></net>

<net id="163"><net_src comp="48" pin="0"/><net_sink comp="158" pin=1"/></net>

<net id="168"><net_src comp="70" pin="0"/><net_sink comp="164" pin=0"/></net>

<net id="169"><net_src comp="46" pin="0"/><net_sink comp="164" pin=1"/></net>

<net id="174"><net_src comp="70" pin="0"/><net_sink comp="170" pin=0"/></net>

<net id="175"><net_src comp="44" pin="0"/><net_sink comp="170" pin=1"/></net>

<net id="180"><net_src comp="70" pin="0"/><net_sink comp="176" pin=0"/></net>

<net id="181"><net_src comp="42" pin="0"/><net_sink comp="176" pin=1"/></net>

<net id="186"><net_src comp="70" pin="0"/><net_sink comp="182" pin=0"/></net>

<net id="187"><net_src comp="40" pin="0"/><net_sink comp="182" pin=1"/></net>

<net id="192"><net_src comp="70" pin="0"/><net_sink comp="188" pin=0"/></net>

<net id="193"><net_src comp="38" pin="0"/><net_sink comp="188" pin=1"/></net>

<net id="198"><net_src comp="70" pin="0"/><net_sink comp="194" pin=0"/></net>

<net id="199"><net_src comp="36" pin="0"/><net_sink comp="194" pin=1"/></net>

<net id="204"><net_src comp="70" pin="0"/><net_sink comp="200" pin=0"/></net>

<net id="205"><net_src comp="34" pin="0"/><net_sink comp="200" pin=1"/></net>

<net id="210"><net_src comp="70" pin="0"/><net_sink comp="206" pin=0"/></net>

<net id="211"><net_src comp="32" pin="0"/><net_sink comp="206" pin=1"/></net>

<net id="216"><net_src comp="70" pin="0"/><net_sink comp="212" pin=0"/></net>

<net id="217"><net_src comp="30" pin="0"/><net_sink comp="212" pin=1"/></net>

<net id="222"><net_src comp="70" pin="0"/><net_sink comp="218" pin=0"/></net>

<net id="223"><net_src comp="28" pin="0"/><net_sink comp="218" pin=1"/></net>

<net id="228"><net_src comp="70" pin="0"/><net_sink comp="224" pin=0"/></net>

<net id="229"><net_src comp="26" pin="0"/><net_sink comp="224" pin=1"/></net>

<net id="234"><net_src comp="70" pin="0"/><net_sink comp="230" pin=0"/></net>

<net id="235"><net_src comp="24" pin="0"/><net_sink comp="230" pin=1"/></net>

<net id="240"><net_src comp="70" pin="0"/><net_sink comp="236" pin=0"/></net>

<net id="241"><net_src comp="22" pin="0"/><net_sink comp="236" pin=1"/></net>

<net id="246"><net_src comp="70" pin="0"/><net_sink comp="242" pin=0"/></net>

<net id="247"><net_src comp="20" pin="0"/><net_sink comp="242" pin=1"/></net>

<net id="252"><net_src comp="70" pin="0"/><net_sink comp="248" pin=0"/></net>

<net id="253"><net_src comp="18" pin="0"/><net_sink comp="248" pin=1"/></net>

<net id="258"><net_src comp="70" pin="0"/><net_sink comp="254" pin=0"/></net>

<net id="259"><net_src comp="16" pin="0"/><net_sink comp="254" pin=1"/></net>

<net id="264"><net_src comp="70" pin="0"/><net_sink comp="260" pin=0"/></net>

<net id="265"><net_src comp="14" pin="0"/><net_sink comp="260" pin=1"/></net>

<net id="270"><net_src comp="70" pin="0"/><net_sink comp="266" pin=0"/></net>

<net id="271"><net_src comp="12" pin="0"/><net_sink comp="266" pin=1"/></net>

<net id="276"><net_src comp="70" pin="0"/><net_sink comp="272" pin=0"/></net>

<net id="277"><net_src comp="10" pin="0"/><net_sink comp="272" pin=1"/></net>

<net id="282"><net_src comp="70" pin="0"/><net_sink comp="278" pin=0"/></net>

<net id="283"><net_src comp="8" pin="0"/><net_sink comp="278" pin=1"/></net>

<net id="288"><net_src comp="70" pin="0"/><net_sink comp="284" pin=0"/></net>

<net id="289"><net_src comp="6" pin="0"/><net_sink comp="284" pin=1"/></net>

<net id="294"><net_src comp="70" pin="0"/><net_sink comp="290" pin=0"/></net>

<net id="295"><net_src comp="4" pin="0"/><net_sink comp="290" pin=1"/></net>

<net id="300"><net_src comp="72" pin="0"/><net_sink comp="296" pin=0"/></net>

<net id="301"><net_src comp="0" pin="0"/><net_sink comp="296" pin=1"/></net>

<net id="307"><net_src comp="2" pin="0"/><net_sink comp="302" pin=0"/></net>

<net id="308"><net_src comp="84" pin="0"/><net_sink comp="302" pin=1"/></net>

<net id="314"><net_src comp="302" pin="3"/><net_sink comp="309" pin=0"/></net>

<net id="319"><net_src comp="74" pin="0"/><net_sink comp="315" pin=0"/></net>

<net id="327"><net_src comp="320" pin="1"/><net_sink comp="323" pin=0"/></net>

<net id="328"><net_src comp="76" pin="0"/><net_sink comp="323" pin=1"/></net>

<net id="333"><net_src comp="320" pin="1"/><net_sink comp="329" pin=0"/></net>

<net id="334"><net_src comp="82" pin="0"/><net_sink comp="329" pin=1"/></net>

<net id="338"><net_src comp="320" pin="1"/><net_sink comp="335" pin=0"/></net>

<net id="343"><net_src comp="296" pin="2"/><net_sink comp="339" pin=0"/></net>

<net id="344"><net_src comp="335" pin="1"/><net_sink comp="339" pin=1"/></net>

<net id="348"><net_src comp="339" pin="2"/><net_sink comp="345" pin=0"/></net>

<net id="349"><net_src comp="345" pin="1"/><net_sink comp="302" pin=2"/></net>

<net id="353"><net_src comp="320" pin="1"/><net_sink comp="350" pin=0"/></net>

<net id="390"><net_src comp="98" pin="0"/><net_sink comp="354" pin=0"/></net>

<net id="391"><net_src comp="290" pin="2"/><net_sink comp="354" pin=1"/></net>

<net id="392"><net_src comp="284" pin="2"/><net_sink comp="354" pin=2"/></net>

<net id="393"><net_src comp="278" pin="2"/><net_sink comp="354" pin=3"/></net>

<net id="394"><net_src comp="272" pin="2"/><net_sink comp="354" pin=4"/></net>

<net id="395"><net_src comp="266" pin="2"/><net_sink comp="354" pin=5"/></net>

<net id="396"><net_src comp="260" pin="2"/><net_sink comp="354" pin=6"/></net>

<net id="397"><net_src comp="254" pin="2"/><net_sink comp="354" pin=7"/></net>

<net id="398"><net_src comp="248" pin="2"/><net_sink comp="354" pin=8"/></net>

<net id="399"><net_src comp="242" pin="2"/><net_sink comp="354" pin=9"/></net>

<net id="400"><net_src comp="236" pin="2"/><net_sink comp="354" pin=10"/></net>

<net id="401"><net_src comp="230" pin="2"/><net_sink comp="354" pin=11"/></net>

<net id="402"><net_src comp="224" pin="2"/><net_sink comp="354" pin=12"/></net>

<net id="403"><net_src comp="218" pin="2"/><net_sink comp="354" pin=13"/></net>

<net id="404"><net_src comp="212" pin="2"/><net_sink comp="354" pin=14"/></net>

<net id="405"><net_src comp="206" pin="2"/><net_sink comp="354" pin=15"/></net>

<net id="406"><net_src comp="200" pin="2"/><net_sink comp="354" pin=16"/></net>

<net id="407"><net_src comp="194" pin="2"/><net_sink comp="354" pin=17"/></net>

<net id="408"><net_src comp="188" pin="2"/><net_sink comp="354" pin=18"/></net>

<net id="409"><net_src comp="182" pin="2"/><net_sink comp="354" pin=19"/></net>

<net id="410"><net_src comp="176" pin="2"/><net_sink comp="354" pin=20"/></net>

<net id="411"><net_src comp="170" pin="2"/><net_sink comp="354" pin=21"/></net>

<net id="412"><net_src comp="164" pin="2"/><net_sink comp="354" pin=22"/></net>

<net id="413"><net_src comp="158" pin="2"/><net_sink comp="354" pin=23"/></net>

<net id="414"><net_src comp="152" pin="2"/><net_sink comp="354" pin=24"/></net>

<net id="415"><net_src comp="146" pin="2"/><net_sink comp="354" pin=25"/></net>

<net id="416"><net_src comp="140" pin="2"/><net_sink comp="354" pin=26"/></net>

<net id="417"><net_src comp="134" pin="2"/><net_sink comp="354" pin=27"/></net>

<net id="418"><net_src comp="128" pin="2"/><net_sink comp="354" pin=28"/></net>

<net id="419"><net_src comp="122" pin="2"/><net_sink comp="354" pin=29"/></net>

<net id="420"><net_src comp="116" pin="2"/><net_sink comp="354" pin=30"/></net>

<net id="421"><net_src comp="110" pin="2"/><net_sink comp="354" pin=31"/></net>

<net id="422"><net_src comp="104" pin="2"/><net_sink comp="354" pin=32"/></net>

<net id="423"><net_src comp="350" pin="1"/><net_sink comp="354" pin=33"/></net>

<net id="424"><net_src comp="354" pin="34"/><net_sink comp="309" pin=1"/></net>

<net id="429"><net_src comp="329" pin="2"/><net_sink comp="425" pin=0"/></net>

<net id="433"><net_src comp="100" pin="1"/><net_sink comp="430" pin=0"/></net>

<net id="434"><net_src comp="430" pin="1"/><net_sink comp="315" pin=1"/></net>

<net id="435"><net_src comp="430" pin="1"/><net_sink comp="320" pin=0"/></net>

<net id="436"><net_src comp="430" pin="1"/><net_sink comp="425" pin=1"/></net>

</net_list>

</model> 
---------------- Datapath Model END ------------------

* FSMD analyzer results:
  - Output states:
	Port: local_out | {1 }
 - Input state : 
	Port: PE_kernel_Pipeline_write_distances : zext_ln49 | {1 }
	Port: PE_kernel_Pipeline_write_distances : local_out | {}
	Port: PE_kernel_Pipeline_write_distances : distance_buffer_0_3_reload | {1 }
	Port: PE_kernel_Pipeline_write_distances : distance_buffer_1_3_reload | {1 }
	Port: PE_kernel_Pipeline_write_distances : distance_buffer_2_3_reload | {1 }
	Port: PE_kernel_Pipeline_write_distances : distance_buffer_3_3_reload | {1 }
	Port: PE_kernel_Pipeline_write_distances : distance_buffer_4_3_reload | {1 }
	Port: PE_kernel_Pipeline_write_distances : distance_buffer_5_3_reload | {1 }
	Port: PE_kernel_Pipeline_write_distances : distance_buffer_6_3_reload | {1 }
	Port: PE_kernel_Pipeline_write_distances : distance_buffer_7_3_reload | {1 }
	Port: PE_kernel_Pipeline_write_distances : distance_buffer_8_3_reload | {1 }
	Port: PE_kernel_Pipeline_write_distances : distance_buffer_9_3_reload | {1 }
	Port: PE_kernel_Pipeline_write_distances : distance_buffer_10_3_reload | {1 }
	Port: PE_kernel_Pipeline_write_distances : distance_buffer_11_3_reload | {1 }
	Port: PE_kernel_Pipeline_write_distances : distance_buffer_12_3_reload | {1 }
	Port: PE_kernel_Pipeline_write_distances : distance_buffer_13_3_reload | {1 }
	Port: PE_kernel_Pipeline_write_distances : distance_buffer_14_3_reload | {1 }
	Port: PE_kernel_Pipeline_write_distances : distance_buffer_15_3_reload | {1 }
	Port: PE_kernel_Pipeline_write_distances : distance_buffer_16_3_reload | {1 }
	Port: PE_kernel_Pipeline_write_distances : distance_buffer_17_3_reload | {1 }
	Port: PE_kernel_Pipeline_write_distances : distance_buffer_18_3_reload | {1 }
	Port: PE_kernel_Pipeline_write_distances : distance_buffer_19_3_reload | {1 }
	Port: PE_kernel_Pipeline_write_distances : distance_buffer_20_3_reload | {1 }
	Port: PE_kernel_Pipeline_write_distances : distance_buffer_21_3_reload | {1 }
	Port: PE_kernel_Pipeline_write_distances : distance_buffer_22_3_reload | {1 }
	Port: PE_kernel_Pipeline_write_distances : distance_buffer_23_3_reload | {1 }
	Port: PE_kernel_Pipeline_write_distances : distance_buffer_24_3_reload | {1 }
	Port: PE_kernel_Pipeline_write_distances : distance_buffer_25_3_reload | {1 }
	Port: PE_kernel_Pipeline_write_distances : distance_buffer_26_3_reload | {1 }
	Port: PE_kernel_Pipeline_write_distances : distance_buffer_27_3_reload | {1 }
	Port: PE_kernel_Pipeline_write_distances : distance_buffer_28_3_reload | {1 }
	Port: PE_kernel_Pipeline_write_distances : distance_buffer_29_3_reload | {1 }
	Port: PE_kernel_Pipeline_write_distances : distance_buffer_30_3_reload | {1 }
	Port: PE_kernel_Pipeline_write_distances : distance_buffer_31_3_reload | {1 }
  - Chain level:
	State 1
		store_ln0 : 1
		j_1 : 1
		icmp_ln47 : 2
		add_ln47 : 2
		br_ln47 : 3
		zext_ln49_1 : 2
		add_ln49 : 3
		zext_ln49_2 : 4
		local_out_addr : 5
		trunc_ln49 : 2
		tmp_32 : 3
		store_ln49 : 6
		store_ln47 : 3


============================================================
+ Verbose Summary: Datapath Resource usage 
============================================================

* Functional unit list:
|----------|----------------------------------------------|---------|---------|
| Operation|                Functional Unit               |    FF   |   LUT   |
|----------|----------------------------------------------|---------|---------|
|    mux   |                 tmp_32_fu_354                |    0    |   148   |
|----------|----------------------------------------------|---------|---------|
|    add   |                add_ln47_fu_329               |    0    |    13   |
|          |                add_ln49_fu_339               |    0    |    19   |
|----------|----------------------------------------------|---------|---------|
|   icmp   |               icmp_ln47_fu_323               |    0    |    10   |
|----------|----------------------------------------------|---------|---------|
|          | distance_buffer_31_3_reload_read_read_fu_104 |    0    |    0    |
|          | distance_buffer_30_3_reload_read_read_fu_110 |    0    |    0    |
|          | distance_buffer_29_3_reload_read_read_fu_116 |    0    |    0    |
|          | distance_buffer_28_3_reload_read_read_fu_122 |    0    |    0    |
|          | distance_buffer_27_3_reload_read_read_fu_128 |    0    |    0    |
|          | distance_buffer_26_3_reload_read_read_fu_134 |    0    |    0    |
|          | distance_buffer_25_3_reload_read_read_fu_140 |    0    |    0    |
|          | distance_buffer_24_3_reload_read_read_fu_146 |    0    |    0    |
|          | distance_buffer_23_3_reload_read_read_fu_152 |    0    |    0    |
|          | distance_buffer_22_3_reload_read_read_fu_158 |    0    |    0    |
|          | distance_buffer_21_3_reload_read_read_fu_164 |    0    |    0    |
|          | distance_buffer_20_3_reload_read_read_fu_170 |    0    |    0    |
|          | distance_buffer_19_3_reload_read_read_fu_176 |    0    |    0    |
|          | distance_buffer_18_3_reload_read_read_fu_182 |    0    |    0    |
|          | distance_buffer_17_3_reload_read_read_fu_188 |    0    |    0    |
|          | distance_buffer_16_3_reload_read_read_fu_194 |    0    |    0    |
|   read   | distance_buffer_15_3_reload_read_read_fu_200 |    0    |    0    |
|          | distance_buffer_14_3_reload_read_read_fu_206 |    0    |    0    |
|          | distance_buffer_13_3_reload_read_read_fu_212 |    0    |    0    |
|          | distance_buffer_12_3_reload_read_read_fu_218 |    0    |    0    |
|          | distance_buffer_11_3_reload_read_read_fu_224 |    0    |    0    |
|          | distance_buffer_10_3_reload_read_read_fu_230 |    0    |    0    |
|          |  distance_buffer_9_3_reload_read_read_fu_236 |    0    |    0    |
|          |  distance_buffer_8_3_reload_read_read_fu_242 |    0    |    0    |
|          |  distance_buffer_7_3_reload_read_read_fu_248 |    0    |    0    |
|          |  distance_buffer_6_3_reload_read_read_fu_254 |    0    |    0    |
|          |  distance_buffer_5_3_reload_read_read_fu_260 |    0    |    0    |
|          |  distance_buffer_4_3_reload_read_read_fu_266 |    0    |    0    |
|          |  distance_buffer_3_3_reload_read_read_fu_272 |    0    |    0    |
|          |  distance_buffer_2_3_reload_read_read_fu_278 |    0    |    0    |
|          |  distance_buffer_1_3_reload_read_read_fu_284 |    0    |    0    |
|          |  distance_buffer_0_3_reload_read_read_fu_290 |    0    |    0    |
|          |          zext_ln49_read_read_fu_296          |    0    |    0    |
|----------|----------------------------------------------|---------|---------|
|   zext   |              zext_ln49_1_fu_335              |    0    |    0    |
|          |              zext_ln49_2_fu_345              |    0    |    0    |
|----------|----------------------------------------------|---------|---------|
|   trunc  |               trunc_ln49_fu_350              |    0    |    0    |
|----------|----------------------------------------------|---------|---------|
|   Total  |                                              |    0    |   190   |
|----------|----------------------------------------------|---------|---------|

Memories:
N/A

* Register list:
+---------+--------+
|         |   FF   |
+---------+--------+
|j_reg_430|    6   |
+---------+--------+
|  Total  |    6   |
+---------+--------+

* Multiplexer (MUX) list: 
|--------|------|------|------|--------|
|  Comp  |  Pin | Size |  BW  | S x BW |
|--------|------|------|------|--------|
|  Total |      |      |      |    0   |
|--------|------|------|------|--------|



* Summary:
+-----------+--------+--------+
|           |   FF   |   LUT  |
+-----------+--------+--------+
|  Function |    0   |   190  |
|   Memory  |    -   |    -   |
|Multiplexer|    -   |    -   |
|  Register |    6   |    -   |
+-----------+--------+--------+
|   Total   |    6   |   190  |
+-----------+--------+--------+
