

================================================================
== Vitis HLS Report for 'PE_kernel_Pipeline_sssp_computation_VITIS_LOOP_33_1'
================================================================
* Date:           Mon Jul 10 16:40:56 2023

* Version:        2021.1 (Build 3247384 on Thu Jun 10 19:36:07 MDT 2021)
* Project:        prj
* Solution:       sol (Vivado IP Flow Target)
* Product family: virtexuplus
* Target device:  xcu250-figd2104-2L-e


================================================================
== Performance Estimates
================================================================
+ Timing: 
    * Summary: 
    +--------+---------+----------+------------+
    |  Clock |  Target | Estimated| Uncertainty|
    +--------+---------+----------+------------+
    |ap_clk  |  3.33 ns|  2.390 ns|     0.90 ns|
    +--------+---------+----------+------------+

+ Latency: 
    * Summary: 
    +---------+---------+----------+----------+-----+-----+---------+
    |  Latency (cycles) |  Latency (absolute) |  Interval | Pipeline|
    |   min   |   max   |    min   |    max   | min | max |   Type  |
    +---------+---------+----------+----------+-----+-----+---------+
    |        ?|        ?|         ?|         ?|    ?|    ?|       no|
    +---------+---------+----------+----------+-----+-----+---------+

    + Detail: 
        * Instance: 
        N/A

        * Loop: 
        +------------------------------------+---------+---------+----------+-----------+-----------+------+----------+
        |                                    |  Latency (cycles) | Iteration|  Initiation Interval  | Trip |          |
        |              Loop Name             |   min   |   max   |  Latency |  achieved |   target  | Count| Pipelined|
        +------------------------------------+---------+---------+----------+-----------+-----------+------+----------+
        |- sssp_computation_VITIS_LOOP_33_1  |        ?|        ?|         4|          1|          1|     ?|       yes|
        +------------------------------------+---------+---------+----------+-----------+-----------+------+----------+

============================================================
+ Verbose Summary: Synthesis Manager
============================================================
InlineROM: 1
ExposeGlobal: 0
============================================================
+ Verbose Summary: CDFG Model
============================================================
IsTopModel: 0
ResetActiveHigh: 1
IsCombinational: 0
IsDatapathOnly: 0
HasWiredReturn: 1
HasMFsm: 2
HasVarLatency: 1
IsPipeline: 0
IsRtlPipelined: 0
IsInstanceOverlapped: 0
IsDontTouch: 0
HasImplIP: 0
IsGatedGlobalClock: 0

+ Individual pipeline summary: 
  * Pipeline-0: initiation interval (II) = 1, depth = 5


============================================================
+ Verbose Summary: Schedule
============================================================
* Number of FSM states : 5
* Pipeline : 1
  Pipeline-0 : II = 1, D = 5, States = { 1 2 3 4 5 }
* Dataflow Pipeline: 0

* FSM state transitions: 
1 --> 2 
2 --> 3 
3 --> 4 
4 --> 5 
5 --> 

* FSM state operations: 

State 1 <SV = 0> <Delay = 0.38>
ST_1 : Operation 7 [1/1] (0.00ns)   --->   "%j_1 = alloca i32 1"   --->   Operation 7 'alloca' 'j_1' <Predicate = true> <Delay = 0.00>
ST_1 : Operation 8 [1/1] (0.00ns)   --->   "%indvar_flatten = alloca i32 1"   --->   Operation 8 'alloca' 'indvar_flatten' <Predicate = true> <Delay = 0.00>
ST_1 : Operation 9 [1/1] (0.00ns)   --->   "%distance_buffer_1 = alloca i32 1"   --->   Operation 9 'alloca' 'distance_buffer_1' <Predicate = true> <Delay = 0.00>
ST_1 : Operation 10 [1/1] (0.00ns)   --->   "%distance_buffer_1_1 = alloca i32 1"   --->   Operation 10 'alloca' 'distance_buffer_1_1' <Predicate = true> <Delay = 0.00>
ST_1 : Operation 11 [1/1] (0.00ns)   --->   "%distance_buffer_1_2 = alloca i32 1"   --->   Operation 11 'alloca' 'distance_buffer_1_2' <Predicate = true> <Delay = 0.00>
ST_1 : Operation 12 [1/1] (0.00ns)   --->   "%distance_buffer_1_3 = alloca i32 1"   --->   Operation 12 'alloca' 'distance_buffer_1_3' <Predicate = true> <Delay = 0.00>
ST_1 : Operation 13 [1/1] (0.00ns)   --->   "%distance_buffer_1_4 = alloca i32 1"   --->   Operation 13 'alloca' 'distance_buffer_1_4' <Predicate = true> <Delay = 0.00>
ST_1 : Operation 14 [1/1] (0.00ns)   --->   "%distance_buffer_1_5 = alloca i32 1"   --->   Operation 14 'alloca' 'distance_buffer_1_5' <Predicate = true> <Delay = 0.00>
ST_1 : Operation 15 [1/1] (0.00ns)   --->   "%distance_buffer_1_6 = alloca i32 1"   --->   Operation 15 'alloca' 'distance_buffer_1_6' <Predicate = true> <Delay = 0.00>
ST_1 : Operation 16 [1/1] (0.00ns)   --->   "%distance_buffer_1_7 = alloca i32 1"   --->   Operation 16 'alloca' 'distance_buffer_1_7' <Predicate = true> <Delay = 0.00>
ST_1 : Operation 17 [1/1] (0.00ns)   --->   "%distance_buffer_1_8 = alloca i32 1"   --->   Operation 17 'alloca' 'distance_buffer_1_8' <Predicate = true> <Delay = 0.00>
ST_1 : Operation 18 [1/1] (0.00ns)   --->   "%distance_buffer_1_9 = alloca i32 1"   --->   Operation 18 'alloca' 'distance_buffer_1_9' <Predicate = true> <Delay = 0.00>
ST_1 : Operation 19 [1/1] (0.00ns)   --->   "%distance_buffer_1_10 = alloca i32 1"   --->   Operation 19 'alloca' 'distance_buffer_1_10' <Predicate = true> <Delay = 0.00>
ST_1 : Operation 20 [1/1] (0.00ns)   --->   "%distance_buffer_1_11 = alloca i32 1"   --->   Operation 20 'alloca' 'distance_buffer_1_11' <Predicate = true> <Delay = 0.00>
ST_1 : Operation 21 [1/1] (0.00ns)   --->   "%distance_buffer_1_12 = alloca i32 1"   --->   Operation 21 'alloca' 'distance_buffer_1_12' <Predicate = true> <Delay = 0.00>
ST_1 : Operation 22 [1/1] (0.00ns)   --->   "%distance_buffer_1_13 = alloca i32 1"   --->   Operation 22 'alloca' 'distance_buffer_1_13' <Predicate = true> <Delay = 0.00>
ST_1 : Operation 23 [1/1] (0.00ns)   --->   "%distance_buffer_1_14 = alloca i32 1"   --->   Operation 23 'alloca' 'distance_buffer_1_14' <Predicate = true> <Delay = 0.00>
ST_1 : Operation 24 [1/1] (0.00ns)   --->   "%distance_buffer_1_15 = alloca i32 1"   --->   Operation 24 'alloca' 'distance_buffer_1_15' <Predicate = true> <Delay = 0.00>
ST_1 : Operation 25 [1/1] (0.00ns)   --->   "%distance_buffer_1_16 = alloca i32 1"   --->   Operation 25 'alloca' 'distance_buffer_1_16' <Predicate = true> <Delay = 0.00>
ST_1 : Operation 26 [1/1] (0.00ns)   --->   "%distance_buffer_1_17 = alloca i32 1"   --->   Operation 26 'alloca' 'distance_buffer_1_17' <Predicate = true> <Delay = 0.00>
ST_1 : Operation 27 [1/1] (0.00ns)   --->   "%distance_buffer_1_18 = alloca i32 1"   --->   Operation 27 'alloca' 'distance_buffer_1_18' <Predicate = true> <Delay = 0.00>
ST_1 : Operation 28 [1/1] (0.00ns)   --->   "%distance_buffer_1_19 = alloca i32 1"   --->   Operation 28 'alloca' 'distance_buffer_1_19' <Predicate = true> <Delay = 0.00>
ST_1 : Operation 29 [1/1] (0.00ns)   --->   "%distance_buffer_1_20 = alloca i32 1"   --->   Operation 29 'alloca' 'distance_buffer_1_20' <Predicate = true> <Delay = 0.00>
ST_1 : Operation 30 [1/1] (0.00ns)   --->   "%distance_buffer_1_21 = alloca i32 1"   --->   Operation 30 'alloca' 'distance_buffer_1_21' <Predicate = true> <Delay = 0.00>
ST_1 : Operation 31 [1/1] (0.00ns)   --->   "%distance_buffer_1_22 = alloca i32 1"   --->   Operation 31 'alloca' 'distance_buffer_1_22' <Predicate = true> <Delay = 0.00>
ST_1 : Operation 32 [1/1] (0.00ns)   --->   "%distance_buffer_1_23 = alloca i32 1"   --->   Operation 32 'alloca' 'distance_buffer_1_23' <Predicate = true> <Delay = 0.00>
ST_1 : Operation 33 [1/1] (0.00ns)   --->   "%distance_buffer_1_24 = alloca i32 1"   --->   Operation 33 'alloca' 'distance_buffer_1_24' <Predicate = true> <Delay = 0.00>
ST_1 : Operation 34 [1/1] (0.00ns)   --->   "%distance_buffer_1_25 = alloca i32 1"   --->   Operation 34 'alloca' 'distance_buffer_1_25' <Predicate = true> <Delay = 0.00>
ST_1 : Operation 35 [1/1] (0.00ns)   --->   "%distance_buffer_1_26 = alloca i32 1"   --->   Operation 35 'alloca' 'distance_buffer_1_26' <Predicate = true> <Delay = 0.00>
ST_1 : Operation 36 [1/1] (0.00ns)   --->   "%distance_buffer_1_27 = alloca i32 1"   --->   Operation 36 'alloca' 'distance_buffer_1_27' <Predicate = true> <Delay = 0.00>
ST_1 : Operation 37 [1/1] (0.00ns)   --->   "%distance_buffer_1_28 = alloca i32 1"   --->   Operation 37 'alloca' 'distance_buffer_1_28' <Predicate = true> <Delay = 0.00>
ST_1 : Operation 38 [1/1] (0.00ns)   --->   "%distance_buffer_1_29 = alloca i32 1"   --->   Operation 38 'alloca' 'distance_buffer_1_29' <Predicate = true> <Delay = 0.00>
ST_1 : Operation 39 [1/1] (0.00ns)   --->   "%distance_buffer_1_30 = alloca i32 1"   --->   Operation 39 'alloca' 'distance_buffer_1_30' <Predicate = true> <Delay = 0.00>
ST_1 : Operation 40 [1/1] (0.00ns)   --->   "%distance_buffer_1_31 = alloca i32 1"   --->   Operation 40 'alloca' 'distance_buffer_1_31' <Predicate = true> <Delay = 0.00>
ST_1 : Operation 41 [1/1] (0.00ns)   --->   "%zext_ln37_read = read i12 @_ssdm_op_Read.ap_auto.i12, i12 %zext_ln37"   --->   Operation 41 'read' 'zext_ln37_read' <Predicate = true> <Delay = 0.00>
ST_1 : Operation 42 [1/1] (0.00ns)   --->   "%zext_ln36_read = read i12 @_ssdm_op_Read.ap_auto.i12, i12 %zext_ln36"   --->   Operation 42 'read' 'zext_ln36_read' <Predicate = true> <Delay = 0.00>
ST_1 : Operation 43 [1/1] (0.00ns)   --->   "%zext_ln27_read = read i12 @_ssdm_op_Read.ap_auto.i12, i12 %zext_ln27"   --->   Operation 43 'read' 'zext_ln27_read' <Predicate = true> <Delay = 0.00>
ST_1 : Operation 44 [1/1] (0.00ns)   --->   "%bound_read = read i37 @_ssdm_op_Read.ap_auto.i37, i37 %bound"   --->   Operation 44 'read' 'bound_read' <Predicate = true> <Delay = 0.00>
ST_1 : Operation 45 [1/1] (0.00ns)   --->   "%distance_buffer_0_0_reload_read = read i32 @_ssdm_op_Read.ap_auto.i32, i32 %distance_buffer_0_0_reload"   --->   Operation 45 'read' 'distance_buffer_0_0_reload_read' <Predicate = true> <Delay = 0.00>
ST_1 : Operation 46 [1/1] (0.00ns)   --->   "%distance_buffer_1_0_reload_read = read i32 @_ssdm_op_Read.ap_auto.i32, i32 %distance_buffer_1_0_reload"   --->   Operation 46 'read' 'distance_buffer_1_0_reload_read' <Predicate = true> <Delay = 0.00>
ST_1 : Operation 47 [1/1] (0.00ns)   --->   "%distance_buffer_2_0_reload_read = read i32 @_ssdm_op_Read.ap_auto.i32, i32 %distance_buffer_2_0_reload"   --->   Operation 47 'read' 'distance_buffer_2_0_reload_read' <Predicate = true> <Delay = 0.00>
ST_1 : Operation 48 [1/1] (0.00ns)   --->   "%distance_buffer_3_0_reload_read = read i32 @_ssdm_op_Read.ap_auto.i32, i32 %distance_buffer_3_0_reload"   --->   Operation 48 'read' 'distance_buffer_3_0_reload_read' <Predicate = true> <Delay = 0.00>
ST_1 : Operation 49 [1/1] (0.00ns)   --->   "%distance_buffer_4_0_reload_read = read i32 @_ssdm_op_Read.ap_auto.i32, i32 %distance_buffer_4_0_reload"   --->   Operation 49 'read' 'distance_buffer_4_0_reload_read' <Predicate = true> <Delay = 0.00>
ST_1 : Operation 50 [1/1] (0.00ns)   --->   "%distance_buffer_5_0_reload_read = read i32 @_ssdm_op_Read.ap_auto.i32, i32 %distance_buffer_5_0_reload"   --->   Operation 50 'read' 'distance_buffer_5_0_reload_read' <Predicate = true> <Delay = 0.00>
ST_1 : Operation 51 [1/1] (0.00ns)   --->   "%distance_buffer_6_0_reload_read = read i32 @_ssdm_op_Read.ap_auto.i32, i32 %distance_buffer_6_0_reload"   --->   Operation 51 'read' 'distance_buffer_6_0_reload_read' <Predicate = true> <Delay = 0.00>
ST_1 : Operation 52 [1/1] (0.00ns)   --->   "%distance_buffer_7_0_reload_read = read i32 @_ssdm_op_Read.ap_auto.i32, i32 %distance_buffer_7_0_reload"   --->   Operation 52 'read' 'distance_buffer_7_0_reload_read' <Predicate = true> <Delay = 0.00>
ST_1 : Operation 53 [1/1] (0.00ns)   --->   "%distance_buffer_8_0_reload_read = read i32 @_ssdm_op_Read.ap_auto.i32, i32 %distance_buffer_8_0_reload"   --->   Operation 53 'read' 'distance_buffer_8_0_reload_read' <Predicate = true> <Delay = 0.00>
ST_1 : Operation 54 [1/1] (0.00ns)   --->   "%distance_buffer_9_0_reload_read = read i32 @_ssdm_op_Read.ap_auto.i32, i32 %distance_buffer_9_0_reload"   --->   Operation 54 'read' 'distance_buffer_9_0_reload_read' <Predicate = true> <Delay = 0.00>
ST_1 : Operation 55 [1/1] (0.00ns)   --->   "%distance_buffer_10_0_reload_read = read i32 @_ssdm_op_Read.ap_auto.i32, i32 %distance_buffer_10_0_reload"   --->   Operation 55 'read' 'distance_buffer_10_0_reload_read' <Predicate = true> <Delay = 0.00>
ST_1 : Operation 56 [1/1] (0.00ns)   --->   "%distance_buffer_11_0_reload_read = read i32 @_ssdm_op_Read.ap_auto.i32, i32 %distance_buffer_11_0_reload"   --->   Operation 56 'read' 'distance_buffer_11_0_reload_read' <Predicate = true> <Delay = 0.00>
ST_1 : Operation 57 [1/1] (0.00ns)   --->   "%distance_buffer_12_0_reload_read = read i32 @_ssdm_op_Read.ap_auto.i32, i32 %distance_buffer_12_0_reload"   --->   Operation 57 'read' 'distance_buffer_12_0_reload_read' <Predicate = true> <Delay = 0.00>
ST_1 : Operation 58 [1/1] (0.00ns)   --->   "%distance_buffer_13_0_reload_read = read i32 @_ssdm_op_Read.ap_auto.i32, i32 %distance_buffer_13_0_reload"   --->   Operation 58 'read' 'distance_buffer_13_0_reload_read' <Predicate = true> <Delay = 0.00>
ST_1 : Operation 59 [1/1] (0.00ns)   --->   "%distance_buffer_14_0_reload_read = read i32 @_ssdm_op_Read.ap_auto.i32, i32 %distance_buffer_14_0_reload"   --->   Operation 59 'read' 'distance_buffer_14_0_reload_read' <Predicate = true> <Delay = 0.00>
ST_1 : Operation 60 [1/1] (0.00ns)   --->   "%distance_buffer_15_0_reload_read = read i32 @_ssdm_op_Read.ap_auto.i32, i32 %distance_buffer_15_0_reload"   --->   Operation 60 'read' 'distance_buffer_15_0_reload_read' <Predicate = true> <Delay = 0.00>
ST_1 : Operation 61 [1/1] (0.00ns)   --->   "%distance_buffer_16_0_reload_read = read i32 @_ssdm_op_Read.ap_auto.i32, i32 %distance_buffer_16_0_reload"   --->   Operation 61 'read' 'distance_buffer_16_0_reload_read' <Predicate = true> <Delay = 0.00>
ST_1 : Operation 62 [1/1] (0.00ns)   --->   "%distance_buffer_17_0_reload_read = read i32 @_ssdm_op_Read.ap_auto.i32, i32 %distance_buffer_17_0_reload"   --->   Operation 62 'read' 'distance_buffer_17_0_reload_read' <Predicate = true> <Delay = 0.00>
ST_1 : Operation 63 [1/1] (0.00ns)   --->   "%distance_buffer_18_0_reload_read = read i32 @_ssdm_op_Read.ap_auto.i32, i32 %distance_buffer_18_0_reload"   --->   Operation 63 'read' 'distance_buffer_18_0_reload_read' <Predicate = true> <Delay = 0.00>
ST_1 : Operation 64 [1/1] (0.00ns)   --->   "%distance_buffer_19_0_reload_read = read i32 @_ssdm_op_Read.ap_auto.i32, i32 %distance_buffer_19_0_reload"   --->   Operation 64 'read' 'distance_buffer_19_0_reload_read' <Predicate = true> <Delay = 0.00>
ST_1 : Operation 65 [1/1] (0.00ns)   --->   "%distance_buffer_20_0_reload_read = read i32 @_ssdm_op_Read.ap_auto.i32, i32 %distance_buffer_20_0_reload"   --->   Operation 65 'read' 'distance_buffer_20_0_reload_read' <Predicate = true> <Delay = 0.00>
ST_1 : Operation 66 [1/1] (0.00ns)   --->   "%distance_buffer_21_0_reload_read = read i32 @_ssdm_op_Read.ap_auto.i32, i32 %distance_buffer_21_0_reload"   --->   Operation 66 'read' 'distance_buffer_21_0_reload_read' <Predicate = true> <Delay = 0.00>
ST_1 : Operation 67 [1/1] (0.00ns)   --->   "%distance_buffer_22_0_reload_read = read i32 @_ssdm_op_Read.ap_auto.i32, i32 %distance_buffer_22_0_reload"   --->   Operation 67 'read' 'distance_buffer_22_0_reload_read' <Predicate = true> <Delay = 0.00>
ST_1 : Operation 68 [1/1] (0.00ns)   --->   "%distance_buffer_23_0_reload_read = read i32 @_ssdm_op_Read.ap_auto.i32, i32 %distance_buffer_23_0_reload"   --->   Operation 68 'read' 'distance_buffer_23_0_reload_read' <Predicate = true> <Delay = 0.00>
ST_1 : Operation 69 [1/1] (0.00ns)   --->   "%distance_buffer_24_0_reload_read = read i32 @_ssdm_op_Read.ap_auto.i32, i32 %distance_buffer_24_0_reload"   --->   Operation 69 'read' 'distance_buffer_24_0_reload_read' <Predicate = true> <Delay = 0.00>
ST_1 : Operation 70 [1/1] (0.00ns)   --->   "%distance_buffer_25_0_reload_read = read i32 @_ssdm_op_Read.ap_auto.i32, i32 %distance_buffer_25_0_reload"   --->   Operation 70 'read' 'distance_buffer_25_0_reload_read' <Predicate = true> <Delay = 0.00>
ST_1 : Operation 71 [1/1] (0.00ns)   --->   "%distance_buffer_26_0_reload_read = read i32 @_ssdm_op_Read.ap_auto.i32, i32 %distance_buffer_26_0_reload"   --->   Operation 71 'read' 'distance_buffer_26_0_reload_read' <Predicate = true> <Delay = 0.00>
ST_1 : Operation 72 [1/1] (0.00ns)   --->   "%distance_buffer_27_0_reload_read = read i32 @_ssdm_op_Read.ap_auto.i32, i32 %distance_buffer_27_0_reload"   --->   Operation 72 'read' 'distance_buffer_27_0_reload_read' <Predicate = true> <Delay = 0.00>
ST_1 : Operation 73 [1/1] (0.00ns)   --->   "%distance_buffer_28_0_reload_read = read i32 @_ssdm_op_Read.ap_auto.i32, i32 %distance_buffer_28_0_reload"   --->   Operation 73 'read' 'distance_buffer_28_0_reload_read' <Predicate = true> <Delay = 0.00>
ST_1 : Operation 74 [1/1] (0.00ns)   --->   "%distance_buffer_29_0_reload_read = read i32 @_ssdm_op_Read.ap_auto.i32, i32 %distance_buffer_29_0_reload"   --->   Operation 74 'read' 'distance_buffer_29_0_reload_read' <Predicate = true> <Delay = 0.00>
ST_1 : Operation 75 [1/1] (0.00ns)   --->   "%distance_buffer_30_0_reload_read = read i32 @_ssdm_op_Read.ap_auto.i32, i32 %distance_buffer_30_0_reload"   --->   Operation 75 'read' 'distance_buffer_30_0_reload_read' <Predicate = true> <Delay = 0.00>
ST_1 : Operation 76 [1/1] (0.00ns)   --->   "%distance_buffer_31_0_reload_read = read i32 @_ssdm_op_Read.ap_auto.i32, i32 %distance_buffer_31_0_reload"   --->   Operation 76 'read' 'distance_buffer_31_0_reload_read' <Predicate = true> <Delay = 0.00>
ST_1 : Operation 77 [1/1] (0.38ns)   --->   "%store_ln0 = store i32 %distance_buffer_31_0_reload_read, i32 %distance_buffer_1_31"   --->   Operation 77 'store' 'store_ln0' <Predicate = true> <Delay = 0.38>
ST_1 : Operation 78 [1/1] (0.38ns)   --->   "%store_ln0 = store i32 %distance_buffer_30_0_reload_read, i32 %distance_buffer_1_30"   --->   Operation 78 'store' 'store_ln0' <Predicate = true> <Delay = 0.38>
ST_1 : Operation 79 [1/1] (0.38ns)   --->   "%store_ln0 = store i32 %distance_buffer_29_0_reload_read, i32 %distance_buffer_1_29"   --->   Operation 79 'store' 'store_ln0' <Predicate = true> <Delay = 0.38>
ST_1 : Operation 80 [1/1] (0.38ns)   --->   "%store_ln0 = store i32 %distance_buffer_28_0_reload_read, i32 %distance_buffer_1_28"   --->   Operation 80 'store' 'store_ln0' <Predicate = true> <Delay = 0.38>
ST_1 : Operation 81 [1/1] (0.38ns)   --->   "%store_ln0 = store i32 %distance_buffer_27_0_reload_read, i32 %distance_buffer_1_27"   --->   Operation 81 'store' 'store_ln0' <Predicate = true> <Delay = 0.38>
ST_1 : Operation 82 [1/1] (0.38ns)   --->   "%store_ln0 = store i32 %distance_buffer_26_0_reload_read, i32 %distance_buffer_1_26"   --->   Operation 82 'store' 'store_ln0' <Predicate = true> <Delay = 0.38>
ST_1 : Operation 83 [1/1] (0.38ns)   --->   "%store_ln0 = store i32 %distance_buffer_25_0_reload_read, i32 %distance_buffer_1_25"   --->   Operation 83 'store' 'store_ln0' <Predicate = true> <Delay = 0.38>
ST_1 : Operation 84 [1/1] (0.38ns)   --->   "%store_ln0 = store i32 %distance_buffer_24_0_reload_read, i32 %distance_buffer_1_24"   --->   Operation 84 'store' 'store_ln0' <Predicate = true> <Delay = 0.38>
ST_1 : Operation 85 [1/1] (0.38ns)   --->   "%store_ln0 = store i32 %distance_buffer_23_0_reload_read, i32 %distance_buffer_1_23"   --->   Operation 85 'store' 'store_ln0' <Predicate = true> <Delay = 0.38>
ST_1 : Operation 86 [1/1] (0.38ns)   --->   "%store_ln0 = store i32 %distance_buffer_22_0_reload_read, i32 %distance_buffer_1_22"   --->   Operation 86 'store' 'store_ln0' <Predicate = true> <Delay = 0.38>
ST_1 : Operation 87 [1/1] (0.38ns)   --->   "%store_ln0 = store i32 %distance_buffer_21_0_reload_read, i32 %distance_buffer_1_21"   --->   Operation 87 'store' 'store_ln0' <Predicate = true> <Delay = 0.38>
ST_1 : Operation 88 [1/1] (0.38ns)   --->   "%store_ln0 = store i32 %distance_buffer_20_0_reload_read, i32 %distance_buffer_1_20"   --->   Operation 88 'store' 'store_ln0' <Predicate = true> <Delay = 0.38>
ST_1 : Operation 89 [1/1] (0.38ns)   --->   "%store_ln0 = store i32 %distance_buffer_19_0_reload_read, i32 %distance_buffer_1_19"   --->   Operation 89 'store' 'store_ln0' <Predicate = true> <Delay = 0.38>
ST_1 : Operation 90 [1/1] (0.38ns)   --->   "%store_ln0 = store i32 %distance_buffer_18_0_reload_read, i32 %distance_buffer_1_18"   --->   Operation 90 'store' 'store_ln0' <Predicate = true> <Delay = 0.38>
ST_1 : Operation 91 [1/1] (0.38ns)   --->   "%store_ln0 = store i32 %distance_buffer_17_0_reload_read, i32 %distance_buffer_1_17"   --->   Operation 91 'store' 'store_ln0' <Predicate = true> <Delay = 0.38>
ST_1 : Operation 92 [1/1] (0.38ns)   --->   "%store_ln0 = store i32 %distance_buffer_16_0_reload_read, i32 %distance_buffer_1_16"   --->   Operation 92 'store' 'store_ln0' <Predicate = true> <Delay = 0.38>
ST_1 : Operation 93 [1/1] (0.38ns)   --->   "%store_ln0 = store i32 %distance_buffer_15_0_reload_read, i32 %distance_buffer_1_15"   --->   Operation 93 'store' 'store_ln0' <Predicate = true> <Delay = 0.38>
ST_1 : Operation 94 [1/1] (0.38ns)   --->   "%store_ln0 = store i32 %distance_buffer_14_0_reload_read, i32 %distance_buffer_1_14"   --->   Operation 94 'store' 'store_ln0' <Predicate = true> <Delay = 0.38>
ST_1 : Operation 95 [1/1] (0.38ns)   --->   "%store_ln0 = store i32 %distance_buffer_13_0_reload_read, i32 %distance_buffer_1_13"   --->   Operation 95 'store' 'store_ln0' <Predicate = true> <Delay = 0.38>
ST_1 : Operation 96 [1/1] (0.38ns)   --->   "%store_ln0 = store i32 %distance_buffer_12_0_reload_read, i32 %distance_buffer_1_12"   --->   Operation 96 'store' 'store_ln0' <Predicate = true> <Delay = 0.38>
ST_1 : Operation 97 [1/1] (0.38ns)   --->   "%store_ln0 = store i32 %distance_buffer_11_0_reload_read, i32 %distance_buffer_1_11"   --->   Operation 97 'store' 'store_ln0' <Predicate = true> <Delay = 0.38>
ST_1 : Operation 98 [1/1] (0.38ns)   --->   "%store_ln0 = store i32 %distance_buffer_10_0_reload_read, i32 %distance_buffer_1_10"   --->   Operation 98 'store' 'store_ln0' <Predicate = true> <Delay = 0.38>
ST_1 : Operation 99 [1/1] (0.38ns)   --->   "%store_ln0 = store i32 %distance_buffer_9_0_reload_read, i32 %distance_buffer_1_9"   --->   Operation 99 'store' 'store_ln0' <Predicate = true> <Delay = 0.38>
ST_1 : Operation 100 [1/1] (0.38ns)   --->   "%store_ln0 = store i32 %distance_buffer_8_0_reload_read, i32 %distance_buffer_1_8"   --->   Operation 100 'store' 'store_ln0' <Predicate = true> <Delay = 0.38>
ST_1 : Operation 101 [1/1] (0.38ns)   --->   "%store_ln0 = store i32 %distance_buffer_7_0_reload_read, i32 %distance_buffer_1_7"   --->   Operation 101 'store' 'store_ln0' <Predicate = true> <Delay = 0.38>
ST_1 : Operation 102 [1/1] (0.38ns)   --->   "%store_ln0 = store i32 %distance_buffer_6_0_reload_read, i32 %distance_buffer_1_6"   --->   Operation 102 'store' 'store_ln0' <Predicate = true> <Delay = 0.38>
ST_1 : Operation 103 [1/1] (0.38ns)   --->   "%store_ln0 = store i32 %distance_buffer_5_0_reload_read, i32 %distance_buffer_1_5"   --->   Operation 103 'store' 'store_ln0' <Predicate = true> <Delay = 0.38>
ST_1 : Operation 104 [1/1] (0.38ns)   --->   "%store_ln0 = store i32 %distance_buffer_4_0_reload_read, i32 %distance_buffer_1_4"   --->   Operation 104 'store' 'store_ln0' <Predicate = true> <Delay = 0.38>
ST_1 : Operation 105 [1/1] (0.38ns)   --->   "%store_ln0 = store i32 %distance_buffer_3_0_reload_read, i32 %distance_buffer_1_3"   --->   Operation 105 'store' 'store_ln0' <Predicate = true> <Delay = 0.38>
ST_1 : Operation 106 [1/1] (0.38ns)   --->   "%store_ln0 = store i32 %distance_buffer_2_0_reload_read, i32 %distance_buffer_1_2"   --->   Operation 106 'store' 'store_ln0' <Predicate = true> <Delay = 0.38>
ST_1 : Operation 107 [1/1] (0.38ns)   --->   "%store_ln0 = store i32 %distance_buffer_1_0_reload_read, i32 %distance_buffer_1_1"   --->   Operation 107 'store' 'store_ln0' <Predicate = true> <Delay = 0.38>
ST_1 : Operation 108 [1/1] (0.38ns)   --->   "%store_ln0 = store i32 %distance_buffer_0_0_reload_read, i32 %distance_buffer_1"   --->   Operation 108 'store' 'store_ln0' <Predicate = true> <Delay = 0.38>
ST_1 : Operation 109 [1/1] (0.38ns)   --->   "%store_ln0 = store i37 0, i37 %indvar_flatten"   --->   Operation 109 'store' 'store_ln0' <Predicate = true> <Delay = 0.38>
ST_1 : Operation 110 [1/1] (0.38ns)   --->   "%store_ln0 = store i6 0, i6 %j_1"   --->   Operation 110 'store' 'store_ln0' <Predicate = true> <Delay = 0.38>
ST_1 : Operation 111 [1/1] (0.00ns)   --->   "%br_ln0 = br void"   --->   Operation 111 'br' 'br_ln0' <Predicate = true> <Delay = 0.00>

State 2 <SV = 1> <Delay = 2.00>
ST_2 : Operation 112 [1/1] (0.00ns)   --->   "%indvar_flatten_load = load i37 %indvar_flatten" [sssp_kernel.cpp:32]   --->   Operation 112 'load' 'indvar_flatten_load' <Predicate = true> <Delay = 0.00>
ST_2 : Operation 113 [1/1] (0.98ns)   --->   "%icmp_ln32 = icmp_eq  i37 %indvar_flatten_load, i37 %bound_read" [sssp_kernel.cpp:32]   --->   Operation 113 'icmp' 'icmp_ln32' <Predicate = true> <Delay = 0.98> <CoreInst = "Cmp">   --->   Core 9 'Cmp' <Latency = 0> <II = 1> <Delay = 0.85> <FuncUnit> <Opcode : 'icmp'> <InPorts = 2> <OutPorts = 1>
ST_2 : Operation 114 [1/1] (0.93ns)   --->   "%add_ln32 = add i37 %indvar_flatten_load, i37 1" [sssp_kernel.cpp:32]   --->   Operation 114 'add' 'add_ln32' <Predicate = true> <Delay = 0.93> <CoreInst = "Adder">   --->   Core 1 'Adder' <Latency = 0> <II = 1> <Delay = 0.70> <FuncUnit> <Opcode : 'add' 'sub'> <InPorts = 2> <OutPorts = 1>
ST_2 : Operation 115 [1/1] (0.00ns)   --->   "%br_ln32 = br i1 %icmp_ln32, void %.split4, void %._crit_edge.loopexit.preheader.exitStub" [sssp_kernel.cpp:32]   --->   Operation 115 'br' 'br_ln32' <Predicate = true> <Delay = 0.00>
ST_2 : Operation 116 [1/1] (0.00ns)   --->   "%j_1_load = load i6 %j_1" [sssp_kernel.cpp:33]   --->   Operation 116 'load' 'j_1_load' <Predicate = (!icmp_ln32)> <Delay = 0.00>
ST_2 : Operation 117 [1/1] (0.61ns)   --->   "%icmp_ln33 = icmp_eq  i6 %j_1_load, i6 32" [sssp_kernel.cpp:33]   --->   Operation 117 'icmp' 'icmp_ln33' <Predicate = (!icmp_ln32)> <Delay = 0.61> <CoreInst = "Cmp">   --->   Core 9 'Cmp' <Latency = 0> <II = 1> <Delay = 0.85> <FuncUnit> <Opcode : 'icmp'> <InPorts = 2> <OutPorts = 1>
ST_2 : Operation 118 [1/1] (0.29ns)   --->   "%select_ln32 = select i1 %icmp_ln33, i6 0, i6 %j_1_load" [sssp_kernel.cpp:32]   --->   Operation 118 'select' 'select_ln32' <Predicate = (!icmp_ln32)> <Delay = 0.29> <CoreInst = "Sel">   --->   Core 73 'Sel' <Latency = 0> <II = 1> <Delay = 0.29> <FuncUnit> <Opcode : 'select'> <InPorts = 3> <OutPorts = 1>
ST_2 : Operation 119 [1/1] (0.70ns)   --->   "%add_ln33 = add i6 %select_ln32, i6 1" [sssp_kernel.cpp:33]   --->   Operation 119 'add' 'add_ln33' <Predicate = (!icmp_ln32)> <Delay = 0.70> <CoreInst = "Adder">   --->   Core 1 'Adder' <Latency = 0> <II = 1> <Delay = 0.70> <FuncUnit> <Opcode : 'add' 'sub'> <InPorts = 2> <OutPorts = 1>
ST_2 : Operation 120 [1/1] (0.38ns)   --->   "%store_ln32 = store i37 %add_ln32, i37 %indvar_flatten" [sssp_kernel.cpp:32]   --->   Operation 120 'store' 'store_ln32' <Predicate = (!icmp_ln32)> <Delay = 0.38>
ST_2 : Operation 121 [1/1] (0.38ns)   --->   "%store_ln33 = store i6 %add_ln33, i6 %j_1" [sssp_kernel.cpp:33]   --->   Operation 121 'store' 'store_ln33' <Predicate = (!icmp_ln32)> <Delay = 0.38>
ST_2 : Operation 122 [1/1] (0.00ns)   --->   "%br_ln0 = br void"   --->   Operation 122 'br' 'br_ln0' <Predicate = (!icmp_ln32)> <Delay = 0.00>

State 3 <SV = 2> <Delay = 2.39>
ST_3 : Operation 123 [1/1] (0.00ns)   --->   "%zext_ln35 = zext i6 %select_ln32" [sssp_kernel.cpp:35]   --->   Operation 123 'zext' 'zext_ln35' <Predicate = true> <Delay = 0.00>
ST_3 : Operation 124 [1/1] (0.74ns)   --->   "%add_ln35 = add i12 %zext_ln27_read, i12 %zext_ln35" [sssp_kernel.cpp:35]   --->   Operation 124 'add' 'add_ln35' <Predicate = true> <Delay = 0.74> <CoreInst = "Adder">   --->   Core 1 'Adder' <Latency = 0> <II = 1> <Delay = 0.70> <FuncUnit> <Opcode : 'add' 'sub'> <InPorts = 2> <OutPorts = 1>
ST_3 : Operation 125 [1/1] (0.00ns)   --->   "%zext_ln35_1 = zext i12 %add_ln35" [sssp_kernel.cpp:35]   --->   Operation 125 'zext' 'zext_ln35_1' <Predicate = true> <Delay = 0.00>
ST_3 : Operation 126 [1/1] (0.00ns)   --->   "%local_in_a_addr = getelementptr i32 %local_in_a, i64 0, i64 %zext_ln35_1" [sssp_kernel.cpp:35]   --->   Operation 126 'getelementptr' 'local_in_a_addr' <Predicate = true> <Delay = 0.00>
ST_3 : Operation 127 [1/1] (0.74ns)   --->   "%add_ln36 = add i12 %zext_ln36_read, i12 %zext_ln35" [sssp_kernel.cpp:36]   --->   Operation 127 'add' 'add_ln36' <Predicate = true> <Delay = 0.74> <CoreInst = "Adder">   --->   Core 1 'Adder' <Latency = 0> <II = 1> <Delay = 0.70> <FuncUnit> <Opcode : 'add' 'sub'> <InPorts = 2> <OutPorts = 1>
ST_3 : Operation 128 [1/1] (0.00ns)   --->   "%zext_ln36_1 = zext i12 %add_ln36" [sssp_kernel.cpp:36]   --->   Operation 128 'zext' 'zext_ln36_1' <Predicate = true> <Delay = 0.00>
ST_3 : Operation 129 [1/1] (0.00ns)   --->   "%local_in_b_addr = getelementptr i5 %local_in_b, i64 0, i64 %zext_ln36_1" [sssp_kernel.cpp:36]   --->   Operation 129 'getelementptr' 'local_in_b_addr' <Predicate = true> <Delay = 0.00>
ST_3 : Operation 130 [1/1] (0.74ns)   --->   "%add_ln37 = add i12 %zext_ln37_read, i12 %zext_ln35" [sssp_kernel.cpp:37]   --->   Operation 130 'add' 'add_ln37' <Predicate = true> <Delay = 0.74> <CoreInst = "Adder">   --->   Core 1 'Adder' <Latency = 0> <II = 1> <Delay = 0.70> <FuncUnit> <Opcode : 'add' 'sub'> <InPorts = 2> <OutPorts = 1>
ST_3 : Operation 131 [1/1] (0.00ns)   --->   "%zext_ln37_1 = zext i12 %add_ln37" [sssp_kernel.cpp:37]   --->   Operation 131 'zext' 'zext_ln37_1' <Predicate = true> <Delay = 0.00>
ST_3 : Operation 132 [1/1] (0.00ns)   --->   "%local_in_c_addr = getelementptr i32 %local_in_c, i64 0, i64 %zext_ln37_1" [sssp_kernel.cpp:37]   --->   Operation 132 'getelementptr' 'local_in_c_addr' <Predicate = true> <Delay = 0.00>
ST_3 : Operation 133 [2/2] (1.64ns)   --->   "%src = load i12 %local_in_a_addr" [sssp_kernel.cpp:35]   --->   Operation 133 'load' 'src' <Predicate = true> <Delay = 1.64> <CoreInst = "RAM">   --->   Core 83 'RAM' <Latency = 1> <II = 1> <Delay = 1.64> <Storage> <Opcode : 'load' 'store'> <Ports = 2> <Width = 32> <Depth = 4096> <RAM>
ST_3 : Operation 134 [2/2] (1.23ns)   --->   "%dst = load i12 %local_in_b_addr" [sssp_kernel.cpp:39]   --->   Operation 134 'load' 'dst' <Predicate = true> <Delay = 1.23> <CoreInst = "RAM">   --->   Core 83 'RAM' <Latency = 1> <II = 1> <Delay = 1.23> <Storage> <Opcode : 'load' 'store'> <Ports = 2> <Width = 5> <Depth = 4096> <RAM>
ST_3 : Operation 135 [2/2] (1.64ns)   --->   "%weight = load i12 %local_in_c_addr" [sssp_kernel.cpp:37]   --->   Operation 135 'load' 'weight' <Predicate = true> <Delay = 1.64> <CoreInst = "RAM">   --->   Core 83 'RAM' <Latency = 1> <II = 1> <Delay = 1.64> <Storage> <Opcode : 'load' 'store'> <Ports = 2> <Width = 32> <Depth = 4096> <RAM>

State 4 <SV = 3> <Delay = 2.29>
ST_4 : Operation 136 [1/1] (0.00ns)   --->   "%distance_buffer_1_load_1 = load i32 %distance_buffer_1" [sssp_kernel.cpp:39]   --->   Operation 136 'load' 'distance_buffer_1_load_1' <Predicate = true> <Delay = 0.00>
ST_4 : Operation 137 [1/1] (0.00ns)   --->   "%distance_buffer_1_1_load_1 = load i32 %distance_buffer_1_1" [sssp_kernel.cpp:39]   --->   Operation 137 'load' 'distance_buffer_1_1_load_1' <Predicate = true> <Delay = 0.00>
ST_4 : Operation 138 [1/1] (0.00ns)   --->   "%distance_buffer_1_2_load_1 = load i32 %distance_buffer_1_2" [sssp_kernel.cpp:39]   --->   Operation 138 'load' 'distance_buffer_1_2_load_1' <Predicate = true> <Delay = 0.00>
ST_4 : Operation 139 [1/1] (0.00ns)   --->   "%distance_buffer_1_3_load_1 = load i32 %distance_buffer_1_3" [sssp_kernel.cpp:39]   --->   Operation 139 'load' 'distance_buffer_1_3_load_1' <Predicate = true> <Delay = 0.00>
ST_4 : Operation 140 [1/1] (0.00ns)   --->   "%distance_buffer_1_4_load_1 = load i32 %distance_buffer_1_4" [sssp_kernel.cpp:39]   --->   Operation 140 'load' 'distance_buffer_1_4_load_1' <Predicate = true> <Delay = 0.00>
ST_4 : Operation 141 [1/1] (0.00ns)   --->   "%distance_buffer_1_5_load_1 = load i32 %distance_buffer_1_5" [sssp_kernel.cpp:39]   --->   Operation 141 'load' 'distance_buffer_1_5_load_1' <Predicate = true> <Delay = 0.00>
ST_4 : Operation 142 [1/1] (0.00ns)   --->   "%distance_buffer_1_6_load_1 = load i32 %distance_buffer_1_6" [sssp_kernel.cpp:39]   --->   Operation 142 'load' 'distance_buffer_1_6_load_1' <Predicate = true> <Delay = 0.00>
ST_4 : Operation 143 [1/1] (0.00ns)   --->   "%distance_buffer_1_7_load_1 = load i32 %distance_buffer_1_7" [sssp_kernel.cpp:39]   --->   Operation 143 'load' 'distance_buffer_1_7_load_1' <Predicate = true> <Delay = 0.00>
ST_4 : Operation 144 [1/1] (0.00ns)   --->   "%distance_buffer_1_8_load_1 = load i32 %distance_buffer_1_8" [sssp_kernel.cpp:39]   --->   Operation 144 'load' 'distance_buffer_1_8_load_1' <Predicate = true> <Delay = 0.00>
ST_4 : Operation 145 [1/1] (0.00ns)   --->   "%distance_buffer_1_9_load_1 = load i32 %distance_buffer_1_9" [sssp_kernel.cpp:39]   --->   Operation 145 'load' 'distance_buffer_1_9_load_1' <Predicate = true> <Delay = 0.00>
ST_4 : Operation 146 [1/1] (0.00ns)   --->   "%distance_buffer_1_10_load_1 = load i32 %distance_buffer_1_10" [sssp_kernel.cpp:39]   --->   Operation 146 'load' 'distance_buffer_1_10_load_1' <Predicate = true> <Delay = 0.00>
ST_4 : Operation 147 [1/1] (0.00ns)   --->   "%distance_buffer_1_11_load_1 = load i32 %distance_buffer_1_11" [sssp_kernel.cpp:39]   --->   Operation 147 'load' 'distance_buffer_1_11_load_1' <Predicate = true> <Delay = 0.00>
ST_4 : Operation 148 [1/1] (0.00ns)   --->   "%distance_buffer_1_12_load_1 = load i32 %distance_buffer_1_12" [sssp_kernel.cpp:39]   --->   Operation 148 'load' 'distance_buffer_1_12_load_1' <Predicate = true> <Delay = 0.00>
ST_4 : Operation 149 [1/1] (0.00ns)   --->   "%distance_buffer_1_13_load_1 = load i32 %distance_buffer_1_13" [sssp_kernel.cpp:39]   --->   Operation 149 'load' 'distance_buffer_1_13_load_1' <Predicate = true> <Delay = 0.00>
ST_4 : Operation 150 [1/1] (0.00ns)   --->   "%distance_buffer_1_14_load_1 = load i32 %distance_buffer_1_14" [sssp_kernel.cpp:39]   --->   Operation 150 'load' 'distance_buffer_1_14_load_1' <Predicate = true> <Delay = 0.00>
ST_4 : Operation 151 [1/1] (0.00ns)   --->   "%distance_buffer_1_15_load_1 = load i32 %distance_buffer_1_15" [sssp_kernel.cpp:39]   --->   Operation 151 'load' 'distance_buffer_1_15_load_1' <Predicate = true> <Delay = 0.00>
ST_4 : Operation 152 [1/1] (0.00ns)   --->   "%distance_buffer_1_16_load_1 = load i32 %distance_buffer_1_16" [sssp_kernel.cpp:39]   --->   Operation 152 'load' 'distance_buffer_1_16_load_1' <Predicate = true> <Delay = 0.00>
ST_4 : Operation 153 [1/1] (0.00ns)   --->   "%distance_buffer_1_17_load_1 = load i32 %distance_buffer_1_17" [sssp_kernel.cpp:39]   --->   Operation 153 'load' 'distance_buffer_1_17_load_1' <Predicate = true> <Delay = 0.00>
ST_4 : Operation 154 [1/1] (0.00ns)   --->   "%distance_buffer_1_18_load_1 = load i32 %distance_buffer_1_18" [sssp_kernel.cpp:39]   --->   Operation 154 'load' 'distance_buffer_1_18_load_1' <Predicate = true> <Delay = 0.00>
ST_4 : Operation 155 [1/1] (0.00ns)   --->   "%distance_buffer_1_19_load_1 = load i32 %distance_buffer_1_19" [sssp_kernel.cpp:39]   --->   Operation 155 'load' 'distance_buffer_1_19_load_1' <Predicate = true> <Delay = 0.00>
ST_4 : Operation 156 [1/1] (0.00ns)   --->   "%distance_buffer_1_20_load_1 = load i32 %distance_buffer_1_20" [sssp_kernel.cpp:39]   --->   Operation 156 'load' 'distance_buffer_1_20_load_1' <Predicate = true> <Delay = 0.00>
ST_4 : Operation 157 [1/1] (0.00ns)   --->   "%distance_buffer_1_21_load_1 = load i32 %distance_buffer_1_21" [sssp_kernel.cpp:39]   --->   Operation 157 'load' 'distance_buffer_1_21_load_1' <Predicate = true> <Delay = 0.00>
ST_4 : Operation 158 [1/1] (0.00ns)   --->   "%distance_buffer_1_22_load_1 = load i32 %distance_buffer_1_22" [sssp_kernel.cpp:39]   --->   Operation 158 'load' 'distance_buffer_1_22_load_1' <Predicate = true> <Delay = 0.00>
ST_4 : Operation 159 [1/1] (0.00ns)   --->   "%distance_buffer_1_23_load_1 = load i32 %distance_buffer_1_23" [sssp_kernel.cpp:39]   --->   Operation 159 'load' 'distance_buffer_1_23_load_1' <Predicate = true> <Delay = 0.00>
ST_4 : Operation 160 [1/1] (0.00ns)   --->   "%distance_buffer_1_24_load_1 = load i32 %distance_buffer_1_24" [sssp_kernel.cpp:39]   --->   Operation 160 'load' 'distance_buffer_1_24_load_1' <Predicate = true> <Delay = 0.00>
ST_4 : Operation 161 [1/1] (0.00ns)   --->   "%distance_buffer_1_25_load_1 = load i32 %distance_buffer_1_25" [sssp_kernel.cpp:39]   --->   Operation 161 'load' 'distance_buffer_1_25_load_1' <Predicate = true> <Delay = 0.00>
ST_4 : Operation 162 [1/1] (0.00ns)   --->   "%distance_buffer_1_26_load_1 = load i32 %distance_buffer_1_26" [sssp_kernel.cpp:39]   --->   Operation 162 'load' 'distance_buffer_1_26_load_1' <Predicate = true> <Delay = 0.00>
ST_4 : Operation 163 [1/1] (0.00ns)   --->   "%distance_buffer_1_27_load_1 = load i32 %distance_buffer_1_27" [sssp_kernel.cpp:39]   --->   Operation 163 'load' 'distance_buffer_1_27_load_1' <Predicate = true> <Delay = 0.00>
ST_4 : Operation 164 [1/1] (0.00ns)   --->   "%distance_buffer_1_28_load_1 = load i32 %distance_buffer_1_28" [sssp_kernel.cpp:39]   --->   Operation 164 'load' 'distance_buffer_1_28_load_1' <Predicate = true> <Delay = 0.00>
ST_4 : Operation 165 [1/1] (0.00ns)   --->   "%distance_buffer_1_29_load_1 = load i32 %distance_buffer_1_29" [sssp_kernel.cpp:39]   --->   Operation 165 'load' 'distance_buffer_1_29_load_1' <Predicate = true> <Delay = 0.00>
ST_4 : Operation 166 [1/1] (0.00ns)   --->   "%distance_buffer_1_30_load_1 = load i32 %distance_buffer_1_30" [sssp_kernel.cpp:39]   --->   Operation 166 'load' 'distance_buffer_1_30_load_1' <Predicate = true> <Delay = 0.00>
ST_4 : Operation 167 [1/1] (0.00ns)   --->   "%distance_buffer_1_31_load_1 = load i32 %distance_buffer_1_31" [sssp_kernel.cpp:39]   --->   Operation 167 'load' 'distance_buffer_1_31_load_1' <Predicate = true> <Delay = 0.00>
ST_4 : Operation 168 [1/2] (1.64ns)   --->   "%src = load i12 %local_in_a_addr" [sssp_kernel.cpp:35]   --->   Operation 168 'load' 'src' <Predicate = true> <Delay = 1.64> <CoreInst = "RAM">   --->   Core 83 'RAM' <Latency = 1> <II = 1> <Delay = 1.64> <Storage> <Opcode : 'load' 'store'> <Ports = 2> <Width = 32> <Depth = 4096> <RAM>
ST_4 : Operation 169 [1/2] (1.23ns)   --->   "%dst = load i12 %local_in_b_addr" [sssp_kernel.cpp:39]   --->   Operation 169 'load' 'dst' <Predicate = true> <Delay = 1.23> <CoreInst = "RAM">   --->   Core 83 'RAM' <Latency = 1> <II = 1> <Delay = 1.23> <Storage> <Opcode : 'load' 'store'> <Ports = 2> <Width = 5> <Depth = 4096> <RAM>
ST_4 : Operation 170 [1/2] (1.64ns)   --->   "%weight = load i12 %local_in_c_addr" [sssp_kernel.cpp:37]   --->   Operation 170 'load' 'weight' <Predicate = true> <Delay = 1.64> <CoreInst = "RAM">   --->   Core 83 'RAM' <Latency = 1> <II = 1> <Delay = 1.64> <Storage> <Opcode : 'load' 'store'> <Ports = 2> <Width = 32> <Depth = 4096> <RAM>
ST_4 : Operation 171 [1/1] (0.00ns)   --->   "%trunc_ln39 = trunc i32 %src" [sssp_kernel.cpp:39]   --->   Operation 171 'trunc' 'trunc_ln39' <Predicate = true> <Delay = 0.00>
ST_4 : Operation 172 [1/1] (0.65ns)   --->   "%tmp = mux i32 @_ssdm_op_Mux.ap_auto.32i32.i5, i32 %distance_buffer_1_load_1, i32 %distance_buffer_1_1_load_1, i32 %distance_buffer_1_2_load_1, i32 %distance_buffer_1_3_load_1, i32 %distance_buffer_1_4_load_1, i32 %distance_buffer_1_5_load_1, i32 %distance_buffer_1_6_load_1, i32 %distance_buffer_1_7_load_1, i32 %distance_buffer_1_8_load_1, i32 %distance_buffer_1_9_load_1, i32 %distance_buffer_1_10_load_1, i32 %distance_buffer_1_11_load_1, i32 %distance_buffer_1_12_load_1, i32 %distance_buffer_1_13_load_1, i32 %distance_buffer_1_14_load_1, i32 %distance_buffer_1_15_load_1, i32 %distance_buffer_1_16_load_1, i32 %distance_buffer_1_17_load_1, i32 %distance_buffer_1_18_load_1, i32 %distance_buffer_1_19_load_1, i32 %distance_buffer_1_20_load_1, i32 %distance_buffer_1_21_load_1, i32 %distance_buffer_1_22_load_1, i32 %distance_buffer_1_23_load_1, i32 %distance_buffer_1_24_load_1, i32 %distance_buffer_1_25_load_1, i32 %distance_buffer_1_26_load_1, i32 %distance_buffer_1_27_load_1, i32 %distance_buffer_1_28_load_1, i32 %distance_buffer_1_29_load_1, i32 %distance_buffer_1_30_load_1, i32 %distance_buffer_1_31_load_1, i5 %trunc_ln39" [sssp_kernel.cpp:39]   --->   Operation 172 'mux' 'tmp' <Predicate = true> <Delay = 0.65> <CoreInst = "Multiplexer">   --->   Core 76 'Multiplexer' <Latency = 0> <II = 1> <Delay = 0.65> <FuncUnit> <Opcode : 'mux'> <InPorts = 2> <OutPorts = 1>
ST_4 : Operation 247 [1/1] (0.00ns)   --->   "%distance_buffer_1_load = load i32 %distance_buffer_1"   --->   Operation 247 'load' 'distance_buffer_1_load' <Predicate = (icmp_ln32)> <Delay = 0.00>
ST_4 : Operation 248 [1/1] (0.00ns)   --->   "%distance_buffer_1_1_load = load i32 %distance_buffer_1_1"   --->   Operation 248 'load' 'distance_buffer_1_1_load' <Predicate = (icmp_ln32)> <Delay = 0.00>
ST_4 : Operation 249 [1/1] (0.00ns)   --->   "%distance_buffer_1_2_load = load i32 %distance_buffer_1_2"   --->   Operation 249 'load' 'distance_buffer_1_2_load' <Predicate = (icmp_ln32)> <Delay = 0.00>
ST_4 : Operation 250 [1/1] (0.00ns)   --->   "%distance_buffer_1_3_load = load i32 %distance_buffer_1_3"   --->   Operation 250 'load' 'distance_buffer_1_3_load' <Predicate = (icmp_ln32)> <Delay = 0.00>
ST_4 : Operation 251 [1/1] (0.00ns)   --->   "%distance_buffer_1_4_load = load i32 %distance_buffer_1_4"   --->   Operation 251 'load' 'distance_buffer_1_4_load' <Predicate = (icmp_ln32)> <Delay = 0.00>
ST_4 : Operation 252 [1/1] (0.00ns)   --->   "%distance_buffer_1_5_load = load i32 %distance_buffer_1_5"   --->   Operation 252 'load' 'distance_buffer_1_5_load' <Predicate = (icmp_ln32)> <Delay = 0.00>
ST_4 : Operation 253 [1/1] (0.00ns)   --->   "%distance_buffer_1_6_load = load i32 %distance_buffer_1_6"   --->   Operation 253 'load' 'distance_buffer_1_6_load' <Predicate = (icmp_ln32)> <Delay = 0.00>
ST_4 : Operation 254 [1/1] (0.00ns)   --->   "%distance_buffer_1_7_load = load i32 %distance_buffer_1_7"   --->   Operation 254 'load' 'distance_buffer_1_7_load' <Predicate = (icmp_ln32)> <Delay = 0.00>
ST_4 : Operation 255 [1/1] (0.00ns)   --->   "%distance_buffer_1_8_load = load i32 %distance_buffer_1_8"   --->   Operation 255 'load' 'distance_buffer_1_8_load' <Predicate = (icmp_ln32)> <Delay = 0.00>
ST_4 : Operation 256 [1/1] (0.00ns)   --->   "%distance_buffer_1_9_load = load i32 %distance_buffer_1_9"   --->   Operation 256 'load' 'distance_buffer_1_9_load' <Predicate = (icmp_ln32)> <Delay = 0.00>
ST_4 : Operation 257 [1/1] (0.00ns)   --->   "%distance_buffer_1_10_load = load i32 %distance_buffer_1_10"   --->   Operation 257 'load' 'distance_buffer_1_10_load' <Predicate = (icmp_ln32)> <Delay = 0.00>
ST_4 : Operation 258 [1/1] (0.00ns)   --->   "%distance_buffer_1_11_load = load i32 %distance_buffer_1_11"   --->   Operation 258 'load' 'distance_buffer_1_11_load' <Predicate = (icmp_ln32)> <Delay = 0.00>
ST_4 : Operation 259 [1/1] (0.00ns)   --->   "%distance_buffer_1_12_load = load i32 %distance_buffer_1_12"   --->   Operation 259 'load' 'distance_buffer_1_12_load' <Predicate = (icmp_ln32)> <Delay = 0.00>
ST_4 : Operation 260 [1/1] (0.00ns)   --->   "%distance_buffer_1_13_load = load i32 %distance_buffer_1_13"   --->   Operation 260 'load' 'distance_buffer_1_13_load' <Predicate = (icmp_ln32)> <Delay = 0.00>
ST_4 : Operation 261 [1/1] (0.00ns)   --->   "%distance_buffer_1_14_load = load i32 %distance_buffer_1_14"   --->   Operation 261 'load' 'distance_buffer_1_14_load' <Predicate = (icmp_ln32)> <Delay = 0.00>
ST_4 : Operation 262 [1/1] (0.00ns)   --->   "%distance_buffer_1_15_load = load i32 %distance_buffer_1_15"   --->   Operation 262 'load' 'distance_buffer_1_15_load' <Predicate = (icmp_ln32)> <Delay = 0.00>
ST_4 : Operation 263 [1/1] (0.00ns)   --->   "%distance_buffer_1_16_load = load i32 %distance_buffer_1_16"   --->   Operation 263 'load' 'distance_buffer_1_16_load' <Predicate = (icmp_ln32)> <Delay = 0.00>
ST_4 : Operation 264 [1/1] (0.00ns)   --->   "%distance_buffer_1_17_load = load i32 %distance_buffer_1_17"   --->   Operation 264 'load' 'distance_buffer_1_17_load' <Predicate = (icmp_ln32)> <Delay = 0.00>
ST_4 : Operation 265 [1/1] (0.00ns)   --->   "%distance_buffer_1_18_load = load i32 %distance_buffer_1_18"   --->   Operation 265 'load' 'distance_buffer_1_18_load' <Predicate = (icmp_ln32)> <Delay = 0.00>
ST_4 : Operation 266 [1/1] (0.00ns)   --->   "%distance_buffer_1_19_load = load i32 %distance_buffer_1_19"   --->   Operation 266 'load' 'distance_buffer_1_19_load' <Predicate = (icmp_ln32)> <Delay = 0.00>
ST_4 : Operation 267 [1/1] (0.00ns)   --->   "%distance_buffer_1_20_load = load i32 %distance_buffer_1_20"   --->   Operation 267 'load' 'distance_buffer_1_20_load' <Predicate = (icmp_ln32)> <Delay = 0.00>
ST_4 : Operation 268 [1/1] (0.00ns)   --->   "%distance_buffer_1_21_load = load i32 %distance_buffer_1_21"   --->   Operation 268 'load' 'distance_buffer_1_21_load' <Predicate = (icmp_ln32)> <Delay = 0.00>
ST_4 : Operation 269 [1/1] (0.00ns)   --->   "%distance_buffer_1_22_load = load i32 %distance_buffer_1_22"   --->   Operation 269 'load' 'distance_buffer_1_22_load' <Predicate = (icmp_ln32)> <Delay = 0.00>
ST_4 : Operation 270 [1/1] (0.00ns)   --->   "%distance_buffer_1_23_load = load i32 %distance_buffer_1_23"   --->   Operation 270 'load' 'distance_buffer_1_23_load' <Predicate = (icmp_ln32)> <Delay = 0.00>
ST_4 : Operation 271 [1/1] (0.00ns)   --->   "%distance_buffer_1_24_load = load i32 %distance_buffer_1_24"   --->   Operation 271 'load' 'distance_buffer_1_24_load' <Predicate = (icmp_ln32)> <Delay = 0.00>
ST_4 : Operation 272 [1/1] (0.00ns)   --->   "%distance_buffer_1_25_load = load i32 %distance_buffer_1_25"   --->   Operation 272 'load' 'distance_buffer_1_25_load' <Predicate = (icmp_ln32)> <Delay = 0.00>
ST_4 : Operation 273 [1/1] (0.00ns)   --->   "%distance_buffer_1_26_load = load i32 %distance_buffer_1_26"   --->   Operation 273 'load' 'distance_buffer_1_26_load' <Predicate = (icmp_ln32)> <Delay = 0.00>
ST_4 : Operation 274 [1/1] (0.00ns)   --->   "%distance_buffer_1_27_load = load i32 %distance_buffer_1_27"   --->   Operation 274 'load' 'distance_buffer_1_27_load' <Predicate = (icmp_ln32)> <Delay = 0.00>
ST_4 : Operation 275 [1/1] (0.00ns)   --->   "%distance_buffer_1_28_load = load i32 %distance_buffer_1_28"   --->   Operation 275 'load' 'distance_buffer_1_28_load' <Predicate = (icmp_ln32)> <Delay = 0.00>
ST_4 : Operation 276 [1/1] (0.00ns)   --->   "%distance_buffer_1_29_load = load i32 %distance_buffer_1_29"   --->   Operation 276 'load' 'distance_buffer_1_29_load' <Predicate = (icmp_ln32)> <Delay = 0.00>
ST_4 : Operation 277 [1/1] (0.00ns)   --->   "%distance_buffer_1_30_load = load i32 %distance_buffer_1_30"   --->   Operation 277 'load' 'distance_buffer_1_30_load' <Predicate = (icmp_ln32)> <Delay = 0.00>
ST_4 : Operation 278 [1/1] (0.00ns)   --->   "%distance_buffer_1_31_load = load i32 %distance_buffer_1_31"   --->   Operation 278 'load' 'distance_buffer_1_31_load' <Predicate = (icmp_ln32)> <Delay = 0.00>
ST_4 : Operation 279 [1/1] (0.00ns)   --->   "%write_ln0 = write void @_ssdm_op_Write.ap_auto.i32P0A, i32 %distance_buffer_31_3_out, i32 %distance_buffer_1_31_load"   --->   Operation 279 'write' 'write_ln0' <Predicate = (icmp_ln32)> <Delay = 0.00>
ST_4 : Operation 280 [1/1] (0.00ns)   --->   "%write_ln0 = write void @_ssdm_op_Write.ap_auto.i32P0A, i32 %distance_buffer_30_3_out, i32 %distance_buffer_1_30_load"   --->   Operation 280 'write' 'write_ln0' <Predicate = (icmp_ln32)> <Delay = 0.00>
ST_4 : Operation 281 [1/1] (0.00ns)   --->   "%write_ln0 = write void @_ssdm_op_Write.ap_auto.i32P0A, i32 %distance_buffer_29_3_out, i32 %distance_buffer_1_29_load"   --->   Operation 281 'write' 'write_ln0' <Predicate = (icmp_ln32)> <Delay = 0.00>
ST_4 : Operation 282 [1/1] (0.00ns)   --->   "%write_ln0 = write void @_ssdm_op_Write.ap_auto.i32P0A, i32 %distance_buffer_28_3_out, i32 %distance_buffer_1_28_load"   --->   Operation 282 'write' 'write_ln0' <Predicate = (icmp_ln32)> <Delay = 0.00>
ST_4 : Operation 283 [1/1] (0.00ns)   --->   "%write_ln0 = write void @_ssdm_op_Write.ap_auto.i32P0A, i32 %distance_buffer_27_3_out, i32 %distance_buffer_1_27_load"   --->   Operation 283 'write' 'write_ln0' <Predicate = (icmp_ln32)> <Delay = 0.00>
ST_4 : Operation 284 [1/1] (0.00ns)   --->   "%write_ln0 = write void @_ssdm_op_Write.ap_auto.i32P0A, i32 %distance_buffer_26_3_out, i32 %distance_buffer_1_26_load"   --->   Operation 284 'write' 'write_ln0' <Predicate = (icmp_ln32)> <Delay = 0.00>
ST_4 : Operation 285 [1/1] (0.00ns)   --->   "%write_ln0 = write void @_ssdm_op_Write.ap_auto.i32P0A, i32 %distance_buffer_25_3_out, i32 %distance_buffer_1_25_load"   --->   Operation 285 'write' 'write_ln0' <Predicate = (icmp_ln32)> <Delay = 0.00>
ST_4 : Operation 286 [1/1] (0.00ns)   --->   "%write_ln0 = write void @_ssdm_op_Write.ap_auto.i32P0A, i32 %distance_buffer_24_3_out, i32 %distance_buffer_1_24_load"   --->   Operation 286 'write' 'write_ln0' <Predicate = (icmp_ln32)> <Delay = 0.00>
ST_4 : Operation 287 [1/1] (0.00ns)   --->   "%write_ln0 = write void @_ssdm_op_Write.ap_auto.i32P0A, i32 %distance_buffer_23_3_out, i32 %distance_buffer_1_23_load"   --->   Operation 287 'write' 'write_ln0' <Predicate = (icmp_ln32)> <Delay = 0.00>
ST_4 : Operation 288 [1/1] (0.00ns)   --->   "%write_ln0 = write void @_ssdm_op_Write.ap_auto.i32P0A, i32 %distance_buffer_22_3_out, i32 %distance_buffer_1_22_load"   --->   Operation 288 'write' 'write_ln0' <Predicate = (icmp_ln32)> <Delay = 0.00>
ST_4 : Operation 289 [1/1] (0.00ns)   --->   "%write_ln0 = write void @_ssdm_op_Write.ap_auto.i32P0A, i32 %distance_buffer_21_3_out, i32 %distance_buffer_1_21_load"   --->   Operation 289 'write' 'write_ln0' <Predicate = (icmp_ln32)> <Delay = 0.00>
ST_4 : Operation 290 [1/1] (0.00ns)   --->   "%write_ln0 = write void @_ssdm_op_Write.ap_auto.i32P0A, i32 %distance_buffer_20_3_out, i32 %distance_buffer_1_20_load"   --->   Operation 290 'write' 'write_ln0' <Predicate = (icmp_ln32)> <Delay = 0.00>
ST_4 : Operation 291 [1/1] (0.00ns)   --->   "%write_ln0 = write void @_ssdm_op_Write.ap_auto.i32P0A, i32 %distance_buffer_19_3_out, i32 %distance_buffer_1_19_load"   --->   Operation 291 'write' 'write_ln0' <Predicate = (icmp_ln32)> <Delay = 0.00>
ST_4 : Operation 292 [1/1] (0.00ns)   --->   "%write_ln0 = write void @_ssdm_op_Write.ap_auto.i32P0A, i32 %distance_buffer_18_3_out, i32 %distance_buffer_1_18_load"   --->   Operation 292 'write' 'write_ln0' <Predicate = (icmp_ln32)> <Delay = 0.00>
ST_4 : Operation 293 [1/1] (0.00ns)   --->   "%write_ln0 = write void @_ssdm_op_Write.ap_auto.i32P0A, i32 %distance_buffer_17_3_out, i32 %distance_buffer_1_17_load"   --->   Operation 293 'write' 'write_ln0' <Predicate = (icmp_ln32)> <Delay = 0.00>
ST_4 : Operation 294 [1/1] (0.00ns)   --->   "%write_ln0 = write void @_ssdm_op_Write.ap_auto.i32P0A, i32 %distance_buffer_16_3_out, i32 %distance_buffer_1_16_load"   --->   Operation 294 'write' 'write_ln0' <Predicate = (icmp_ln32)> <Delay = 0.00>
ST_4 : Operation 295 [1/1] (0.00ns)   --->   "%write_ln0 = write void @_ssdm_op_Write.ap_auto.i32P0A, i32 %distance_buffer_15_3_out, i32 %distance_buffer_1_15_load"   --->   Operation 295 'write' 'write_ln0' <Predicate = (icmp_ln32)> <Delay = 0.00>
ST_4 : Operation 296 [1/1] (0.00ns)   --->   "%write_ln0 = write void @_ssdm_op_Write.ap_auto.i32P0A, i32 %distance_buffer_14_3_out, i32 %distance_buffer_1_14_load"   --->   Operation 296 'write' 'write_ln0' <Predicate = (icmp_ln32)> <Delay = 0.00>
ST_4 : Operation 297 [1/1] (0.00ns)   --->   "%write_ln0 = write void @_ssdm_op_Write.ap_auto.i32P0A, i32 %distance_buffer_13_3_out, i32 %distance_buffer_1_13_load"   --->   Operation 297 'write' 'write_ln0' <Predicate = (icmp_ln32)> <Delay = 0.00>
ST_4 : Operation 298 [1/1] (0.00ns)   --->   "%write_ln0 = write void @_ssdm_op_Write.ap_auto.i32P0A, i32 %distance_buffer_12_3_out, i32 %distance_buffer_1_12_load"   --->   Operation 298 'write' 'write_ln0' <Predicate = (icmp_ln32)> <Delay = 0.00>
ST_4 : Operation 299 [1/1] (0.00ns)   --->   "%write_ln0 = write void @_ssdm_op_Write.ap_auto.i32P0A, i32 %distance_buffer_11_3_out, i32 %distance_buffer_1_11_load"   --->   Operation 299 'write' 'write_ln0' <Predicate = (icmp_ln32)> <Delay = 0.00>
ST_4 : Operation 300 [1/1] (0.00ns)   --->   "%write_ln0 = write void @_ssdm_op_Write.ap_auto.i32P0A, i32 %distance_buffer_10_3_out, i32 %distance_buffer_1_10_load"   --->   Operation 300 'write' 'write_ln0' <Predicate = (icmp_ln32)> <Delay = 0.00>
ST_4 : Operation 301 [1/1] (0.00ns)   --->   "%write_ln0 = write void @_ssdm_op_Write.ap_auto.i32P0A, i32 %distance_buffer_9_3_out, i32 %distance_buffer_1_9_load"   --->   Operation 301 'write' 'write_ln0' <Predicate = (icmp_ln32)> <Delay = 0.00>
ST_4 : Operation 302 [1/1] (0.00ns)   --->   "%write_ln0 = write void @_ssdm_op_Write.ap_auto.i32P0A, i32 %distance_buffer_8_3_out, i32 %distance_buffer_1_8_load"   --->   Operation 302 'write' 'write_ln0' <Predicate = (icmp_ln32)> <Delay = 0.00>
ST_4 : Operation 303 [1/1] (0.00ns)   --->   "%write_ln0 = write void @_ssdm_op_Write.ap_auto.i32P0A, i32 %distance_buffer_7_3_out, i32 %distance_buffer_1_7_load"   --->   Operation 303 'write' 'write_ln0' <Predicate = (icmp_ln32)> <Delay = 0.00>
ST_4 : Operation 304 [1/1] (0.00ns)   --->   "%write_ln0 = write void @_ssdm_op_Write.ap_auto.i32P0A, i32 %distance_buffer_6_3_out, i32 %distance_buffer_1_6_load"   --->   Operation 304 'write' 'write_ln0' <Predicate = (icmp_ln32)> <Delay = 0.00>
ST_4 : Operation 305 [1/1] (0.00ns)   --->   "%write_ln0 = write void @_ssdm_op_Write.ap_auto.i32P0A, i32 %distance_buffer_5_3_out, i32 %distance_buffer_1_5_load"   --->   Operation 305 'write' 'write_ln0' <Predicate = (icmp_ln32)> <Delay = 0.00>
ST_4 : Operation 306 [1/1] (0.00ns)   --->   "%write_ln0 = write void @_ssdm_op_Write.ap_auto.i32P0A, i32 %distance_buffer_4_3_out, i32 %distance_buffer_1_4_load"   --->   Operation 306 'write' 'write_ln0' <Predicate = (icmp_ln32)> <Delay = 0.00>
ST_4 : Operation 307 [1/1] (0.00ns)   --->   "%write_ln0 = write void @_ssdm_op_Write.ap_auto.i32P0A, i32 %distance_buffer_3_3_out, i32 %distance_buffer_1_3_load"   --->   Operation 307 'write' 'write_ln0' <Predicate = (icmp_ln32)> <Delay = 0.00>
ST_4 : Operation 308 [1/1] (0.00ns)   --->   "%write_ln0 = write void @_ssdm_op_Write.ap_auto.i32P0A, i32 %distance_buffer_2_3_out, i32 %distance_buffer_1_2_load"   --->   Operation 308 'write' 'write_ln0' <Predicate = (icmp_ln32)> <Delay = 0.00>
ST_4 : Operation 309 [1/1] (0.00ns)   --->   "%write_ln0 = write void @_ssdm_op_Write.ap_auto.i32P0A, i32 %distance_buffer_1_3_out, i32 %distance_buffer_1_1_load"   --->   Operation 309 'write' 'write_ln0' <Predicate = (icmp_ln32)> <Delay = 0.00>
ST_4 : Operation 310 [1/1] (0.00ns)   --->   "%write_ln0 = write void @_ssdm_op_Write.ap_auto.i32P0A, i32 %distance_buffer_0_3_out, i32 %distance_buffer_1_load"   --->   Operation 310 'write' 'write_ln0' <Predicate = (icmp_ln32)> <Delay = 0.00>
ST_4 : Operation 311 [1/1] (0.00ns)   --->   "%ret_ln0 = ret"   --->   Operation 311 'ret' 'ret_ln0' <Predicate = (icmp_ln32)> <Delay = 0.00>

State 5 <SV = 4> <Delay = 2.12>
ST_5 : Operation 173 [1/1] (0.00ns)   --->   "%specloopname_ln0 = specloopname void @_ssdm_op_SpecLoopName, void @sssp_computation_VITIS_LOOP_33_1_str"   --->   Operation 173 'specloopname' 'specloopname_ln0' <Predicate = true> <Delay = 0.00>
ST_5 : Operation 174 [1/1] (0.00ns)   --->   "%specpipeline_ln33 = specpipeline void @_ssdm_op_SpecPipeline, i32 4294967295, i32 0, i32 0, i32 0, void @empty_14" [sssp_kernel.cpp:33]   --->   Operation 174 'specpipeline' 'specpipeline_ln33' <Predicate = true> <Delay = 0.00>
ST_5 : Operation 175 [1/1] (0.00ns)   --->   "%specloopname_ln33 = specloopname void @_ssdm_op_SpecLoopName, void @empty_10" [sssp_kernel.cpp:33]   --->   Operation 175 'specloopname' 'specloopname_ln33' <Predicate = true> <Delay = 0.00>
ST_5 : Operation 176 [1/1] (0.85ns)   --->   "%icmp_ln39 = icmp_eq  i32 %tmp, i32 4294967295" [sssp_kernel.cpp:39]   --->   Operation 176 'icmp' 'icmp_ln39' <Predicate = true> <Delay = 0.85> <CoreInst = "Cmp">   --->   Core 9 'Cmp' <Latency = 0> <II = 1> <Delay = 0.85> <FuncUnit> <Opcode : 'icmp'> <InPorts = 2> <OutPorts = 1>
ST_5 : Operation 177 [1/1] (0.00ns)   --->   "%br_ln39 = br i1 %icmp_ln39, void, void %.split2._crit_edge" [sssp_kernel.cpp:39]   --->   Operation 177 'br' 'br_ln39' <Predicate = true> <Delay = 0.00>
ST_5 : Operation 178 [1/1] (0.88ns)   --->   "%distance_buffer_1_33 = add i32 %weight, i32 %tmp" [sssp_kernel.cpp:39]   --->   Operation 178 'add' 'distance_buffer_1_33' <Predicate = (!icmp_ln39)> <Delay = 0.88> <CoreInst = "Adder">   --->   Core 1 'Adder' <Latency = 0> <II = 1> <Delay = 0.70> <FuncUnit> <Opcode : 'add' 'sub'> <InPorts = 2> <OutPorts = 1>
ST_5 : Operation 179 [1/1] (0.65ns)   --->   "%tmp_s = mux i32 @_ssdm_op_Mux.ap_auto.32i32.i5, i32 %distance_buffer_1_load_1, i32 %distance_buffer_1_1_load_1, i32 %distance_buffer_1_2_load_1, i32 %distance_buffer_1_3_load_1, i32 %distance_buffer_1_4_load_1, i32 %distance_buffer_1_5_load_1, i32 %distance_buffer_1_6_load_1, i32 %distance_buffer_1_7_load_1, i32 %distance_buffer_1_8_load_1, i32 %distance_buffer_1_9_load_1, i32 %distance_buffer_1_10_load_1, i32 %distance_buffer_1_11_load_1, i32 %distance_buffer_1_12_load_1, i32 %distance_buffer_1_13_load_1, i32 %distance_buffer_1_14_load_1, i32 %distance_buffer_1_15_load_1, i32 %distance_buffer_1_16_load_1, i32 %distance_buffer_1_17_load_1, i32 %distance_buffer_1_18_load_1, i32 %distance_buffer_1_19_load_1, i32 %distance_buffer_1_20_load_1, i32 %distance_buffer_1_21_load_1, i32 %distance_buffer_1_22_load_1, i32 %distance_buffer_1_23_load_1, i32 %distance_buffer_1_24_load_1, i32 %distance_buffer_1_25_load_1, i32 %distance_buffer_1_26_load_1, i32 %distance_buffer_1_27_load_1, i32 %distance_buffer_1_28_load_1, i32 %distance_buffer_1_29_load_1, i32 %distance_buffer_1_30_load_1, i32 %distance_buffer_1_31_load_1, i5 %dst" [sssp_kernel.cpp:39]   --->   Operation 179 'mux' 'tmp_s' <Predicate = (!icmp_ln39)> <Delay = 0.65> <CoreInst = "Multiplexer">   --->   Core 76 'Multiplexer' <Latency = 0> <II = 1> <Delay = 0.65> <FuncUnit> <Opcode : 'mux'> <InPorts = 2> <OutPorts = 1>
ST_5 : Operation 180 [1/1] (0.85ns)   --->   "%icmp_ln39_1 = icmp_ult  i32 %distance_buffer_1_33, i32 %tmp_s" [sssp_kernel.cpp:39]   --->   Operation 180 'icmp' 'icmp_ln39_1' <Predicate = (!icmp_ln39)> <Delay = 0.85> <CoreInst = "Cmp">   --->   Core 9 'Cmp' <Latency = 0> <II = 1> <Delay = 0.85> <FuncUnit> <Opcode : 'icmp'> <InPorts = 2> <OutPorts = 1>
ST_5 : Operation 181 [1/1] (0.00ns)   --->   "%br_ln39 = br i1 %icmp_ln39_1, void %.split2._crit_edge, void" [sssp_kernel.cpp:39]   --->   Operation 181 'br' 'br_ln39' <Predicate = (!icmp_ln39)> <Delay = 0.00>
ST_5 : Operation 182 [1/1] (0.59ns)   --->   "%switch_ln40 = switch i5 %dst, void %branch31, i5 0, void %..split2._crit_edge_crit_edge2, i5 1, void %..split2._crit_edge_crit_edge, i5 2, void %branch2, i5 3, void %branch3, i5 4, void %branch4, i5 5, void %branch5, i5 6, void %branch6, i5 7, void %branch7, i5 8, void %branch8, i5 9, void %branch9, i5 10, void %branch10, i5 11, void %branch11, i5 12, void %branch12, i5 13, void %branch13, i5 14, void %branch14, i5 15, void %branch15, i5 16, void %branch16, i5 17, void %branch17, i5 18, void %branch18, i5 19, void %branch19, i5 20, void %branch20, i5 21, void %branch21, i5 22, void %branch22, i5 23, void %branch23, i5 24, void %branch24, i5 25, void %branch25, i5 26, void %branch26, i5 27, void %branch27, i5 28, void %branch28, i5 29, void %branch29, i5 30, void %branch30" [sssp_kernel.cpp:40]   --->   Operation 182 'switch' 'switch_ln40' <Predicate = (!icmp_ln39 & icmp_ln39_1)> <Delay = 0.59>
ST_5 : Operation 183 [1/1] (0.38ns)   --->   "%store_ln40 = store i32 %distance_buffer_1_33, i32 %distance_buffer_1_30" [sssp_kernel.cpp:40]   --->   Operation 183 'store' 'store_ln40' <Predicate = (!icmp_ln39 & icmp_ln39_1 & dst == 30)> <Delay = 0.38>
ST_5 : Operation 184 [1/1] (0.00ns)   --->   "%br_ln40 = br void %.split2._crit_edge" [sssp_kernel.cpp:40]   --->   Operation 184 'br' 'br_ln40' <Predicate = (!icmp_ln39 & icmp_ln39_1 & dst == 30)> <Delay = 0.00>
ST_5 : Operation 185 [1/1] (0.38ns)   --->   "%store_ln40 = store i32 %distance_buffer_1_33, i32 %distance_buffer_1_29" [sssp_kernel.cpp:40]   --->   Operation 185 'store' 'store_ln40' <Predicate = (!icmp_ln39 & icmp_ln39_1 & dst == 29)> <Delay = 0.38>
ST_5 : Operation 186 [1/1] (0.00ns)   --->   "%br_ln40 = br void %.split2._crit_edge" [sssp_kernel.cpp:40]   --->   Operation 186 'br' 'br_ln40' <Predicate = (!icmp_ln39 & icmp_ln39_1 & dst == 29)> <Delay = 0.00>
ST_5 : Operation 187 [1/1] (0.38ns)   --->   "%store_ln40 = store i32 %distance_buffer_1_33, i32 %distance_buffer_1_28" [sssp_kernel.cpp:40]   --->   Operation 187 'store' 'store_ln40' <Predicate = (!icmp_ln39 & icmp_ln39_1 & dst == 28)> <Delay = 0.38>
ST_5 : Operation 188 [1/1] (0.00ns)   --->   "%br_ln40 = br void %.split2._crit_edge" [sssp_kernel.cpp:40]   --->   Operation 188 'br' 'br_ln40' <Predicate = (!icmp_ln39 & icmp_ln39_1 & dst == 28)> <Delay = 0.00>
ST_5 : Operation 189 [1/1] (0.38ns)   --->   "%store_ln40 = store i32 %distance_buffer_1_33, i32 %distance_buffer_1_27" [sssp_kernel.cpp:40]   --->   Operation 189 'store' 'store_ln40' <Predicate = (!icmp_ln39 & icmp_ln39_1 & dst == 27)> <Delay = 0.38>
ST_5 : Operation 190 [1/1] (0.00ns)   --->   "%br_ln40 = br void %.split2._crit_edge" [sssp_kernel.cpp:40]   --->   Operation 190 'br' 'br_ln40' <Predicate = (!icmp_ln39 & icmp_ln39_1 & dst == 27)> <Delay = 0.00>
ST_5 : Operation 191 [1/1] (0.38ns)   --->   "%store_ln40 = store i32 %distance_buffer_1_33, i32 %distance_buffer_1_26" [sssp_kernel.cpp:40]   --->   Operation 191 'store' 'store_ln40' <Predicate = (!icmp_ln39 & icmp_ln39_1 & dst == 26)> <Delay = 0.38>
ST_5 : Operation 192 [1/1] (0.00ns)   --->   "%br_ln40 = br void %.split2._crit_edge" [sssp_kernel.cpp:40]   --->   Operation 192 'br' 'br_ln40' <Predicate = (!icmp_ln39 & icmp_ln39_1 & dst == 26)> <Delay = 0.00>
ST_5 : Operation 193 [1/1] (0.38ns)   --->   "%store_ln40 = store i32 %distance_buffer_1_33, i32 %distance_buffer_1_25" [sssp_kernel.cpp:40]   --->   Operation 193 'store' 'store_ln40' <Predicate = (!icmp_ln39 & icmp_ln39_1 & dst == 25)> <Delay = 0.38>
ST_5 : Operation 194 [1/1] (0.00ns)   --->   "%br_ln40 = br void %.split2._crit_edge" [sssp_kernel.cpp:40]   --->   Operation 194 'br' 'br_ln40' <Predicate = (!icmp_ln39 & icmp_ln39_1 & dst == 25)> <Delay = 0.00>
ST_5 : Operation 195 [1/1] (0.38ns)   --->   "%store_ln40 = store i32 %distance_buffer_1_33, i32 %distance_buffer_1_24" [sssp_kernel.cpp:40]   --->   Operation 195 'store' 'store_ln40' <Predicate = (!icmp_ln39 & icmp_ln39_1 & dst == 24)> <Delay = 0.38>
ST_5 : Operation 196 [1/1] (0.00ns)   --->   "%br_ln40 = br void %.split2._crit_edge" [sssp_kernel.cpp:40]   --->   Operation 196 'br' 'br_ln40' <Predicate = (!icmp_ln39 & icmp_ln39_1 & dst == 24)> <Delay = 0.00>
ST_5 : Operation 197 [1/1] (0.38ns)   --->   "%store_ln40 = store i32 %distance_buffer_1_33, i32 %distance_buffer_1_23" [sssp_kernel.cpp:40]   --->   Operation 197 'store' 'store_ln40' <Predicate = (!icmp_ln39 & icmp_ln39_1 & dst == 23)> <Delay = 0.38>
ST_5 : Operation 198 [1/1] (0.00ns)   --->   "%br_ln40 = br void %.split2._crit_edge" [sssp_kernel.cpp:40]   --->   Operation 198 'br' 'br_ln40' <Predicate = (!icmp_ln39 & icmp_ln39_1 & dst == 23)> <Delay = 0.00>
ST_5 : Operation 199 [1/1] (0.38ns)   --->   "%store_ln40 = store i32 %distance_buffer_1_33, i32 %distance_buffer_1_22" [sssp_kernel.cpp:40]   --->   Operation 199 'store' 'store_ln40' <Predicate = (!icmp_ln39 & icmp_ln39_1 & dst == 22)> <Delay = 0.38>
ST_5 : Operation 200 [1/1] (0.00ns)   --->   "%br_ln40 = br void %.split2._crit_edge" [sssp_kernel.cpp:40]   --->   Operation 200 'br' 'br_ln40' <Predicate = (!icmp_ln39 & icmp_ln39_1 & dst == 22)> <Delay = 0.00>
ST_5 : Operation 201 [1/1] (0.38ns)   --->   "%store_ln40 = store i32 %distance_buffer_1_33, i32 %distance_buffer_1_21" [sssp_kernel.cpp:40]   --->   Operation 201 'store' 'store_ln40' <Predicate = (!icmp_ln39 & icmp_ln39_1 & dst == 21)> <Delay = 0.38>
ST_5 : Operation 202 [1/1] (0.00ns)   --->   "%br_ln40 = br void %.split2._crit_edge" [sssp_kernel.cpp:40]   --->   Operation 202 'br' 'br_ln40' <Predicate = (!icmp_ln39 & icmp_ln39_1 & dst == 21)> <Delay = 0.00>
ST_5 : Operation 203 [1/1] (0.38ns)   --->   "%store_ln40 = store i32 %distance_buffer_1_33, i32 %distance_buffer_1_20" [sssp_kernel.cpp:40]   --->   Operation 203 'store' 'store_ln40' <Predicate = (!icmp_ln39 & icmp_ln39_1 & dst == 20)> <Delay = 0.38>
ST_5 : Operation 204 [1/1] (0.00ns)   --->   "%br_ln40 = br void %.split2._crit_edge" [sssp_kernel.cpp:40]   --->   Operation 204 'br' 'br_ln40' <Predicate = (!icmp_ln39 & icmp_ln39_1 & dst == 20)> <Delay = 0.00>
ST_5 : Operation 205 [1/1] (0.38ns)   --->   "%store_ln40 = store i32 %distance_buffer_1_33, i32 %distance_buffer_1_19" [sssp_kernel.cpp:40]   --->   Operation 205 'store' 'store_ln40' <Predicate = (!icmp_ln39 & icmp_ln39_1 & dst == 19)> <Delay = 0.38>
ST_5 : Operation 206 [1/1] (0.00ns)   --->   "%br_ln40 = br void %.split2._crit_edge" [sssp_kernel.cpp:40]   --->   Operation 206 'br' 'br_ln40' <Predicate = (!icmp_ln39 & icmp_ln39_1 & dst == 19)> <Delay = 0.00>
ST_5 : Operation 207 [1/1] (0.38ns)   --->   "%store_ln40 = store i32 %distance_buffer_1_33, i32 %distance_buffer_1_18" [sssp_kernel.cpp:40]   --->   Operation 207 'store' 'store_ln40' <Predicate = (!icmp_ln39 & icmp_ln39_1 & dst == 18)> <Delay = 0.38>
ST_5 : Operation 208 [1/1] (0.00ns)   --->   "%br_ln40 = br void %.split2._crit_edge" [sssp_kernel.cpp:40]   --->   Operation 208 'br' 'br_ln40' <Predicate = (!icmp_ln39 & icmp_ln39_1 & dst == 18)> <Delay = 0.00>
ST_5 : Operation 209 [1/1] (0.38ns)   --->   "%store_ln40 = store i32 %distance_buffer_1_33, i32 %distance_buffer_1_17" [sssp_kernel.cpp:40]   --->   Operation 209 'store' 'store_ln40' <Predicate = (!icmp_ln39 & icmp_ln39_1 & dst == 17)> <Delay = 0.38>
ST_5 : Operation 210 [1/1] (0.00ns)   --->   "%br_ln40 = br void %.split2._crit_edge" [sssp_kernel.cpp:40]   --->   Operation 210 'br' 'br_ln40' <Predicate = (!icmp_ln39 & icmp_ln39_1 & dst == 17)> <Delay = 0.00>
ST_5 : Operation 211 [1/1] (0.38ns)   --->   "%store_ln40 = store i32 %distance_buffer_1_33, i32 %distance_buffer_1_16" [sssp_kernel.cpp:40]   --->   Operation 211 'store' 'store_ln40' <Predicate = (!icmp_ln39 & icmp_ln39_1 & dst == 16)> <Delay = 0.38>
ST_5 : Operation 212 [1/1] (0.00ns)   --->   "%br_ln40 = br void %.split2._crit_edge" [sssp_kernel.cpp:40]   --->   Operation 212 'br' 'br_ln40' <Predicate = (!icmp_ln39 & icmp_ln39_1 & dst == 16)> <Delay = 0.00>
ST_5 : Operation 213 [1/1] (0.38ns)   --->   "%store_ln40 = store i32 %distance_buffer_1_33, i32 %distance_buffer_1_15" [sssp_kernel.cpp:40]   --->   Operation 213 'store' 'store_ln40' <Predicate = (!icmp_ln39 & icmp_ln39_1 & dst == 15)> <Delay = 0.38>
ST_5 : Operation 214 [1/1] (0.00ns)   --->   "%br_ln40 = br void %.split2._crit_edge" [sssp_kernel.cpp:40]   --->   Operation 214 'br' 'br_ln40' <Predicate = (!icmp_ln39 & icmp_ln39_1 & dst == 15)> <Delay = 0.00>
ST_5 : Operation 215 [1/1] (0.38ns)   --->   "%store_ln40 = store i32 %distance_buffer_1_33, i32 %distance_buffer_1_14" [sssp_kernel.cpp:40]   --->   Operation 215 'store' 'store_ln40' <Predicate = (!icmp_ln39 & icmp_ln39_1 & dst == 14)> <Delay = 0.38>
ST_5 : Operation 216 [1/1] (0.00ns)   --->   "%br_ln40 = br void %.split2._crit_edge" [sssp_kernel.cpp:40]   --->   Operation 216 'br' 'br_ln40' <Predicate = (!icmp_ln39 & icmp_ln39_1 & dst == 14)> <Delay = 0.00>
ST_5 : Operation 217 [1/1] (0.38ns)   --->   "%store_ln40 = store i32 %distance_buffer_1_33, i32 %distance_buffer_1_13" [sssp_kernel.cpp:40]   --->   Operation 217 'store' 'store_ln40' <Predicate = (!icmp_ln39 & icmp_ln39_1 & dst == 13)> <Delay = 0.38>
ST_5 : Operation 218 [1/1] (0.00ns)   --->   "%br_ln40 = br void %.split2._crit_edge" [sssp_kernel.cpp:40]   --->   Operation 218 'br' 'br_ln40' <Predicate = (!icmp_ln39 & icmp_ln39_1 & dst == 13)> <Delay = 0.00>
ST_5 : Operation 219 [1/1] (0.38ns)   --->   "%store_ln40 = store i32 %distance_buffer_1_33, i32 %distance_buffer_1_12" [sssp_kernel.cpp:40]   --->   Operation 219 'store' 'store_ln40' <Predicate = (!icmp_ln39 & icmp_ln39_1 & dst == 12)> <Delay = 0.38>
ST_5 : Operation 220 [1/1] (0.00ns)   --->   "%br_ln40 = br void %.split2._crit_edge" [sssp_kernel.cpp:40]   --->   Operation 220 'br' 'br_ln40' <Predicate = (!icmp_ln39 & icmp_ln39_1 & dst == 12)> <Delay = 0.00>
ST_5 : Operation 221 [1/1] (0.38ns)   --->   "%store_ln40 = store i32 %distance_buffer_1_33, i32 %distance_buffer_1_11" [sssp_kernel.cpp:40]   --->   Operation 221 'store' 'store_ln40' <Predicate = (!icmp_ln39 & icmp_ln39_1 & dst == 11)> <Delay = 0.38>
ST_5 : Operation 222 [1/1] (0.00ns)   --->   "%br_ln40 = br void %.split2._crit_edge" [sssp_kernel.cpp:40]   --->   Operation 222 'br' 'br_ln40' <Predicate = (!icmp_ln39 & icmp_ln39_1 & dst == 11)> <Delay = 0.00>
ST_5 : Operation 223 [1/1] (0.38ns)   --->   "%store_ln40 = store i32 %distance_buffer_1_33, i32 %distance_buffer_1_10" [sssp_kernel.cpp:40]   --->   Operation 223 'store' 'store_ln40' <Predicate = (!icmp_ln39 & icmp_ln39_1 & dst == 10)> <Delay = 0.38>
ST_5 : Operation 224 [1/1] (0.00ns)   --->   "%br_ln40 = br void %.split2._crit_edge" [sssp_kernel.cpp:40]   --->   Operation 224 'br' 'br_ln40' <Predicate = (!icmp_ln39 & icmp_ln39_1 & dst == 10)> <Delay = 0.00>
ST_5 : Operation 225 [1/1] (0.38ns)   --->   "%store_ln40 = store i32 %distance_buffer_1_33, i32 %distance_buffer_1_9" [sssp_kernel.cpp:40]   --->   Operation 225 'store' 'store_ln40' <Predicate = (!icmp_ln39 & icmp_ln39_1 & dst == 9)> <Delay = 0.38>
ST_5 : Operation 226 [1/1] (0.00ns)   --->   "%br_ln40 = br void %.split2._crit_edge" [sssp_kernel.cpp:40]   --->   Operation 226 'br' 'br_ln40' <Predicate = (!icmp_ln39 & icmp_ln39_1 & dst == 9)> <Delay = 0.00>
ST_5 : Operation 227 [1/1] (0.38ns)   --->   "%store_ln40 = store i32 %distance_buffer_1_33, i32 %distance_buffer_1_8" [sssp_kernel.cpp:40]   --->   Operation 227 'store' 'store_ln40' <Predicate = (!icmp_ln39 & icmp_ln39_1 & dst == 8)> <Delay = 0.38>
ST_5 : Operation 228 [1/1] (0.00ns)   --->   "%br_ln40 = br void %.split2._crit_edge" [sssp_kernel.cpp:40]   --->   Operation 228 'br' 'br_ln40' <Predicate = (!icmp_ln39 & icmp_ln39_1 & dst == 8)> <Delay = 0.00>
ST_5 : Operation 229 [1/1] (0.38ns)   --->   "%store_ln40 = store i32 %distance_buffer_1_33, i32 %distance_buffer_1_7" [sssp_kernel.cpp:40]   --->   Operation 229 'store' 'store_ln40' <Predicate = (!icmp_ln39 & icmp_ln39_1 & dst == 7)> <Delay = 0.38>
ST_5 : Operation 230 [1/1] (0.00ns)   --->   "%br_ln40 = br void %.split2._crit_edge" [sssp_kernel.cpp:40]   --->   Operation 230 'br' 'br_ln40' <Predicate = (!icmp_ln39 & icmp_ln39_1 & dst == 7)> <Delay = 0.00>
ST_5 : Operation 231 [1/1] (0.38ns)   --->   "%store_ln40 = store i32 %distance_buffer_1_33, i32 %distance_buffer_1_6" [sssp_kernel.cpp:40]   --->   Operation 231 'store' 'store_ln40' <Predicate = (!icmp_ln39 & icmp_ln39_1 & dst == 6)> <Delay = 0.38>
ST_5 : Operation 232 [1/1] (0.00ns)   --->   "%br_ln40 = br void %.split2._crit_edge" [sssp_kernel.cpp:40]   --->   Operation 232 'br' 'br_ln40' <Predicate = (!icmp_ln39 & icmp_ln39_1 & dst == 6)> <Delay = 0.00>
ST_5 : Operation 233 [1/1] (0.38ns)   --->   "%store_ln40 = store i32 %distance_buffer_1_33, i32 %distance_buffer_1_5" [sssp_kernel.cpp:40]   --->   Operation 233 'store' 'store_ln40' <Predicate = (!icmp_ln39 & icmp_ln39_1 & dst == 5)> <Delay = 0.38>
ST_5 : Operation 234 [1/1] (0.00ns)   --->   "%br_ln40 = br void %.split2._crit_edge" [sssp_kernel.cpp:40]   --->   Operation 234 'br' 'br_ln40' <Predicate = (!icmp_ln39 & icmp_ln39_1 & dst == 5)> <Delay = 0.00>
ST_5 : Operation 235 [1/1] (0.38ns)   --->   "%store_ln40 = store i32 %distance_buffer_1_33, i32 %distance_buffer_1_4" [sssp_kernel.cpp:40]   --->   Operation 235 'store' 'store_ln40' <Predicate = (!icmp_ln39 & icmp_ln39_1 & dst == 4)> <Delay = 0.38>
ST_5 : Operation 236 [1/1] (0.00ns)   --->   "%br_ln40 = br void %.split2._crit_edge" [sssp_kernel.cpp:40]   --->   Operation 236 'br' 'br_ln40' <Predicate = (!icmp_ln39 & icmp_ln39_1 & dst == 4)> <Delay = 0.00>
ST_5 : Operation 237 [1/1] (0.38ns)   --->   "%store_ln40 = store i32 %distance_buffer_1_33, i32 %distance_buffer_1_3" [sssp_kernel.cpp:40]   --->   Operation 237 'store' 'store_ln40' <Predicate = (!icmp_ln39 & icmp_ln39_1 & dst == 3)> <Delay = 0.38>
ST_5 : Operation 238 [1/1] (0.00ns)   --->   "%br_ln40 = br void %.split2._crit_edge" [sssp_kernel.cpp:40]   --->   Operation 238 'br' 'br_ln40' <Predicate = (!icmp_ln39 & icmp_ln39_1 & dst == 3)> <Delay = 0.00>
ST_5 : Operation 239 [1/1] (0.38ns)   --->   "%store_ln40 = store i32 %distance_buffer_1_33, i32 %distance_buffer_1_2" [sssp_kernel.cpp:40]   --->   Operation 239 'store' 'store_ln40' <Predicate = (!icmp_ln39 & icmp_ln39_1 & dst == 2)> <Delay = 0.38>
ST_5 : Operation 240 [1/1] (0.00ns)   --->   "%br_ln40 = br void %.split2._crit_edge" [sssp_kernel.cpp:40]   --->   Operation 240 'br' 'br_ln40' <Predicate = (!icmp_ln39 & icmp_ln39_1 & dst == 2)> <Delay = 0.00>
ST_5 : Operation 241 [1/1] (0.38ns)   --->   "%store_ln40 = store i32 %distance_buffer_1_33, i32 %distance_buffer_1_1" [sssp_kernel.cpp:40]   --->   Operation 241 'store' 'store_ln40' <Predicate = (!icmp_ln39 & icmp_ln39_1 & dst == 1)> <Delay = 0.38>
ST_5 : Operation 242 [1/1] (0.00ns)   --->   "%br_ln40 = br void %.split2._crit_edge" [sssp_kernel.cpp:40]   --->   Operation 242 'br' 'br_ln40' <Predicate = (!icmp_ln39 & icmp_ln39_1 & dst == 1)> <Delay = 0.00>
ST_5 : Operation 243 [1/1] (0.38ns)   --->   "%store_ln40 = store i32 %distance_buffer_1_33, i32 %distance_buffer_1" [sssp_kernel.cpp:40]   --->   Operation 243 'store' 'store_ln40' <Predicate = (!icmp_ln39 & icmp_ln39_1 & dst == 0)> <Delay = 0.38>
ST_5 : Operation 244 [1/1] (0.00ns)   --->   "%br_ln40 = br void %.split2._crit_edge" [sssp_kernel.cpp:40]   --->   Operation 244 'br' 'br_ln40' <Predicate = (!icmp_ln39 & icmp_ln39_1 & dst == 0)> <Delay = 0.00>
ST_5 : Operation 245 [1/1] (0.38ns)   --->   "%store_ln40 = store i32 %distance_buffer_1_33, i32 %distance_buffer_1_31" [sssp_kernel.cpp:40]   --->   Operation 245 'store' 'store_ln40' <Predicate = (!icmp_ln39 & icmp_ln39_1 & dst == 31)> <Delay = 0.38>
ST_5 : Operation 246 [1/1] (0.00ns)   --->   "%br_ln40 = br void %.split2._crit_edge" [sssp_kernel.cpp:40]   --->   Operation 246 'br' 'br_ln40' <Predicate = (!icmp_ln39 & icmp_ln39_1 & dst == 31)> <Delay = 0.00>


============================================================
+ Verbose Summary: Timing violations
============================================================
Target clock period: 3.33ns, clock uncertainty: 0.9ns.

 <State 1>: 0.387ns
The critical path consists of the following:
	'alloca' operation ('distance_buffer[1]') [105]  (0 ns)
	'store' operation ('store_ln0') of variable 'distance_buffer_31_0_reload_read' on local variable 'distance_buffer[1]' [142]  (0.387 ns)

 <State 2>: 2ns
The critical path consists of the following:
	'load' operation ('j_1_load', sssp_kernel.cpp:33) on local variable 'j' [183]  (0 ns)
	'icmp' operation ('icmp_ln33', sssp_kernel.cpp:33) [217]  (0.619 ns)
	'select' operation ('select_ln32', sssp_kernel.cpp:32) [218]  (0.293 ns)
	'add' operation ('add_ln33', sssp_kernel.cpp:33) [342]  (0.706 ns)
	'store' operation ('store_ln33', sssp_kernel.cpp:33) of variable 'add_ln33', sssp_kernel.cpp:33 on local variable 'j' [344]  (0.387 ns)

 <State 3>: 2.39ns
The critical path consists of the following:
	'add' operation ('add_ln35', sssp_kernel.cpp:35) [220]  (0.745 ns)
	'getelementptr' operation ('local_in_a_addr', sssp_kernel.cpp:35) [222]  (0 ns)
	'load' operation ('src', sssp_kernel.cpp:35) on array 'local_in_a' [231]  (1.65 ns)

 <State 4>: 2.3ns
The critical path consists of the following:
	'load' operation ('src', sssp_kernel.cpp:35) on array 'local_in_a' [231]  (1.65 ns)
	'mux' operation ('tmp', sssp_kernel.cpp:39) [235]  (0.654 ns)

 <State 5>: 2.13ns
The critical path consists of the following:
	'add' operation ('distance_buffer[1]', sssp_kernel.cpp:39) [239]  (0.88 ns)
	'icmp' operation ('icmp_ln39_1', sssp_kernel.cpp:39) [241]  (0.859 ns)
	blocking operation 0.387 ns on control path)


============================================================
+ Verbose Summary: Binding
============================================================
N/A
* FSMD analyzer results:
  - Output states:
 - Input state : 
  - Chain level:
	State 1
	State 2
	State 3
	State 4
	State 5


============================================================
+ Verbose Summary: Datapath Resource usage 
============================================================
N/A
