

================================================================
== Vitis HLS Report for 'buffer_compute_1'
================================================================
* Date:           Mon Jul 10 16:45:19 2023

* Version:        2021.1 (Build 3247384 on Thu Jun 10 19:36:07 MDT 2021)
* Project:        prj
* Solution:       sol (Vivado IP Flow Target)
* Product family: virtexuplus
* Target device:  xcu250-figd2104-2L-e


================================================================
== Performance Estimates
================================================================
+ Timing: 
    * Summary: 
    +--------+---------+----------+------------+
    |  Clock |  Target | Estimated| Uncertainty|
    +--------+---------+----------+------------+
    |ap_clk  |  3.33 ns|  2.729 ns|     0.90 ns|
    +--------+---------+----------+------------+

+ Latency: 
    * Summary: 
    +---------+---------+----------+----------+-----+-----+---------+
    |  Latency (cycles) |  Latency (absolute) |  Interval | Pipeline|
    |   min   |   max   |    min   |    max   | min | max |   Type  |
    +---------+---------+----------+----------+-----+-----+---------+
    |        ?|        ?|         ?|         ?|    ?|    ?|       no|
    +---------+---------+----------+----------+-----+-----+---------+

    + Detail: 
        * Instance: 
        +------------------------+-------------+---------+---------+----------+----------+-----+-----+---------+
        |                        |             |  Latency (cycles) |  Latency (absolute) |  Interval | Pipeline|
        |        Instance        |    Module   |   min   |   max   |    min   |    max   | min | max |   Type  |
        +------------------------+-------------+---------+---------+----------+----------+-----+-----+---------+
        |grp_PE_kernel_1_fu_522  |PE_kernel_1  |        ?|        ?|         ?|         ?|    ?|    ?|       no|
        +------------------------+-------------+---------+---------+----------+----------+-----+-----+---------+

        * Loop: 
        N/A



================================================================
== Utilization Estimates
================================================================
* Summary: 
+---------------------+---------+-------+---------+---------+------+
|         Name        | BRAM_18K|  DSP  |    FF   |   LUT   | URAM |
+---------------------+---------+-------+---------+---------+------+
|DSP                  |        -|      -|        -|        -|     -|
|Expression           |        -|      -|        -|        -|     -|
|FIFO                 |        -|      -|        -|        -|     -|
|Instance             |        -|      -|     3324|     1616|     -|
|Memory               |        -|      -|        -|        -|     -|
|Multiplexer          |        -|      -|        -|     5732|     -|
|Register             |        -|      -|      257|        -|     -|
+---------------------+---------+-------+---------+---------+------+
|Total                |        0|      0|     3581|     7348|     0|
+---------------------+---------+-------+---------+---------+------+
|Available SLR        |     1344|   3072|   864000|   432000|   320|
+---------------------+---------+-------+---------+---------+------+
|Utilization SLR (%)  |        0|      0|       ~0|        1|     0|
+---------------------+---------+-------+---------+---------+------+
|Available            |     5376|  12288|  3456000|  1728000|  1280|
+---------------------+---------+-------+---------+---------+------+
|Utilization (%)      |        0|      0|       ~0|       ~0|     0|
+---------------------+---------+-------+---------+---------+------+

+ Detail: 
    * Instance: 
    +------------------------+-------------+---------+----+------+------+-----+
    |        Instance        |    Module   | BRAM_18K| DSP|  FF  |  LUT | URAM|
    +------------------------+-------------+---------+----+------+------+-----+
    |grp_PE_kernel_1_fu_522  |PE_kernel_1  |        0|   0|  3324|  1616|    0|
    +------------------------+-------------+---------+----+------+------+-----+
    |Total                   |             |        0|   0|  3324|  1616|    0|
    +------------------------+-------------+---------+----+------+------+-----+

    * DSP: 
    N/A

    * Memory: 
    N/A

    * FIFO: 
    N/A

    * Expression: 
    N/A

    * Multiplexer: 
    +------------------------------------------+------+-----------+-----+-----------+
    |                   Name                   |  LUT | Input Size| Bits| Total Bits|
    +------------------------------------------+------+-----------+-----+-----------+
    |ap_NS_fsm                                 |  1367|        257|    1|        257|
    |grp_PE_kernel_1_fu_522_local_in_a_offset  |   678|        129|    7|        903|
    |grp_PE_kernel_1_fu_522_local_in_b_offset  |   678|        129|    7|        903|
    |grp_PE_kernel_1_fu_522_local_in_c_offset  |   678|        129|    7|        903|
    |local_in_a_ce0                            |     9|          2|    1|          2|
    |local_in_b_ce0                            |     9|          2|    1|          2|
    |local_in_c_ce0                            |     9|          2|    1|          2|
    |local_out_0_ce0                           |     9|          2|    1|          2|
    |local_out_0_we0                           |     9|          2|    1|          2|
    |local_out_100_ce0                         |     9|          2|    1|          2|
    |local_out_100_we0                         |     9|          2|    1|          2|
    |local_out_101_ce0                         |     9|          2|    1|          2|
    |local_out_101_we0                         |     9|          2|    1|          2|
    |local_out_102_ce0                         |     9|          2|    1|          2|
    |local_out_102_we0                         |     9|          2|    1|          2|
    |local_out_103_ce0                         |     9|          2|    1|          2|
    |local_out_103_we0                         |     9|          2|    1|          2|
    |local_out_104_ce0                         |     9|          2|    1|          2|
    |local_out_104_we0                         |     9|          2|    1|          2|
    |local_out_105_ce0                         |     9|          2|    1|          2|
    |local_out_105_we0                         |     9|          2|    1|          2|
    |local_out_106_ce0                         |     9|          2|    1|          2|
    |local_out_106_we0                         |     9|          2|    1|          2|
    |local_out_107_ce0                         |     9|          2|    1|          2|
    |local_out_107_we0                         |     9|          2|    1|          2|
    |local_out_108_ce0                         |     9|          2|    1|          2|
    |local_out_108_we0                         |     9|          2|    1|          2|
    |local_out_109_ce0                         |     9|          2|    1|          2|
    |local_out_109_we0                         |     9|          2|    1|          2|
    |local_out_10_ce0                          |     9|          2|    1|          2|
    |local_out_10_we0                          |     9|          2|    1|          2|
    |local_out_110_ce0                         |     9|          2|    1|          2|
    |local_out_110_we0                         |     9|          2|    1|          2|
    |local_out_111_ce0                         |     9|          2|    1|          2|
    |local_out_111_we0                         |     9|          2|    1|          2|
    |local_out_112_ce0                         |     9|          2|    1|          2|
    |local_out_112_we0                         |     9|          2|    1|          2|
    |local_out_113_ce0                         |     9|          2|    1|          2|
    |local_out_113_we0                         |     9|          2|    1|          2|
    |local_out_114_ce0                         |     9|          2|    1|          2|
    |local_out_114_we0                         |     9|          2|    1|          2|
    |local_out_115_ce0                         |     9|          2|    1|          2|
    |local_out_115_we0                         |     9|          2|    1|          2|
    |local_out_116_ce0                         |     9|          2|    1|          2|
    |local_out_116_we0                         |     9|          2|    1|          2|
    |local_out_117_ce0                         |     9|          2|    1|          2|
    |local_out_117_we0                         |     9|          2|    1|          2|
    |local_out_118_ce0                         |     9|          2|    1|          2|
    |local_out_118_we0                         |     9|          2|    1|          2|
    |local_out_119_ce0                         |     9|          2|    1|          2|
    |local_out_119_we0                         |     9|          2|    1|          2|
    |local_out_11_ce0                          |     9|          2|    1|          2|
    |local_out_11_we0                          |     9|          2|    1|          2|
    |local_out_120_ce0                         |     9|          2|    1|          2|
    |local_out_120_we0                         |     9|          2|    1|          2|
    |local_out_121_ce0                         |     9|          2|    1|          2|
    |local_out_121_we0                         |     9|          2|    1|          2|
    |local_out_122_ce0                         |     9|          2|    1|          2|
    |local_out_122_we0                         |     9|          2|    1|          2|
    |local_out_123_ce0                         |     9|          2|    1|          2|
    |local_out_123_we0                         |     9|          2|    1|          2|
    |local_out_124_ce0                         |     9|          2|    1|          2|
    |local_out_124_we0                         |     9|          2|    1|          2|
    |local_out_125_ce0                         |     9|          2|    1|          2|
    |local_out_125_we0                         |     9|          2|    1|          2|
    |local_out_126_ce0                         |     9|          2|    1|          2|
    |local_out_126_we0                         |     9|          2|    1|          2|
    |local_out_127_ce0                         |     9|          2|    1|          2|
    |local_out_127_we0                         |     9|          2|    1|          2|
    |local_out_12_ce0                          |     9|          2|    1|          2|
    |local_out_12_we0                          |     9|          2|    1|          2|
    |local_out_13_ce0                          |     9|          2|    1|          2|
    |local_out_13_we0                          |     9|          2|    1|          2|
    |local_out_14_ce0                          |     9|          2|    1|          2|
    |local_out_14_we0                          |     9|          2|    1|          2|
    |local_out_15_ce0                          |     9|          2|    1|          2|
    |local_out_15_we0                          |     9|          2|    1|          2|
    |local_out_16_ce0                          |     9|          2|    1|          2|
    |local_out_16_we0                          |     9|          2|    1|          2|
    |local_out_17_ce0                          |     9|          2|    1|          2|
    |local_out_17_we0                          |     9|          2|    1|          2|
    |local_out_18_ce0                          |     9|          2|    1|          2|
    |local_out_18_we0                          |     9|          2|    1|          2|
    |local_out_19_ce0                          |     9|          2|    1|          2|
    |local_out_19_we0                          |     9|          2|    1|          2|
    |local_out_1_ce0                           |     9|          2|    1|          2|
    |local_out_1_we0                           |     9|          2|    1|          2|
    |local_out_20_ce0                          |     9|          2|    1|          2|
    |local_out_20_we0                          |     9|          2|    1|          2|
    |local_out_21_ce0                          |     9|          2|    1|          2|
    |local_out_21_we0                          |     9|          2|    1|          2|
    |local_out_22_ce0                          |     9|          2|    1|          2|
    |local_out_22_we0                          |     9|          2|    1|          2|
    |local_out_23_ce0                          |     9|          2|    1|          2|
    |local_out_23_we0                          |     9|          2|    1|          2|
    |local_out_24_ce0                          |     9|          2|    1|          2|
    |local_out_24_we0                          |     9|          2|    1|          2|
    |local_out_25_ce0                          |     9|          2|    1|          2|
    |local_out_25_we0                          |     9|          2|    1|          2|
    |local_out_26_ce0                          |     9|          2|    1|          2|
    |local_out_26_we0                          |     9|          2|    1|          2|
    |local_out_27_ce0                          |     9|          2|    1|          2|
    |local_out_27_we0                          |     9|          2|    1|          2|
    |local_out_28_ce0                          |     9|          2|    1|          2|
    |local_out_28_we0                          |     9|          2|    1|          2|
    |local_out_29_ce0                          |     9|          2|    1|          2|
    |local_out_29_we0                          |     9|          2|    1|          2|
    |local_out_2_ce0                           |     9|          2|    1|          2|
    |local_out_2_we0                           |     9|          2|    1|          2|
    |local_out_30_ce0                          |     9|          2|    1|          2|
    |local_out_30_we0                          |     9|          2|    1|          2|
    |local_out_31_ce0                          |     9|          2|    1|          2|
    |local_out_31_we0                          |     9|          2|    1|          2|
    |local_out_32_ce0                          |     9|          2|    1|          2|
    |local_out_32_we0                          |     9|          2|    1|          2|
    |local_out_33_ce0                          |     9|          2|    1|          2|
    |local_out_33_we0                          |     9|          2|    1|          2|
    |local_out_34_ce0                          |     9|          2|    1|          2|
    |local_out_34_we0                          |     9|          2|    1|          2|
    |local_out_35_ce0                          |     9|          2|    1|          2|
    |local_out_35_we0                          |     9|          2|    1|          2|
    |local_out_36_ce0                          |     9|          2|    1|          2|
    |local_out_36_we0                          |     9|          2|    1|          2|
    |local_out_37_ce0                          |     9|          2|    1|          2|
    |local_out_37_we0                          |     9|          2|    1|          2|
    |local_out_38_ce0                          |     9|          2|    1|          2|
    |local_out_38_we0                          |     9|          2|    1|          2|
    |local_out_39_ce0                          |     9|          2|    1|          2|
    |local_out_39_we0                          |     9|          2|    1|          2|
    |local_out_3_ce0                           |     9|          2|    1|          2|
    |local_out_3_we0                           |     9|          2|    1|          2|
    |local_out_40_ce0                          |     9|          2|    1|          2|
    |local_out_40_we0                          |     9|          2|    1|          2|
    |local_out_41_ce0                          |     9|          2|    1|          2|
    |local_out_41_we0                          |     9|          2|    1|          2|
    |local_out_42_ce0                          |     9|          2|    1|          2|
    |local_out_42_we0                          |     9|          2|    1|          2|
    |local_out_43_ce0                          |     9|          2|    1|          2|
    |local_out_43_we0                          |     9|          2|    1|          2|
    |local_out_44_ce0                          |     9|          2|    1|          2|
    |local_out_44_we0                          |     9|          2|    1|          2|
    |local_out_45_ce0                          |     9|          2|    1|          2|
    |local_out_45_we0                          |     9|          2|    1|          2|
    |local_out_46_ce0                          |     9|          2|    1|          2|
    |local_out_46_we0                          |     9|          2|    1|          2|
    |local_out_47_ce0                          |     9|          2|    1|          2|
    |local_out_47_we0                          |     9|          2|    1|          2|
    |local_out_48_ce0                          |     9|          2|    1|          2|
    |local_out_48_we0                          |     9|          2|    1|          2|
    |local_out_49_ce0                          |     9|          2|    1|          2|
    |local_out_49_we0                          |     9|          2|    1|          2|
    |local_out_4_ce0                           |     9|          2|    1|          2|
    |local_out_4_we0                           |     9|          2|    1|          2|
    |local_out_50_ce0                          |     9|          2|    1|          2|
    |local_out_50_we0                          |     9|          2|    1|          2|
    |local_out_51_ce0                          |     9|          2|    1|          2|
    |local_out_51_we0                          |     9|          2|    1|          2|
    |local_out_52_ce0                          |     9|          2|    1|          2|
    |local_out_52_we0                          |     9|          2|    1|          2|
    |local_out_53_ce0                          |     9|          2|    1|          2|
    |local_out_53_we0                          |     9|          2|    1|          2|
    |local_out_54_ce0                          |     9|          2|    1|          2|
    |local_out_54_we0                          |     9|          2|    1|          2|
    |local_out_55_ce0                          |     9|          2|    1|          2|
    |local_out_55_we0                          |     9|          2|    1|          2|
    |local_out_56_ce0                          |     9|          2|    1|          2|
    |local_out_56_we0                          |     9|          2|    1|          2|
    |local_out_57_ce0                          |     9|          2|    1|          2|
    |local_out_57_we0                          |     9|          2|    1|          2|
    |local_out_58_ce0                          |     9|          2|    1|          2|
    |local_out_58_we0                          |     9|          2|    1|          2|
    |local_out_59_ce0                          |     9|          2|    1|          2|
    |local_out_59_we0                          |     9|          2|    1|          2|
    |local_out_5_ce0                           |     9|          2|    1|          2|
    |local_out_5_we0                           |     9|          2|    1|          2|
    |local_out_60_ce0                          |     9|          2|    1|          2|
    |local_out_60_we0                          |     9|          2|    1|          2|
    |local_out_61_ce0                          |     9|          2|    1|          2|
    |local_out_61_we0                          |     9|          2|    1|          2|
    |local_out_62_ce0                          |     9|          2|    1|          2|
    |local_out_62_we0                          |     9|          2|    1|          2|
    |local_out_63_ce0                          |     9|          2|    1|          2|
    |local_out_63_we0                          |     9|          2|    1|          2|
    |local_out_64_ce0                          |     9|          2|    1|          2|
    |local_out_64_we0                          |     9|          2|    1|          2|
    |local_out_65_ce0                          |     9|          2|    1|          2|
    |local_out_65_we0                          |     9|          2|    1|          2|
    |local_out_66_ce0                          |     9|          2|    1|          2|
    |local_out_66_we0                          |     9|          2|    1|          2|
    |local_out_67_ce0                          |     9|          2|    1|          2|
    |local_out_67_we0                          |     9|          2|    1|          2|
    |local_out_68_ce0                          |     9|          2|    1|          2|
    |local_out_68_we0                          |     9|          2|    1|          2|
    |local_out_69_ce0                          |     9|          2|    1|          2|
    |local_out_69_we0                          |     9|          2|    1|          2|
    |local_out_6_ce0                           |     9|          2|    1|          2|
    |local_out_6_we0                           |     9|          2|    1|          2|
    |local_out_70_ce0                          |     9|          2|    1|          2|
    |local_out_70_we0                          |     9|          2|    1|          2|
    |local_out_71_ce0                          |     9|          2|    1|          2|
    |local_out_71_we0                          |     9|          2|    1|          2|
    |local_out_72_ce0                          |     9|          2|    1|          2|
    |local_out_72_we0                          |     9|          2|    1|          2|
    |local_out_73_ce0                          |     9|          2|    1|          2|
    |local_out_73_we0                          |     9|          2|    1|          2|
    |local_out_74_ce0                          |     9|          2|    1|          2|
    |local_out_74_we0                          |     9|          2|    1|          2|
    |local_out_75_ce0                          |     9|          2|    1|          2|
    |local_out_75_we0                          |     9|          2|    1|          2|
    |local_out_76_ce0                          |     9|          2|    1|          2|
    |local_out_76_we0                          |     9|          2|    1|          2|
    |local_out_77_ce0                          |     9|          2|    1|          2|
    |local_out_77_we0                          |     9|          2|    1|          2|
    |local_out_78_ce0                          |     9|          2|    1|          2|
    |local_out_78_we0                          |     9|          2|    1|          2|
    |local_out_79_ce0                          |     9|          2|    1|          2|
    |local_out_79_we0                          |     9|          2|    1|          2|
    |local_out_7_ce0                           |     9|          2|    1|          2|
    |local_out_7_we0                           |     9|          2|    1|          2|
    |local_out_80_ce0                          |     9|          2|    1|          2|
    |local_out_80_we0                          |     9|          2|    1|          2|
    |local_out_81_ce0                          |     9|          2|    1|          2|
    |local_out_81_we0                          |     9|          2|    1|          2|
    |local_out_82_ce0                          |     9|          2|    1|          2|
    |local_out_82_we0                          |     9|          2|    1|          2|
    |local_out_83_ce0                          |     9|          2|    1|          2|
    |local_out_83_we0                          |     9|          2|    1|          2|
    |local_out_84_ce0                          |     9|          2|    1|          2|
    |local_out_84_we0                          |     9|          2|    1|          2|
    |local_out_85_ce0                          |     9|          2|    1|          2|
    |local_out_85_we0                          |     9|          2|    1|          2|
    |local_out_86_ce0                          |     9|          2|    1|          2|
    |local_out_86_we0                          |     9|          2|    1|          2|
    |local_out_87_ce0                          |     9|          2|    1|          2|
    |local_out_87_we0                          |     9|          2|    1|          2|
    |local_out_88_ce0                          |     9|          2|    1|          2|
    |local_out_88_we0                          |     9|          2|    1|          2|
    |local_out_89_ce0                          |     9|          2|    1|          2|
    |local_out_89_we0                          |     9|          2|    1|          2|
    |local_out_8_ce0                           |     9|          2|    1|          2|
    |local_out_8_we0                           |     9|          2|    1|          2|
    |local_out_90_ce0                          |     9|          2|    1|          2|
    |local_out_90_we0                          |     9|          2|    1|          2|
    |local_out_91_ce0                          |     9|          2|    1|          2|
    |local_out_91_we0                          |     9|          2|    1|          2|
    |local_out_92_ce0                          |     9|          2|    1|          2|
    |local_out_92_we0                          |     9|          2|    1|          2|
    |local_out_93_ce0                          |     9|          2|    1|          2|
    |local_out_93_we0                          |     9|          2|    1|          2|
    |local_out_94_ce0                          |     9|          2|    1|          2|
    |local_out_94_we0                          |     9|          2|    1|          2|
    |local_out_95_ce0                          |     9|          2|    1|          2|
    |local_out_95_we0                          |     9|          2|    1|          2|
    |local_out_96_ce0                          |     9|          2|    1|          2|
    |local_out_96_we0                          |     9|          2|    1|          2|
    |local_out_97_ce0                          |     9|          2|    1|          2|
    |local_out_97_we0                          |     9|          2|    1|          2|
    |local_out_98_ce0                          |     9|          2|    1|          2|
    |local_out_98_we0                          |     9|          2|    1|          2|
    |local_out_99_ce0                          |     9|          2|    1|          2|
    |local_out_99_we0                          |     9|          2|    1|          2|
    |local_out_9_ce0                           |     9|          2|    1|          2|
    |local_out_9_we0                           |     9|          2|    1|          2|
    +------------------------------------------+------+-----------+-----+-----------+
    |Total                                     |  5732|       1162|  281|       3484|
    +------------------------------------------+------+-----------+-----+-----------+

    * Register: 
    +-------------------------------------+-----+----+-----+-----------+
    |                 Name                |  FF | LUT| Bits| Const Bits|
    +-------------------------------------+-----+----+-----+-----------+
    |ap_CS_fsm                            |  256|   0|  256|          0|
    |grp_PE_kernel_1_fu_522_ap_start_reg  |    1|   0|    1|          0|
    +-------------------------------------+-----+----+-----+-----------+
    |Total                                |  257|   0|  257|          0|
    +-------------------------------------+-----+----+-----+-----------+



================================================================
== Interface
================================================================
* Summary: 
+------------------------+-----+-----+------------+------------------+--------------+
|        RTL Ports       | Dir | Bits|  Protocol  |   Source Object  |    C Type    |
+------------------------+-----+-----+------------+------------------+--------------+
|ap_clk                  |   in|    1|  ap_ctrl_hs|  buffer_compute.1|  return value|
|ap_rst                  |   in|    1|  ap_ctrl_hs|  buffer_compute.1|  return value|
|ap_start                |   in|    1|  ap_ctrl_hs|  buffer_compute.1|  return value|
|ap_done                 |  out|    1|  ap_ctrl_hs|  buffer_compute.1|  return value|
|ap_idle                 |  out|    1|  ap_ctrl_hs|  buffer_compute.1|  return value|
|ap_ready                |  out|    1|  ap_ctrl_hs|  buffer_compute.1|  return value|
|local_in_a_address0     |  out|   12|   ap_memory|        local_in_a|         array|
|local_in_a_ce0          |  out|    1|   ap_memory|        local_in_a|         array|
|local_in_a_q0           |   in|   32|   ap_memory|        local_in_a|         array|
|local_in_b_address0     |  out|   12|   ap_memory|        local_in_b|         array|
|local_in_b_ce0          |  out|    1|   ap_memory|        local_in_b|         array|
|local_in_b_q0           |   in|    5|   ap_memory|        local_in_b|         array|
|local_in_c_address0     |  out|   12|   ap_memory|        local_in_c|         array|
|local_in_c_ce0          |  out|    1|   ap_memory|        local_in_c|         array|
|local_in_c_q0           |   in|   32|   ap_memory|        local_in_c|         array|
|local_out_0_address0    |  out|    5|   ap_memory|       local_out_0|         array|
|local_out_0_ce0         |  out|    1|   ap_memory|       local_out_0|         array|
|local_out_0_we0         |  out|    1|   ap_memory|       local_out_0|         array|
|local_out_0_d0          |  out|   32|   ap_memory|       local_out_0|         array|
|local_out_1_address0    |  out|    5|   ap_memory|       local_out_1|         array|
|local_out_1_ce0         |  out|    1|   ap_memory|       local_out_1|         array|
|local_out_1_we0         |  out|    1|   ap_memory|       local_out_1|         array|
|local_out_1_d0          |  out|   32|   ap_memory|       local_out_1|         array|
|local_out_2_address0    |  out|    5|   ap_memory|       local_out_2|         array|
|local_out_2_ce0         |  out|    1|   ap_memory|       local_out_2|         array|
|local_out_2_we0         |  out|    1|   ap_memory|       local_out_2|         array|
|local_out_2_d0          |  out|   32|   ap_memory|       local_out_2|         array|
|local_out_3_address0    |  out|    5|   ap_memory|       local_out_3|         array|
|local_out_3_ce0         |  out|    1|   ap_memory|       local_out_3|         array|
|local_out_3_we0         |  out|    1|   ap_memory|       local_out_3|         array|
|local_out_3_d0          |  out|   32|   ap_memory|       local_out_3|         array|
|local_out_4_address0    |  out|    5|   ap_memory|       local_out_4|         array|
|local_out_4_ce0         |  out|    1|   ap_memory|       local_out_4|         array|
|local_out_4_we0         |  out|    1|   ap_memory|       local_out_4|         array|
|local_out_4_d0          |  out|   32|   ap_memory|       local_out_4|         array|
|local_out_5_address0    |  out|    5|   ap_memory|       local_out_5|         array|
|local_out_5_ce0         |  out|    1|   ap_memory|       local_out_5|         array|
|local_out_5_we0         |  out|    1|   ap_memory|       local_out_5|         array|
|local_out_5_d0          |  out|   32|   ap_memory|       local_out_5|         array|
|local_out_6_address0    |  out|    5|   ap_memory|       local_out_6|         array|
|local_out_6_ce0         |  out|    1|   ap_memory|       local_out_6|         array|
|local_out_6_we0         |  out|    1|   ap_memory|       local_out_6|         array|
|local_out_6_d0          |  out|   32|   ap_memory|       local_out_6|         array|
|local_out_7_address0    |  out|    5|   ap_memory|       local_out_7|         array|
|local_out_7_ce0         |  out|    1|   ap_memory|       local_out_7|         array|
|local_out_7_we0         |  out|    1|   ap_memory|       local_out_7|         array|
|local_out_7_d0          |  out|   32|   ap_memory|       local_out_7|         array|
|local_out_8_address0    |  out|    5|   ap_memory|       local_out_8|         array|
|local_out_8_ce0         |  out|    1|   ap_memory|       local_out_8|         array|
|local_out_8_we0         |  out|    1|   ap_memory|       local_out_8|         array|
|local_out_8_d0          |  out|   32|   ap_memory|       local_out_8|         array|
|local_out_9_address0    |  out|    5|   ap_memory|       local_out_9|         array|
|local_out_9_ce0         |  out|    1|   ap_memory|       local_out_9|         array|
|local_out_9_we0         |  out|    1|   ap_memory|       local_out_9|         array|
|local_out_9_d0          |  out|   32|   ap_memory|       local_out_9|         array|
|local_out_10_address0   |  out|    5|   ap_memory|      local_out_10|         array|
|local_out_10_ce0        |  out|    1|   ap_memory|      local_out_10|         array|
|local_out_10_we0        |  out|    1|   ap_memory|      local_out_10|         array|
|local_out_10_d0         |  out|   32|   ap_memory|      local_out_10|         array|
|local_out_11_address0   |  out|    5|   ap_memory|      local_out_11|         array|
|local_out_11_ce0        |  out|    1|   ap_memory|      local_out_11|         array|
|local_out_11_we0        |  out|    1|   ap_memory|      local_out_11|         array|
|local_out_11_d0         |  out|   32|   ap_memory|      local_out_11|         array|
|local_out_12_address0   |  out|    5|   ap_memory|      local_out_12|         array|
|local_out_12_ce0        |  out|    1|   ap_memory|      local_out_12|         array|
|local_out_12_we0        |  out|    1|   ap_memory|      local_out_12|         array|
|local_out_12_d0         |  out|   32|   ap_memory|      local_out_12|         array|
|local_out_13_address0   |  out|    5|   ap_memory|      local_out_13|         array|
|local_out_13_ce0        |  out|    1|   ap_memory|      local_out_13|         array|
|local_out_13_we0        |  out|    1|   ap_memory|      local_out_13|         array|
|local_out_13_d0         |  out|   32|   ap_memory|      local_out_13|         array|
|local_out_14_address0   |  out|    5|   ap_memory|      local_out_14|         array|
|local_out_14_ce0        |  out|    1|   ap_memory|      local_out_14|         array|
|local_out_14_we0        |  out|    1|   ap_memory|      local_out_14|         array|
|local_out_14_d0         |  out|   32|   ap_memory|      local_out_14|         array|
|local_out_15_address0   |  out|    5|   ap_memory|      local_out_15|         array|
|local_out_15_ce0        |  out|    1|   ap_memory|      local_out_15|         array|
|local_out_15_we0        |  out|    1|   ap_memory|      local_out_15|         array|
|local_out_15_d0         |  out|   32|   ap_memory|      local_out_15|         array|
|local_out_16_address0   |  out|    5|   ap_memory|      local_out_16|         array|
|local_out_16_ce0        |  out|    1|   ap_memory|      local_out_16|         array|
|local_out_16_we0        |  out|    1|   ap_memory|      local_out_16|         array|
|local_out_16_d0         |  out|   32|   ap_memory|      local_out_16|         array|
|local_out_17_address0   |  out|    5|   ap_memory|      local_out_17|         array|
|local_out_17_ce0        |  out|    1|   ap_memory|      local_out_17|         array|
|local_out_17_we0        |  out|    1|   ap_memory|      local_out_17|         array|
|local_out_17_d0         |  out|   32|   ap_memory|      local_out_17|         array|
|local_out_18_address0   |  out|    5|   ap_memory|      local_out_18|         array|
|local_out_18_ce0        |  out|    1|   ap_memory|      local_out_18|         array|
|local_out_18_we0        |  out|    1|   ap_memory|      local_out_18|         array|
|local_out_18_d0         |  out|   32|   ap_memory|      local_out_18|         array|
|local_out_19_address0   |  out|    5|   ap_memory|      local_out_19|         array|
|local_out_19_ce0        |  out|    1|   ap_memory|      local_out_19|         array|
|local_out_19_we0        |  out|    1|   ap_memory|      local_out_19|         array|
|local_out_19_d0         |  out|   32|   ap_memory|      local_out_19|         array|
|local_out_20_address0   |  out|    5|   ap_memory|      local_out_20|         array|
|local_out_20_ce0        |  out|    1|   ap_memory|      local_out_20|         array|
|local_out_20_we0        |  out|    1|   ap_memory|      local_out_20|         array|
|local_out_20_d0         |  out|   32|   ap_memory|      local_out_20|         array|
|local_out_21_address0   |  out|    5|   ap_memory|      local_out_21|         array|
|local_out_21_ce0        |  out|    1|   ap_memory|      local_out_21|         array|
|local_out_21_we0        |  out|    1|   ap_memory|      local_out_21|         array|
|local_out_21_d0         |  out|   32|   ap_memory|      local_out_21|         array|
|local_out_22_address0   |  out|    5|   ap_memory|      local_out_22|         array|
|local_out_22_ce0        |  out|    1|   ap_memory|      local_out_22|         array|
|local_out_22_we0        |  out|    1|   ap_memory|      local_out_22|         array|
|local_out_22_d0         |  out|   32|   ap_memory|      local_out_22|         array|
|local_out_23_address0   |  out|    5|   ap_memory|      local_out_23|         array|
|local_out_23_ce0        |  out|    1|   ap_memory|      local_out_23|         array|
|local_out_23_we0        |  out|    1|   ap_memory|      local_out_23|         array|
|local_out_23_d0         |  out|   32|   ap_memory|      local_out_23|         array|
|local_out_24_address0   |  out|    5|   ap_memory|      local_out_24|         array|
|local_out_24_ce0        |  out|    1|   ap_memory|      local_out_24|         array|
|local_out_24_we0        |  out|    1|   ap_memory|      local_out_24|         array|
|local_out_24_d0         |  out|   32|   ap_memory|      local_out_24|         array|
|local_out_25_address0   |  out|    5|   ap_memory|      local_out_25|         array|
|local_out_25_ce0        |  out|    1|   ap_memory|      local_out_25|         array|
|local_out_25_we0        |  out|    1|   ap_memory|      local_out_25|         array|
|local_out_25_d0         |  out|   32|   ap_memory|      local_out_25|         array|
|local_out_26_address0   |  out|    5|   ap_memory|      local_out_26|         array|
|local_out_26_ce0        |  out|    1|   ap_memory|      local_out_26|         array|
|local_out_26_we0        |  out|    1|   ap_memory|      local_out_26|         array|
|local_out_26_d0         |  out|   32|   ap_memory|      local_out_26|         array|
|local_out_27_address0   |  out|    5|   ap_memory|      local_out_27|         array|
|local_out_27_ce0        |  out|    1|   ap_memory|      local_out_27|         array|
|local_out_27_we0        |  out|    1|   ap_memory|      local_out_27|         array|
|local_out_27_d0         |  out|   32|   ap_memory|      local_out_27|         array|
|local_out_28_address0   |  out|    5|   ap_memory|      local_out_28|         array|
|local_out_28_ce0        |  out|    1|   ap_memory|      local_out_28|         array|
|local_out_28_we0        |  out|    1|   ap_memory|      local_out_28|         array|
|local_out_28_d0         |  out|   32|   ap_memory|      local_out_28|         array|
|local_out_29_address0   |  out|    5|   ap_memory|      local_out_29|         array|
|local_out_29_ce0        |  out|    1|   ap_memory|      local_out_29|         array|
|local_out_29_we0        |  out|    1|   ap_memory|      local_out_29|         array|
|local_out_29_d0         |  out|   32|   ap_memory|      local_out_29|         array|
|local_out_30_address0   |  out|    5|   ap_memory|      local_out_30|         array|
|local_out_30_ce0        |  out|    1|   ap_memory|      local_out_30|         array|
|local_out_30_we0        |  out|    1|   ap_memory|      local_out_30|         array|
|local_out_30_d0         |  out|   32|   ap_memory|      local_out_30|         array|
|local_out_31_address0   |  out|    5|   ap_memory|      local_out_31|         array|
|local_out_31_ce0        |  out|    1|   ap_memory|      local_out_31|         array|
|local_out_31_we0        |  out|    1|   ap_memory|      local_out_31|         array|
|local_out_31_d0         |  out|   32|   ap_memory|      local_out_31|         array|
|local_out_32_address0   |  out|    5|   ap_memory|      local_out_32|         array|
|local_out_32_ce0        |  out|    1|   ap_memory|      local_out_32|         array|
|local_out_32_we0        |  out|    1|   ap_memory|      local_out_32|         array|
|local_out_32_d0         |  out|   32|   ap_memory|      local_out_32|         array|
|local_out_33_address0   |  out|    5|   ap_memory|      local_out_33|         array|
|local_out_33_ce0        |  out|    1|   ap_memory|      local_out_33|         array|
|local_out_33_we0        |  out|    1|   ap_memory|      local_out_33|         array|
|local_out_33_d0         |  out|   32|   ap_memory|      local_out_33|         array|
|local_out_34_address0   |  out|    5|   ap_memory|      local_out_34|         array|
|local_out_34_ce0        |  out|    1|   ap_memory|      local_out_34|         array|
|local_out_34_we0        |  out|    1|   ap_memory|      local_out_34|         array|
|local_out_34_d0         |  out|   32|   ap_memory|      local_out_34|         array|
|local_out_35_address0   |  out|    5|   ap_memory|      local_out_35|         array|
|local_out_35_ce0        |  out|    1|   ap_memory|      local_out_35|         array|
|local_out_35_we0        |  out|    1|   ap_memory|      local_out_35|         array|
|local_out_35_d0         |  out|   32|   ap_memory|      local_out_35|         array|
|local_out_36_address0   |  out|    5|   ap_memory|      local_out_36|         array|
|local_out_36_ce0        |  out|    1|   ap_memory|      local_out_36|         array|
|local_out_36_we0        |  out|    1|   ap_memory|      local_out_36|         array|
|local_out_36_d0         |  out|   32|   ap_memory|      local_out_36|         array|
|local_out_37_address0   |  out|    5|   ap_memory|      local_out_37|         array|
|local_out_37_ce0        |  out|    1|   ap_memory|      local_out_37|         array|
|local_out_37_we0        |  out|    1|   ap_memory|      local_out_37|         array|
|local_out_37_d0         |  out|   32|   ap_memory|      local_out_37|         array|
|local_out_38_address0   |  out|    5|   ap_memory|      local_out_38|         array|
|local_out_38_ce0        |  out|    1|   ap_memory|      local_out_38|         array|
|local_out_38_we0        |  out|    1|   ap_memory|      local_out_38|         array|
|local_out_38_d0         |  out|   32|   ap_memory|      local_out_38|         array|
|local_out_39_address0   |  out|    5|   ap_memory|      local_out_39|         array|
|local_out_39_ce0        |  out|    1|   ap_memory|      local_out_39|         array|
|local_out_39_we0        |  out|    1|   ap_memory|      local_out_39|         array|
|local_out_39_d0         |  out|   32|   ap_memory|      local_out_39|         array|
|local_out_40_address0   |  out|    5|   ap_memory|      local_out_40|         array|
|local_out_40_ce0        |  out|    1|   ap_memory|      local_out_40|         array|
|local_out_40_we0        |  out|    1|   ap_memory|      local_out_40|         array|
|local_out_40_d0         |  out|   32|   ap_memory|      local_out_40|         array|
|local_out_41_address0   |  out|    5|   ap_memory|      local_out_41|         array|
|local_out_41_ce0        |  out|    1|   ap_memory|      local_out_41|         array|
|local_out_41_we0        |  out|    1|   ap_memory|      local_out_41|         array|
|local_out_41_d0         |  out|   32|   ap_memory|      local_out_41|         array|
|local_out_42_address0   |  out|    5|   ap_memory|      local_out_42|         array|
|local_out_42_ce0        |  out|    1|   ap_memory|      local_out_42|         array|
|local_out_42_we0        |  out|    1|   ap_memory|      local_out_42|         array|
|local_out_42_d0         |  out|   32|   ap_memory|      local_out_42|         array|
|local_out_43_address0   |  out|    5|   ap_memory|      local_out_43|         array|
|local_out_43_ce0        |  out|    1|   ap_memory|      local_out_43|         array|
|local_out_43_we0        |  out|    1|   ap_memory|      local_out_43|         array|
|local_out_43_d0         |  out|   32|   ap_memory|      local_out_43|         array|
|local_out_44_address0   |  out|    5|   ap_memory|      local_out_44|         array|
|local_out_44_ce0        |  out|    1|   ap_memory|      local_out_44|         array|
|local_out_44_we0        |  out|    1|   ap_memory|      local_out_44|         array|
|local_out_44_d0         |  out|   32|   ap_memory|      local_out_44|         array|
|local_out_45_address0   |  out|    5|   ap_memory|      local_out_45|         array|
|local_out_45_ce0        |  out|    1|   ap_memory|      local_out_45|         array|
|local_out_45_we0        |  out|    1|   ap_memory|      local_out_45|         array|
|local_out_45_d0         |  out|   32|   ap_memory|      local_out_45|         array|
|local_out_46_address0   |  out|    5|   ap_memory|      local_out_46|         array|
|local_out_46_ce0        |  out|    1|   ap_memory|      local_out_46|         array|
|local_out_46_we0        |  out|    1|   ap_memory|      local_out_46|         array|
|local_out_46_d0         |  out|   32|   ap_memory|      local_out_46|         array|
|local_out_47_address0   |  out|    5|   ap_memory|      local_out_47|         array|
|local_out_47_ce0        |  out|    1|   ap_memory|      local_out_47|         array|
|local_out_47_we0        |  out|    1|   ap_memory|      local_out_47|         array|
|local_out_47_d0         |  out|   32|   ap_memory|      local_out_47|         array|
|local_out_48_address0   |  out|    5|   ap_memory|      local_out_48|         array|
|local_out_48_ce0        |  out|    1|   ap_memory|      local_out_48|         array|
|local_out_48_we0        |  out|    1|   ap_memory|      local_out_48|         array|
|local_out_48_d0         |  out|   32|   ap_memory|      local_out_48|         array|
|local_out_49_address0   |  out|    5|   ap_memory|      local_out_49|         array|
|local_out_49_ce0        |  out|    1|   ap_memory|      local_out_49|         array|
|local_out_49_we0        |  out|    1|   ap_memory|      local_out_49|         array|
|local_out_49_d0         |  out|   32|   ap_memory|      local_out_49|         array|
|local_out_50_address0   |  out|    5|   ap_memory|      local_out_50|         array|
|local_out_50_ce0        |  out|    1|   ap_memory|      local_out_50|         array|
|local_out_50_we0        |  out|    1|   ap_memory|      local_out_50|         array|
|local_out_50_d0         |  out|   32|   ap_memory|      local_out_50|         array|
|local_out_51_address0   |  out|    5|   ap_memory|      local_out_51|         array|
|local_out_51_ce0        |  out|    1|   ap_memory|      local_out_51|         array|
|local_out_51_we0        |  out|    1|   ap_memory|      local_out_51|         array|
|local_out_51_d0         |  out|   32|   ap_memory|      local_out_51|         array|
|local_out_52_address0   |  out|    5|   ap_memory|      local_out_52|         array|
|local_out_52_ce0        |  out|    1|   ap_memory|      local_out_52|         array|
|local_out_52_we0        |  out|    1|   ap_memory|      local_out_52|         array|
|local_out_52_d0         |  out|   32|   ap_memory|      local_out_52|         array|
|local_out_53_address0   |  out|    5|   ap_memory|      local_out_53|         array|
|local_out_53_ce0        |  out|    1|   ap_memory|      local_out_53|         array|
|local_out_53_we0        |  out|    1|   ap_memory|      local_out_53|         array|
|local_out_53_d0         |  out|   32|   ap_memory|      local_out_53|         array|
|local_out_54_address0   |  out|    5|   ap_memory|      local_out_54|         array|
|local_out_54_ce0        |  out|    1|   ap_memory|      local_out_54|         array|
|local_out_54_we0        |  out|    1|   ap_memory|      local_out_54|         array|
|local_out_54_d0         |  out|   32|   ap_memory|      local_out_54|         array|
|local_out_55_address0   |  out|    5|   ap_memory|      local_out_55|         array|
|local_out_55_ce0        |  out|    1|   ap_memory|      local_out_55|         array|
|local_out_55_we0        |  out|    1|   ap_memory|      local_out_55|         array|
|local_out_55_d0         |  out|   32|   ap_memory|      local_out_55|         array|
|local_out_56_address0   |  out|    5|   ap_memory|      local_out_56|         array|
|local_out_56_ce0        |  out|    1|   ap_memory|      local_out_56|         array|
|local_out_56_we0        |  out|    1|   ap_memory|      local_out_56|         array|
|local_out_56_d0         |  out|   32|   ap_memory|      local_out_56|         array|
|local_out_57_address0   |  out|    5|   ap_memory|      local_out_57|         array|
|local_out_57_ce0        |  out|    1|   ap_memory|      local_out_57|         array|
|local_out_57_we0        |  out|    1|   ap_memory|      local_out_57|         array|
|local_out_57_d0         |  out|   32|   ap_memory|      local_out_57|         array|
|local_out_58_address0   |  out|    5|   ap_memory|      local_out_58|         array|
|local_out_58_ce0        |  out|    1|   ap_memory|      local_out_58|         array|
|local_out_58_we0        |  out|    1|   ap_memory|      local_out_58|         array|
|local_out_58_d0         |  out|   32|   ap_memory|      local_out_58|         array|
|local_out_59_address0   |  out|    5|   ap_memory|      local_out_59|         array|
|local_out_59_ce0        |  out|    1|   ap_memory|      local_out_59|         array|
|local_out_59_we0        |  out|    1|   ap_memory|      local_out_59|         array|
|local_out_59_d0         |  out|   32|   ap_memory|      local_out_59|         array|
|local_out_60_address0   |  out|    5|   ap_memory|      local_out_60|         array|
|local_out_60_ce0        |  out|    1|   ap_memory|      local_out_60|         array|
|local_out_60_we0        |  out|    1|   ap_memory|      local_out_60|         array|
|local_out_60_d0         |  out|   32|   ap_memory|      local_out_60|         array|
|local_out_61_address0   |  out|    5|   ap_memory|      local_out_61|         array|
|local_out_61_ce0        |  out|    1|   ap_memory|      local_out_61|         array|
|local_out_61_we0        |  out|    1|   ap_memory|      local_out_61|         array|
|local_out_61_d0         |  out|   32|   ap_memory|      local_out_61|         array|
|local_out_62_address0   |  out|    5|   ap_memory|      local_out_62|         array|
|local_out_62_ce0        |  out|    1|   ap_memory|      local_out_62|         array|
|local_out_62_we0        |  out|    1|   ap_memory|      local_out_62|         array|
|local_out_62_d0         |  out|   32|   ap_memory|      local_out_62|         array|
|local_out_63_address0   |  out|    5|   ap_memory|      local_out_63|         array|
|local_out_63_ce0        |  out|    1|   ap_memory|      local_out_63|         array|
|local_out_63_we0        |  out|    1|   ap_memory|      local_out_63|         array|
|local_out_63_d0         |  out|   32|   ap_memory|      local_out_63|         array|
|local_out_64_address0   |  out|    5|   ap_memory|      local_out_64|         array|
|local_out_64_ce0        |  out|    1|   ap_memory|      local_out_64|         array|
|local_out_64_we0        |  out|    1|   ap_memory|      local_out_64|         array|
|local_out_64_d0         |  out|   32|   ap_memory|      local_out_64|         array|
|local_out_65_address0   |  out|    5|   ap_memory|      local_out_65|         array|
|local_out_65_ce0        |  out|    1|   ap_memory|      local_out_65|         array|
|local_out_65_we0        |  out|    1|   ap_memory|      local_out_65|         array|
|local_out_65_d0         |  out|   32|   ap_memory|      local_out_65|         array|
|local_out_66_address0   |  out|    5|   ap_memory|      local_out_66|         array|
|local_out_66_ce0        |  out|    1|   ap_memory|      local_out_66|         array|
|local_out_66_we0        |  out|    1|   ap_memory|      local_out_66|         array|
|local_out_66_d0         |  out|   32|   ap_memory|      local_out_66|         array|
|local_out_67_address0   |  out|    5|   ap_memory|      local_out_67|         array|
|local_out_67_ce0        |  out|    1|   ap_memory|      local_out_67|         array|
|local_out_67_we0        |  out|    1|   ap_memory|      local_out_67|         array|
|local_out_67_d0         |  out|   32|   ap_memory|      local_out_67|         array|
|local_out_68_address0   |  out|    5|   ap_memory|      local_out_68|         array|
|local_out_68_ce0        |  out|    1|   ap_memory|      local_out_68|         array|
|local_out_68_we0        |  out|    1|   ap_memory|      local_out_68|         array|
|local_out_68_d0         |  out|   32|   ap_memory|      local_out_68|         array|
|local_out_69_address0   |  out|    5|   ap_memory|      local_out_69|         array|
|local_out_69_ce0        |  out|    1|   ap_memory|      local_out_69|         array|
|local_out_69_we0        |  out|    1|   ap_memory|      local_out_69|         array|
|local_out_69_d0         |  out|   32|   ap_memory|      local_out_69|         array|
|local_out_70_address0   |  out|    5|   ap_memory|      local_out_70|         array|
|local_out_70_ce0        |  out|    1|   ap_memory|      local_out_70|         array|
|local_out_70_we0        |  out|    1|   ap_memory|      local_out_70|         array|
|local_out_70_d0         |  out|   32|   ap_memory|      local_out_70|         array|
|local_out_71_address0   |  out|    5|   ap_memory|      local_out_71|         array|
|local_out_71_ce0        |  out|    1|   ap_memory|      local_out_71|         array|
|local_out_71_we0        |  out|    1|   ap_memory|      local_out_71|         array|
|local_out_71_d0         |  out|   32|   ap_memory|      local_out_71|         array|
|local_out_72_address0   |  out|    5|   ap_memory|      local_out_72|         array|
|local_out_72_ce0        |  out|    1|   ap_memory|      local_out_72|         array|
|local_out_72_we0        |  out|    1|   ap_memory|      local_out_72|         array|
|local_out_72_d0         |  out|   32|   ap_memory|      local_out_72|         array|
|local_out_73_address0   |  out|    5|   ap_memory|      local_out_73|         array|
|local_out_73_ce0        |  out|    1|   ap_memory|      local_out_73|         array|
|local_out_73_we0        |  out|    1|   ap_memory|      local_out_73|         array|
|local_out_73_d0         |  out|   32|   ap_memory|      local_out_73|         array|
|local_out_74_address0   |  out|    5|   ap_memory|      local_out_74|         array|
|local_out_74_ce0        |  out|    1|   ap_memory|      local_out_74|         array|
|local_out_74_we0        |  out|    1|   ap_memory|      local_out_74|         array|
|local_out_74_d0         |  out|   32|   ap_memory|      local_out_74|         array|
|local_out_75_address0   |  out|    5|   ap_memory|      local_out_75|         array|
|local_out_75_ce0        |  out|    1|   ap_memory|      local_out_75|         array|
|local_out_75_we0        |  out|    1|   ap_memory|      local_out_75|         array|
|local_out_75_d0         |  out|   32|   ap_memory|      local_out_75|         array|
|local_out_76_address0   |  out|    5|   ap_memory|      local_out_76|         array|
|local_out_76_ce0        |  out|    1|   ap_memory|      local_out_76|         array|
|local_out_76_we0        |  out|    1|   ap_memory|      local_out_76|         array|
|local_out_76_d0         |  out|   32|   ap_memory|      local_out_76|         array|
|local_out_77_address0   |  out|    5|   ap_memory|      local_out_77|         array|
|local_out_77_ce0        |  out|    1|   ap_memory|      local_out_77|         array|
|local_out_77_we0        |  out|    1|   ap_memory|      local_out_77|         array|
|local_out_77_d0         |  out|   32|   ap_memory|      local_out_77|         array|
|local_out_78_address0   |  out|    5|   ap_memory|      local_out_78|         array|
|local_out_78_ce0        |  out|    1|   ap_memory|      local_out_78|         array|
|local_out_78_we0        |  out|    1|   ap_memory|      local_out_78|         array|
|local_out_78_d0         |  out|   32|   ap_memory|      local_out_78|         array|
|local_out_79_address0   |  out|    5|   ap_memory|      local_out_79|         array|
|local_out_79_ce0        |  out|    1|   ap_memory|      local_out_79|         array|
|local_out_79_we0        |  out|    1|   ap_memory|      local_out_79|         array|
|local_out_79_d0         |  out|   32|   ap_memory|      local_out_79|         array|
|local_out_80_address0   |  out|    5|   ap_memory|      local_out_80|         array|
|local_out_80_ce0        |  out|    1|   ap_memory|      local_out_80|         array|
|local_out_80_we0        |  out|    1|   ap_memory|      local_out_80|         array|
|local_out_80_d0         |  out|   32|   ap_memory|      local_out_80|         array|
|local_out_81_address0   |  out|    5|   ap_memory|      local_out_81|         array|
|local_out_81_ce0        |  out|    1|   ap_memory|      local_out_81|         array|
|local_out_81_we0        |  out|    1|   ap_memory|      local_out_81|         array|
|local_out_81_d0         |  out|   32|   ap_memory|      local_out_81|         array|
|local_out_82_address0   |  out|    5|   ap_memory|      local_out_82|         array|
|local_out_82_ce0        |  out|    1|   ap_memory|      local_out_82|         array|
|local_out_82_we0        |  out|    1|   ap_memory|      local_out_82|         array|
|local_out_82_d0         |  out|   32|   ap_memory|      local_out_82|         array|
|local_out_83_address0   |  out|    5|   ap_memory|      local_out_83|         array|
|local_out_83_ce0        |  out|    1|   ap_memory|      local_out_83|         array|
|local_out_83_we0        |  out|    1|   ap_memory|      local_out_83|         array|
|local_out_83_d0         |  out|   32|   ap_memory|      local_out_83|         array|
|local_out_84_address0   |  out|    5|   ap_memory|      local_out_84|         array|
|local_out_84_ce0        |  out|    1|   ap_memory|      local_out_84|         array|
|local_out_84_we0        |  out|    1|   ap_memory|      local_out_84|         array|
|local_out_84_d0         |  out|   32|   ap_memory|      local_out_84|         array|
|local_out_85_address0   |  out|    5|   ap_memory|      local_out_85|         array|
|local_out_85_ce0        |  out|    1|   ap_memory|      local_out_85|         array|
|local_out_85_we0        |  out|    1|   ap_memory|      local_out_85|         array|
|local_out_85_d0         |  out|   32|   ap_memory|      local_out_85|         array|
|local_out_86_address0   |  out|    5|   ap_memory|      local_out_86|         array|
|local_out_86_ce0        |  out|    1|   ap_memory|      local_out_86|         array|
|local_out_86_we0        |  out|    1|   ap_memory|      local_out_86|         array|
|local_out_86_d0         |  out|   32|   ap_memory|      local_out_86|         array|
|local_out_87_address0   |  out|    5|   ap_memory|      local_out_87|         array|
|local_out_87_ce0        |  out|    1|   ap_memory|      local_out_87|         array|
|local_out_87_we0        |  out|    1|   ap_memory|      local_out_87|         array|
|local_out_87_d0         |  out|   32|   ap_memory|      local_out_87|         array|
|local_out_88_address0   |  out|    5|   ap_memory|      local_out_88|         array|
|local_out_88_ce0        |  out|    1|   ap_memory|      local_out_88|         array|
|local_out_88_we0        |  out|    1|   ap_memory|      local_out_88|         array|
|local_out_88_d0         |  out|   32|   ap_memory|      local_out_88|         array|
|local_out_89_address0   |  out|    5|   ap_memory|      local_out_89|         array|
|local_out_89_ce0        |  out|    1|   ap_memory|      local_out_89|         array|
|local_out_89_we0        |  out|    1|   ap_memory|      local_out_89|         array|
|local_out_89_d0         |  out|   32|   ap_memory|      local_out_89|         array|
|local_out_90_address0   |  out|    5|   ap_memory|      local_out_90|         array|
|local_out_90_ce0        |  out|    1|   ap_memory|      local_out_90|         array|
|local_out_90_we0        |  out|    1|   ap_memory|      local_out_90|         array|
|local_out_90_d0         |  out|   32|   ap_memory|      local_out_90|         array|
|local_out_91_address0   |  out|    5|   ap_memory|      local_out_91|         array|
|local_out_91_ce0        |  out|    1|   ap_memory|      local_out_91|         array|
|local_out_91_we0        |  out|    1|   ap_memory|      local_out_91|         array|
|local_out_91_d0         |  out|   32|   ap_memory|      local_out_91|         array|
|local_out_92_address0   |  out|    5|   ap_memory|      local_out_92|         array|
|local_out_92_ce0        |  out|    1|   ap_memory|      local_out_92|         array|
|local_out_92_we0        |  out|    1|   ap_memory|      local_out_92|         array|
|local_out_92_d0         |  out|   32|   ap_memory|      local_out_92|         array|
|local_out_93_address0   |  out|    5|   ap_memory|      local_out_93|         array|
|local_out_93_ce0        |  out|    1|   ap_memory|      local_out_93|         array|
|local_out_93_we0        |  out|    1|   ap_memory|      local_out_93|         array|
|local_out_93_d0         |  out|   32|   ap_memory|      local_out_93|         array|
|local_out_94_address0   |  out|    5|   ap_memory|      local_out_94|         array|
|local_out_94_ce0        |  out|    1|   ap_memory|      local_out_94|         array|
|local_out_94_we0        |  out|    1|   ap_memory|      local_out_94|         array|
|local_out_94_d0         |  out|   32|   ap_memory|      local_out_94|         array|
|local_out_95_address0   |  out|    5|   ap_memory|      local_out_95|         array|
|local_out_95_ce0        |  out|    1|   ap_memory|      local_out_95|         array|
|local_out_95_we0        |  out|    1|   ap_memory|      local_out_95|         array|
|local_out_95_d0         |  out|   32|   ap_memory|      local_out_95|         array|
|local_out_96_address0   |  out|    5|   ap_memory|      local_out_96|         array|
|local_out_96_ce0        |  out|    1|   ap_memory|      local_out_96|         array|
|local_out_96_we0        |  out|    1|   ap_memory|      local_out_96|         array|
|local_out_96_d0         |  out|   32|   ap_memory|      local_out_96|         array|
|local_out_97_address0   |  out|    5|   ap_memory|      local_out_97|         array|
|local_out_97_ce0        |  out|    1|   ap_memory|      local_out_97|         array|
|local_out_97_we0        |  out|    1|   ap_memory|      local_out_97|         array|
|local_out_97_d0         |  out|   32|   ap_memory|      local_out_97|         array|
|local_out_98_address0   |  out|    5|   ap_memory|      local_out_98|         array|
|local_out_98_ce0        |  out|    1|   ap_memory|      local_out_98|         array|
|local_out_98_we0        |  out|    1|   ap_memory|      local_out_98|         array|
|local_out_98_d0         |  out|   32|   ap_memory|      local_out_98|         array|
|local_out_99_address0   |  out|    5|   ap_memory|      local_out_99|         array|
|local_out_99_ce0        |  out|    1|   ap_memory|      local_out_99|         array|
|local_out_99_we0        |  out|    1|   ap_memory|      local_out_99|         array|
|local_out_99_d0         |  out|   32|   ap_memory|      local_out_99|         array|
|local_out_100_address0  |  out|    5|   ap_memory|     local_out_100|         array|
|local_out_100_ce0       |  out|    1|   ap_memory|     local_out_100|         array|
|local_out_100_we0       |  out|    1|   ap_memory|     local_out_100|         array|
|local_out_100_d0        |  out|   32|   ap_memory|     local_out_100|         array|
|local_out_101_address0  |  out|    5|   ap_memory|     local_out_101|         array|
|local_out_101_ce0       |  out|    1|   ap_memory|     local_out_101|         array|
|local_out_101_we0       |  out|    1|   ap_memory|     local_out_101|         array|
|local_out_101_d0        |  out|   32|   ap_memory|     local_out_101|         array|
|local_out_102_address0  |  out|    5|   ap_memory|     local_out_102|         array|
|local_out_102_ce0       |  out|    1|   ap_memory|     local_out_102|         array|
|local_out_102_we0       |  out|    1|   ap_memory|     local_out_102|         array|
|local_out_102_d0        |  out|   32|   ap_memory|     local_out_102|         array|
|local_out_103_address0  |  out|    5|   ap_memory|     local_out_103|         array|
|local_out_103_ce0       |  out|    1|   ap_memory|     local_out_103|         array|
|local_out_103_we0       |  out|    1|   ap_memory|     local_out_103|         array|
|local_out_103_d0        |  out|   32|   ap_memory|     local_out_103|         array|
|local_out_104_address0  |  out|    5|   ap_memory|     local_out_104|         array|
|local_out_104_ce0       |  out|    1|   ap_memory|     local_out_104|         array|
|local_out_104_we0       |  out|    1|   ap_memory|     local_out_104|         array|
|local_out_104_d0        |  out|   32|   ap_memory|     local_out_104|         array|
|local_out_105_address0  |  out|    5|   ap_memory|     local_out_105|         array|
|local_out_105_ce0       |  out|    1|   ap_memory|     local_out_105|         array|
|local_out_105_we0       |  out|    1|   ap_memory|     local_out_105|         array|
|local_out_105_d0        |  out|   32|   ap_memory|     local_out_105|         array|
|local_out_106_address0  |  out|    5|   ap_memory|     local_out_106|         array|
|local_out_106_ce0       |  out|    1|   ap_memory|     local_out_106|         array|
|local_out_106_we0       |  out|    1|   ap_memory|     local_out_106|         array|
|local_out_106_d0        |  out|   32|   ap_memory|     local_out_106|         array|
|local_out_107_address0  |  out|    5|   ap_memory|     local_out_107|         array|
|local_out_107_ce0       |  out|    1|   ap_memory|     local_out_107|         array|
|local_out_107_we0       |  out|    1|   ap_memory|     local_out_107|         array|
|local_out_107_d0        |  out|   32|   ap_memory|     local_out_107|         array|
|local_out_108_address0  |  out|    5|   ap_memory|     local_out_108|         array|
|local_out_108_ce0       |  out|    1|   ap_memory|     local_out_108|         array|
|local_out_108_we0       |  out|    1|   ap_memory|     local_out_108|         array|
|local_out_108_d0        |  out|   32|   ap_memory|     local_out_108|         array|
|local_out_109_address0  |  out|    5|   ap_memory|     local_out_109|         array|
|local_out_109_ce0       |  out|    1|   ap_memory|     local_out_109|         array|
|local_out_109_we0       |  out|    1|   ap_memory|     local_out_109|         array|
|local_out_109_d0        |  out|   32|   ap_memory|     local_out_109|         array|
|local_out_110_address0  |  out|    5|   ap_memory|     local_out_110|         array|
|local_out_110_ce0       |  out|    1|   ap_memory|     local_out_110|         array|
|local_out_110_we0       |  out|    1|   ap_memory|     local_out_110|         array|
|local_out_110_d0        |  out|   32|   ap_memory|     local_out_110|         array|
|local_out_111_address0  |  out|    5|   ap_memory|     local_out_111|         array|
|local_out_111_ce0       |  out|    1|   ap_memory|     local_out_111|         array|
|local_out_111_we0       |  out|    1|   ap_memory|     local_out_111|         array|
|local_out_111_d0        |  out|   32|   ap_memory|     local_out_111|         array|
|local_out_112_address0  |  out|    5|   ap_memory|     local_out_112|         array|
|local_out_112_ce0       |  out|    1|   ap_memory|     local_out_112|         array|
|local_out_112_we0       |  out|    1|   ap_memory|     local_out_112|         array|
|local_out_112_d0        |  out|   32|   ap_memory|     local_out_112|         array|
|local_out_113_address0  |  out|    5|   ap_memory|     local_out_113|         array|
|local_out_113_ce0       |  out|    1|   ap_memory|     local_out_113|         array|
|local_out_113_we0       |  out|    1|   ap_memory|     local_out_113|         array|
|local_out_113_d0        |  out|   32|   ap_memory|     local_out_113|         array|
|local_out_114_address0  |  out|    5|   ap_memory|     local_out_114|         array|
|local_out_114_ce0       |  out|    1|   ap_memory|     local_out_114|         array|
|local_out_114_we0       |  out|    1|   ap_memory|     local_out_114|         array|
|local_out_114_d0        |  out|   32|   ap_memory|     local_out_114|         array|
|local_out_115_address0  |  out|    5|   ap_memory|     local_out_115|         array|
|local_out_115_ce0       |  out|    1|   ap_memory|     local_out_115|         array|
|local_out_115_we0       |  out|    1|   ap_memory|     local_out_115|         array|
|local_out_115_d0        |  out|   32|   ap_memory|     local_out_115|         array|
|local_out_116_address0  |  out|    5|   ap_memory|     local_out_116|         array|
|local_out_116_ce0       |  out|    1|   ap_memory|     local_out_116|         array|
|local_out_116_we0       |  out|    1|   ap_memory|     local_out_116|         array|
|local_out_116_d0        |  out|   32|   ap_memory|     local_out_116|         array|
|local_out_117_address0  |  out|    5|   ap_memory|     local_out_117|         array|
|local_out_117_ce0       |  out|    1|   ap_memory|     local_out_117|         array|
|local_out_117_we0       |  out|    1|   ap_memory|     local_out_117|         array|
|local_out_117_d0        |  out|   32|   ap_memory|     local_out_117|         array|
|local_out_118_address0  |  out|    5|   ap_memory|     local_out_118|         array|
|local_out_118_ce0       |  out|    1|   ap_memory|     local_out_118|         array|
|local_out_118_we0       |  out|    1|   ap_memory|     local_out_118|         array|
|local_out_118_d0        |  out|   32|   ap_memory|     local_out_118|         array|
|local_out_119_address0  |  out|    5|   ap_memory|     local_out_119|         array|
|local_out_119_ce0       |  out|    1|   ap_memory|     local_out_119|         array|
|local_out_119_we0       |  out|    1|   ap_memory|     local_out_119|         array|
|local_out_119_d0        |  out|   32|   ap_memory|     local_out_119|         array|
|local_out_120_address0  |  out|    5|   ap_memory|     local_out_120|         array|
|local_out_120_ce0       |  out|    1|   ap_memory|     local_out_120|         array|
|local_out_120_we0       |  out|    1|   ap_memory|     local_out_120|         array|
|local_out_120_d0        |  out|   32|   ap_memory|     local_out_120|         array|
|local_out_121_address0  |  out|    5|   ap_memory|     local_out_121|         array|
|local_out_121_ce0       |  out|    1|   ap_memory|     local_out_121|         array|
|local_out_121_we0       |  out|    1|   ap_memory|     local_out_121|         array|
|local_out_121_d0        |  out|   32|   ap_memory|     local_out_121|         array|
|local_out_122_address0  |  out|    5|   ap_memory|     local_out_122|         array|
|local_out_122_ce0       |  out|    1|   ap_memory|     local_out_122|         array|
|local_out_122_we0       |  out|    1|   ap_memory|     local_out_122|         array|
|local_out_122_d0        |  out|   32|   ap_memory|     local_out_122|         array|
|local_out_123_address0  |  out|    5|   ap_memory|     local_out_123|         array|
|local_out_123_ce0       |  out|    1|   ap_memory|     local_out_123|         array|
|local_out_123_we0       |  out|    1|   ap_memory|     local_out_123|         array|
|local_out_123_d0        |  out|   32|   ap_memory|     local_out_123|         array|
|local_out_124_address0  |  out|    5|   ap_memory|     local_out_124|         array|
|local_out_124_ce0       |  out|    1|   ap_memory|     local_out_124|         array|
|local_out_124_we0       |  out|    1|   ap_memory|     local_out_124|         array|
|local_out_124_d0        |  out|   32|   ap_memory|     local_out_124|         array|
|local_out_125_address0  |  out|    5|   ap_memory|     local_out_125|         array|
|local_out_125_ce0       |  out|    1|   ap_memory|     local_out_125|         array|
|local_out_125_we0       |  out|    1|   ap_memory|     local_out_125|         array|
|local_out_125_d0        |  out|   32|   ap_memory|     local_out_125|         array|
|local_out_126_address0  |  out|    5|   ap_memory|     local_out_126|         array|
|local_out_126_ce0       |  out|    1|   ap_memory|     local_out_126|         array|
|local_out_126_we0       |  out|    1|   ap_memory|     local_out_126|         array|
|local_out_126_d0        |  out|   32|   ap_memory|     local_out_126|         array|
|local_out_127_address0  |  out|    5|   ap_memory|     local_out_127|         array|
|local_out_127_ce0       |  out|    1|   ap_memory|     local_out_127|         array|
|local_out_127_we0       |  out|    1|   ap_memory|     local_out_127|         array|
|local_out_127_d0        |  out|   32|   ap_memory|     local_out_127|         array|
|v                       |   in|   32|     ap_none|                 v|       pointer|
+------------------------+-----+-----+------------+------------------+--------------+

