

================================================================
== Vitis HLS Report for 'sssp_kernel_0'
================================================================
* Date:           Mon Jul 10 16:45:47 2023

* Version:        2021.1 (Build 3247384 on Thu Jun 10 19:36:07 MDT 2021)
* Project:        prj
* Solution:       sol (Vivado IP Flow Target)
* Product family: virtexuplus
* Target device:  xcu250-figd2104-2L-e


================================================================
== Performance Estimates
================================================================
+ Timing: 
    * Summary: 
    +--------+---------+----------+------------+
    |  Clock |  Target | Estimated| Uncertainty|
    +--------+---------+----------+------------+
    |ap_clk  |  3.33 ns|  2.729 ns|     0.90 ns|
    +--------+---------+----------+------------+

+ Latency: 
    * Summary: 
    +---------+---------+----------+----------+-----+-----+---------+
    |  Latency (cycles) |  Latency (absolute) |  Interval | Pipeline|
    |   min   |   max   |    min   |    max   | min | max |   Type  |
    +---------+---------+----------+----------+-----+-----+---------+
    |        ?|        ?|         ?|         ?|    ?|    ?|       no|
    +---------+---------+----------+----------+-----+-----+---------+

    + Detail: 
        * Instance: 
        +-----------------------------------------------------+-----------------------------------------+---------+---------+-----------+-----------+-------+-------+---------+
        |                                                     |                                         |  Latency (cycles) |   Latency (absolute)  |    Interval   | Pipeline|
        |                       Instance                      |                  Module                 |   min   |   max   |    min    |    max    |  min  |  max  |   Type  |
        +-----------------------------------------------------+-----------------------------------------+---------+---------+-----------+-----------+-------+-------+---------+
        |grp_sssp_kernel_0_Pipeline_VITIS_LOOP_54_1_fu_708    |sssp_kernel_0_Pipeline_VITIS_LOOP_54_1   |    12299|    12299|  40.993 us|  40.993 us|  12299|  12299|       no|
        |grp_buffer_compute_1_fu_769                          |buffer_compute_1                         |        ?|        ?|          ?|          ?|      ?|      ?|       no|
        |grp_sssp_kernel_0_Pipeline_VITIS_LOOP_70_1_fu_906    |sssp_kernel_0_Pipeline_VITIS_LOOP_70_1   |     4105|     4105|  13.682 us|  13.682 us|   4105|   4105|       no|
        |grp_sssp_kernel_0_Pipeline_VITIS_LOOP_54_15_fu_947   |sssp_kernel_0_Pipeline_VITIS_LOOP_54_15  |    12299|    12299|  40.993 us|  40.993 us|  12299|  12299|       no|
        |grp_buffer_compute_fu_1008                           |buffer_compute                           |        ?|        ?|          ?|          ?|      ?|      ?|       no|
        |grp_sssp_kernel_0_Pipeline_VITIS_LOOP_70_16_fu_1018  |sssp_kernel_0_Pipeline_VITIS_LOOP_70_16  |     4113|     4113|  13.709 us|  13.709 us|   4113|   4113|       no|
        +-----------------------------------------------------+-----------------------------------------+---------+---------+-----------+-----------+-------+-------+---------+

        * Loop: 
        +--------------------+---------+---------+----------+-----------+-----------+------+----------+
        |                    |  Latency (cycles) | Iteration|  Initiation Interval  | Trip |          |
        |      Loop Name     |   min   |   max   |  Latency |  achieved |   target  | Count| Pipelined|
        +--------------------+---------+---------+----------+-----------+-----------+------+----------+
        |- VITIS_LOOP_106_1  |        ?|        ?|     12302|          -|          -|     ?|        no|
        +--------------------+---------+---------+----------+-----------+-----------+------+----------+



================================================================
== Utilization Estimates
================================================================
* Summary: 
+---------------------+---------+-------+---------+---------+------+
|         Name        | BRAM_18K|  DSP  |    FF   |   LUT   | URAM |
+---------------------+---------+-------+---------+---------+------+
|DSP                  |        -|      -|        -|        -|     -|
|Expression           |        -|      -|        0|     3846|     -|
|FIFO                 |        -|      -|        -|        -|     -|
|Instance             |       30|      -|   162490|   618619|     0|
|Memory               |        4|      -|     4096|     4224|     5|
|Multiplexer          |        -|      -|        -|     6635|     -|
|Register             |        -|      -|     1857|        -|     -|
+---------------------+---------+-------+---------+---------+------+
|Total                |       34|      0|   168443|   633324|     5|
+---------------------+---------+-------+---------+---------+------+
|Available SLR        |     1344|   3072|   864000|   432000|   320|
+---------------------+---------+-------+---------+---------+------+
|Utilization SLR (%)  |        2|      0|       19|      146|     1|
+---------------------+---------+-------+---------+---------+------+
|Available            |     5376|  12288|  3456000|  1728000|  1280|
+---------------------+---------+-------+---------+---------+------+
|Utilization (%)      |       ~0|      0|        4|       36|    ~0|
+---------------------+---------+-------+---------+---------+------+

+ Detail: 
    * Instance: 
    +-----------------------------------------------------+-----------------------------------------+---------+----+-------+--------+-----+
    |                       Instance                      |                  Module                 | BRAM_18K| DSP|   FF  |   LUT  | URAM|
    +-----------------------------------------------------+-----------------------------------------+---------+----+-------+--------+-----+
    |grp_buffer_compute_fu_1008                           |buffer_compute                           |        0|   0|   3588|    5759|    0|
    |grp_buffer_compute_1_fu_769                          |buffer_compute_1                         |        0|   0|   3581|    7348|    0|
    |control_s_axi_U                                      |control_s_axi                            |        0|   0|    310|     552|    0|
    |gmem_m_axi_U                                         |gmem_m_axi                               |       30|   0|   1415|    1585|    0|
    |grp_sssp_kernel_0_Pipeline_VITIS_LOOP_54_1_fu_708    |sssp_kernel_0_Pipeline_VITIS_LOOP_54_1   |        0|   0|  57970|  217858|    0|
    |grp_sssp_kernel_0_Pipeline_VITIS_LOOP_54_15_fu_947   |sssp_kernel_0_Pipeline_VITIS_LOOP_54_15  |        0|   0|  57970|  217858|    0|
    |grp_sssp_kernel_0_Pipeline_VITIS_LOOP_70_1_fu_906    |sssp_kernel_0_Pipeline_VITIS_LOOP_70_1   |        0|   0|  18576|   73066|    0|
    |grp_sssp_kernel_0_Pipeline_VITIS_LOOP_70_16_fu_1018  |sssp_kernel_0_Pipeline_VITIS_LOOP_70_16  |        0|   0|  19080|   94593|    0|
    +-----------------------------------------------------+-----------------------------------------+---------+----+-------+--------+-----+
    |Total                                                |                                         |       30|   0| 162490|  618619|    0|
    +-----------------------------------------------------+-----------------------------------------+---------+----+-------+--------+-----+

    * DSP: 
    N/A

    * Memory: 
    +-----------------------+-------------------+---------+----+----+-----+------+-----+------+-------------+
    |         Memory        |       Module      | BRAM_18K| FF | LUT| URAM| Words| Bits| Banks| W*Bits*Banks|
    +-----------------------+-------------------+---------+----+----+-----+------+-----+------+-------------+
    |e_dst_buffer_a_U       |e_dst_buffer_a     |        2|   0|   0|    0|  4096|    5|     1|        20480|
    |e_dst_buffer_b_U       |e_dst_buffer_a     |        2|   0|   0|    0|  4096|    5|     1|        20480|
    |e_src_buffer_a_U       |e_src_buffer_a     |        0|   0|   0|    1|  4096|   32|     1|       131072|
    |e_src_buffer_b_U       |e_src_buffer_a     |        0|   0|   0|    1|  4096|   32|     1|       131072|
    |out_deg_buffer_a_U     |e_src_buffer_a     |        0|   0|   0|    1|  4096|   32|     1|       131072|
    |out_deg_buffer_b_U     |e_src_buffer_a     |        0|   0|   0|    1|  4096|   32|     1|       131072|
    |output_buffer_a_U      |output_buffer_a    |        0|   0|   0|    1|  4096|   32|     1|       131072|
    |output_buffer_b_0_U    |output_buffer_b_0  |        0|  32|  33|    0|    32|   32|     1|         1024|
    |output_buffer_b_1_U    |output_buffer_b_0  |        0|  32|  33|    0|    32|   32|     1|         1024|
    |output_buffer_b_2_U    |output_buffer_b_0  |        0|  32|  33|    0|    32|   32|     1|         1024|
    |output_buffer_b_3_U    |output_buffer_b_0  |        0|  32|  33|    0|    32|   32|     1|         1024|
    |output_buffer_b_4_U    |output_buffer_b_0  |        0|  32|  33|    0|    32|   32|     1|         1024|
    |output_buffer_b_5_U    |output_buffer_b_0  |        0|  32|  33|    0|    32|   32|     1|         1024|
    |output_buffer_b_6_U    |output_buffer_b_0  |        0|  32|  33|    0|    32|   32|     1|         1024|
    |output_buffer_b_7_U    |output_buffer_b_0  |        0|  32|  33|    0|    32|   32|     1|         1024|
    |output_buffer_b_8_U    |output_buffer_b_0  |        0|  32|  33|    0|    32|   32|     1|         1024|
    |output_buffer_b_9_U    |output_buffer_b_0  |        0|  32|  33|    0|    32|   32|     1|         1024|
    |output_buffer_b_10_U   |output_buffer_b_0  |        0|  32|  33|    0|    32|   32|     1|         1024|
    |output_buffer_b_11_U   |output_buffer_b_0  |        0|  32|  33|    0|    32|   32|     1|         1024|
    |output_buffer_b_12_U   |output_buffer_b_0  |        0|  32|  33|    0|    32|   32|     1|         1024|
    |output_buffer_b_13_U   |output_buffer_b_0  |        0|  32|  33|    0|    32|   32|     1|         1024|
    |output_buffer_b_14_U   |output_buffer_b_0  |        0|  32|  33|    0|    32|   32|     1|         1024|
    |output_buffer_b_15_U   |output_buffer_b_0  |        0|  32|  33|    0|    32|   32|     1|         1024|
    |output_buffer_b_16_U   |output_buffer_b_0  |        0|  32|  33|    0|    32|   32|     1|         1024|
    |output_buffer_b_17_U   |output_buffer_b_0  |        0|  32|  33|    0|    32|   32|     1|         1024|
    |output_buffer_b_18_U   |output_buffer_b_0  |        0|  32|  33|    0|    32|   32|     1|         1024|
    |output_buffer_b_19_U   |output_buffer_b_0  |        0|  32|  33|    0|    32|   32|     1|         1024|
    |output_buffer_b_20_U   |output_buffer_b_0  |        0|  32|  33|    0|    32|   32|     1|         1024|
    |output_buffer_b_21_U   |output_buffer_b_0  |        0|  32|  33|    0|    32|   32|     1|         1024|
    |output_buffer_b_22_U   |output_buffer_b_0  |        0|  32|  33|    0|    32|   32|     1|         1024|
    |output_buffer_b_23_U   |output_buffer_b_0  |        0|  32|  33|    0|    32|   32|     1|         1024|
    |output_buffer_b_24_U   |output_buffer_b_0  |        0|  32|  33|    0|    32|   32|     1|         1024|
    |output_buffer_b_25_U   |output_buffer_b_0  |        0|  32|  33|    0|    32|   32|     1|         1024|
    |output_buffer_b_26_U   |output_buffer_b_0  |        0|  32|  33|    0|    32|   32|     1|         1024|
    |output_buffer_b_27_U   |output_buffer_b_0  |        0|  32|  33|    0|    32|   32|     1|         1024|
    |output_buffer_b_28_U   |output_buffer_b_0  |        0|  32|  33|    0|    32|   32|     1|         1024|
    |output_buffer_b_29_U   |output_buffer_b_0  |        0|  32|  33|    0|    32|   32|     1|         1024|
    |output_buffer_b_30_U   |output_buffer_b_0  |        0|  32|  33|    0|    32|   32|     1|         1024|
    |output_buffer_b_31_U   |output_buffer_b_0  |        0|  32|  33|    0|    32|   32|     1|         1024|
    |output_buffer_b_32_U   |output_buffer_b_0  |        0|  32|  33|    0|    32|   32|     1|         1024|
    |output_buffer_b_33_U   |output_buffer_b_0  |        0|  32|  33|    0|    32|   32|     1|         1024|
    |output_buffer_b_34_U   |output_buffer_b_0  |        0|  32|  33|    0|    32|   32|     1|         1024|
    |output_buffer_b_35_U   |output_buffer_b_0  |        0|  32|  33|    0|    32|   32|     1|         1024|
    |output_buffer_b_36_U   |output_buffer_b_0  |        0|  32|  33|    0|    32|   32|     1|         1024|
    |output_buffer_b_37_U   |output_buffer_b_0  |        0|  32|  33|    0|    32|   32|     1|         1024|
    |output_buffer_b_38_U   |output_buffer_b_0  |        0|  32|  33|    0|    32|   32|     1|         1024|
    |output_buffer_b_39_U   |output_buffer_b_0  |        0|  32|  33|    0|    32|   32|     1|         1024|
    |output_buffer_b_40_U   |output_buffer_b_0  |        0|  32|  33|    0|    32|   32|     1|         1024|
    |output_buffer_b_41_U   |output_buffer_b_0  |        0|  32|  33|    0|    32|   32|     1|         1024|
    |output_buffer_b_42_U   |output_buffer_b_0  |        0|  32|  33|    0|    32|   32|     1|         1024|
    |output_buffer_b_43_U   |output_buffer_b_0  |        0|  32|  33|    0|    32|   32|     1|         1024|
    |output_buffer_b_44_U   |output_buffer_b_0  |        0|  32|  33|    0|    32|   32|     1|         1024|
    |output_buffer_b_45_U   |output_buffer_b_0  |        0|  32|  33|    0|    32|   32|     1|         1024|
    |output_buffer_b_46_U   |output_buffer_b_0  |        0|  32|  33|    0|    32|   32|     1|         1024|
    |output_buffer_b_47_U   |output_buffer_b_0  |        0|  32|  33|    0|    32|   32|     1|         1024|
    |output_buffer_b_48_U   |output_buffer_b_0  |        0|  32|  33|    0|    32|   32|     1|         1024|
    |output_buffer_b_49_U   |output_buffer_b_0  |        0|  32|  33|    0|    32|   32|     1|         1024|
    |output_buffer_b_50_U   |output_buffer_b_0  |        0|  32|  33|    0|    32|   32|     1|         1024|
    |output_buffer_b_51_U   |output_buffer_b_0  |        0|  32|  33|    0|    32|   32|     1|         1024|
    |output_buffer_b_52_U   |output_buffer_b_0  |        0|  32|  33|    0|    32|   32|     1|         1024|
    |output_buffer_b_53_U   |output_buffer_b_0  |        0|  32|  33|    0|    32|   32|     1|         1024|
    |output_buffer_b_54_U   |output_buffer_b_0  |        0|  32|  33|    0|    32|   32|     1|         1024|
    |output_buffer_b_55_U   |output_buffer_b_0  |        0|  32|  33|    0|    32|   32|     1|         1024|
    |output_buffer_b_56_U   |output_buffer_b_0  |        0|  32|  33|    0|    32|   32|     1|         1024|
    |output_buffer_b_57_U   |output_buffer_b_0  |        0|  32|  33|    0|    32|   32|     1|         1024|
    |output_buffer_b_58_U   |output_buffer_b_0  |        0|  32|  33|    0|    32|   32|     1|         1024|
    |output_buffer_b_59_U   |output_buffer_b_0  |        0|  32|  33|    0|    32|   32|     1|         1024|
    |output_buffer_b_60_U   |output_buffer_b_0  |        0|  32|  33|    0|    32|   32|     1|         1024|
    |output_buffer_b_61_U   |output_buffer_b_0  |        0|  32|  33|    0|    32|   32|     1|         1024|
    |output_buffer_b_62_U   |output_buffer_b_0  |        0|  32|  33|    0|    32|   32|     1|         1024|
    |output_buffer_b_63_U   |output_buffer_b_0  |        0|  32|  33|    0|    32|   32|     1|         1024|
    |output_buffer_b_64_U   |output_buffer_b_0  |        0|  32|  33|    0|    32|   32|     1|         1024|
    |output_buffer_b_65_U   |output_buffer_b_0  |        0|  32|  33|    0|    32|   32|     1|         1024|
    |output_buffer_b_66_U   |output_buffer_b_0  |        0|  32|  33|    0|    32|   32|     1|         1024|
    |output_buffer_b_67_U   |output_buffer_b_0  |        0|  32|  33|    0|    32|   32|     1|         1024|
    |output_buffer_b_68_U   |output_buffer_b_0  |        0|  32|  33|    0|    32|   32|     1|         1024|
    |output_buffer_b_69_U   |output_buffer_b_0  |        0|  32|  33|    0|    32|   32|     1|         1024|
    |output_buffer_b_70_U   |output_buffer_b_0  |        0|  32|  33|    0|    32|   32|     1|         1024|
    |output_buffer_b_71_U   |output_buffer_b_0  |        0|  32|  33|    0|    32|   32|     1|         1024|
    |output_buffer_b_72_U   |output_buffer_b_0  |        0|  32|  33|    0|    32|   32|     1|         1024|
    |output_buffer_b_73_U   |output_buffer_b_0  |        0|  32|  33|    0|    32|   32|     1|         1024|
    |output_buffer_b_74_U   |output_buffer_b_0  |        0|  32|  33|    0|    32|   32|     1|         1024|
    |output_buffer_b_75_U   |output_buffer_b_0  |        0|  32|  33|    0|    32|   32|     1|         1024|
    |output_buffer_b_76_U   |output_buffer_b_0  |        0|  32|  33|    0|    32|   32|     1|         1024|
    |output_buffer_b_77_U   |output_buffer_b_0  |        0|  32|  33|    0|    32|   32|     1|         1024|
    |output_buffer_b_78_U   |output_buffer_b_0  |        0|  32|  33|    0|    32|   32|     1|         1024|
    |output_buffer_b_79_U   |output_buffer_b_0  |        0|  32|  33|    0|    32|   32|     1|         1024|
    |output_buffer_b_80_U   |output_buffer_b_0  |        0|  32|  33|    0|    32|   32|     1|         1024|
    |output_buffer_b_81_U   |output_buffer_b_0  |        0|  32|  33|    0|    32|   32|     1|         1024|
    |output_buffer_b_82_U   |output_buffer_b_0  |        0|  32|  33|    0|    32|   32|     1|         1024|
    |output_buffer_b_83_U   |output_buffer_b_0  |        0|  32|  33|    0|    32|   32|     1|         1024|
    |output_buffer_b_84_U   |output_buffer_b_0  |        0|  32|  33|    0|    32|   32|     1|         1024|
    |output_buffer_b_85_U   |output_buffer_b_0  |        0|  32|  33|    0|    32|   32|     1|         1024|
    |output_buffer_b_86_U   |output_buffer_b_0  |        0|  32|  33|    0|    32|   32|     1|         1024|
    |output_buffer_b_87_U   |output_buffer_b_0  |        0|  32|  33|    0|    32|   32|     1|         1024|
    |output_buffer_b_88_U   |output_buffer_b_0  |        0|  32|  33|    0|    32|   32|     1|         1024|
    |output_buffer_b_89_U   |output_buffer_b_0  |        0|  32|  33|    0|    32|   32|     1|         1024|
    |output_buffer_b_90_U   |output_buffer_b_0  |        0|  32|  33|    0|    32|   32|     1|         1024|
    |output_buffer_b_91_U   |output_buffer_b_0  |        0|  32|  33|    0|    32|   32|     1|         1024|
    |output_buffer_b_92_U   |output_buffer_b_0  |        0|  32|  33|    0|    32|   32|     1|         1024|
    |output_buffer_b_93_U   |output_buffer_b_0  |        0|  32|  33|    0|    32|   32|     1|         1024|
    |output_buffer_b_94_U   |output_buffer_b_0  |        0|  32|  33|    0|    32|   32|     1|         1024|
    |output_buffer_b_95_U   |output_buffer_b_0  |        0|  32|  33|    0|    32|   32|     1|         1024|
    |output_buffer_b_96_U   |output_buffer_b_0  |        0|  32|  33|    0|    32|   32|     1|         1024|
    |output_buffer_b_97_U   |output_buffer_b_0  |        0|  32|  33|    0|    32|   32|     1|         1024|
    |output_buffer_b_98_U   |output_buffer_b_0  |        0|  32|  33|    0|    32|   32|     1|         1024|
    |output_buffer_b_99_U   |output_buffer_b_0  |        0|  32|  33|    0|    32|   32|     1|         1024|
    |output_buffer_b_100_U  |output_buffer_b_0  |        0|  32|  33|    0|    32|   32|     1|         1024|
    |output_buffer_b_101_U  |output_buffer_b_0  |        0|  32|  33|    0|    32|   32|     1|         1024|
    |output_buffer_b_102_U  |output_buffer_b_0  |        0|  32|  33|    0|    32|   32|     1|         1024|
    |output_buffer_b_103_U  |output_buffer_b_0  |        0|  32|  33|    0|    32|   32|     1|         1024|
    |output_buffer_b_104_U  |output_buffer_b_0  |        0|  32|  33|    0|    32|   32|     1|         1024|
    |output_buffer_b_105_U  |output_buffer_b_0  |        0|  32|  33|    0|    32|   32|     1|         1024|
    |output_buffer_b_106_U  |output_buffer_b_0  |        0|  32|  33|    0|    32|   32|     1|         1024|
    |output_buffer_b_107_U  |output_buffer_b_0  |        0|  32|  33|    0|    32|   32|     1|         1024|
    |output_buffer_b_108_U  |output_buffer_b_0  |        0|  32|  33|    0|    32|   32|     1|         1024|
    |output_buffer_b_109_U  |output_buffer_b_0  |        0|  32|  33|    0|    32|   32|     1|         1024|
    |output_buffer_b_110_U  |output_buffer_b_0  |        0|  32|  33|    0|    32|   32|     1|         1024|
    |output_buffer_b_111_U  |output_buffer_b_0  |        0|  32|  33|    0|    32|   32|     1|         1024|
    |output_buffer_b_112_U  |output_buffer_b_0  |        0|  32|  33|    0|    32|   32|     1|         1024|
    |output_buffer_b_113_U  |output_buffer_b_0  |        0|  32|  33|    0|    32|   32|     1|         1024|
    |output_buffer_b_114_U  |output_buffer_b_0  |        0|  32|  33|    0|    32|   32|     1|         1024|
    |output_buffer_b_115_U  |output_buffer_b_0  |        0|  32|  33|    0|    32|   32|     1|         1024|
    |output_buffer_b_116_U  |output_buffer_b_0  |        0|  32|  33|    0|    32|   32|     1|         1024|
    |output_buffer_b_117_U  |output_buffer_b_0  |        0|  32|  33|    0|    32|   32|     1|         1024|
    |output_buffer_b_118_U  |output_buffer_b_0  |        0|  32|  33|    0|    32|   32|     1|         1024|
    |output_buffer_b_119_U  |output_buffer_b_0  |        0|  32|  33|    0|    32|   32|     1|         1024|
    |output_buffer_b_120_U  |output_buffer_b_0  |        0|  32|  33|    0|    32|   32|     1|         1024|
    |output_buffer_b_121_U  |output_buffer_b_0  |        0|  32|  33|    0|    32|   32|     1|         1024|
    |output_buffer_b_122_U  |output_buffer_b_0  |        0|  32|  33|    0|    32|   32|     1|         1024|
    |output_buffer_b_123_U  |output_buffer_b_0  |        0|  32|  33|    0|    32|   32|     1|         1024|
    |output_buffer_b_124_U  |output_buffer_b_0  |        0|  32|  33|    0|    32|   32|     1|         1024|
    |output_buffer_b_125_U  |output_buffer_b_0  |        0|  32|  33|    0|    32|   32|     1|         1024|
    |output_buffer_b_126_U  |output_buffer_b_0  |        0|  32|  33|    0|    32|   32|     1|         1024|
    |output_buffer_b_127_U  |output_buffer_b_0  |        0|  32|  33|    0|    32|   32|     1|         1024|
    +-----------------------+-------------------+---------+----+----+-----+------+-----+------+-------------+
    |Total                  |                   |        4|4096|4224|    5| 32768| 4266|   135|       827392|
    +-----------------------+-------------------+---------+----+----+-----+------+-----+------+-------------+

    * FIFO: 
    N/A

    * Expression: 
    +---------------------------------+----------+----+---+-----+------------+------------+
    |          Variable Name          | Operation| DSP| FF| LUT | Bitwidth P0| Bitwidth P1|
    +---------------------------------+----------+----+---+-----+------------+------------+
    |add_fu_1254_p2                   |         +|   0|  0|   29|          22|           1|
    |add_ln106_fu_2320_p2             |         +|   0|  0|   39|          32|           1|
    |empty_1000_fu_1554_p2            |         +|   0|  0|   13|           6|           5|
    |empty_1001_fu_1568_p2            |         +|   0|  0|   13|           6|           5|
    |empty_1002_fu_1582_p2            |         +|   0|  0|   13|           6|           5|
    |empty_1004_fu_1610_p2            |         +|   0|  0|   13|           6|           6|
    |empty_1005_fu_1624_p2            |         +|   0|  0|   13|           6|           6|
    |empty_1006_fu_1638_p2            |         +|   0|  0|   13|           6|           6|
    |empty_1007_fu_1652_p2            |         +|   0|  0|   13|           6|           6|
    |empty_1008_fu_1666_p2            |         +|   0|  0|   13|           6|           5|
    |empty_1009_fu_1680_p2            |         +|   0|  0|   13|           6|           5|
    |empty_1010_fu_1694_p2            |         +|   0|  0|   13|           6|           4|
    |empty_1011_fu_1720_p2            |         +|   0|  0|   13|           6|           3|
    |empty_1012_fu_1734_p2            |         +|   0|  0|   13|           6|           4|
    |empty_1013_fu_1748_p2            |         +|   0|  0|   13|           6|           4|
    |empty_1014_fu_1762_p2            |         +|   0|  0|   13|           6|           5|
    |empty_1015_fu_1776_p2            |         +|   0|  0|   13|           6|           5|
    |empty_1016_fu_1790_p2            |         +|   0|  0|   13|           6|           5|
    |empty_1017_fu_1804_p2            |         +|   0|  0|   13|           6|           5|
    |empty_1019_fu_1832_p2            |         +|   0|  0|   13|           6|           6|
    |empty_1020_fu_1846_p2            |         +|   0|  0|   13|           6|           6|
    |empty_1021_fu_1860_p2            |         +|   0|  0|   13|           6|           6|
    |empty_1022_fu_1874_p2            |         +|   0|  0|   13|           6|           6|
    |empty_1023_fu_1888_p2            |         +|   0|  0|   13|           6|           5|
    |empty_1024_fu_1902_p2            |         +|   0|  0|   13|           6|           5|
    |empty_1025_fu_1916_p2            |         +|   0|  0|   13|           6|           4|
    |empty_1027_fu_1952_p2            |         +|   0|  0|   13|           6|           3|
    |empty_1029_fu_1976_p2            |         +|   0|  0|   13|           6|           4|
    |empty_1031_fu_2000_p2            |         +|   0|  0|   13|           6|           4|
    |empty_1033_fu_2024_p2            |         +|   0|  0|   13|           6|           5|
    |empty_1035_fu_2048_p2            |         +|   0|  0|   13|           6|           5|
    |empty_1037_fu_2072_p2            |         +|   0|  0|   13|           6|           5|
    |empty_1039_fu_2096_p2            |         +|   0|  0|   13|           6|           5|
    |empty_1043_fu_2144_p2            |         +|   0|  0|   13|           6|           6|
    |empty_1045_fu_2168_p2            |         +|   0|  0|   13|           6|           6|
    |empty_1047_fu_2192_p2            |         +|   0|  0|   13|           6|           6|
    |empty_1049_fu_2216_p2            |         +|   0|  0|   13|           6|           6|
    |empty_1051_fu_2240_p2            |         +|   0|  0|   13|           6|           5|
    |empty_1053_fu_2264_p2            |         +|   0|  0|   13|           6|           5|
    |empty_1055_fu_2288_p2            |         +|   0|  0|   13|           6|           4|
    |empty_982_fu_1290_p2             |         +|   0|  0|   13|           6|           4|
    |empty_983_fu_1304_p2             |         +|   0|  0|   13|           6|           4|
    |empty_984_fu_1318_p2             |         +|   0|  0|   13|           6|           5|
    |empty_985_fu_1332_p2             |         +|   0|  0|   13|           6|           5|
    |empty_986_fu_1346_p2             |         +|   0|  0|   13|           6|           5|
    |empty_987_fu_1360_p2             |         +|   0|  0|   13|           6|           5|
    |empty_989_fu_1388_p2             |         +|   0|  0|   13|           6|           6|
    |empty_990_fu_1402_p2             |         +|   0|  0|   13|           6|           6|
    |empty_991_fu_1416_p2             |         +|   0|  0|   13|           6|           6|
    |empty_992_fu_1430_p2             |         +|   0|  0|   13|           6|           6|
    |empty_993_fu_1444_p2             |         +|   0|  0|   13|           6|           5|
    |empty_994_fu_1458_p2             |         +|   0|  0|   13|           6|           5|
    |empty_995_fu_1472_p2             |         +|   0|  0|   13|           6|           4|
    |empty_996_fu_1498_p2             |         +|   0|  0|   13|           6|           3|
    |empty_997_fu_1512_p2             |         +|   0|  0|   13|           6|           4|
    |empty_998_fu_1526_p2             |         +|   0|  0|   13|           6|           4|
    |empty_999_fu_1540_p2             |         +|   0|  0|   13|           6|           5|
    |empty_fu_1276_p2                 |         +|   0|  0|   13|           6|           3|
    |p_neg_fu_1192_p2                 |         -|   0|  0|   39|           1|          32|
    |p_neg_t_fu_1223_p2               |         -|   0|  0|   28|           1|          21|
    |icmp_ln106_fu_2315_p2            |      icmp|   0|  0|   20|          32|          32|
    |ap_block_state5_on_subcall_done  |        or|   0|  0|    2|           1|           1|
    |div_fu_1242_p3                   |    select|   0|  0|   21|           1|          21|
    |empty_1026_fu_1938_p2            |       shl|   0|  0|  182|           4|          64|
    |empty_1028_fu_1962_p2            |       shl|   0|  0|  182|           4|          64|
    |empty_1030_fu_1986_p2            |       shl|   0|  0|  182|           4|          64|
    |empty_1032_fu_2010_p2            |       shl|   0|  0|  182|           4|          64|
    |empty_1034_fu_2034_p2            |       shl|   0|  0|  182|           4|          64|
    |empty_1036_fu_2058_p2            |       shl|   0|  0|  182|           4|          64|
    |empty_1038_fu_2082_p2            |       shl|   0|  0|  182|           4|          64|
    |empty_1040_fu_2106_p2            |       shl|   0|  0|  182|           4|          64|
    |empty_1042_fu_2130_p2            |       shl|   0|  0|  182|           4|          64|
    |empty_1044_fu_2154_p2            |       shl|   0|  0|  182|           4|          64|
    |empty_1046_fu_2178_p2            |       shl|   0|  0|  182|           4|          64|
    |empty_1048_fu_2202_p2            |       shl|   0|  0|  182|           4|          64|
    |empty_1050_fu_2226_p2            |       shl|   0|  0|  182|           4|          64|
    |empty_1052_fu_2250_p2            |       shl|   0|  0|  182|           4|          64|
    |empty_1054_fu_2274_p2            |       shl|   0|  0|  182|           4|          64|
    |empty_1056_fu_2298_p2            |       shl|   0|  0|  182|           4|          64|
    |empty_1003_fu_1596_p2            |       xor|   0|  0|    7|           6|           7|
    |empty_1018_fu_1818_p2            |       xor|   0|  0|    7|           6|           7|
    |empty_1041_fu_2120_p2            |       xor|   0|  0|    7|           6|           7|
    |empty_988_fu_1374_p2             |       xor|   0|  0|    7|           6|           7|
    +---------------------------------+----------+----+---+-----+------------+------------+
    |Total                            |          |   0|  0| 3846|         514|        1437|
    +---------------------------------+----------+----+---+-----+------------+------------+

    * Multiplexer: 
    +------------------------------+----+-----------+-----+-----------+
    |             Name             | LUT| Input Size| Bits| Total Bits|
    +------------------------------+----+-----------+-----+-----------+
    |ap_NS_fsm                     |  31|          6|    1|          6|
    |e_dst_buffer_a_address0       |  14|          3|   12|         36|
    |e_dst_buffer_a_ce0            |  14|          3|    1|          3|
    |e_dst_buffer_a_we0            |   9|          2|    1|          2|
    |e_dst_buffer_b_address0       |  14|          3|   12|         36|
    |e_dst_buffer_b_ce0            |  14|          3|    1|          3|
    |e_dst_buffer_b_we0            |   9|          2|    1|          2|
    |e_src_buffer_a_address0       |  14|          3|   12|         36|
    |e_src_buffer_a_ce0            |  14|          3|    1|          3|
    |e_src_buffer_a_we0            |   9|          2|    1|          2|
    |e_src_buffer_b_address0       |  14|          3|   12|         36|
    |e_src_buffer_b_ce0            |  14|          3|    1|          3|
    |e_src_buffer_b_we0            |   9|          2|    1|          2|
    |gmem_ARADDR                   |  14|          3|   64|        192|
    |gmem_ARBURST                  |  14|          3|    2|          6|
    |gmem_ARCACHE                  |  14|          3|    4|         12|
    |gmem_ARID                     |  14|          3|    1|          3|
    |gmem_ARLEN                    |  14|          3|   32|         96|
    |gmem_ARLOCK                   |  14|          3|    2|          6|
    |gmem_ARPROT                   |  14|          3|    3|          9|
    |gmem_ARQOS                    |  14|          3|    4|         12|
    |gmem_ARREGION                 |  14|          3|    4|         12|
    |gmem_ARSIZE                   |  14|          3|    3|          9|
    |gmem_ARUSER                   |  14|          3|    1|          3|
    |gmem_ARVALID                  |  14|          3|    1|          3|
    |gmem_AWADDR                   |  14|          3|   64|        192|
    |gmem_AWBURST                  |  14|          3|    2|          6|
    |gmem_AWCACHE                  |  14|          3|    4|         12|
    |gmem_AWID                     |  14|          3|    1|          3|
    |gmem_AWLEN                    |  14|          3|   32|         96|
    |gmem_AWLOCK                   |  14|          3|    2|          6|
    |gmem_AWPROT                   |  14|          3|    3|          9|
    |gmem_AWQOS                    |  14|          3|    4|         12|
    |gmem_AWREGION                 |  14|          3|    4|         12|
    |gmem_AWSIZE                   |  14|          3|    3|          9|
    |gmem_AWUSER                   |  14|          3|    1|          3|
    |gmem_AWVALID                  |  14|          3|    1|          3|
    |gmem_BREADY                   |  14|          3|    1|          3|
    |gmem_RREADY                   |  14|          3|    1|          3|
    |gmem_WDATA                    |  14|          3|  512|       1536|
    |gmem_WID                      |  14|          3|    1|          3|
    |gmem_WLAST                    |  14|          3|    1|          3|
    |gmem_WSTRB                    |  14|          3|   64|        192|
    |gmem_WUSER                    |  14|          3|    1|          3|
    |gmem_WVALID                   |  14|          3|    1|          3|
    |i_fu_128                      |   9|          2|   32|         64|
    |out_deg_buffer_a_address0     |  14|          3|   12|         36|
    |out_deg_buffer_a_ce0          |  14|          3|    1|          3|
    |out_deg_buffer_a_we0          |   9|          2|    1|          2|
    |out_deg_buffer_b_address0     |  14|          3|   12|         36|
    |out_deg_buffer_b_ce0          |  14|          3|    1|          3|
    |out_deg_buffer_b_we0          |   9|          2|    1|          2|
    |output_buffer_a_address0      |  14|          3|   12|         36|
    |output_buffer_a_ce0           |  14|          3|    1|          3|
    |output_buffer_a_we0           |   9|          2|    1|          2|
    |output_buffer_b_0_address0    |  14|          3|    5|         15|
    |output_buffer_b_0_ce0         |  14|          3|    1|          3|
    |output_buffer_b_0_ce1         |   9|          2|    1|          2|
    |output_buffer_b_0_we0         |   9|          2|    1|          2|
    |output_buffer_b_100_address0  |  14|          3|    5|         15|
    |output_buffer_b_100_ce0       |  14|          3|    1|          3|
    |output_buffer_b_100_ce1       |   9|          2|    1|          2|
    |output_buffer_b_100_we0       |   9|          2|    1|          2|
    |output_buffer_b_101_address0  |  14|          3|    5|         15|
    |output_buffer_b_101_ce0       |  14|          3|    1|          3|
    |output_buffer_b_101_ce1       |   9|          2|    1|          2|
    |output_buffer_b_101_we0       |   9|          2|    1|          2|
    |output_buffer_b_102_address0  |  14|          3|    5|         15|
    |output_buffer_b_102_ce0       |  14|          3|    1|          3|
    |output_buffer_b_102_ce1       |   9|          2|    1|          2|
    |output_buffer_b_102_we0       |   9|          2|    1|          2|
    |output_buffer_b_103_address0  |  14|          3|    5|         15|
    |output_buffer_b_103_ce0       |  14|          3|    1|          3|
    |output_buffer_b_103_ce1       |   9|          2|    1|          2|
    |output_buffer_b_103_we0       |   9|          2|    1|          2|
    |output_buffer_b_104_address0  |  14|          3|    5|         15|
    |output_buffer_b_104_ce0       |  14|          3|    1|          3|
    |output_buffer_b_104_ce1       |   9|          2|    1|          2|
    |output_buffer_b_104_we0       |   9|          2|    1|          2|
    |output_buffer_b_105_address0  |  14|          3|    5|         15|
    |output_buffer_b_105_ce0       |  14|          3|    1|          3|
    |output_buffer_b_105_ce1       |   9|          2|    1|          2|
    |output_buffer_b_105_we0       |   9|          2|    1|          2|
    |output_buffer_b_106_address0  |  14|          3|    5|         15|
    |output_buffer_b_106_ce0       |  14|          3|    1|          3|
    |output_buffer_b_106_ce1       |   9|          2|    1|          2|
    |output_buffer_b_106_we0       |   9|          2|    1|          2|
    |output_buffer_b_107_address0  |  14|          3|    5|         15|
    |output_buffer_b_107_ce0       |  14|          3|    1|          3|
    |output_buffer_b_107_ce1       |   9|          2|    1|          2|
    |output_buffer_b_107_we0       |   9|          2|    1|          2|
    |output_buffer_b_108_address0  |  14|          3|    5|         15|
    |output_buffer_b_108_ce0       |  14|          3|    1|          3|
    |output_buffer_b_108_ce1       |   9|          2|    1|          2|
    |output_buffer_b_108_we0       |   9|          2|    1|          2|
    |output_buffer_b_109_address0  |  14|          3|    5|         15|
    |output_buffer_b_109_ce0       |  14|          3|    1|          3|
    |output_buffer_b_109_ce1       |   9|          2|    1|          2|
    |output_buffer_b_109_we0       |   9|          2|    1|          2|
    |output_buffer_b_10_address0   |  14|          3|    5|         15|
    |output_buffer_b_10_ce0        |  14|          3|    1|          3|
    |output_buffer_b_10_ce1        |   9|          2|    1|          2|
    |output_buffer_b_10_we0        |   9|          2|    1|          2|
    |output_buffer_b_110_address0  |  14|          3|    5|         15|
    |output_buffer_b_110_ce0       |  14|          3|    1|          3|
    |output_buffer_b_110_ce1       |   9|          2|    1|          2|
    |output_buffer_b_110_we0       |   9|          2|    1|          2|
    |output_buffer_b_111_address0  |  14|          3|    5|         15|
    |output_buffer_b_111_ce0       |  14|          3|    1|          3|
    |output_buffer_b_111_ce1       |   9|          2|    1|          2|
    |output_buffer_b_111_we0       |   9|          2|    1|          2|
    |output_buffer_b_112_address0  |  14|          3|    5|         15|
    |output_buffer_b_112_ce0       |  14|          3|    1|          3|
    |output_buffer_b_112_ce1       |   9|          2|    1|          2|
    |output_buffer_b_112_we0       |   9|          2|    1|          2|
    |output_buffer_b_113_address0  |  14|          3|    5|         15|
    |output_buffer_b_113_ce0       |  14|          3|    1|          3|
    |output_buffer_b_113_ce1       |   9|          2|    1|          2|
    |output_buffer_b_113_we0       |   9|          2|    1|          2|
    |output_buffer_b_114_address0  |  14|          3|    5|         15|
    |output_buffer_b_114_ce0       |  14|          3|    1|          3|
    |output_buffer_b_114_ce1       |   9|          2|    1|          2|
    |output_buffer_b_114_we0       |   9|          2|    1|          2|
    |output_buffer_b_115_address0  |  14|          3|    5|         15|
    |output_buffer_b_115_ce0       |  14|          3|    1|          3|
    |output_buffer_b_115_ce1       |   9|          2|    1|          2|
    |output_buffer_b_115_we0       |   9|          2|    1|          2|
    |output_buffer_b_116_address0  |  14|          3|    5|         15|
    |output_buffer_b_116_ce0       |  14|          3|    1|          3|
    |output_buffer_b_116_ce1       |   9|          2|    1|          2|
    |output_buffer_b_116_we0       |   9|          2|    1|          2|
    |output_buffer_b_117_address0  |  14|          3|    5|         15|
    |output_buffer_b_117_ce0       |  14|          3|    1|          3|
    |output_buffer_b_117_ce1       |   9|          2|    1|          2|
    |output_buffer_b_117_we0       |   9|          2|    1|          2|
    |output_buffer_b_118_address0  |  14|          3|    5|         15|
    |output_buffer_b_118_ce0       |  14|          3|    1|          3|
    |output_buffer_b_118_ce1       |   9|          2|    1|          2|
    |output_buffer_b_118_we0       |   9|          2|    1|          2|
    |output_buffer_b_119_address0  |  14|          3|    5|         15|
    |output_buffer_b_119_ce0       |  14|          3|    1|          3|
    |output_buffer_b_119_ce1       |   9|          2|    1|          2|
    |output_buffer_b_119_we0       |   9|          2|    1|          2|
    |output_buffer_b_11_address0   |  14|          3|    5|         15|
    |output_buffer_b_11_ce0        |  14|          3|    1|          3|
    |output_buffer_b_11_ce1        |   9|          2|    1|          2|
    |output_buffer_b_11_we0        |   9|          2|    1|          2|
    |output_buffer_b_120_address0  |  14|          3|    5|         15|
    |output_buffer_b_120_ce0       |  14|          3|    1|          3|
    |output_buffer_b_120_ce1       |   9|          2|    1|          2|
    |output_buffer_b_120_we0       |   9|          2|    1|          2|
    |output_buffer_b_121_address0  |  14|          3|    5|         15|
    |output_buffer_b_121_ce0       |  14|          3|    1|          3|
    |output_buffer_b_121_ce1       |   9|          2|    1|          2|
    |output_buffer_b_121_we0       |   9|          2|    1|          2|
    |output_buffer_b_122_address0  |  14|          3|    5|         15|
    |output_buffer_b_122_ce0       |  14|          3|    1|          3|
    |output_buffer_b_122_ce1       |   9|          2|    1|          2|
    |output_buffer_b_122_we0       |   9|          2|    1|          2|
    |output_buffer_b_123_address0  |  14|          3|    5|         15|
    |output_buffer_b_123_ce0       |  14|          3|    1|          3|
    |output_buffer_b_123_ce1       |   9|          2|    1|          2|
    |output_buffer_b_123_we0       |   9|          2|    1|          2|
    |output_buffer_b_124_address0  |  14|          3|    5|         15|
    |output_buffer_b_124_ce0       |  14|          3|    1|          3|
    |output_buffer_b_124_ce1       |   9|          2|    1|          2|
    |output_buffer_b_124_we0       |   9|          2|    1|          2|
    |output_buffer_b_125_address0  |  14|          3|    5|         15|
    |output_buffer_b_125_ce0       |  14|          3|    1|          3|
    |output_buffer_b_125_ce1       |   9|          2|    1|          2|
    |output_buffer_b_125_we0       |   9|          2|    1|          2|
    |output_buffer_b_126_address0  |  14|          3|    5|         15|
    |output_buffer_b_126_ce0       |  14|          3|    1|          3|
    |output_buffer_b_126_ce1       |   9|          2|    1|          2|
    |output_buffer_b_126_we0       |   9|          2|    1|          2|
    |output_buffer_b_127_address0  |  14|          3|    5|         15|
    |output_buffer_b_127_ce0       |  14|          3|    1|          3|
    |output_buffer_b_127_ce1       |   9|          2|    1|          2|
    |output_buffer_b_127_we0       |   9|          2|    1|          2|
    |output_buffer_b_12_address0   |  14|          3|    5|         15|
    |output_buffer_b_12_ce0        |  14|          3|    1|          3|
    |output_buffer_b_12_ce1        |   9|          2|    1|          2|
    |output_buffer_b_12_we0        |   9|          2|    1|          2|
    |output_buffer_b_13_address0   |  14|          3|    5|         15|
    |output_buffer_b_13_ce0        |  14|          3|    1|          3|
    |output_buffer_b_13_ce1        |   9|          2|    1|          2|
    |output_buffer_b_13_we0        |   9|          2|    1|          2|
    |output_buffer_b_14_address0   |  14|          3|    5|         15|
    |output_buffer_b_14_ce0        |  14|          3|    1|          3|
    |output_buffer_b_14_ce1        |   9|          2|    1|          2|
    |output_buffer_b_14_we0        |   9|          2|    1|          2|
    |output_buffer_b_15_address0   |  14|          3|    5|         15|
    |output_buffer_b_15_ce0        |  14|          3|    1|          3|
    |output_buffer_b_15_ce1        |   9|          2|    1|          2|
    |output_buffer_b_15_we0        |   9|          2|    1|          2|
    |output_buffer_b_16_address0   |  14|          3|    5|         15|
    |output_buffer_b_16_ce0        |  14|          3|    1|          3|
    |output_buffer_b_16_ce1        |   9|          2|    1|          2|
    |output_buffer_b_16_we0        |   9|          2|    1|          2|
    |output_buffer_b_17_address0   |  14|          3|    5|         15|
    |output_buffer_b_17_ce0        |  14|          3|    1|          3|
    |output_buffer_b_17_ce1        |   9|          2|    1|          2|
    |output_buffer_b_17_we0        |   9|          2|    1|          2|
    |output_buffer_b_18_address0   |  14|          3|    5|         15|
    |output_buffer_b_18_ce0        |  14|          3|    1|          3|
    |output_buffer_b_18_ce1        |   9|          2|    1|          2|
    |output_buffer_b_18_we0        |   9|          2|    1|          2|
    |output_buffer_b_19_address0   |  14|          3|    5|         15|
    |output_buffer_b_19_ce0        |  14|          3|    1|          3|
    |output_buffer_b_19_ce1        |   9|          2|    1|          2|
    |output_buffer_b_19_we0        |   9|          2|    1|          2|
    |output_buffer_b_1_address0    |  14|          3|    5|         15|
    |output_buffer_b_1_ce0         |  14|          3|    1|          3|
    |output_buffer_b_1_ce1         |   9|          2|    1|          2|
    |output_buffer_b_1_we0         |   9|          2|    1|          2|
    |output_buffer_b_20_address0   |  14|          3|    5|         15|
    |output_buffer_b_20_ce0        |  14|          3|    1|          3|
    |output_buffer_b_20_ce1        |   9|          2|    1|          2|
    |output_buffer_b_20_we0        |   9|          2|    1|          2|
    |output_buffer_b_21_address0   |  14|          3|    5|         15|
    |output_buffer_b_21_ce0        |  14|          3|    1|          3|
    |output_buffer_b_21_ce1        |   9|          2|    1|          2|
    |output_buffer_b_21_we0        |   9|          2|    1|          2|
    |output_buffer_b_22_address0   |  14|          3|    5|         15|
    |output_buffer_b_22_ce0        |  14|          3|    1|          3|
    |output_buffer_b_22_ce1        |   9|          2|    1|          2|
    |output_buffer_b_22_we0        |   9|          2|    1|          2|
    |output_buffer_b_23_address0   |  14|          3|    5|         15|
    |output_buffer_b_23_ce0        |  14|          3|    1|          3|
    |output_buffer_b_23_ce1        |   9|          2|    1|          2|
    |output_buffer_b_23_we0        |   9|          2|    1|          2|
    |output_buffer_b_24_address0   |  14|          3|    5|         15|
    |output_buffer_b_24_ce0        |  14|          3|    1|          3|
    |output_buffer_b_24_ce1        |   9|          2|    1|          2|
    |output_buffer_b_24_we0        |   9|          2|    1|          2|
    |output_buffer_b_25_address0   |  14|          3|    5|         15|
    |output_buffer_b_25_ce0        |  14|          3|    1|          3|
    |output_buffer_b_25_ce1        |   9|          2|    1|          2|
    |output_buffer_b_25_we0        |   9|          2|    1|          2|
    |output_buffer_b_26_address0   |  14|          3|    5|         15|
    |output_buffer_b_26_ce0        |  14|          3|    1|          3|
    |output_buffer_b_26_ce1        |   9|          2|    1|          2|
    |output_buffer_b_26_we0        |   9|          2|    1|          2|
    |output_buffer_b_27_address0   |  14|          3|    5|         15|
    |output_buffer_b_27_ce0        |  14|          3|    1|          3|
    |output_buffer_b_27_ce1        |   9|          2|    1|          2|
    |output_buffer_b_27_we0        |   9|          2|    1|          2|
    |output_buffer_b_28_address0   |  14|          3|    5|         15|
    |output_buffer_b_28_ce0        |  14|          3|    1|          3|
    |output_buffer_b_28_ce1        |   9|          2|    1|          2|
    |output_buffer_b_28_we0        |   9|          2|    1|          2|
    |output_buffer_b_29_address0   |  14|          3|    5|         15|
    |output_buffer_b_29_ce0        |  14|          3|    1|          3|
    |output_buffer_b_29_ce1        |   9|          2|    1|          2|
    |output_buffer_b_29_we0        |   9|          2|    1|          2|
    |output_buffer_b_2_address0    |  14|          3|    5|         15|
    |output_buffer_b_2_ce0         |  14|          3|    1|          3|
    |output_buffer_b_2_ce1         |   9|          2|    1|          2|
    |output_buffer_b_2_we0         |   9|          2|    1|          2|
    |output_buffer_b_30_address0   |  14|          3|    5|         15|
    |output_buffer_b_30_ce0        |  14|          3|    1|          3|
    |output_buffer_b_30_ce1        |   9|          2|    1|          2|
    |output_buffer_b_30_we0        |   9|          2|    1|          2|
    |output_buffer_b_31_address0   |  14|          3|    5|         15|
    |output_buffer_b_31_ce0        |  14|          3|    1|          3|
    |output_buffer_b_31_ce1        |   9|          2|    1|          2|
    |output_buffer_b_31_we0        |   9|          2|    1|          2|
    |output_buffer_b_32_address0   |  14|          3|    5|         15|
    |output_buffer_b_32_ce0        |  14|          3|    1|          3|
    |output_buffer_b_32_ce1        |   9|          2|    1|          2|
    |output_buffer_b_32_we0        |   9|          2|    1|          2|
    |output_buffer_b_33_address0   |  14|          3|    5|         15|
    |output_buffer_b_33_ce0        |  14|          3|    1|          3|
    |output_buffer_b_33_ce1        |   9|          2|    1|          2|
    |output_buffer_b_33_we0        |   9|          2|    1|          2|
    |output_buffer_b_34_address0   |  14|          3|    5|         15|
    |output_buffer_b_34_ce0        |  14|          3|    1|          3|
    |output_buffer_b_34_ce1        |   9|          2|    1|          2|
    |output_buffer_b_34_we0        |   9|          2|    1|          2|
    |output_buffer_b_35_address0   |  14|          3|    5|         15|
    |output_buffer_b_35_ce0        |  14|          3|    1|          3|
    |output_buffer_b_35_ce1        |   9|          2|    1|          2|
    |output_buffer_b_35_we0        |   9|          2|    1|          2|
    |output_buffer_b_36_address0   |  14|          3|    5|         15|
    |output_buffer_b_36_ce0        |  14|          3|    1|          3|
    |output_buffer_b_36_ce1        |   9|          2|    1|          2|
    |output_buffer_b_36_we0        |   9|          2|    1|          2|
    |output_buffer_b_37_address0   |  14|          3|    5|         15|
    |output_buffer_b_37_ce0        |  14|          3|    1|          3|
    |output_buffer_b_37_ce1        |   9|          2|    1|          2|
    |output_buffer_b_37_we0        |   9|          2|    1|          2|
    |output_buffer_b_38_address0   |  14|          3|    5|         15|
    |output_buffer_b_38_ce0        |  14|          3|    1|          3|
    |output_buffer_b_38_ce1        |   9|          2|    1|          2|
    |output_buffer_b_38_we0        |   9|          2|    1|          2|
    |output_buffer_b_39_address0   |  14|          3|    5|         15|
    |output_buffer_b_39_ce0        |  14|          3|    1|          3|
    |output_buffer_b_39_ce1        |   9|          2|    1|          2|
    |output_buffer_b_39_we0        |   9|          2|    1|          2|
    |output_buffer_b_3_address0    |  14|          3|    5|         15|
    |output_buffer_b_3_ce0         |  14|          3|    1|          3|
    |output_buffer_b_3_ce1         |   9|          2|    1|          2|
    |output_buffer_b_3_we0         |   9|          2|    1|          2|
    |output_buffer_b_40_address0   |  14|          3|    5|         15|
    |output_buffer_b_40_ce0        |  14|          3|    1|          3|
    |output_buffer_b_40_ce1        |   9|          2|    1|          2|
    |output_buffer_b_40_we0        |   9|          2|    1|          2|
    |output_buffer_b_41_address0   |  14|          3|    5|         15|
    |output_buffer_b_41_ce0        |  14|          3|    1|          3|
    |output_buffer_b_41_ce1        |   9|          2|    1|          2|
    |output_buffer_b_41_we0        |   9|          2|    1|          2|
    |output_buffer_b_42_address0   |  14|          3|    5|         15|
    |output_buffer_b_42_ce0        |  14|          3|    1|          3|
    |output_buffer_b_42_ce1        |   9|          2|    1|          2|
    |output_buffer_b_42_we0        |   9|          2|    1|          2|
    |output_buffer_b_43_address0   |  14|          3|    5|         15|
    |output_buffer_b_43_ce0        |  14|          3|    1|          3|
    |output_buffer_b_43_ce1        |   9|          2|    1|          2|
    |output_buffer_b_43_we0        |   9|          2|    1|          2|
    |output_buffer_b_44_address0   |  14|          3|    5|         15|
    |output_buffer_b_44_ce0        |  14|          3|    1|          3|
    |output_buffer_b_44_ce1        |   9|          2|    1|          2|
    |output_buffer_b_44_we0        |   9|          2|    1|          2|
    |output_buffer_b_45_address0   |  14|          3|    5|         15|
    |output_buffer_b_45_ce0        |  14|          3|    1|          3|
    |output_buffer_b_45_ce1        |   9|          2|    1|          2|
    |output_buffer_b_45_we0        |   9|          2|    1|          2|
    |output_buffer_b_46_address0   |  14|          3|    5|         15|
    |output_buffer_b_46_ce0        |  14|          3|    1|          3|
    |output_buffer_b_46_ce1        |   9|          2|    1|          2|
    |output_buffer_b_46_we0        |   9|          2|    1|          2|
    |output_buffer_b_47_address0   |  14|          3|    5|         15|
    |output_buffer_b_47_ce0        |  14|          3|    1|          3|
    |output_buffer_b_47_ce1        |   9|          2|    1|          2|
    |output_buffer_b_47_we0        |   9|          2|    1|          2|
    |output_buffer_b_48_address0   |  14|          3|    5|         15|
    |output_buffer_b_48_ce0        |  14|          3|    1|          3|
    |output_buffer_b_48_ce1        |   9|          2|    1|          2|
    |output_buffer_b_48_we0        |   9|          2|    1|          2|
    |output_buffer_b_49_address0   |  14|          3|    5|         15|
    |output_buffer_b_49_ce0        |  14|          3|    1|          3|
    |output_buffer_b_49_ce1        |   9|          2|    1|          2|
    |output_buffer_b_49_we0        |   9|          2|    1|          2|
    |output_buffer_b_4_address0    |  14|          3|    5|         15|
    |output_buffer_b_4_ce0         |  14|          3|    1|          3|
    |output_buffer_b_4_ce1         |   9|          2|    1|          2|
    |output_buffer_b_4_we0         |   9|          2|    1|          2|
    |output_buffer_b_50_address0   |  14|          3|    5|         15|
    |output_buffer_b_50_ce0        |  14|          3|    1|          3|
    |output_buffer_b_50_ce1        |   9|          2|    1|          2|
    |output_buffer_b_50_we0        |   9|          2|    1|          2|
    |output_buffer_b_51_address0   |  14|          3|    5|         15|
    |output_buffer_b_51_ce0        |  14|          3|    1|          3|
    |output_buffer_b_51_ce1        |   9|          2|    1|          2|
    |output_buffer_b_51_we0        |   9|          2|    1|          2|
    |output_buffer_b_52_address0   |  14|          3|    5|         15|
    |output_buffer_b_52_ce0        |  14|          3|    1|          3|
    |output_buffer_b_52_ce1        |   9|          2|    1|          2|
    |output_buffer_b_52_we0        |   9|          2|    1|          2|
    |output_buffer_b_53_address0   |  14|          3|    5|         15|
    |output_buffer_b_53_ce0        |  14|          3|    1|          3|
    |output_buffer_b_53_ce1        |   9|          2|    1|          2|
    |output_buffer_b_53_we0        |   9|          2|    1|          2|
    |output_buffer_b_54_address0   |  14|          3|    5|         15|
    |output_buffer_b_54_ce0        |  14|          3|    1|          3|
    |output_buffer_b_54_ce1        |   9|          2|    1|          2|
    |output_buffer_b_54_we0        |   9|          2|    1|          2|
    |output_buffer_b_55_address0   |  14|          3|    5|         15|
    |output_buffer_b_55_ce0        |  14|          3|    1|          3|
    |output_buffer_b_55_ce1        |   9|          2|    1|          2|
    |output_buffer_b_55_we0        |   9|          2|    1|          2|
    |output_buffer_b_56_address0   |  14|          3|    5|         15|
    |output_buffer_b_56_ce0        |  14|          3|    1|          3|
    |output_buffer_b_56_ce1        |   9|          2|    1|          2|
    |output_buffer_b_56_we0        |   9|          2|    1|          2|
    |output_buffer_b_57_address0   |  14|          3|    5|         15|
    |output_buffer_b_57_ce0        |  14|          3|    1|          3|
    |output_buffer_b_57_ce1        |   9|          2|    1|          2|
    |output_buffer_b_57_we0        |   9|          2|    1|          2|
    |output_buffer_b_58_address0   |  14|          3|    5|         15|
    |output_buffer_b_58_ce0        |  14|          3|    1|          3|
    |output_buffer_b_58_ce1        |   9|          2|    1|          2|
    |output_buffer_b_58_we0        |   9|          2|    1|          2|
    |output_buffer_b_59_address0   |  14|          3|    5|         15|
    |output_buffer_b_59_ce0        |  14|          3|    1|          3|
    |output_buffer_b_59_ce1        |   9|          2|    1|          2|
    |output_buffer_b_59_we0        |   9|          2|    1|          2|
    |output_buffer_b_5_address0    |  14|          3|    5|         15|
    |output_buffer_b_5_ce0         |  14|          3|    1|          3|
    |output_buffer_b_5_ce1         |   9|          2|    1|          2|
    |output_buffer_b_5_we0         |   9|          2|    1|          2|
    |output_buffer_b_60_address0   |  14|          3|    5|         15|
    |output_buffer_b_60_ce0        |  14|          3|    1|          3|
    |output_buffer_b_60_ce1        |   9|          2|    1|          2|
    |output_buffer_b_60_we0        |   9|          2|    1|          2|
    |output_buffer_b_61_address0   |  14|          3|    5|         15|
    |output_buffer_b_61_ce0        |  14|          3|    1|          3|
    |output_buffer_b_61_ce1        |   9|          2|    1|          2|
    |output_buffer_b_61_we0        |   9|          2|    1|          2|
    |output_buffer_b_62_address0   |  14|          3|    5|         15|
    |output_buffer_b_62_ce0        |  14|          3|    1|          3|
    |output_buffer_b_62_ce1        |   9|          2|    1|          2|
    |output_buffer_b_62_we0        |   9|          2|    1|          2|
    |output_buffer_b_63_address0   |  14|          3|    5|         15|
    |output_buffer_b_63_ce0        |  14|          3|    1|          3|
    |output_buffer_b_63_ce1        |   9|          2|    1|          2|
    |output_buffer_b_63_we0        |   9|          2|    1|          2|
    |output_buffer_b_64_address0   |  14|          3|    5|         15|
    |output_buffer_b_64_ce0        |  14|          3|    1|          3|
    |output_buffer_b_64_ce1        |   9|          2|    1|          2|
    |output_buffer_b_64_we0        |   9|          2|    1|          2|
    |output_buffer_b_65_address0   |  14|          3|    5|         15|
    |output_buffer_b_65_ce0        |  14|          3|    1|          3|
    |output_buffer_b_65_ce1        |   9|          2|    1|          2|
    |output_buffer_b_65_we0        |   9|          2|    1|          2|
    |output_buffer_b_66_address0   |  14|          3|    5|         15|
    |output_buffer_b_66_ce0        |  14|          3|    1|          3|
    |output_buffer_b_66_ce1        |   9|          2|    1|          2|
    |output_buffer_b_66_we0        |   9|          2|    1|          2|
    |output_buffer_b_67_address0   |  14|          3|    5|         15|
    |output_buffer_b_67_ce0        |  14|          3|    1|          3|
    |output_buffer_b_67_ce1        |   9|          2|    1|          2|
    |output_buffer_b_67_we0        |   9|          2|    1|          2|
    |output_buffer_b_68_address0   |  14|          3|    5|         15|
    |output_buffer_b_68_ce0        |  14|          3|    1|          3|
    |output_buffer_b_68_ce1        |   9|          2|    1|          2|
    |output_buffer_b_68_we0        |   9|          2|    1|          2|
    |output_buffer_b_69_address0   |  14|          3|    5|         15|
    |output_buffer_b_69_ce0        |  14|          3|    1|          3|
    |output_buffer_b_69_ce1        |   9|          2|    1|          2|
    |output_buffer_b_69_we0        |   9|          2|    1|          2|
    |output_buffer_b_6_address0    |  14|          3|    5|         15|
    |output_buffer_b_6_ce0         |  14|          3|    1|          3|
    |output_buffer_b_6_ce1         |   9|          2|    1|          2|
    |output_buffer_b_6_we0         |   9|          2|    1|          2|
    |output_buffer_b_70_address0   |  14|          3|    5|         15|
    |output_buffer_b_70_ce0        |  14|          3|    1|          3|
    |output_buffer_b_70_ce1        |   9|          2|    1|          2|
    |output_buffer_b_70_we0        |   9|          2|    1|          2|
    |output_buffer_b_71_address0   |  14|          3|    5|         15|
    |output_buffer_b_71_ce0        |  14|          3|    1|          3|
    |output_buffer_b_71_ce1        |   9|          2|    1|          2|
    |output_buffer_b_71_we0        |   9|          2|    1|          2|
    |output_buffer_b_72_address0   |  14|          3|    5|         15|
    |output_buffer_b_72_ce0        |  14|          3|    1|          3|
    |output_buffer_b_72_ce1        |   9|          2|    1|          2|
    |output_buffer_b_72_we0        |   9|          2|    1|          2|
    |output_buffer_b_73_address0   |  14|          3|    5|         15|
    |output_buffer_b_73_ce0        |  14|          3|    1|          3|
    |output_buffer_b_73_ce1        |   9|          2|    1|          2|
    |output_buffer_b_73_we0        |   9|          2|    1|          2|
    |output_buffer_b_74_address0   |  14|          3|    5|         15|
    |output_buffer_b_74_ce0        |  14|          3|    1|          3|
    |output_buffer_b_74_ce1        |   9|          2|    1|          2|
    |output_buffer_b_74_we0        |   9|          2|    1|          2|
    |output_buffer_b_75_address0   |  14|          3|    5|         15|
    |output_buffer_b_75_ce0        |  14|          3|    1|          3|
    |output_buffer_b_75_ce1        |   9|          2|    1|          2|
    |output_buffer_b_75_we0        |   9|          2|    1|          2|
    |output_buffer_b_76_address0   |  14|          3|    5|         15|
    |output_buffer_b_76_ce0        |  14|          3|    1|          3|
    |output_buffer_b_76_ce1        |   9|          2|    1|          2|
    |output_buffer_b_76_we0        |   9|          2|    1|          2|
    |output_buffer_b_77_address0   |  14|          3|    5|         15|
    |output_buffer_b_77_ce0        |  14|          3|    1|          3|
    |output_buffer_b_77_ce1        |   9|          2|    1|          2|
    |output_buffer_b_77_we0        |   9|          2|    1|          2|
    |output_buffer_b_78_address0   |  14|          3|    5|         15|
    |output_buffer_b_78_ce0        |  14|          3|    1|          3|
    |output_buffer_b_78_ce1        |   9|          2|    1|          2|
    |output_buffer_b_78_we0        |   9|          2|    1|          2|
    |output_buffer_b_79_address0   |  14|          3|    5|         15|
    |output_buffer_b_79_ce0        |  14|          3|    1|          3|
    |output_buffer_b_79_ce1        |   9|          2|    1|          2|
    |output_buffer_b_79_we0        |   9|          2|    1|          2|
    |output_buffer_b_7_address0    |  14|          3|    5|         15|
    |output_buffer_b_7_ce0         |  14|          3|    1|          3|
    |output_buffer_b_7_ce1         |   9|          2|    1|          2|
    |output_buffer_b_7_we0         |   9|          2|    1|          2|
    |output_buffer_b_80_address0   |  14|          3|    5|         15|
    |output_buffer_b_80_ce0        |  14|          3|    1|          3|
    |output_buffer_b_80_ce1        |   9|          2|    1|          2|
    |output_buffer_b_80_we0        |   9|          2|    1|          2|
    |output_buffer_b_81_address0   |  14|          3|    5|         15|
    |output_buffer_b_81_ce0        |  14|          3|    1|          3|
    |output_buffer_b_81_ce1        |   9|          2|    1|          2|
    |output_buffer_b_81_we0        |   9|          2|    1|          2|
    |output_buffer_b_82_address0   |  14|          3|    5|         15|
    |output_buffer_b_82_ce0        |  14|          3|    1|          3|
    |output_buffer_b_82_ce1        |   9|          2|    1|          2|
    |output_buffer_b_82_we0        |   9|          2|    1|          2|
    |output_buffer_b_83_address0   |  14|          3|    5|         15|
    |output_buffer_b_83_ce0        |  14|          3|    1|          3|
    |output_buffer_b_83_ce1        |   9|          2|    1|          2|
    |output_buffer_b_83_we0        |   9|          2|    1|          2|
    |output_buffer_b_84_address0   |  14|          3|    5|         15|
    |output_buffer_b_84_ce0        |  14|          3|    1|          3|
    |output_buffer_b_84_ce1        |   9|          2|    1|          2|
    |output_buffer_b_84_we0        |   9|          2|    1|          2|
    |output_buffer_b_85_address0   |  14|          3|    5|         15|
    |output_buffer_b_85_ce0        |  14|          3|    1|          3|
    |output_buffer_b_85_ce1        |   9|          2|    1|          2|
    |output_buffer_b_85_we0        |   9|          2|    1|          2|
    |output_buffer_b_86_address0   |  14|          3|    5|         15|
    |output_buffer_b_86_ce0        |  14|          3|    1|          3|
    |output_buffer_b_86_ce1        |   9|          2|    1|          2|
    |output_buffer_b_86_we0        |   9|          2|    1|          2|
    |output_buffer_b_87_address0   |  14|          3|    5|         15|
    |output_buffer_b_87_ce0        |  14|          3|    1|          3|
    |output_buffer_b_87_ce1        |   9|          2|    1|          2|
    |output_buffer_b_87_we0        |   9|          2|    1|          2|
    |output_buffer_b_88_address0   |  14|          3|    5|         15|
    |output_buffer_b_88_ce0        |  14|          3|    1|          3|
    |output_buffer_b_88_ce1        |   9|          2|    1|          2|
    |output_buffer_b_88_we0        |   9|          2|    1|          2|
    |output_buffer_b_89_address0   |  14|          3|    5|         15|
    |output_buffer_b_89_ce0        |  14|          3|    1|          3|
    |output_buffer_b_89_ce1        |   9|          2|    1|          2|
    |output_buffer_b_89_we0        |   9|          2|    1|          2|
    |output_buffer_b_8_address0    |  14|          3|    5|         15|
    |output_buffer_b_8_ce0         |  14|          3|    1|          3|
    |output_buffer_b_8_ce1         |   9|          2|    1|          2|
    |output_buffer_b_8_we0         |   9|          2|    1|          2|
    |output_buffer_b_90_address0   |  14|          3|    5|         15|
    |output_buffer_b_90_ce0        |  14|          3|    1|          3|
    |output_buffer_b_90_ce1        |   9|          2|    1|          2|
    |output_buffer_b_90_we0        |   9|          2|    1|          2|
    |output_buffer_b_91_address0   |  14|          3|    5|         15|
    |output_buffer_b_91_ce0        |  14|          3|    1|          3|
    |output_buffer_b_91_ce1        |   9|          2|    1|          2|
    |output_buffer_b_91_we0        |   9|          2|    1|          2|
    |output_buffer_b_92_address0   |  14|          3|    5|         15|
    |output_buffer_b_92_ce0        |  14|          3|    1|          3|
    |output_buffer_b_92_ce1        |   9|          2|    1|          2|
    |output_buffer_b_92_we0        |   9|          2|    1|          2|
    |output_buffer_b_93_address0   |  14|          3|    5|         15|
    |output_buffer_b_93_ce0        |  14|          3|    1|          3|
    |output_buffer_b_93_ce1        |   9|          2|    1|          2|
    |output_buffer_b_93_we0        |   9|          2|    1|          2|
    |output_buffer_b_94_address0   |  14|          3|    5|         15|
    |output_buffer_b_94_ce0        |  14|          3|    1|          3|
    |output_buffer_b_94_ce1        |   9|          2|    1|          2|
    |output_buffer_b_94_we0        |   9|          2|    1|          2|
    |output_buffer_b_95_address0   |  14|          3|    5|         15|
    |output_buffer_b_95_ce0        |  14|          3|    1|          3|
    |output_buffer_b_95_ce1        |   9|          2|    1|          2|
    |output_buffer_b_95_we0        |   9|          2|    1|          2|
    |output_buffer_b_96_address0   |  14|          3|    5|         15|
    |output_buffer_b_96_ce0        |  14|          3|    1|          3|
    |output_buffer_b_96_ce1        |   9|          2|    1|          2|
    |output_buffer_b_96_we0        |   9|          2|    1|          2|
    |output_buffer_b_97_address0   |  14|          3|    5|         15|
    |output_buffer_b_97_ce0        |  14|          3|    1|          3|
    |output_buffer_b_97_ce1        |   9|          2|    1|          2|
    |output_buffer_b_97_we0        |   9|          2|    1|          2|
    |output_buffer_b_98_address0   |  14|          3|    5|         15|
    |output_buffer_b_98_ce0        |  14|          3|    1|          3|
    |output_buffer_b_98_ce1        |   9|          2|    1|          2|
    |output_buffer_b_98_we0        |   9|          2|    1|          2|
    |output_buffer_b_99_address0   |  14|          3|    5|         15|
    |output_buffer_b_99_ce0        |  14|          3|    1|          3|
    |output_buffer_b_99_ce1        |   9|          2|    1|          2|
    |output_buffer_b_99_we0        |   9|          2|    1|          2|
    |output_buffer_b_9_address0    |  14|          3|    5|         15|
    |output_buffer_b_9_ce0         |  14|          3|    1|          3|
    |output_buffer_b_9_ce1         |   9|          2|    1|          2|
    |output_buffer_b_9_we0         |   9|          2|    1|          2|
    +------------------------------+----+-----------+-----+-----------+
    |Total                         |6635|       1440| 1979|       5645|
    +------------------------------+----+-----------+-----+-----------+

    * Register: 
    +------------------------------------------------------------------+----+----+-----+-----------+
    |                               Name                               | FF | LUT| Bits| Const Bits|
    +------------------------------------------------------------------+----+----+-----+-----------+
    |add_ln106_reg_2877                                                |  32|   0|   32|          0|
    |ap_CS_fsm                                                         |   5|   0|    5|          0|
    |e_dst_read_reg_2373                                               |  64|   0|   64|          0|
    |e_src_read_reg_2379                                               |  64|   0|   64|          0|
    |empty_1026_reg_2678                                               |  64|   0|   64|          0|
    |empty_1028_reg_2690                                               |  64|   0|   64|          0|
    |empty_1030_reg_2702                                               |  64|   0|   64|          0|
    |empty_1032_reg_2714                                               |  64|   0|   64|          0|
    |empty_1034_reg_2726                                               |  64|   0|   64|          0|
    |empty_1036_reg_2738                                               |  64|   0|   64|          0|
    |empty_1038_reg_2750                                               |  64|   0|   64|          0|
    |empty_1040_reg_2762                                               |  64|   0|   64|          0|
    |empty_1042_reg_2774                                               |  64|   0|   64|          0|
    |empty_1044_reg_2786                                               |  64|   0|   64|          0|
    |empty_1046_reg_2798                                               |  64|   0|   64|          0|
    |empty_1048_reg_2810                                               |  64|   0|   64|          0|
    |empty_1050_reg_2822                                               |  64|   0|   64|          0|
    |empty_1052_reg_2834                                               |  64|   0|   64|          0|
    |empty_1054_reg_2846                                               |  64|   0|   64|          0|
    |empty_1056_reg_2858                                               |  64|   0|   64|          0|
    |empty_1057_reg_2890                                               |   1|   0|    1|          0|
    |grp_buffer_compute_1_fu_769_ap_start_reg                          |   1|   0|    1|          0|
    |grp_buffer_compute_fu_1008_ap_start_reg                           |   1|   0|    1|          0|
    |grp_sssp_kernel_0_Pipeline_VITIS_LOOP_54_15_fu_947_ap_start_reg   |   1|   0|    1|          0|
    |grp_sssp_kernel_0_Pipeline_VITIS_LOOP_54_1_fu_708_ap_start_reg    |   1|   0|    1|          0|
    |grp_sssp_kernel_0_Pipeline_VITIS_LOOP_70_16_fu_1018_ap_start_reg  |   1|   0|    1|          0|
    |grp_sssp_kernel_0_Pipeline_VITIS_LOOP_70_1_fu_906_ap_start_reg    |   1|   0|    1|          0|
    |i_fu_128                                                          |  32|   0|   32|          0|
    |icmp_ln106_reg_2873                                               |   1|   0|    1|          0|
    |out_degree_read_reg_2367                                          |  64|   0|   64|          0|
    |out_r_read_reg_2361                                               |  64|   0|   64|          0|
    |p_lshr_cast_reg_2356                                              |  20|   0|   20|          0|
    |sext_ln106_reg_2385                                               |  32|   0|   32|          0|
    |tmp_100_reg_2882                                                  |  32|   0|   37|          5|
    |tmp_33_reg_2390                                                   |   6|   0|    9|          3|
    |tmp_34_reg_2396                                                   |   6|   0|    9|          3|
    |tmp_35_reg_2402                                                   |   6|   0|    9|          3|
    |tmp_36_reg_2408                                                   |   6|   0|    9|          3|
    |tmp_37_reg_2414                                                   |   6|   0|    9|          3|
    |tmp_38_reg_2420                                                   |   6|   0|    9|          3|
    |tmp_39_reg_2426                                                   |   6|   0|    9|          3|
    |tmp_40_reg_2432                                                   |   6|   0|    9|          3|
    |tmp_41_reg_2438                                                   |   6|   0|    9|          3|
    |tmp_42_reg_2444                                                   |   6|   0|    9|          3|
    |tmp_43_reg_2450                                                   |   6|   0|    9|          3|
    |tmp_44_reg_2456                                                   |   6|   0|    9|          3|
    |tmp_45_reg_2462                                                   |   6|   0|    9|          3|
    |tmp_46_reg_2468                                                   |   6|   0|    9|          3|
    |tmp_47_reg_2474                                                   |   6|   0|    9|          3|
    |tmp_48_reg_2480                                                   |   6|   0|    9|          3|
    |tmp_50_reg_2486                                                   |   6|   0|    9|          3|
    |tmp_51_reg_2492                                                   |   6|   0|    9|          3|
    |tmp_52_reg_2498                                                   |   6|   0|    9|          3|
    |tmp_53_reg_2504                                                   |   6|   0|    9|          3|
    |tmp_54_reg_2510                                                   |   6|   0|    9|          3|
    |tmp_55_reg_2516                                                   |   6|   0|    9|          3|
    |tmp_56_reg_2522                                                   |   6|   0|    9|          3|
    |tmp_57_reg_2528                                                   |   6|   0|    9|          3|
    |tmp_58_reg_2534                                                   |   6|   0|    9|          3|
    |tmp_59_reg_2540                                                   |   6|   0|    9|          3|
    |tmp_60_reg_2546                                                   |   6|   0|    9|          3|
    |tmp_61_reg_2552                                                   |   6|   0|    9|          3|
    |tmp_62_reg_2558                                                   |   6|   0|    9|          3|
    |tmp_63_reg_2564                                                   |   6|   0|    9|          3|
    |tmp_64_reg_2570                                                   |   6|   0|    9|          3|
    |tmp_65_reg_2576                                                   |   6|   0|    9|          3|
    |tmp_67_reg_2582                                                   |   6|   0|    9|          3|
    |tmp_68_reg_2588                                                   |   6|   0|    9|          3|
    |tmp_69_reg_2594                                                   |   6|   0|    9|          3|
    |tmp_70_reg_2600                                                   |   6|   0|    9|          3|
    |tmp_71_reg_2606                                                   |   6|   0|    9|          3|
    |tmp_72_reg_2612                                                   |   6|   0|    9|          3|
    |tmp_73_reg_2618                                                   |   6|   0|    9|          3|
    |tmp_74_reg_2624                                                   |   6|   0|    9|          3|
    |tmp_75_reg_2630                                                   |   6|   0|    9|          3|
    |tmp_76_reg_2636                                                   |   6|   0|    9|          3|
    |tmp_77_reg_2642                                                   |   6|   0|    9|          3|
    |tmp_78_reg_2648                                                   |   6|   0|    9|          3|
    |tmp_79_reg_2654                                                   |   6|   0|    9|          3|
    |tmp_80_reg_2660                                                   |   6|   0|    9|          3|
    |tmp_81_reg_2666                                                   |   6|   0|    9|          3|
    |tmp_82_reg_2672                                                   |   6|   0|    9|          3|
    |tmp_84_reg_2684                                                   |   6|   0|    9|          3|
    |tmp_85_reg_2696                                                   |   6|   0|    9|          3|
    |tmp_86_reg_2708                                                   |   6|   0|    9|          3|
    |tmp_87_reg_2720                                                   |   6|   0|    9|          3|
    |tmp_88_reg_2732                                                   |   6|   0|    9|          3|
    |tmp_89_reg_2744                                                   |   6|   0|    9|          3|
    |tmp_90_reg_2756                                                   |   6|   0|    9|          3|
    |tmp_91_reg_2768                                                   |   6|   0|    9|          3|
    |tmp_92_reg_2780                                                   |   6|   0|    9|          3|
    |tmp_93_reg_2792                                                   |   6|   0|    9|          3|
    |tmp_94_reg_2804                                                   |   6|   0|    9|          3|
    |tmp_95_reg_2816                                                   |   6|   0|    9|          3|
    |tmp_96_reg_2828                                                   |   6|   0|    9|          3|
    |tmp_97_reg_2840                                                   |   6|   0|    9|          3|
    |tmp_98_reg_2852                                                   |   6|   0|    9|          3|
    |tmp_99_reg_2864                                                   |   6|   0|    9|          3|
    |v                                                                 |  32|   0|   32|          0|
    +------------------------------------------------------------------+----+----+-----+-----------+
    |Total                                                             |1857|   0| 2054|        197|
    +------------------------------------------------------------------+----+----+-----+-----------+



================================================================
== Interface
================================================================
* Summary: 
+-----------------------+-----+-----+------------+---------------+--------------+
|       RTL Ports       | Dir | Bits|  Protocol  | Source Object |    C Type    |
+-----------------------+-----+-----+------------+---------------+--------------+
|s_axi_control_AWVALID  |   in|    1|       s_axi|        control|        scalar|
|s_axi_control_AWREADY  |  out|    1|       s_axi|        control|        scalar|
|s_axi_control_AWADDR   |   in|    6|       s_axi|        control|        scalar|
|s_axi_control_WVALID   |   in|    1|       s_axi|        control|        scalar|
|s_axi_control_WREADY   |  out|    1|       s_axi|        control|        scalar|
|s_axi_control_WDATA    |   in|   32|       s_axi|        control|        scalar|
|s_axi_control_WSTRB    |   in|    4|       s_axi|        control|        scalar|
|s_axi_control_ARVALID  |   in|    1|       s_axi|        control|        scalar|
|s_axi_control_ARREADY  |  out|    1|       s_axi|        control|        scalar|
|s_axi_control_ARADDR   |   in|    6|       s_axi|        control|        scalar|
|s_axi_control_RVALID   |  out|    1|       s_axi|        control|        scalar|
|s_axi_control_RREADY   |   in|    1|       s_axi|        control|        scalar|
|s_axi_control_RDATA    |  out|   32|       s_axi|        control|        scalar|
|s_axi_control_RRESP    |  out|    2|       s_axi|        control|        scalar|
|s_axi_control_BVALID   |  out|    1|       s_axi|        control|        scalar|
|s_axi_control_BREADY   |   in|    1|       s_axi|        control|        scalar|
|s_axi_control_BRESP    |  out|    2|       s_axi|        control|        scalar|
|ap_clk                 |   in|    1|  ap_ctrl_hs|  sssp_kernel_0|  return value|
|ap_rst_n               |   in|    1|  ap_ctrl_hs|  sssp_kernel_0|  return value|
|ap_start               |   in|    1|  ap_ctrl_hs|  sssp_kernel_0|  return value|
|ap_done                |  out|    1|  ap_ctrl_hs|  sssp_kernel_0|  return value|
|ap_idle                |  out|    1|  ap_ctrl_hs|  sssp_kernel_0|  return value|
|ap_ready               |  out|    1|  ap_ctrl_hs|  sssp_kernel_0|  return value|
|m_axi_gmem_AWVALID     |  out|    1|       m_axi|           gmem|       pointer|
|m_axi_gmem_AWREADY     |   in|    1|       m_axi|           gmem|       pointer|
|m_axi_gmem_AWADDR      |  out|   64|       m_axi|           gmem|       pointer|
|m_axi_gmem_AWID        |  out|    1|       m_axi|           gmem|       pointer|
|m_axi_gmem_AWLEN       |  out|    8|       m_axi|           gmem|       pointer|
|m_axi_gmem_AWSIZE      |  out|    3|       m_axi|           gmem|       pointer|
|m_axi_gmem_AWBURST     |  out|    2|       m_axi|           gmem|       pointer|
|m_axi_gmem_AWLOCK      |  out|    2|       m_axi|           gmem|       pointer|
|m_axi_gmem_AWCACHE     |  out|    4|       m_axi|           gmem|       pointer|
|m_axi_gmem_AWPROT      |  out|    3|       m_axi|           gmem|       pointer|
|m_axi_gmem_AWQOS       |  out|    4|       m_axi|           gmem|       pointer|
|m_axi_gmem_AWREGION    |  out|    4|       m_axi|           gmem|       pointer|
|m_axi_gmem_AWUSER      |  out|    1|       m_axi|           gmem|       pointer|
|m_axi_gmem_WVALID      |  out|    1|       m_axi|           gmem|       pointer|
|m_axi_gmem_WREADY      |   in|    1|       m_axi|           gmem|       pointer|
|m_axi_gmem_WDATA       |  out|  512|       m_axi|           gmem|       pointer|
|m_axi_gmem_WSTRB       |  out|   64|       m_axi|           gmem|       pointer|
|m_axi_gmem_WLAST       |  out|    1|       m_axi|           gmem|       pointer|
|m_axi_gmem_WID         |  out|    1|       m_axi|           gmem|       pointer|
|m_axi_gmem_WUSER       |  out|    1|       m_axi|           gmem|       pointer|
|m_axi_gmem_ARVALID     |  out|    1|       m_axi|           gmem|       pointer|
|m_axi_gmem_ARREADY     |   in|    1|       m_axi|           gmem|       pointer|
|m_axi_gmem_ARADDR      |  out|   64|       m_axi|           gmem|       pointer|
|m_axi_gmem_ARID        |  out|    1|       m_axi|           gmem|       pointer|
|m_axi_gmem_ARLEN       |  out|    8|       m_axi|           gmem|       pointer|
|m_axi_gmem_ARSIZE      |  out|    3|       m_axi|           gmem|       pointer|
|m_axi_gmem_ARBURST     |  out|    2|       m_axi|           gmem|       pointer|
|m_axi_gmem_ARLOCK      |  out|    2|       m_axi|           gmem|       pointer|
|m_axi_gmem_ARCACHE     |  out|    4|       m_axi|           gmem|       pointer|
|m_axi_gmem_ARPROT      |  out|    3|       m_axi|           gmem|       pointer|
|m_axi_gmem_ARQOS       |  out|    4|       m_axi|           gmem|       pointer|
|m_axi_gmem_ARREGION    |  out|    4|       m_axi|           gmem|       pointer|
|m_axi_gmem_ARUSER      |  out|    1|       m_axi|           gmem|       pointer|
|m_axi_gmem_RVALID      |   in|    1|       m_axi|           gmem|       pointer|
|m_axi_gmem_RREADY      |  out|    1|       m_axi|           gmem|       pointer|
|m_axi_gmem_RDATA       |   in|  512|       m_axi|           gmem|       pointer|
|m_axi_gmem_RLAST       |   in|    1|       m_axi|           gmem|       pointer|
|m_axi_gmem_RID         |   in|    1|       m_axi|           gmem|       pointer|
|m_axi_gmem_RUSER       |   in|    1|       m_axi|           gmem|       pointer|
|m_axi_gmem_RRESP       |   in|    2|       m_axi|           gmem|       pointer|
|m_axi_gmem_BVALID      |   in|    1|       m_axi|           gmem|       pointer|
|m_axi_gmem_BREADY      |  out|    1|       m_axi|           gmem|       pointer|
|m_axi_gmem_BRESP       |   in|    2|       m_axi|           gmem|       pointer|
|m_axi_gmem_BID         |   in|    1|       m_axi|           gmem|       pointer|
|m_axi_gmem_BUSER       |   in|    1|       m_axi|           gmem|       pointer|
|size                   |   in|   32|     ap_none|           size|        scalar|
|vertices               |   in|   32|     ap_none|       vertices|        scalar|
+-----------------------+-----+-----+------------+---------------+--------------+

